Loaded dependency [numpy/1.22.3-python-3.9.11-openblas-0.3.19]: openblas/0.3.19
Loaded dependency [python3/3.9.11]: gcc/10.3.0-binutils-2.36.1
Loaded dependency [numpy/1.22.3-python-3.9.11-openblas-0.3.19]: python3/3.9.11
Loaded dependency [scipy/1.7.3-python-3.9.11]: numpy/1.22.3-python-3.9.11-openblas-0.3.19
Loaded module: scipy/1.7.3-python-3.9.11

Loading scipy/1.7.3-python-3.9.11
  Loading requirement: openblas/0.3.19 gcc/10.3.0-binutils-2.36.1 python3/3.9.11
    numpy/1.22.3-python-3.9.11-openblas-0.3.19
Loaded module: cuda/11.7
Traceback (most recent call last):
  File "/work3/s204117/News-Recommendations/LSTURCloneHPC.py", line 90, in <module>
    output = model(User_en, Category, Subcategory, History_tensor, history_len, Category_Impressions[:,:idx], Subcategory_Impressions[:,:idx], Impressions_tensor[:,:idx])
  File "/work3/s204117/News-Recommendations/venv_1/lib/python3.9/site-packages/torch/nn/modules/module.py", line 1194, in _call_impl
    return forward_call(*input, **kwargs)
  File "/work3/s204117/News-Recommendations/LSTURClone.py", line 194, in forward
    Users = self.UserEncoder(users,topic,subtopic, W, src_len)
  File "/work3/s204117/News-Recommendations/venv_1/lib/python3.9/site-packages/torch/nn/modules/module.py", line 1194, in _call_impl
    return forward_call(*input, **kwargs)
  File "/work3/s204117/News-Recommendations/LSTURClone.py", line 165, in forward
    packed_news = nn.utils.rnn.pack_padded_sequence(news_embed, src_len, batch_first=True, enforce_sorted=False).to(self.device)
  File "/work3/s204117/News-Recommendations/venv_1/lib/python3.9/site-packages/torch/nn/utils/rnn.py", line 262, in pack_padded_sequence
    _VF._pack_padded_sequence(input, lengths, batch_first)
RuntimeError: 'lengths' argument should be a 1D CPU int64 tensor, but got 1D cuda:0 Long tensor
