Data contains 17 topics and 237 subtopics
295
elf
overate
gabp
envy
awww
anmed
malfunctions
wod
challah
fascist
refurbish
sulphur
crunchers
hamstrung
imposter
ettin
tamale
neapolitan
930
slantnose
waithe
toomey
custer
suarez
ahold
interferes
voiceless
litem
rupture
condesa
villard
wynnedbag
pht
motogp
dunzo
overkill
soma
chivas
hoviss
maurkice
upends
hurling
patrice
motogp
menhaden
harvester
vergecast
luckiest
ensues
palatine
wilkinsburg
detry
marshmallow
nuttier
democratizing
telemedicine
eql
electability
greenvile
wickenheiser
revolutionized
defrost
kenta
maeda
janego
astrology
wingsuit
wowing
bleach
southpark
boricua
walkaway
brazoria
seaholm
drouin
gamertags
mineola
telework
telecommuting
pillaged
hiawatha
miscalculation
kennywood
chani
tsutsugo
impales
selmon
charmer
lalito
playmazing
cs
frownies
scanning
696
trufant
brt
pesci
quiche
grundy
lgtbq
adoptees
atrium
jacare
ws
southdale
134m
696
tcc
zverev
clots
asurion
farrelly
quibi
crayola
etika
tribeca
honoree
sproles
85m
maurkice
bandwagon
10x
nickas
300cc
deafening
wilkinsburg
amurri
lidl
aykroyd
maurkice
ged
varick
swankiest
stefanik
stradley
aparicio
quiznos
enduro
retreats
verbio
shadyside
1864
feliz
apolitical
178
compressor
berwick
barrell
tsitsipas
zverev
kaveh
bayat
kwame
kilpatrick
clearview
grundy
castile
daytonstrong
132k
browsers
angers
admins
eggo
stefanik
stalked
homey
harford
rosalía
koppel
copd
jurassic
dlc
oettinger
pj
vlatko
bronny
lithuanians
bobber
quelle
horreur
clerks
hospices
applauds
lurie
doctson
inver
myall
follower
rosalia
edgefield
stefanik
jeaux
silo
rinse
safedefend
5mm
quigley
terraforming
splendor
suarez
shr
bios
norterra
motherly
kharitonov
macalester
jimmie
steeda
gilman
lamarmania
jesup
bobblehead
bobbleheads
gui
minhai
syllabus
assailants
tino
peddler
chevys
vermin
ruediger
tuf
ifixit
granite
hotshots
yarnell
adoptees
pugnacious
rua
jodie
cucina
kgb
privatization
archrivals
socon
bossier
arian
hypocrites
menashi
zonta
gentrifiers
benevolent
colina
cupping
rucker
fergus
avowed
homosexual
rucker
siwa
20k
offshoots
madhouse
mobtown
pigtown
levittown
prew
plasma
spicules
petting
exempts
reeve
tml
450r
outboard
wardens
bobber
prubechu
chamorro
taxis
undisciplined
snowvember
14k
recertification
guardianship
6abc
696
chilwell
maurkice
ehv
marineland
humboldt
ogunjobi
banquet
grafton
skytour
hitch
hudge
relented
santikos
disgrace
je
barstool
bleach
kamiya
dendy
riesling
sproles
grundy
732m
margarita
bizarro
evaded
rebates
monsey
sickle
philando
castile
incriminating
donkeys
taxis
vilified
35w
rathbone
skirmish
pollock
megadevelopment
kwik
unregistered
kiwi
reputed
walruses
uri
primanti
maurkice
impeding
fussell
realio
dest
merced
sproles
wagaya
melo
eyelash
diplomate
natty
delinquent
sproles
frets
hindenburg
horseback
furze
junkrat
sproles
sproles
695k
petaluma
troubadour
fx
redefining
shipments
talkers
wscr
wmvp
semistate
saenger
uno
irks
lani
floodplain
zverev
terrormania
ledge
suarez
f45
orangetheory
mauldin
beisel
bt
jacare
bailout
alejandro
sanz
juanes
tulane
aislynn
toughs
hoverboard
cutout
oubre
deflected
huizenga
speranzella
85m
poulsbo
mccallum
quakertown
4yo
champlin
lakeville
inferior
skirmish
luton
deere
maurkice
coalmines
bindi
implicates
trashes
vocals
gallentine
charyl
stockwell
cheapskates
schindler
branko
lustig
swoosh
640m
shoei
glamster
funchess
elearning
seberg
yasiel
mattingly
parm
thon
goos
fsly
ddog
hearthstone
battlegrounds
meanest
overindulge
epicurean
Pre Training AUC: 0.5346577632740963, MRR: 0.21785700740007277, Loss: 3.0837163316386866
Memory: 1.08003328 GB
AUC: 0.6003246309898695. MRR: 0.21611156036735463. Loss: 3.090637054553103.
Memory: 1.08003328 GB
AUC: 0.600212815599025. MRR: 0.21562100912082027. Loss: 3.0898950306727793.
Memory: 1.08003328 GB
AUC: 0.6044765884837873. MRR: 0.21288576058068573. Loss: 3.092360706584453.
Memory: 1.08003328 GB
AUC: 0.6049353341932393. MRR: 0.2182549875959061. Loss: 3.096099923134601.
Memory: 1.08003328 GB
AUC: 0.6119838529487511. MRR: 0.21603953137590312. Loss: 3.0908339624745755.
