Loading Packages...
/work3/s204117/News-Recommendations
cuda
{'group_auc': 0.5424, 'mean_mrr': 0.2382, 'ndcg@5': 0.2495, 'ndcg@10': 0.3157, 'loss': 5.1649035233620815}
Memory: 1.19537664 GB
{'group_auc': 0.5795, 'mean_mrr': 0.2444, 'ndcg@5': 0.2613, 'ndcg@10': 0.3319, 'loss': 5.1679014101980005}
Memory: 1.19537664 GB
{'group_auc': 0.5739, 'mean_mrr': 0.2356, 'ndcg@5': 0.2547, 'ndcg@10': 0.3231, 'loss': 5.171127486867854}
Memory: 1.19537664 GB
{'group_auc': 0.6118, 'mean_mrr': 0.2718, 'ndcg@5': 0.2998, 'ndcg@10': 0.3646, 'loss': 5.13969136499676}
Memory: 1.19537664 GB
{'group_auc': 0.6074, 'mean_mrr': 0.2636, 'ndcg@5': 0.2869, 'ndcg@10': 0.3555, 'loss': 5.1470576850584395}
Memory: 1.19537664 GB
{'group_auc': 0.6178, 'mean_mrr': 0.273, 'ndcg@5': 0.2965, 'ndcg@10': 0.3627, 'loss': 5.129469036291866}
Memory: 1.19537664 GB
{'group_auc': 0.6273, 'mean_mrr': 0.2839, 'ndcg@5': 0.3143, 'ndcg@10': 0.3767, 'loss': 5.1296134309322605}
Memory: 1.19537664 GB
{'group_auc': 0.6174, 'mean_mrr': 0.2719, 'ndcg@5': 0.2911, 'ndcg@10': 0.3617, 'loss': 5.137670787338526}
Memory: 1.19537664 GB
{'group_auc': 0.6255, 'mean_mrr': 0.2761, 'ndcg@5': 0.2999, 'ndcg@10': 0.3687, 'loss': 5.1295616842962515}
Memory: 1.19537664 GB
{'group_auc': 0.6348, 'mean_mrr': 0.281, 'ndcg@5': 0.308, 'ndcg@10': 0.3754, 'loss': 5.1256567195047396}
Memory: 1.19537664 GB
{'group_auc': 0.6287, 'mean_mrr': 0.2831, 'ndcg@5': 0.307, 'ndcg@10': 0.3732, 'loss': 5.11351454347101}
