Loading Packages...
/work3/s204117/News-Recommendations
cuda
{'group_auc': 0.5305, 'mean_mrr': 0.2342, 'ndcg@5': 0.2406, 'ndcg@10': 0.3044, 'loss': 5.163312232339959}
Memory: 1.19537664 GB
{'group_auc': 0.5869, 'mean_mrr': 0.2438, 'ndcg@5': 0.2713, 'ndcg@10': 0.3356, 'loss': 5.166070117108681}
Memory: 1.19537664 GB
{'group_auc': 0.5838, 'mean_mrr': 0.2462, 'ndcg@5': 0.272, 'ndcg@10': 0.336, 'loss': 5.162661712749238}
Memory: 1.19537664 GB
{'group_auc': 0.5892, 'mean_mrr': 0.2461, 'ndcg@5': 0.272, 'ndcg@10': 0.3384, 'loss': 5.166630918950848}
Memory: 1.19537664 GB
{'group_auc': 0.6048, 'mean_mrr': 0.254, 'ndcg@5': 0.2821, 'ndcg@10': 0.3497, 'loss': 5.149952917996014}
Memory: 1.19537664 GB
{'group_auc': 0.6198, 'mean_mrr': 0.2709, 'ndcg@5': 0.2974, 'ndcg@10': 0.3626, 'loss': 5.128686030993356}
Memory: 1.19537664 GB
{'group_auc': 0.6157, 'mean_mrr': 0.2661, 'ndcg@5': 0.2902, 'ndcg@10': 0.3597, 'loss': 5.1393958795311}
Memory: 1.19537664 GB
{'group_auc': 0.6267, 'mean_mrr': 0.2781, 'ndcg@5': 0.3041, 'ndcg@10': 0.3702, 'loss': 5.126210545670069}
Memory: 1.19537664 GB
{'group_auc': 0.6226, 'mean_mrr': 0.2743, 'ndcg@5': 0.2985, 'ndcg@10': 0.3682, 'loss': 5.1319981615580925}
Memory: 1.19537664 GB
{'group_auc': 0.6333, 'mean_mrr': 0.2778, 'ndcg@5': 0.3055, 'ndcg@10': 0.3716, 'loss': 5.120421570069988}
Memory: 1.19537664 GB
{'group_auc': 0.63, 'mean_mrr': 0.2797, 'ndcg@5': 0.3036, 'ndcg@10': 0.3727, 'loss': 5.113708702006981}
