Loading Packages...
/work3/s204117/News-Recommendations
cuda
{'group_auc': 0.5269, 'mean_mrr': 0.2296, 'ndcg@5': 0.2393, 'ndcg@10': 0.2973, 'loss': 5.161593566456049}
Memory: 1.505755136 GB
{'group_auc': 0.5913, 'mean_mrr': 0.2494, 'ndcg@5': 0.2777, 'ndcg@10': 0.3394, 'loss': 5.165131062739507}
Memory: 1.505755136 GB
{'group_auc': 0.5975, 'mean_mrr': 0.2547, 'ndcg@5': 0.2832, 'ndcg@10': 0.3453, 'loss': 5.163027068125446}
Memory: 1.505755136 GB
{'group_auc': 0.5924, 'mean_mrr': 0.251, 'ndcg@5': 0.2696, 'ndcg@10': 0.3403, 'loss': 5.151674040251532}
Memory: 1.505755136 GB
{'group_auc': 0.6129, 'mean_mrr': 0.2688, 'ndcg@5': 0.297, 'ndcg@10': 0.3606, 'loss': 5.141367125263325}
Memory: 1.505755136 GB
{'group_auc': 0.6248, 'mean_mrr': 0.2747, 'ndcg@5': 0.3011, 'ndcg@10': 0.3663, 'loss': 5.121367451746522}
Memory: 1.505755136 GB
{'group_auc': 0.6142, 'mean_mrr': 0.2654, 'ndcg@5': 0.2918, 'ndcg@10': 0.3566, 'loss': 5.145083083671752}
Memory: 1.505755136 GB
{'group_auc': 0.6289, 'mean_mrr': 0.2802, 'ndcg@5': 0.307, 'ndcg@10': 0.3724, 'loss': 5.124991524056992}
Memory: 1.505755136 GB
{'group_auc': 0.6389, 'mean_mrr': 0.287, 'ndcg@5': 0.3163, 'ndcg@10': 0.3783, 'loss': 5.114206236891636}
Memory: 1.505755136 GB
{'group_auc': 0.6302, 'mean_mrr': 0.2871, 'ndcg@5': 0.309, 'ndcg@10': 0.3767, 'loss': 5.118591289586199}
Memory: 1.505755136 GB
{'group_auc': 0.64, 'mean_mrr': 0.2903, 'ndcg@5': 0.3163, 'ndcg@10': 0.3819, 'loss': 5.11133331519024}
