/bin/bash: ./submit_LSTUR.sh: Permission denied

------------------------------------------------------------
Sender: LSF System <lsfadmin@hpc.dtu.dk>
Subject: Job 16071598: <NONAME> in cluster <dcc> Exited

Job <NONAME> was submitted from host <gbarlogin1> by user <s204117> in cluster <dcc> at Thu Apr  6 19:44:15 2023
Job was executed on host(s) <n-62-31-23>, in queue <hpc>, as user <s204117> in cluster <dcc> at Thu Apr  6 19:44:16 2023
</zhome/34/e/155680> was used as the home directory.
</work3/s204117/News-Recommendations> was used as the working directory.
Started at Thu Apr  6 19:44:16 2023
Terminated at Thu Apr  6 19:44:16 2023
Results reported at Thu Apr  6 19:44:16 2023

Your job looked like:

------------------------------------------------------------
# LSBATCH: User input
submit_LSTUR.sh
------------------------------------------------------------

Exited with exit code 126.

Resource usage summary:

    CPU time :                                   0.35 sec.
    Max Memory :                                 -
    Average Memory :                             -
    Total Requested Memory :                     1024.00 MB
    Delta Memory :                               -
    Max Swap :                                   -
    Max Processes :                              -
    Max Threads :                                -
    Run time :                                   34 sec.
    Turnaround time :                            1 sec.

The output (if any) is above this job summary.

