Loaded dependency [numpy/1.22.3-python-3.9.11-openblas-0.3.19]: openblas/0.3.19
Loaded dependency [python3/3.9.11]: gcc/10.3.0-binutils-2.36.1
Loaded dependency [numpy/1.22.3-python-3.9.11-openblas-0.3.19]: python3/3.9.11
Loaded dependency [scipy/1.7.3-python-3.9.11]: numpy/1.22.3-python-3.9.11-openblas-0.3.19
Loaded module: scipy/1.7.3-python-3.9.11

Loading scipy/1.7.3-python-3.9.11
  Loading requirement: openblas/0.3.19 gcc/10.3.0-binutils-2.36.1 python3/3.9.11
    numpy/1.22.3-python-3.9.11-openblas-0.3.19
Loaded module: cuda/11.7
/work3/s204117/News-Recommendations/DataIterator.py:138: SettingWithCopyWarning: 
A value is trying to be set on a copy of a slice from a DataFrame

See the caveats in the documentation: https://pandas.pydata.org/pandas-docs/stable/user_guide/indexing.html#returning-a-view-versus-a-copy
  self.user_data['history_length'][self.user_data['history_length'] > 50] = 50
/work3/s204117/News-Recommendations/DataIterator.py:138: SettingWithCopyWarning: 
A value is trying to be set on a copy of a slice from a DataFrame

See the caveats in the documentation: https://pandas.pydata.org/pandas-docs/stable/user_guide/indexing.html#returning-a-view-versus-a-copy
  self.user_data['history_length'][self.user_data['history_length'] > 50] = 50
../aten/src/ATen/native/cuda/Indexing.cu:1088: indexSelectSmallIndex: block: [0,0,0], thread: [64,0,0] Assertion `srcIndex < srcSelectDimSize` failed.
../aten/src/ATen/native/cuda/Indexing.cu:1088: indexSelectSmallIndex: block: [0,0,0], thread: [65,0,0] Assertion `srcIndex < srcSelectDimSize` failed.
../aten/src/ATen/native/cuda/Indexing.cu:1088: indexSelectSmallIndex: block: [0,0,0], thread: [66,0,0] Assertion `srcIndex < srcSelectDimSize` failed.
../aten/src/ATen/native/cuda/Indexing.cu:1088: indexSelectSmallIndex: block: [0,0,0], thread: [67,0,0] Assertion `srcIndex < srcSelectDimSize` failed.
../aten/src/ATen/native/cuda/Indexing.cu:1088: indexSelectSmallIndex: block: [0,0,0], thread: [68,0,0] Assertion `srcIndex < srcSelectDimSize` failed.
../aten/src/ATen/native/cuda/Indexing.cu:1088: indexSelectSmallIndex: block: [0,0,0], thread: [69,0,0] Assertion `srcIndex < srcSelectDimSize` failed.
../aten/src/ATen/native/cuda/Indexing.cu:1088: indexSelectSmallIndex: block: [0,0,0], thread: [70,0,0] Assertion `srcIndex < srcSelectDimSize` failed.
../aten/src/ATen/native/cuda/Indexing.cu:1088: indexSelectSmallIndex: block: [0,0,0], thread: [71,0,0] Assertion `srcIndex < srcSelectDimSize` failed.
../aten/src/ATen/native/cuda/Indexing.cu:1088: indexSelectSmallIndex: block: [0,0,0], thread: [72,0,0] Assertion `srcIndex < srcSelectDimSize` failed.
../aten/src/ATen/native/cuda/Indexing.cu:1088: indexSelectSmallIndex: block: [0,0,0], thread: [73,0,0] Assertion `srcIndex < srcSelectDimSize` failed.
../aten/src/ATen/native/cuda/Indexing.cu:1088: indexSelectSmallIndex: block: [0,0,0], thread: [74,0,0] Assertion `srcIndex < srcSelectDimSize` failed.
../aten/src/ATen/native/cuda/Indexing.cu:1088: indexSelectSmallIndex: block: [0,0,0], thread: [75,0,0] Assertion `srcIndex < srcSelectDimSize` failed.
../aten/src/ATen/native/cuda/Indexing.cu:1088: indexSelectSmallIndex: block: [0,0,0], thread: [76,0,0] Assertion `srcIndex < srcSelectDimSize` failed.
../aten/src/ATen/native/cuda/Indexing.cu:1088: indexSelectSmallIndex: block: [0,0,0], thread: [77,0,0] Assertion `srcIndex < srcSelectDimSize` failed.
../aten/src/ATen/native/cuda/Indexing.cu:1088: indexSelectSmallIndex: block: [0,0,0], thread: [78,0,0] Assertion `srcIndex < srcSelectDimSize` failed.
../aten/src/ATen/native/cuda/Indexing.cu:1088: indexSelectSmallIndex: block: [0,0,0], thread: [79,0,0] Assertion `srcIndex < srcSelectDimSize` failed.
../aten/src/ATen/native/cuda/Indexing.cu:1088: indexSelectSmallIndex: block: [0,0,0], thread: [80,0,0] Assertion `srcIndex < srcSelectDimSize` failed.
../aten/src/ATen/native/cuda/Indexing.cu:1088: indexSelectSmallIndex: block: [0,0,0], thread: [81,0,0] Assertion `srcIndex < srcSelectDimSize` failed.
../aten/src/ATen/native/cuda/Indexing.cu:1088: indexSelectSmallIndex: block: [0,0,0], thread: [82,0,0] Assertion `srcIndex < srcSelectDimSize` failed.
../aten/src/ATen/native/cuda/Indexing.cu:1088: indexSelectSmallIndex: block: [0,0,0], thread: [83,0,0] Assertion `srcIndex < srcSelectDimSize` failed.
../aten/src/ATen/native/cuda/Indexing.cu:1088: indexSelectSmallIndex: block: [0,0,0], thread: [84,0,0] Assertion `srcIndex < srcSelectDimSize` failed.
../aten/src/ATen/native/cuda/Indexing.cu:1088: indexSelectSmallIndex: block: [0,0,0], thread: [85,0,0] Assertion `srcIndex < srcSelectDimSize` failed.
../aten/src/ATen/native/cuda/Indexing.cu:1088: indexSelectSmallIndex: block: [0,0,0], thread: [86,0,0] Assertion `srcIndex < srcSelectDimSize` failed.
../aten/src/ATen/native/cuda/Indexing.cu:1088: indexSelectSmallIndex: block: [0,0,0], thread: [87,0,0] Assertion `srcIndex < srcSelectDimSize` failed.
../aten/src/ATen/native/cuda/Indexing.cu:1088: indexSelectSmallIndex: block: [0,0,0], thread: [88,0,0] Assertion `srcIndex < srcSelectDimSize` failed.
../aten/src/ATen/native/cuda/Indexing.cu:1088: indexSelectSmallIndex: block: [0,0,0], thread: [89,0,0] Assertion `srcIndex < srcSelectDimSize` failed.
../aten/src/ATen/native/cuda/Indexing.cu:1088: indexSelectSmallIndex: block: [0,0,0], thread: [90,0,0] Assertion `srcIndex < srcSelectDimSize` failed.
../aten/src/ATen/native/cuda/Indexing.cu:1088: indexSelectSmallIndex: block: [0,0,0], thread: [91,0,0] Assertion `srcIndex < srcSelectDimSize` failed.
../aten/src/ATen/native/cuda/Indexing.cu:1088: indexSelectSmallIndex: block: [0,0,0], thread: [92,0,0] Assertion `srcIndex < srcSelectDimSize` failed.
../aten/src/ATen/native/cuda/Indexing.cu:1088: indexSelectSmallIndex: block: [0,0,0], thread: [93,0,0] Assertion `srcIndex < srcSelectDimSize` failed.
../aten/src/ATen/native/cuda/Indexing.cu:1088: indexSelectSmallIndex: block: [0,0,0], thread: [94,0,0] Assertion `srcIndex < srcSelectDimSize` failed.
../aten/src/ATen/native/cuda/Indexing.cu:1088: indexSelectSmallIndex: block: [0,0,0], thread: [95,0,0] Assertion `srcIndex < srcSelectDimSize` failed.
../aten/src/ATen/native/cuda/Indexing.cu:1088: indexSelectSmallIndex: block: [0,0,0], thread: [96,0,0] Assertion `srcIndex < srcSelectDimSize` failed.
../aten/src/ATen/native/cuda/Indexing.cu:1088: indexSelectSmallIndex: block: [0,0,0], thread: [97,0,0] Assertion `srcIndex < srcSelectDimSize` failed.
../aten/src/ATen/native/cuda/Indexing.cu:1088: indexSelectSmallIndex: block: [0,0,0], thread: [98,0,0] Assertion `srcIndex < srcSelectDimSize` failed.
../aten/src/ATen/native/cuda/Indexing.cu:1088: indexSelectSmallIndex: block: [0,0,0], thread: [99,0,0] Assertion `srcIndex < srcSelectDimSize` failed.
../aten/src/ATen/native/cuda/Indexing.cu:1088: indexSelectSmallIndex: block: [0,0,0], thread: [100,0,0] Assertion `srcIndex < srcSelectDimSize` failed.
../aten/src/ATen/native/cuda/Indexing.cu:1088: indexSelectSmallIndex: block: [0,0,0], thread: [101,0,0] Assertion `srcIndex < srcSelectDimSize` failed.
../aten/src/ATen/native/cuda/Indexing.cu:1088: indexSelectSmallIndex: block: [0,0,0], thread: [102,0,0] Assertion `srcIndex < srcSelectDimSize` failed.
../aten/src/ATen/native/cuda/Indexing.cu:1088: indexSelectSmallIndex: block: [0,0,0], thread: [103,0,0] Assertion `srcIndex < srcSelectDimSize` failed.
../aten/src/ATen/native/cuda/Indexing.cu:1088: indexSelectSmallIndex: block: [0,0,0], thread: [104,0,0] Assertion `srcIndex < srcSelectDimSize` failed.
../aten/src/ATen/native/cuda/Indexing.cu:1088: indexSelectSmallIndex: block: [0,0,0], thread: [105,0,0] Assertion `srcIndex < srcSelectDimSize` failed.
../aten/src/ATen/native/cuda/Indexing.cu:1088: indexSelectSmallIndex: block: [0,0,0], thread: [106,0,0] Assertion `srcIndex < srcSelectDimSize` failed.
../aten/src/ATen/native/cuda/Indexing.cu:1088: indexSelectSmallIndex: block: [0,0,0], thread: [107,0,0] Assertion `srcIndex < srcSelectDimSize` failed.
../aten/src/ATen/native/cuda/Indexing.cu:1088: indexSelectSmallIndex: block: [0,0,0], thread: [108,0,0] Assertion `srcIndex < srcSelectDimSize` failed.
../aten/src/ATen/native/cuda/Indexing.cu:1088: indexSelectSmallIndex: block: [0,0,0], thread: [109,0,0] Assertion `srcIndex < srcSelectDimSize` failed.
../aten/src/ATen/native/cuda/Indexing.cu:1088: indexSelectSmallIndex: block: [0,0,0], thread: [110,0,0] Assertion `srcIndex < srcSelectDimSize` failed.
../aten/src/ATen/native/cuda/Indexing.cu:1088: indexSelectSmallIndex: block: [0,0,0], thread: [111,0,0] Assertion `srcIndex < srcSelectDimSize` failed.
../aten/src/ATen/native/cuda/Indexing.cu:1088: indexSelectSmallIndex: block: [0,0,0], thread: [112,0,0] Assertion `srcIndex < srcSelectDimSize` failed.
../aten/src/ATen/native/cuda/Indexing.cu:1088: indexSelectSmallIndex: block: [0,0,0], thread: [113,0,0] Assertion `srcIndex < srcSelectDimSize` failed.
../aten/src/ATen/native/cuda/Indexing.cu:1088: indexSelectSmallIndex: block: [0,0,0], thread: [114,0,0] Assertion `srcIndex < srcSelectDimSize` failed.
../aten/src/ATen/native/cuda/Indexing.cu:1088: indexSelectSmallIndex: block: [0,0,0], thread: [115,0,0] Assertion `srcIndex < srcSelectDimSize` failed.
../aten/src/ATen/native/cuda/Indexing.cu:1088: indexSelectSmallIndex: block: [0,0,0], thread: [116,0,0] Assertion `srcIndex < srcSelectDimSize` failed.
../aten/src/ATen/native/cuda/Indexing.cu:1088: indexSelectSmallIndex: block: [0,0,0], thread: [117,0,0] Assertion `srcIndex < srcSelectDimSize` failed.
../aten/src/ATen/native/cuda/Indexing.cu:1088: indexSelectSmallIndex: block: [0,0,0], thread: [118,0,0] Assertion `srcIndex < srcSelectDimSize` failed.
../aten/src/ATen/native/cuda/Indexing.cu:1088: indexSelectSmallIndex: block: [0,0,0], thread: [119,0,0] Assertion `srcIndex < srcSelectDimSize` failed.
../aten/src/ATen/native/cuda/Indexing.cu:1088: indexSelectSmallIndex: block: [0,0,0], thread: [120,0,0] Assertion `srcIndex < srcSelectDimSize` failed.
../aten/src/ATen/native/cuda/Indexing.cu:1088: indexSelectSmallIndex: block: [0,0,0], thread: [121,0,0] Assertion `srcIndex < srcSelectDimSize` failed.
../aten/src/ATen/native/cuda/Indexing.cu:1088: indexSelectSmallIndex: block: [0,0,0], thread: [122,0,0] Assertion `srcIndex < srcSelectDimSize` failed.
../aten/src/ATen/native/cuda/Indexing.cu:1088: indexSelectSmallIndex: block: [0,0,0], thread: [123,0,0] Assertion `srcIndex < srcSelectDimSize` failed.
../aten/src/ATen/native/cuda/Indexing.cu:1088: indexSelectSmallIndex: block: [0,0,0], thread: [124,0,0] Assertion `srcIndex < srcSelectDimSize` failed.
../aten/src/ATen/native/cuda/Indexing.cu:1088: indexSelectSmallIndex: block: [0,0,0], thread: [125,0,0] Assertion `srcIndex < srcSelectDimSize` failed.
../aten/src/ATen/native/cuda/Indexing.cu:1088: indexSelectSmallIndex: block: [0,0,0], thread: [126,0,0] Assertion `srcIndex < srcSelectDimSize` failed.
../aten/src/ATen/native/cuda/Indexing.cu:1088: indexSelectSmallIndex: block: [0,0,0], thread: [127,0,0] Assertion `srcIndex < srcSelectDimSize` failed.
../aten/src/ATen/native/cuda/Indexing.cu:1088: indexSelectSmallIndex: block: [0,0,0], thread: [0,0,0] Assertion `srcIndex < srcSelectDimSize` failed.
../aten/src/ATen/native/cuda/Indexing.cu:1088: indexSelectSmallIndex: block: [0,0,0], thread: [1,0,0] Assertion `srcIndex < srcSelectDimSize` failed.
../aten/src/ATen/native/cuda/Indexing.cu:1088: indexSelectSmallIndex: block: [0,0,0], thread: [2,0,0] Assertion `srcIndex < srcSelectDimSize` failed.
../aten/src/ATen/native/cuda/Indexing.cu:1088: indexSelectSmallIndex: block: [0,0,0], thread: [3,0,0] Assertion `srcIndex < srcSelectDimSize` failed.
../aten/src/ATen/native/cuda/Indexing.cu:1088: indexSelectSmallIndex: block: [0,0,0], thread: [4,0,0] Assertion `srcIndex < srcSelectDimSize` failed.
../aten/src/ATen/native/cuda/Indexing.cu:1088: indexSelectSmallIndex: block: [0,0,0], thread: [5,0,0] Assertion `srcIndex < srcSelectDimSize` failed.
../aten/src/ATen/native/cuda/Indexing.cu:1088: indexSelectSmallIndex: block: [0,0,0], thread: [6,0,0] Assertion `srcIndex < srcSelectDimSize` failed.
../aten/src/ATen/native/cuda/Indexing.cu:1088: indexSelectSmallIndex: block: [0,0,0], thread: [7,0,0] Assertion `srcIndex < srcSelectDimSize` failed.
../aten/src/ATen/native/cuda/Indexing.cu:1088: indexSelectSmallIndex: block: [0,0,0], thread: [8,0,0] Assertion `srcIndex < srcSelectDimSize` failed.
../aten/src/ATen/native/cuda/Indexing.cu:1088: indexSelectSmallIndex: block: [0,0,0], thread: [9,0,0] Assertion `srcIndex < srcSelectDimSize` failed.
../aten/src/ATen/native/cuda/Indexing.cu:1088: indexSelectSmallIndex: block: [0,0,0], thread: [10,0,0] Assertion `srcIndex < srcSelectDimSize` failed.
../aten/src/ATen/native/cuda/Indexing.cu:1088: indexSelectSmallIndex: block: [0,0,0], thread: [11,0,0] Assertion `srcIndex < srcSelectDimSize` failed.
../aten/src/ATen/native/cuda/Indexing.cu:1088: indexSelectSmallIndex: block: [0,0,0], thread: [12,0,0] Assertion `srcIndex < srcSelectDimSize` failed.
../aten/src/ATen/native/cuda/Indexing.cu:1088: indexSelectSmallIndex: block: [0,0,0], thread: [13,0,0] Assertion `srcIndex < srcSelectDimSize` failed.
../aten/src/ATen/native/cuda/Indexing.cu:1088: indexSelectSmallIndex: block: [0,0,0], thread: [14,0,0] Assertion `srcIndex < srcSelectDimSize` failed.
../aten/src/ATen/native/cuda/Indexing.cu:1088: indexSelectSmallIndex: block: [0,0,0], thread: [15,0,0] Assertion `srcIndex < srcSelectDimSize` failed.
../aten/src/ATen/native/cuda/Indexing.cu:1088: indexSelectSmallIndex: block: [0,0,0], thread: [16,0,0] Assertion `srcIndex < srcSelectDimSize` failed.
../aten/src/ATen/native/cuda/Indexing.cu:1088: indexSelectSmallIndex: block: [0,0,0], thread: [17,0,0] Assertion `srcIndex < srcSelectDimSize` failed.
../aten/src/ATen/native/cuda/Indexing.cu:1088: indexSelectSmallIndex: block: [0,0,0], thread: [18,0,0] Assertion `srcIndex < srcSelectDimSize` failed.
../aten/src/ATen/native/cuda/Indexing.cu:1088: indexSelectSmallIndex: block: [0,0,0], thread: [19,0,0] Assertion `srcIndex < srcSelectDimSize` failed.
../aten/src/ATen/native/cuda/Indexing.cu:1088: indexSelectSmallIndex: block: [0,0,0], thread: [20,0,0] Assertion `srcIndex < srcSelectDimSize` failed.
../aten/src/ATen/native/cuda/Indexing.cu:1088: indexSelectSmallIndex: block: [0,0,0], thread: [21,0,0] Assertion `srcIndex < srcSelectDimSize` failed.
../aten/src/ATen/native/cuda/Indexing.cu:1088: indexSelectSmallIndex: block: [0,0,0], thread: [22,0,0] Assertion `srcIndex < srcSelectDimSize` failed.
../aten/src/ATen/native/cuda/Indexing.cu:1088: indexSelectSmallIndex: block: [0,0,0], thread: [23,0,0] Assertion `srcIndex < srcSelectDimSize` failed.
../aten/src/ATen/native/cuda/Indexing.cu:1088: indexSelectSmallIndex: block: [0,0,0], thread: [24,0,0] Assertion `srcIndex < srcSelectDimSize` failed.
../aten/src/ATen/native/cuda/Indexing.cu:1088: indexSelectSmallIndex: block: [0,0,0], thread: [25,0,0] Assertion `srcIndex < srcSelectDimSize` failed.
../aten/src/ATen/native/cuda/Indexing.cu:1088: indexSelectSmallIndex: block: [0,0,0], thread: [26,0,0] Assertion `srcIndex < srcSelectDimSize` failed.
../aten/src/ATen/native/cuda/Indexing.cu:1088: indexSelectSmallIndex: block: [0,0,0], thread: [27,0,0] Assertion `srcIndex < srcSelectDimSize` failed.
../aten/src/ATen/native/cuda/Indexing.cu:1088: indexSelectSmallIndex: block: [0,0,0], thread: [28,0,0] Assertion `srcIndex < srcSelectDimSize` failed.
../aten/src/ATen/native/cuda/Indexing.cu:1088: indexSelectSmallIndex: block: [0,0,0], thread: [29,0,0] Assertion `srcIndex < srcSelectDimSize` failed.
../aten/src/ATen/native/cuda/Indexing.cu:1088: indexSelectSmallIndex: block: [0,0,0], thread: [30,0,0] Assertion `srcIndex < srcSelectDimSize` failed.
../aten/src/ATen/native/cuda/Indexing.cu:1088: indexSelectSmallIndex: block: [0,0,0], thread: [31,0,0] Assertion `srcIndex < srcSelectDimSize` failed.
../aten/src/ATen/native/cuda/Indexing.cu:1088: indexSelectSmallIndex: block: [0,0,0], thread: [32,0,0] Assertion `srcIndex < srcSelectDimSize` failed.
../aten/src/ATen/native/cuda/Indexing.cu:1088: indexSelectSmallIndex: block: [0,0,0], thread: [33,0,0] Assertion `srcIndex < srcSelectDimSize` failed.
../aten/src/ATen/native/cuda/Indexing.cu:1088: indexSelectSmallIndex: block: [0,0,0], thread: [34,0,0] Assertion `srcIndex < srcSelectDimSize` failed.
../aten/src/ATen/native/cuda/Indexing.cu:1088: indexSelectSmallIndex: block: [0,0,0], thread: [35,0,0] Assertion `srcIndex < srcSelectDimSize` failed.
../aten/src/ATen/native/cuda/Indexing.cu:1088: indexSelectSmallIndex: block: [0,0,0], thread: [36,0,0] Assertion `srcIndex < srcSelectDimSize` failed.
../aten/src/ATen/native/cuda/Indexing.cu:1088: indexSelectSmallIndex: block: [0,0,0], thread: [37,0,0] Assertion `srcIndex < srcSelectDimSize` failed.
../aten/src/ATen/native/cuda/Indexing.cu:1088: indexSelectSmallIndex: block: [0,0,0], thread: [38,0,0] Assertion `srcIndex < srcSelectDimSize` failed.
../aten/src/ATen/native/cuda/Indexing.cu:1088: indexSelectSmallIndex: block: [0,0,0], thread: [39,0,0] Assertion `srcIndex < srcSelectDimSize` failed.
../aten/src/ATen/native/cuda/Indexing.cu:1088: indexSelectSmallIndex: block: [0,0,0], thread: [40,0,0] Assertion `srcIndex < srcSelectDimSize` failed.
../aten/src/ATen/native/cuda/Indexing.cu:1088: indexSelectSmallIndex: block: [0,0,0], thread: [41,0,0] Assertion `srcIndex < srcSelectDimSize` failed.
../aten/src/ATen/native/cuda/Indexing.cu:1088: indexSelectSmallIndex: block: [0,0,0], thread: [42,0,0] Assertion `srcIndex < srcSelectDimSize` failed.
../aten/src/ATen/native/cuda/Indexing.cu:1088: indexSelectSmallIndex: block: [0,0,0], thread: [43,0,0] Assertion `srcIndex < srcSelectDimSize` failed.
../aten/src/ATen/native/cuda/Indexing.cu:1088: indexSelectSmallIndex: block: [0,0,0], thread: [44,0,0] Assertion `srcIndex < srcSelectDimSize` failed.
../aten/src/ATen/native/cuda/Indexing.cu:1088: indexSelectSmallIndex: block: [0,0,0], thread: [45,0,0] Assertion `srcIndex < srcSelectDimSize` failed.
../aten/src/ATen/native/cuda/Indexing.cu:1088: indexSelectSmallIndex: block: [0,0,0], thread: [46,0,0] Assertion `srcIndex < srcSelectDimSize` failed.
../aten/src/ATen/native/cuda/Indexing.cu:1088: indexSelectSmallIndex: block: [0,0,0], thread: [47,0,0] Assertion `srcIndex < srcSelectDimSize` failed.
../aten/src/ATen/native/cuda/Indexing.cu:1088: indexSelectSmallIndex: block: [0,0,0], thread: [48,0,0] Assertion `srcIndex < srcSelectDimSize` failed.
../aten/src/ATen/native/cuda/Indexing.cu:1088: indexSelectSmallIndex: block: [0,0,0], thread: [49,0,0] Assertion `srcIndex < srcSelectDimSize` failed.
../aten/src/ATen/native/cuda/Indexing.cu:1088: indexSelectSmallIndex: block: [0,0,0], thread: [50,0,0] Assertion `srcIndex < srcSelectDimSize` failed.
../aten/src/ATen/native/cuda/Indexing.cu:1088: indexSelectSmallIndex: block: [0,0,0], thread: [51,0,0] Assertion `srcIndex < srcSelectDimSize` failed.
../aten/src/ATen/native/cuda/Indexing.cu:1088: indexSelectSmallIndex: block: [0,0,0], thread: [52,0,0] Assertion `srcIndex < srcSelectDimSize` failed.
../aten/src/ATen/native/cuda/Indexing.cu:1088: indexSelectSmallIndex: block: [0,0,0], thread: [53,0,0] Assertion `srcIndex < srcSelectDimSize` failed.
../aten/src/ATen/native/cuda/Indexing.cu:1088: indexSelectSmallIndex: block: [0,0,0], thread: [54,0,0] Assertion `srcIndex < srcSelectDimSize` failed.
../aten/src/ATen/native/cuda/Indexing.cu:1088: indexSelectSmallIndex: block: [0,0,0], thread: [55,0,0] Assertion `srcIndex < srcSelectDimSize` failed.
../aten/src/ATen/native/cuda/Indexing.cu:1088: indexSelectSmallIndex: block: [0,0,0], thread: [56,0,0] Assertion `srcIndex < srcSelectDimSize` failed.
../aten/src/ATen/native/cuda/Indexing.cu:1088: indexSelectSmallIndex: block: [0,0,0], thread: [57,0,0] Assertion `srcIndex < srcSelectDimSize` failed.
../aten/src/ATen/native/cuda/Indexing.cu:1088: indexSelectSmallIndex: block: [0,0,0], thread: [58,0,0] Assertion `srcIndex < srcSelectDimSize` failed.
../aten/src/ATen/native/cuda/Indexing.cu:1088: indexSelectSmallIndex: block: [0,0,0], thread: [59,0,0] Assertion `srcIndex < srcSelectDimSize` failed.
../aten/src/ATen/native/cuda/Indexing.cu:1088: indexSelectSmallIndex: block: [0,0,0], thread: [60,0,0] Assertion `srcIndex < srcSelectDimSize` failed.
../aten/src/ATen/native/cuda/Indexing.cu:1088: indexSelectSmallIndex: block: [0,0,0], thread: [61,0,0] Assertion `srcIndex < srcSelectDimSize` failed.
../aten/src/ATen/native/cuda/Indexing.cu:1088: indexSelectSmallIndex: block: [0,0,0], thread: [62,0,0] Assertion `srcIndex < srcSelectDimSize` failed.
../aten/src/ATen/native/cuda/Indexing.cu:1088: indexSelectSmallIndex: block: [0,0,0], thread: [63,0,0] Assertion `srcIndex < srcSelectDimSize` failed.
../aten/src/ATen/native/cuda/Indexing.cu:1088: indexSelectSmallIndex: block: [3,0,0], thread: [64,0,0] Assertion `srcIndex < srcSelectDimSize` failed.
../aten/src/ATen/native/cuda/Indexing.cu:1088: indexSelectSmallIndex: block: [3,0,0], thread: [65,0,0] Assertion `srcIndex < srcSelectDimSize` failed.
../aten/src/ATen/native/cuda/Indexing.cu:1088: indexSelectSmallIndex: block: [3,0,0], thread: [66,0,0] Assertion `srcIndex < srcSelectDimSize` failed.
../aten/src/ATen/native/cuda/Indexing.cu:1088: indexSelectSmallIndex: block: [3,0,0], thread: [67,0,0] Assertion `srcIndex < srcSelectDimSize` failed.
../aten/src/ATen/native/cuda/Indexing.cu:1088: indexSelectSmallIndex: block: [3,0,0], thread: [68,0,0] Assertion `srcIndex < srcSelectDimSize` failed.
../aten/src/ATen/native/cuda/Indexing.cu:1088: indexSelectSmallIndex: block: [3,0,0], thread: [69,0,0] Assertion `srcIndex < srcSelectDimSize` failed.
../aten/src/ATen/native/cuda/Indexing.cu:1088: indexSelectSmallIndex: block: [3,0,0], thread: [70,0,0] Assertion `srcIndex < srcSelectDimSize` failed.
../aten/src/ATen/native/cuda/Indexing.cu:1088: indexSelectSmallIndex: block: [3,0,0], thread: [71,0,0] Assertion `srcIndex < srcSelectDimSize` failed.
../aten/src/ATen/native/cuda/Indexing.cu:1088: indexSelectSmallIndex: block: [3,0,0], thread: [72,0,0] Assertion `srcIndex < srcSelectDimSize` failed.
../aten/src/ATen/native/cuda/Indexing.cu:1088: indexSelectSmallIndex: block: [3,0,0], thread: [73,0,0] Assertion `srcIndex < srcSelectDimSize` failed.
../aten/src/ATen/native/cuda/Indexing.cu:1088: indexSelectSmallIndex: block: [3,0,0], thread: [74,0,0] Assertion `srcIndex < srcSelectDimSize` failed.
../aten/src/ATen/native/cuda/Indexing.cu:1088: indexSelectSmallIndex: block: [3,0,0], thread: [75,0,0] Assertion `srcIndex < srcSelectDimSize` failed.
../aten/src/ATen/native/cuda/Indexing.cu:1088: indexSelectSmallIndex: block: [3,0,0], thread: [76,0,0] Assertion `srcIndex < srcSelectDimSize` failed.
../aten/src/ATen/native/cuda/Indexing.cu:1088: indexSelectSmallIndex: block: [3,0,0], thread: [77,0,0] Assertion `srcIndex < srcSelectDimSize` failed.
../aten/src/ATen/native/cuda/Indexing.cu:1088: indexSelectSmallIndex: block: [3,0,0], thread: [78,0,0] Assertion `srcIndex < srcSelectDimSize` failed.
../aten/src/ATen/native/cuda/Indexing.cu:1088: indexSelectSmallIndex: block: [3,0,0], thread: [79,0,0] Assertion `srcIndex < srcSelectDimSize` failed.
../aten/src/ATen/native/cuda/Indexing.cu:1088: indexSelectSmallIndex: block: [3,0,0], thread: [80,0,0] Assertion `srcIndex < srcSelectDimSize` failed.
../aten/src/ATen/native/cuda/Indexing.cu:1088: indexSelectSmallIndex: block: [3,0,0], thread: [81,0,0] Assertion `srcIndex < srcSelectDimSize` failed.
../aten/src/ATen/native/cuda/Indexing.cu:1088: indexSelectSmallIndex: block: [3,0,0], thread: [82,0,0] Assertion `srcIndex < srcSelectDimSize` failed.
../aten/src/ATen/native/cuda/Indexing.cu:1088: indexSelectSmallIndex: block: [3,0,0], thread: [83,0,0] Assertion `srcIndex < srcSelectDimSize` failed.
../aten/src/ATen/native/cuda/Indexing.cu:1088: indexSelectSmallIndex: block: [3,0,0], thread: [84,0,0] Assertion `srcIndex < srcSelectDimSize` failed.
../aten/src/ATen/native/cuda/Indexing.cu:1088: indexSelectSmallIndex: block: [3,0,0], thread: [85,0,0] Assertion `srcIndex < srcSelectDimSize` failed.
../aten/src/ATen/native/cuda/Indexing.cu:1088: indexSelectSmallIndex: block: [3,0,0], thread: [86,0,0] Assertion `srcIndex < srcSelectDimSize` failed.
../aten/src/ATen/native/cuda/Indexing.cu:1088: indexSelectSmallIndex: block: [3,0,0], thread: [87,0,0] Assertion `srcIndex < srcSelectDimSize` failed.
../aten/src/ATen/native/cuda/Indexing.cu:1088: indexSelectSmallIndex: block: [3,0,0], thread: [88,0,0] Assertion `srcIndex < srcSelectDimSize` failed.
../aten/src/ATen/native/cuda/Indexing.cu:1088: indexSelectSmallIndex: block: [3,0,0], thread: [89,0,0] Assertion `srcIndex < srcSelectDimSize` failed.
../aten/src/ATen/native/cuda/Indexing.cu:1088: indexSelectSmallIndex: block: [3,0,0], thread: [90,0,0] Assertion `srcIndex < srcSelectDimSize` failed.
../aten/src/ATen/native/cuda/Indexing.cu:1088: indexSelectSmallIndex: block: [3,0,0], thread: [91,0,0] Assertion `srcIndex < srcSelectDimSize` failed.
../aten/src/ATen/native/cuda/Indexing.cu:1088: indexSelectSmallIndex: block: [3,0,0], thread: [92,0,0] Assertion `srcIndex < srcSelectDimSize` failed.
../aten/src/ATen/native/cuda/Indexing.cu:1088: indexSelectSmallIndex: block: [3,0,0], thread: [93,0,0] Assertion `srcIndex < srcSelectDimSize` failed.
../aten/src/ATen/native/cuda/Indexing.cu:1088: indexSelectSmallIndex: block: [3,0,0], thread: [94,0,0] Assertion `srcIndex < srcSelectDimSize` failed.
../aten/src/ATen/native/cuda/Indexing.cu:1088: indexSelectSmallIndex: block: [3,0,0], thread: [95,0,0] Assertion `srcIndex < srcSelectDimSize` failed.
../aten/src/ATen/native/cuda/Indexing.cu:1088: indexSelectSmallIndex: block: [3,0,0], thread: [96,0,0] Assertion `srcIndex < srcSelectDimSize` failed.
../aten/src/ATen/native/cuda/Indexing.cu:1088: indexSelectSmallIndex: block: [3,0,0], thread: [97,0,0] Assertion `srcIndex < srcSelectDimSize` failed.
../aten/src/ATen/native/cuda/Indexing.cu:1088: indexSelectSmallIndex: block: [3,0,0], thread: [98,0,0] Assertion `srcIndex < srcSelectDimSize` failed.
../aten/src/ATen/native/cuda/Indexing.cu:1088: indexSelectSmallIndex: block: [3,0,0], thread: [99,0,0] Assertion `srcIndex < srcSelectDimSize` failed.
../aten/src/ATen/native/cuda/Indexing.cu:1088: indexSelectSmallIndex: block: [3,0,0], thread: [100,0,0] Assertion `srcIndex < srcSelectDimSize` failed.
../aten/src/ATen/native/cuda/Indexing.cu:1088: indexSelectSmallIndex: block: [3,0,0], thread: [101,0,0] Assertion `srcIndex < srcSelectDimSize` failed.
../aten/src/ATen/native/cuda/Indexing.cu:1088: indexSelectSmallIndex: block: [3,0,0], thread: [102,0,0] Assertion `srcIndex < srcSelectDimSize` failed.
../aten/src/ATen/native/cuda/Indexing.cu:1088: indexSelectSmallIndex: block: [3,0,0], thread: [103,0,0] Assertion `srcIndex < srcSelectDimSize` failed.
../aten/src/ATen/native/cuda/Indexing.cu:1088: indexSelectSmallIndex: block: [3,0,0], thread: [104,0,0] Assertion `srcIndex < srcSelectDimSize` failed.
../aten/src/ATen/native/cuda/Indexing.cu:1088: indexSelectSmallIndex: block: [3,0,0], thread: [105,0,0] Assertion `srcIndex < srcSelectDimSize` failed.
../aten/src/ATen/native/cuda/Indexing.cu:1088: indexSelectSmallIndex: block: [3,0,0], thread: [106,0,0] Assertion `srcIndex < srcSelectDimSize` failed.
../aten/src/ATen/native/cuda/Indexing.cu:1088: indexSelectSmallIndex: block: [3,0,0], thread: [107,0,0] Assertion `srcIndex < srcSelectDimSize` failed.
../aten/src/ATen/native/cuda/Indexing.cu:1088: indexSelectSmallIndex: block: [3,0,0], thread: [108,0,0] Assertion `srcIndex < srcSelectDimSize` failed.
../aten/src/ATen/native/cuda/Indexing.cu:1088: indexSelectSmallIndex: block: [3,0,0], thread: [109,0,0] Assertion `srcIndex < srcSelectDimSize` failed.
../aten/src/ATen/native/cuda/Indexing.cu:1088: indexSelectSmallIndex: block: [3,0,0], thread: [110,0,0] Assertion `srcIndex < srcSelectDimSize` failed.
../aten/src/ATen/native/cuda/Indexing.cu:1088: indexSelectSmallIndex: block: [3,0,0], thread: [111,0,0] Assertion `srcIndex < srcSelectDimSize` failed.
../aten/src/ATen/native/cuda/Indexing.cu:1088: indexSelectSmallIndex: block: [3,0,0], thread: [112,0,0] Assertion `srcIndex < srcSelectDimSize` failed.
../aten/src/ATen/native/cuda/Indexing.cu:1088: indexSelectSmallIndex: block: [3,0,0], thread: [113,0,0] Assertion `srcIndex < srcSelectDimSize` failed.
../aten/src/ATen/native/cuda/Indexing.cu:1088: indexSelectSmallIndex: block: [3,0,0], thread: [114,0,0] Assertion `srcIndex < srcSelectDimSize` failed.
../aten/src/ATen/native/cuda/Indexing.cu:1088: indexSelectSmallIndex: block: [3,0,0], thread: [115,0,0] Assertion `srcIndex < srcSelectDimSize` failed.
../aten/src/ATen/native/cuda/Indexing.cu:1088: indexSelectSmallIndex: block: [3,0,0], thread: [116,0,0] Assertion `srcIndex < srcSelectDimSize` failed.
../aten/src/ATen/native/cuda/Indexing.cu:1088: indexSelectSmallIndex: block: [3,0,0], thread: [117,0,0] Assertion `srcIndex < srcSelectDimSize` failed.
../aten/src/ATen/native/cuda/Indexing.cu:1088: indexSelectSmallIndex: block: [3,0,0], thread: [118,0,0] Assertion `srcIndex < srcSelectDimSize` failed.
../aten/src/ATen/native/cuda/Indexing.cu:1088: indexSelectSmallIndex: block: [3,0,0], thread: [119,0,0] Assertion `srcIndex < srcSelectDimSize` failed.
../aten/src/ATen/native/cuda/Indexing.cu:1088: indexSelectSmallIndex: block: [3,0,0], thread: [120,0,0] Assertion `srcIndex < srcSelectDimSize` failed.
../aten/src/ATen/native/cuda/Indexing.cu:1088: indexSelectSmallIndex: block: [3,0,0], thread: [121,0,0] Assertion `srcIndex < srcSelectDimSize` failed.
../aten/src/ATen/native/cuda/Indexing.cu:1088: indexSelectSmallIndex: block: [3,0,0], thread: [122,0,0] Assertion `srcIndex < srcSelectDimSize` failed.
../aten/src/ATen/native/cuda/Indexing.cu:1088: indexSelectSmallIndex: block: [3,0,0], thread: [123,0,0] Assertion `srcIndex < srcSelectDimSize` failed.
../aten/src/ATen/native/cuda/Indexing.cu:1088: indexSelectSmallIndex: block: [3,0,0], thread: [124,0,0] Assertion `srcIndex < srcSelectDimSize` failed.
../aten/src/ATen/native/cuda/Indexing.cu:1088: indexSelectSmallIndex: block: [3,0,0], thread: [125,0,0] Assertion `srcIndex < srcSelectDimSize` failed.
../aten/src/ATen/native/cuda/Indexing.cu:1088: indexSelectSmallIndex: block: [3,0,0], thread: [126,0,0] Assertion `srcIndex < srcSelectDimSize` failed.
../aten/src/ATen/native/cuda/Indexing.cu:1088: indexSelectSmallIndex: block: [3,0,0], thread: [127,0,0] Assertion `srcIndex < srcSelectDimSize` failed.
../aten/src/ATen/native/cuda/Indexing.cu:1088: indexSelectSmallIndex: block: [3,0,0], thread: [0,0,0] Assertion `srcIndex < srcSelectDimSize` failed.
../aten/src/ATen/native/cuda/Indexing.cu:1088: indexSelectSmallIndex: block: [3,0,0], thread: [1,0,0] Assertion `srcIndex < srcSelectDimSize` failed.
../aten/src/ATen/native/cuda/Indexing.cu:1088: indexSelectSmallIndex: block: [3,0,0], thread: [2,0,0] Assertion `srcIndex < srcSelectDimSize` failed.
../aten/src/ATen/native/cuda/Indexing.cu:1088: indexSelectSmallIndex: block: [3,0,0], thread: [3,0,0] Assertion `srcIndex < srcSelectDimSize` failed.
../aten/src/ATen/native/cuda/Indexing.cu:1088: indexSelectSmallIndex: block: [3,0,0], thread: [4,0,0] Assertion `srcIndex < srcSelectDimSize` failed.
../aten/src/ATen/native/cuda/Indexing.cu:1088: indexSelectSmallIndex: block: [3,0,0], thread: [5,0,0] Assertion `srcIndex < srcSelectDimSize` failed.
../aten/src/ATen/native/cuda/Indexing.cu:1088: indexSelectSmallIndex: block: [3,0,0], thread: [6,0,0] Assertion `srcIndex < srcSelectDimSize` failed.
../aten/src/ATen/native/cuda/Indexing.cu:1088: indexSelectSmallIndex: block: [3,0,0], thread: [7,0,0] Assertion `srcIndex < srcSelectDimSize` failed.
../aten/src/ATen/native/cuda/Indexing.cu:1088: indexSelectSmallIndex: block: [3,0,0], thread: [8,0,0] Assertion `srcIndex < srcSelectDimSize` failed.
../aten/src/ATen/native/cuda/Indexing.cu:1088: indexSelectSmallIndex: block: [3,0,0], thread: [9,0,0] Assertion `srcIndex < srcSelectDimSize` failed.
../aten/src/ATen/native/cuda/Indexing.cu:1088: indexSelectSmallIndex: block: [3,0,0], thread: [10,0,0] Assertion `srcIndex < srcSelectDimSize` failed.
../aten/src/ATen/native/cuda/Indexing.cu:1088: indexSelectSmallIndex: block: [3,0,0], thread: [11,0,0] Assertion `srcIndex < srcSelectDimSize` failed.
../aten/src/ATen/native/cuda/Indexing.cu:1088: indexSelectSmallIndex: block: [3,0,0], thread: [12,0,0] Assertion `srcIndex < srcSelectDimSize` failed.
../aten/src/ATen/native/cuda/Indexing.cu:1088: indexSelectSmallIndex: block: [3,0,0], thread: [13,0,0] Assertion `srcIndex < srcSelectDimSize` failed.
../aten/src/ATen/native/cuda/Indexing.cu:1088: indexSelectSmallIndex: block: [3,0,0], thread: [14,0,0] Assertion `srcIndex < srcSelectDimSize` failed.
../aten/src/ATen/native/cuda/Indexing.cu:1088: indexSelectSmallIndex: block: [3,0,0], thread: [15,0,0] Assertion `srcIndex < srcSelectDimSize` failed.
../aten/src/ATen/native/cuda/Indexing.cu:1088: indexSelectSmallIndex: block: [3,0,0], thread: [16,0,0] Assertion `srcIndex < srcSelectDimSize` failed.
../aten/src/ATen/native/cuda/Indexing.cu:1088: indexSelectSmallIndex: block: [3,0,0], thread: [17,0,0] Assertion `srcIndex < srcSelectDimSize` failed.
../aten/src/ATen/native/cuda/Indexing.cu:1088: indexSelectSmallIndex: block: [3,0,0], thread: [18,0,0] Assertion `srcIndex < srcSelectDimSize` failed.
../aten/src/ATen/native/cuda/Indexing.cu:1088: indexSelectSmallIndex: block: [3,0,0], thread: [19,0,0] Assertion `srcIndex < srcSelectDimSize` failed.
../aten/src/ATen/native/cuda/Indexing.cu:1088: indexSelectSmallIndex: block: [3,0,0], thread: [20,0,0] Assertion `srcIndex < srcSelectDimSize` failed.
../aten/src/ATen/native/cuda/Indexing.cu:1088: indexSelectSmallIndex: block: [3,0,0], thread: [21,0,0] Assertion `srcIndex < srcSelectDimSize` failed.
../aten/src/ATen/native/cuda/Indexing.cu:1088: indexSelectSmallIndex: block: [3,0,0], thread: [22,0,0] Assertion `srcIndex < srcSelectDimSize` failed.
../aten/src/ATen/native/cuda/Indexing.cu:1088: indexSelectSmallIndex: block: [3,0,0], thread: [23,0,0] Assertion `srcIndex < srcSelectDimSize` failed.
../aten/src/ATen/native/cuda/Indexing.cu:1088: indexSelectSmallIndex: block: [3,0,0], thread: [24,0,0] Assertion `srcIndex < srcSelectDimSize` failed.
../aten/src/ATen/native/cuda/Indexing.cu:1088: indexSelectSmallIndex: block: [3,0,0], thread: [25,0,0] Assertion `srcIndex < srcSelectDimSize` failed.
../aten/src/ATen/native/cuda/Indexing.cu:1088: indexSelectSmallIndex: block: [3,0,0], thread: [26,0,0] Assertion `srcIndex < srcSelectDimSize` failed.
../aten/src/ATen/native/cuda/Indexing.cu:1088: indexSelectSmallIndex: block: [3,0,0], thread: [27,0,0] Assertion `srcIndex < srcSelectDimSize` failed.
../aten/src/ATen/native/cuda/Indexing.cu:1088: indexSelectSmallIndex: block: [3,0,0], thread: [28,0,0] Assertion `srcIndex < srcSelectDimSize` failed.
../aten/src/ATen/native/cuda/Indexing.cu:1088: indexSelectSmallIndex: block: [3,0,0], thread: [29,0,0] Assertion `srcIndex < srcSelectDimSize` failed.
../aten/src/ATen/native/cuda/Indexing.cu:1088: indexSelectSmallIndex: block: [3,0,0], thread: [30,0,0] Assertion `srcIndex < srcSelectDimSize` failed.
../aten/src/ATen/native/cuda/Indexing.cu:1088: indexSelectSmallIndex: block: [3,0,0], thread: [31,0,0] Assertion `srcIndex < srcSelectDimSize` failed.
../aten/src/ATen/native/cuda/Indexing.cu:1088: indexSelectSmallIndex: block: [3,0,0], thread: [32,0,0] Assertion `srcIndex < srcSelectDimSize` failed.
../aten/src/ATen/native/cuda/Indexing.cu:1088: indexSelectSmallIndex: block: [3,0,0], thread: [33,0,0] Assertion `srcIndex < srcSelectDimSize` failed.
../aten/src/ATen/native/cuda/Indexing.cu:1088: indexSelectSmallIndex: block: [3,0,0], thread: [34,0,0] Assertion `srcIndex < srcSelectDimSize` failed.
../aten/src/ATen/native/cuda/Indexing.cu:1088: indexSelectSmallIndex: block: [3,0,0], thread: [35,0,0] Assertion `srcIndex < srcSelectDimSize` failed.
../aten/src/ATen/native/cuda/Indexing.cu:1088: indexSelectSmallIndex: block: [3,0,0], thread: [36,0,0] Assertion `srcIndex < srcSelectDimSize` failed.
../aten/src/ATen/native/cuda/Indexing.cu:1088: indexSelectSmallIndex: block: [3,0,0], thread: [37,0,0] Assertion `srcIndex < srcSelectDimSize` failed.
../aten/src/ATen/native/cuda/Indexing.cu:1088: indexSelectSmallIndex: block: [3,0,0], thread: [38,0,0] Assertion `srcIndex < srcSelectDimSize` failed.
../aten/src/ATen/native/cuda/Indexing.cu:1088: indexSelectSmallIndex: block: [3,0,0], thread: [39,0,0] Assertion `srcIndex < srcSelectDimSize` failed.
../aten/src/ATen/native/cuda/Indexing.cu:1088: indexSelectSmallIndex: block: [3,0,0], thread: [40,0,0] Assertion `srcIndex < srcSelectDimSize` failed.
../aten/src/ATen/native/cuda/Indexing.cu:1088: indexSelectSmallIndex: block: [3,0,0], thread: [41,0,0] Assertion `srcIndex < srcSelectDimSize` failed.
../aten/src/ATen/native/cuda/Indexing.cu:1088: indexSelectSmallIndex: block: [3,0,0], thread: [42,0,0] Assertion `srcIndex < srcSelectDimSize` failed.
../aten/src/ATen/native/cuda/Indexing.cu:1088: indexSelectSmallIndex: block: [3,0,0], thread: [43,0,0] Assertion `srcIndex < srcSelectDimSize` failed.
../aten/src/ATen/native/cuda/Indexing.cu:1088: indexSelectSmallIndex: block: [3,0,0], thread: [44,0,0] Assertion `srcIndex < srcSelectDimSize` failed.
../aten/src/ATen/native/cuda/Indexing.cu:1088: indexSelectSmallIndex: block: [3,0,0], thread: [45,0,0] Assertion `srcIndex < srcSelectDimSize` failed.
../aten/src/ATen/native/cuda/Indexing.cu:1088: indexSelectSmallIndex: block: [3,0,0], thread: [46,0,0] Assertion `srcIndex < srcSelectDimSize` failed.
../aten/src/ATen/native/cuda/Indexing.cu:1088: indexSelectSmallIndex: block: [3,0,0], thread: [47,0,0] Assertion `srcIndex < srcSelectDimSize` failed.
../aten/src/ATen/native/cuda/Indexing.cu:1088: indexSelectSmallIndex: block: [3,0,0], thread: [48,0,0] Assertion `srcIndex < srcSelectDimSize` failed.
../aten/src/ATen/native/cuda/Indexing.cu:1088: indexSelectSmallIndex: block: [3,0,0], thread: [49,0,0] Assertion `srcIndex < srcSelectDimSize` failed.
../aten/src/ATen/native/cuda/Indexing.cu:1088: indexSelectSmallIndex: block: [3,0,0], thread: [50,0,0] Assertion `srcIndex < srcSelectDimSize` failed.
../aten/src/ATen/native/cuda/Indexing.cu:1088: indexSelectSmallIndex: block: [3,0,0], thread: [51,0,0] Assertion `srcIndex < srcSelectDimSize` failed.
../aten/src/ATen/native/cuda/Indexing.cu:1088: indexSelectSmallIndex: block: [3,0,0], thread: [52,0,0] Assertion `srcIndex < srcSelectDimSize` failed.
../aten/src/ATen/native/cuda/Indexing.cu:1088: indexSelectSmallIndex: block: [3,0,0], thread: [53,0,0] Assertion `srcIndex < srcSelectDimSize` failed.
../aten/src/ATen/native/cuda/Indexing.cu:1088: indexSelectSmallIndex: block: [3,0,0], thread: [54,0,0] Assertion `srcIndex < srcSelectDimSize` failed.
../aten/src/ATen/native/cuda/Indexing.cu:1088: indexSelectSmallIndex: block: [3,0,0], thread: [55,0,0] Assertion `srcIndex < srcSelectDimSize` failed.
../aten/src/ATen/native/cuda/Indexing.cu:1088: indexSelectSmallIndex: block: [3,0,0], thread: [56,0,0] Assertion `srcIndex < srcSelectDimSize` failed.
../aten/src/ATen/native/cuda/Indexing.cu:1088: indexSelectSmallIndex: block: [3,0,0], thread: [57,0,0] Assertion `srcIndex < srcSelectDimSize` failed.
../aten/src/ATen/native/cuda/Indexing.cu:1088: indexSelectSmallIndex: block: [3,0,0], thread: [58,0,0] Assertion `srcIndex < srcSelectDimSize` failed.
../aten/src/ATen/native/cuda/Indexing.cu:1088: indexSelectSmallIndex: block: [3,0,0], thread: [59,0,0] Assertion `srcIndex < srcSelectDimSize` failed.
../aten/src/ATen/native/cuda/Indexing.cu:1088: indexSelectSmallIndex: block: [3,0,0], thread: [60,0,0] Assertion `srcIndex < srcSelectDimSize` failed.
../aten/src/ATen/native/cuda/Indexing.cu:1088: indexSelectSmallIndex: block: [3,0,0], thread: [61,0,0] Assertion `srcIndex < srcSelectDimSize` failed.
../aten/src/ATen/native/cuda/Indexing.cu:1088: indexSelectSmallIndex: block: [3,0,0], thread: [62,0,0] Assertion `srcIndex < srcSelectDimSize` failed.
../aten/src/ATen/native/cuda/Indexing.cu:1088: indexSelectSmallIndex: block: [3,0,0], thread: [63,0,0] Assertion `srcIndex < srcSelectDimSize` failed.
../aten/src/ATen/native/cuda/Indexing.cu:1088: indexSelectSmallIndex: block: [2,0,0], thread: [0,0,0] Assertion `srcIndex < srcSelectDimSize` failed.
../aten/src/ATen/native/cuda/Indexing.cu:1088: indexSelectSmallIndex: block: [2,0,0], thread: [1,0,0] Assertion `srcIndex < srcSelectDimSize` failed.
../aten/src/ATen/native/cuda/Indexing.cu:1088: indexSelectSmallIndex: block: [2,0,0], thread: [2,0,0] Assertion `srcIndex < srcSelectDimSize` failed.
../aten/src/ATen/native/cuda/Indexing.cu:1088: indexSelectSmallIndex: block: [2,0,0], thread: [3,0,0] Assertion `srcIndex < srcSelectDimSize` failed.
../aten/src/ATen/native/cuda/Indexing.cu:1088: indexSelectSmallIndex: block: [2,0,0], thread: [4,0,0] Assertion `srcIndex < srcSelectDimSize` failed.
../aten/src/ATen/native/cuda/Indexing.cu:1088: indexSelectSmallIndex: block: [2,0,0], thread: [5,0,0] Assertion `srcIndex < srcSelectDimSize` failed.
../aten/src/ATen/native/cuda/Indexing.cu:1088: indexSelectSmallIndex: block: [2,0,0], thread: [6,0,0] Assertion `srcIndex < srcSelectDimSize` failed.
../aten/src/ATen/native/cuda/Indexing.cu:1088: indexSelectSmallIndex: block: [2,0,0], thread: [7,0,0] Assertion `srcIndex < srcSelectDimSize` failed.
../aten/src/ATen/native/cuda/Indexing.cu:1088: indexSelectSmallIndex: block: [2,0,0], thread: [8,0,0] Assertion `srcIndex < srcSelectDimSize` failed.
../aten/src/ATen/native/cuda/Indexing.cu:1088: indexSelectSmallIndex: block: [2,0,0], thread: [9,0,0] Assertion `srcIndex < srcSelectDimSize` failed.
../aten/src/ATen/native/cuda/Indexing.cu:1088: indexSelectSmallIndex: block: [2,0,0], thread: [10,0,0] Assertion `srcIndex < srcSelectDimSize` failed.
../aten/src/ATen/native/cuda/Indexing.cu:1088: indexSelectSmallIndex: block: [2,0,0], thread: [11,0,0] Assertion `srcIndex < srcSelectDimSize` failed.
../aten/src/ATen/native/cuda/Indexing.cu:1088: indexSelectSmallIndex: block: [2,0,0], thread: [12,0,0] Assertion `srcIndex < srcSelectDimSize` failed.
../aten/src/ATen/native/cuda/Indexing.cu:1088: indexSelectSmallIndex: block: [2,0,0], thread: [13,0,0] Assertion `srcIndex < srcSelectDimSize` failed.
../aten/src/ATen/native/cuda/Indexing.cu:1088: indexSelectSmallIndex: block: [2,0,0], thread: [14,0,0] Assertion `srcIndex < srcSelectDimSize` failed.
../aten/src/ATen/native/cuda/Indexing.cu:1088: indexSelectSmallIndex: block: [2,0,0], thread: [15,0,0] Assertion `srcIndex < srcSelectDimSize` failed.
../aten/src/ATen/native/cuda/Indexing.cu:1088: indexSelectSmallIndex: block: [2,0,0], thread: [16,0,0] Assertion `srcIndex < srcSelectDimSize` failed.
../aten/src/ATen/native/cuda/Indexing.cu:1088: indexSelectSmallIndex: block: [2,0,0], thread: [17,0,0] Assertion `srcIndex < srcSelectDimSize` failed.
../aten/src/ATen/native/cuda/Indexing.cu:1088: indexSelectSmallIndex: block: [2,0,0], thread: [18,0,0] Assertion `srcIndex < srcSelectDimSize` failed.
../aten/src/ATen/native/cuda/Indexing.cu:1088: indexSelectSmallIndex: block: [2,0,0], thread: [19,0,0] Assertion `srcIndex < srcSelectDimSize` failed.
../aten/src/ATen/native/cuda/Indexing.cu:1088: indexSelectSmallIndex: block: [2,0,0], thread: [20,0,0] Assertion `srcIndex < srcSelectDimSize` failed.
../aten/src/ATen/native/cuda/Indexing.cu:1088: indexSelectSmallIndex: block: [2,0,0], thread: [21,0,0] Assertion `srcIndex < srcSelectDimSize` failed.
../aten/src/ATen/native/cuda/Indexing.cu:1088: indexSelectSmallIndex: block: [2,0,0], thread: [22,0,0] Assertion `srcIndex < srcSelectDimSize` failed.
../aten/src/ATen/native/cuda/Indexing.cu:1088: indexSelectSmallIndex: block: [2,0,0], thread: [23,0,0] Assertion `srcIndex < srcSelectDimSize` failed.
../aten/src/ATen/native/cuda/Indexing.cu:1088: indexSelectSmallIndex: block: [2,0,0], thread: [24,0,0] Assertion `srcIndex < srcSelectDimSize` failed.
../aten/src/ATen/native/cuda/Indexing.cu:1088: indexSelectSmallIndex: block: [2,0,0], thread: [25,0,0] Assertion `srcIndex < srcSelectDimSize` failed.
../aten/src/ATen/native/cuda/Indexing.cu:1088: indexSelectSmallIndex: block: [2,0,0], thread: [26,0,0] Assertion `srcIndex < srcSelectDimSize` failed.
../aten/src/ATen/native/cuda/Indexing.cu:1088: indexSelectSmallIndex: block: [2,0,0], thread: [27,0,0] Assertion `srcIndex < srcSelectDimSize` failed.
../aten/src/ATen/native/cuda/Indexing.cu:1088: indexSelectSmallIndex: block: [2,0,0], thread: [28,0,0] Assertion `srcIndex < srcSelectDimSize` failed.
../aten/src/ATen/native/cuda/Indexing.cu:1088: indexSelectSmallIndex: block: [2,0,0], thread: [29,0,0] Assertion `srcIndex < srcSelectDimSize` failed.
../aten/src/ATen/native/cuda/Indexing.cu:1088: indexSelectSmallIndex: block: [2,0,0], thread: [30,0,0] Assertion `srcIndex < srcSelectDimSize` failed.
../aten/src/ATen/native/cuda/Indexing.cu:1088: indexSelectSmallIndex: block: [2,0,0], thread: [31,0,0] Assertion `srcIndex < srcSelectDimSize` failed.
../aten/src/ATen/native/cuda/Indexing.cu:1088: indexSelectSmallIndex: block: [2,0,0], thread: [32,0,0] Assertion `srcIndex < srcSelectDimSize` failed.
../aten/src/ATen/native/cuda/Indexing.cu:1088: indexSelectSmallIndex: block: [2,0,0], thread: [33,0,0] Assertion `srcIndex < srcSelectDimSize` failed.
../aten/src/ATen/native/cuda/Indexing.cu:1088: indexSelectSmallIndex: block: [2,0,0], thread: [34,0,0] Assertion `srcIndex < srcSelectDimSize` failed.
../aten/src/ATen/native/cuda/Indexing.cu:1088: indexSelectSmallIndex: block: [2,0,0], thread: [35,0,0] Assertion `srcIndex < srcSelectDimSize` failed.
../aten/src/ATen/native/cuda/Indexing.cu:1088: indexSelectSmallIndex: block: [2,0,0], thread: [36,0,0] Assertion `srcIndex < srcSelectDimSize` failed.
../aten/src/ATen/native/cuda/Indexing.cu:1088: indexSelectSmallIndex: block: [2,0,0], thread: [37,0,0] Assertion `srcIndex < srcSelectDimSize` failed.
../aten/src/ATen/native/cuda/Indexing.cu:1088: indexSelectSmallIndex: block: [2,0,0], thread: [38,0,0] Assertion `srcIndex < srcSelectDimSize` failed.
../aten/src/ATen/native/cuda/Indexing.cu:1088: indexSelectSmallIndex: block: [2,0,0], thread: [39,0,0] Assertion `srcIndex < srcSelectDimSize` failed.
../aten/src/ATen/native/cuda/Indexing.cu:1088: indexSelectSmallIndex: block: [2,0,0], thread: [40,0,0] Assertion `srcIndex < srcSelectDimSize` failed.
../aten/src/ATen/native/cuda/Indexing.cu:1088: indexSelectSmallIndex: block: [2,0,0], thread: [41,0,0] Assertion `srcIndex < srcSelectDimSize` failed.
../aten/src/ATen/native/cuda/Indexing.cu:1088: indexSelectSmallIndex: block: [2,0,0], thread: [42,0,0] Assertion `srcIndex < srcSelectDimSize` failed.
../aten/src/ATen/native/cuda/Indexing.cu:1088: indexSelectSmallIndex: block: [2,0,0], thread: [43,0,0] Assertion `srcIndex < srcSelectDimSize` failed.
../aten/src/ATen/native/cuda/Indexing.cu:1088: indexSelectSmallIndex: block: [2,0,0], thread: [44,0,0] Assertion `srcIndex < srcSelectDimSize` failed.
../aten/src/ATen/native/cuda/Indexing.cu:1088: indexSelectSmallIndex: block: [2,0,0], thread: [45,0,0] Assertion `srcIndex < srcSelectDimSize` failed.
../aten/src/ATen/native/cuda/Indexing.cu:1088: indexSelectSmallIndex: block: [2,0,0], thread: [46,0,0] Assertion `srcIndex < srcSelectDimSize` failed.
../aten/src/ATen/native/cuda/Indexing.cu:1088: indexSelectSmallIndex: block: [2,0,0], thread: [47,0,0] Assertion `srcIndex < srcSelectDimSize` failed.
../aten/src/ATen/native/cuda/Indexing.cu:1088: indexSelectSmallIndex: block: [2,0,0], thread: [48,0,0] Assertion `srcIndex < srcSelectDimSize` failed.
../aten/src/ATen/native/cuda/Indexing.cu:1088: indexSelectSmallIndex: block: [2,0,0], thread: [49,0,0] Assertion `srcIndex < srcSelectDimSize` failed.
../aten/src/ATen/native/cuda/Indexing.cu:1088: indexSelectSmallIndex: block: [2,0,0], thread: [50,0,0] Assertion `srcIndex < srcSelectDimSize` failed.
../aten/src/ATen/native/cuda/Indexing.cu:1088: indexSelectSmallIndex: block: [2,0,0], thread: [51,0,0] Assertion `srcIndex < srcSelectDimSize` failed.
../aten/src/ATen/native/cuda/Indexing.cu:1088: indexSelectSmallIndex: block: [2,0,0], thread: [52,0,0] Assertion `srcIndex < srcSelectDimSize` failed.
../aten/src/ATen/native/cuda/Indexing.cu:1088: indexSelectSmallIndex: block: [2,0,0], thread: [53,0,0] Assertion `srcIndex < srcSelectDimSize` failed.
../aten/src/ATen/native/cuda/Indexing.cu:1088: indexSelectSmallIndex: block: [2,0,0], thread: [54,0,0] Assertion `srcIndex < srcSelectDimSize` failed.
../aten/src/ATen/native/cuda/Indexing.cu:1088: indexSelectSmallIndex: block: [2,0,0], thread: [55,0,0] Assertion `srcIndex < srcSelectDimSize` failed.
../aten/src/ATen/native/cuda/Indexing.cu:1088: indexSelectSmallIndex: block: [2,0,0], thread: [56,0,0] Assertion `srcIndex < srcSelectDimSize` failed.
../aten/src/ATen/native/cuda/Indexing.cu:1088: indexSelectSmallIndex: block: [2,0,0], thread: [57,0,0] Assertion `srcIndex < srcSelectDimSize` failed.
../aten/src/ATen/native/cuda/Indexing.cu:1088: indexSelectSmallIndex: block: [2,0,0], thread: [58,0,0] Assertion `srcIndex < srcSelectDimSize` failed.
../aten/src/ATen/native/cuda/Indexing.cu:1088: indexSelectSmallIndex: block: [2,0,0], thread: [59,0,0] Assertion `srcIndex < srcSelectDimSize` failed.
../aten/src/ATen/native/cuda/Indexing.cu:1088: indexSelectSmallIndex: block: [2,0,0], thread: [60,0,0] Assertion `srcIndex < srcSelectDimSize` failed.
../aten/src/ATen/native/cuda/Indexing.cu:1088: indexSelectSmallIndex: block: [2,0,0], thread: [61,0,0] Assertion `srcIndex < srcSelectDimSize` failed.
../aten/src/ATen/native/cuda/Indexing.cu:1088: indexSelectSmallIndex: block: [2,0,0], thread: [62,0,0] Assertion `srcIndex < srcSelectDimSize` failed.
../aten/src/ATen/native/cuda/Indexing.cu:1088: indexSelectSmallIndex: block: [2,0,0], thread: [63,0,0] Assertion `srcIndex < srcSelectDimSize` failed.
../aten/src/ATen/native/cuda/Indexing.cu:1088: indexSelectSmallIndex: block: [2,0,0], thread: [64,0,0] Assertion `srcIndex < srcSelectDimSize` failed.
../aten/src/ATen/native/cuda/Indexing.cu:1088: indexSelectSmallIndex: block: [2,0,0], thread: [65,0,0] Assertion `srcIndex < srcSelectDimSize` failed.
../aten/src/ATen/native/cuda/Indexing.cu:1088: indexSelectSmallIndex: block: [2,0,0], thread: [66,0,0] Assertion `srcIndex < srcSelectDimSize` failed.
../aten/src/ATen/native/cuda/Indexing.cu:1088: indexSelectSmallIndex: block: [2,0,0], thread: [67,0,0] Assertion `srcIndex < srcSelectDimSize` failed.
../aten/src/ATen/native/cuda/Indexing.cu:1088: indexSelectSmallIndex: block: [2,0,0], thread: [68,0,0] Assertion `srcIndex < srcSelectDimSize` failed.
../aten/src/ATen/native/cuda/Indexing.cu:1088: indexSelectSmallIndex: block: [2,0,0], thread: [69,0,0] Assertion `srcIndex < srcSelectDimSize` failed.
../aten/src/ATen/native/cuda/Indexing.cu:1088: indexSelectSmallIndex: block: [2,0,0], thread: [70,0,0] Assertion `srcIndex < srcSelectDimSize` failed.
../aten/src/ATen/native/cuda/Indexing.cu:1088: indexSelectSmallIndex: block: [2,0,0], thread: [71,0,0] Assertion `srcIndex < srcSelectDimSize` failed.
../aten/src/ATen/native/cuda/Indexing.cu:1088: indexSelectSmallIndex: block: [2,0,0], thread: [72,0,0] Assertion `srcIndex < srcSelectDimSize` failed.
../aten/src/ATen/native/cuda/Indexing.cu:1088: indexSelectSmallIndex: block: [2,0,0], thread: [73,0,0] Assertion `srcIndex < srcSelectDimSize` failed.
../aten/src/ATen/native/cuda/Indexing.cu:1088: indexSelectSmallIndex: block: [2,0,0], thread: [74,0,0] Assertion `srcIndex < srcSelectDimSize` failed.
../aten/src/ATen/native/cuda/Indexing.cu:1088: indexSelectSmallIndex: block: [2,0,0], thread: [75,0,0] Assertion `srcIndex < srcSelectDimSize` failed.
../aten/src/ATen/native/cuda/Indexing.cu:1088: indexSelectSmallIndex: block: [2,0,0], thread: [76,0,0] Assertion `srcIndex < srcSelectDimSize` failed.
../aten/src/ATen/native/cuda/Indexing.cu:1088: indexSelectSmallIndex: block: [2,0,0], thread: [77,0,0] Assertion `srcIndex < srcSelectDimSize` failed.
../aten/src/ATen/native/cuda/Indexing.cu:1088: indexSelectSmallIndex: block: [2,0,0], thread: [78,0,0] Assertion `srcIndex < srcSelectDimSize` failed.
../aten/src/ATen/native/cuda/Indexing.cu:1088: indexSelectSmallIndex: block: [2,0,0], thread: [79,0,0] Assertion `srcIndex < srcSelectDimSize` failed.
../aten/src/ATen/native/cuda/Indexing.cu:1088: indexSelectSmallIndex: block: [2,0,0], thread: [80,0,0] Assertion `srcIndex < srcSelectDimSize` failed.
../aten/src/ATen/native/cuda/Indexing.cu:1088: indexSelectSmallIndex: block: [2,0,0], thread: [81,0,0] Assertion `srcIndex < srcSelectDimSize` failed.
../aten/src/ATen/native/cuda/Indexing.cu:1088: indexSelectSmallIndex: block: [2,0,0], thread: [82,0,0] Assertion `srcIndex < srcSelectDimSize` failed.
../aten/src/ATen/native/cuda/Indexing.cu:1088: indexSelectSmallIndex: block: [2,0,0], thread: [83,0,0] Assertion `srcIndex < srcSelectDimSize` failed.
../aten/src/ATen/native/cuda/Indexing.cu:1088: indexSelectSmallIndex: block: [2,0,0], thread: [84,0,0] Assertion `srcIndex < srcSelectDimSize` failed.
../aten/src/ATen/native/cuda/Indexing.cu:1088: indexSelectSmallIndex: block: [2,0,0], thread: [85,0,0] Assertion `srcIndex < srcSelectDimSize` failed.
../aten/src/ATen/native/cuda/Indexing.cu:1088: indexSelectSmallIndex: block: [2,0,0], thread: [86,0,0] Assertion `srcIndex < srcSelectDimSize` failed.
../aten/src/ATen/native/cuda/Indexing.cu:1088: indexSelectSmallIndex: block: [2,0,0], thread: [87,0,0] Assertion `srcIndex < srcSelectDimSize` failed.
../aten/src/ATen/native/cuda/Indexing.cu:1088: indexSelectSmallIndex: block: [2,0,0], thread: [88,0,0] Assertion `srcIndex < srcSelectDimSize` failed.
../aten/src/ATen/native/cuda/Indexing.cu:1088: indexSelectSmallIndex: block: [2,0,0], thread: [89,0,0] Assertion `srcIndex < srcSelectDimSize` failed.
../aten/src/ATen/native/cuda/Indexing.cu:1088: indexSelectSmallIndex: block: [2,0,0], thread: [90,0,0] Assertion `srcIndex < srcSelectDimSize` failed.
../aten/src/ATen/native/cuda/Indexing.cu:1088: indexSelectSmallIndex: block: [2,0,0], thread: [91,0,0] Assertion `srcIndex < srcSelectDimSize` failed.
../aten/src/ATen/native/cuda/Indexing.cu:1088: indexSelectSmallIndex: block: [2,0,0], thread: [92,0,0] Assertion `srcIndex < srcSelectDimSize` failed.
../aten/src/ATen/native/cuda/Indexing.cu:1088: indexSelectSmallIndex: block: [2,0,0], thread: [93,0,0] Assertion `srcIndex < srcSelectDimSize` failed.
../aten/src/ATen/native/cuda/Indexing.cu:1088: indexSelectSmallIndex: block: [2,0,0], thread: [94,0,0] Assertion `srcIndex < srcSelectDimSize` failed.
../aten/src/ATen/native/cuda/Indexing.cu:1088: indexSelectSmallIndex: block: [2,0,0], thread: [95,0,0] Assertion `srcIndex < srcSelectDimSize` failed.
../aten/src/ATen/native/cuda/Indexing.cu:1088: indexSelectSmallIndex: block: [2,0,0], thread: [96,0,0] Assertion `srcIndex < srcSelectDimSize` failed.
../aten/src/ATen/native/cuda/Indexing.cu:1088: indexSelectSmallIndex: block: [2,0,0], thread: [97,0,0] Assertion `srcIndex < srcSelectDimSize` failed.
../aten/src/ATen/native/cuda/Indexing.cu:1088: indexSelectSmallIndex: block: [2,0,0], thread: [98,0,0] Assertion `srcIndex < srcSelectDimSize` failed.
../aten/src/ATen/native/cuda/Indexing.cu:1088: indexSelectSmallIndex: block: [2,0,0], thread: [99,0,0] Assertion `srcIndex < srcSelectDimSize` failed.
../aten/src/ATen/native/cuda/Indexing.cu:1088: indexSelectSmallIndex: block: [2,0,0], thread: [100,0,0] Assertion `srcIndex < srcSelectDimSize` failed.
../aten/src/ATen/native/cuda/Indexing.cu:1088: indexSelectSmallIndex: block: [2,0,0], thread: [101,0,0] Assertion `srcIndex < srcSelectDimSize` failed.
../aten/src/ATen/native/cuda/Indexing.cu:1088: indexSelectSmallIndex: block: [2,0,0], thread: [102,0,0] Assertion `srcIndex < srcSelectDimSize` failed.
../aten/src/ATen/native/cuda/Indexing.cu:1088: indexSelectSmallIndex: block: [2,0,0], thread: [103,0,0] Assertion `srcIndex < srcSelectDimSize` failed.
../aten/src/ATen/native/cuda/Indexing.cu:1088: indexSelectSmallIndex: block: [2,0,0], thread: [104,0,0] Assertion `srcIndex < srcSelectDimSize` failed.
../aten/src/ATen/native/cuda/Indexing.cu:1088: indexSelectSmallIndex: block: [2,0,0], thread: [105,0,0] Assertion `srcIndex < srcSelectDimSize` failed.
../aten/src/ATen/native/cuda/Indexing.cu:1088: indexSelectSmallIndex: block: [2,0,0], thread: [106,0,0] Assertion `srcIndex < srcSelectDimSize` failed.
../aten/src/ATen/native/cuda/Indexing.cu:1088: indexSelectSmallIndex: block: [2,0,0], thread: [107,0,0] Assertion `srcIndex < srcSelectDimSize` failed.
../aten/src/ATen/native/cuda/Indexing.cu:1088: indexSelectSmallIndex: block: [2,0,0], thread: [108,0,0] Assertion `srcIndex < srcSelectDimSize` failed.
../aten/src/ATen/native/cuda/Indexing.cu:1088: indexSelectSmallIndex: block: [2,0,0], thread: [109,0,0] Assertion `srcIndex < srcSelectDimSize` failed.
../aten/src/ATen/native/cuda/Indexing.cu:1088: indexSelectSmallIndex: block: [2,0,0], thread: [110,0,0] Assertion `srcIndex < srcSelectDimSize` failed.
../aten/src/ATen/native/cuda/Indexing.cu:1088: indexSelectSmallIndex: block: [2,0,0], thread: [111,0,0] Assertion `srcIndex < srcSelectDimSize` failed.
../aten/src/ATen/native/cuda/Indexing.cu:1088: indexSelectSmallIndex: block: [2,0,0], thread: [112,0,0] Assertion `srcIndex < srcSelectDimSize` failed.
../aten/src/ATen/native/cuda/Indexing.cu:1088: indexSelectSmallIndex: block: [2,0,0], thread: [113,0,0] Assertion `srcIndex < srcSelectDimSize` failed.
../aten/src/ATen/native/cuda/Indexing.cu:1088: indexSelectSmallIndex: block: [2,0,0], thread: [114,0,0] Assertion `srcIndex < srcSelectDimSize` failed.
../aten/src/ATen/native/cuda/Indexing.cu:1088: indexSelectSmallIndex: block: [2,0,0], thread: [115,0,0] Assertion `srcIndex < srcSelectDimSize` failed.
../aten/src/ATen/native/cuda/Indexing.cu:1088: indexSelectSmallIndex: block: [2,0,0], thread: [116,0,0] Assertion `srcIndex < srcSelectDimSize` failed.
../aten/src/ATen/native/cuda/Indexing.cu:1088: indexSelectSmallIndex: block: [2,0,0], thread: [117,0,0] Assertion `srcIndex < srcSelectDimSize` failed.
../aten/src/ATen/native/cuda/Indexing.cu:1088: indexSelectSmallIndex: block: [2,0,0], thread: [118,0,0] Assertion `srcIndex < srcSelectDimSize` failed.
../aten/src/ATen/native/cuda/Indexing.cu:1088: indexSelectSmallIndex: block: [2,0,0], thread: [119,0,0] Assertion `srcIndex < srcSelectDimSize` failed.
../aten/src/ATen/native/cuda/Indexing.cu:1088: indexSelectSmallIndex: block: [2,0,0], thread: [120,0,0] Assertion `srcIndex < srcSelectDimSize` failed.
../aten/src/ATen/native/cuda/Indexing.cu:1088: indexSelectSmallIndex: block: [2,0,0], thread: [121,0,0] Assertion `srcIndex < srcSelectDimSize` failed.
../aten/src/ATen/native/cuda/Indexing.cu:1088: indexSelectSmallIndex: block: [2,0,0], thread: [122,0,0] Assertion `srcIndex < srcSelectDimSize` failed.
../aten/src/ATen/native/cuda/Indexing.cu:1088: indexSelectSmallIndex: block: [2,0,0], thread: [123,0,0] Assertion `srcIndex < srcSelectDimSize` failed.
../aten/src/ATen/native/cuda/Indexing.cu:1088: indexSelectSmallIndex: block: [2,0,0], thread: [124,0,0] Assertion `srcIndex < srcSelectDimSize` failed.
../aten/src/ATen/native/cuda/Indexing.cu:1088: indexSelectSmallIndex: block: [2,0,0], thread: [125,0,0] Assertion `srcIndex < srcSelectDimSize` failed.
../aten/src/ATen/native/cuda/Indexing.cu:1088: indexSelectSmallIndex: block: [2,0,0], thread: [126,0,0] Assertion `srcIndex < srcSelectDimSize` failed.
../aten/src/ATen/native/cuda/Indexing.cu:1088: indexSelectSmallIndex: block: [2,0,0], thread: [127,0,0] Assertion `srcIndex < srcSelectDimSize` failed.
../aten/src/ATen/native/cuda/Indexing.cu:1088: indexSelectSmallIndex: block: [1,0,0], thread: [0,0,0] Assertion `srcIndex < srcSelectDimSize` failed.
../aten/src/ATen/native/cuda/Indexing.cu:1088: indexSelectSmallIndex: block: [1,0,0], thread: [1,0,0] Assertion `srcIndex < srcSelectDimSize` failed.
../aten/src/ATen/native/cuda/Indexing.cu:1088: indexSelectSmallIndex: block: [1,0,0], thread: [2,0,0] Assertion `srcIndex < srcSelectDimSize` failed.
../aten/src/ATen/native/cuda/Indexing.cu:1088: indexSelectSmallIndex: block: [1,0,0], thread: [3,0,0] Assertion `srcIndex < srcSelectDimSize` failed.
../aten/src/ATen/native/cuda/Indexing.cu:1088: indexSelectSmallIndex: block: [1,0,0], thread: [4,0,0] Assertion `srcIndex < srcSelectDimSize` failed.
../aten/src/ATen/native/cuda/Indexing.cu:1088: indexSelectSmallIndex: block: [1,0,0], thread: [5,0,0] Assertion `srcIndex < srcSelectDimSize` failed.
../aten/src/ATen/native/cuda/Indexing.cu:1088: indexSelectSmallIndex: block: [1,0,0], thread: [6,0,0] Assertion `srcIndex < srcSelectDimSize` failed.
../aten/src/ATen/native/cuda/Indexing.cu:1088: indexSelectSmallIndex: block: [1,0,0], thread: [7,0,0] Assertion `srcIndex < srcSelectDimSize` failed.
../aten/src/ATen/native/cuda/Indexing.cu:1088: indexSelectSmallIndex: block: [1,0,0], thread: [8,0,0] Assertion `srcIndex < srcSelectDimSize` failed.
../aten/src/ATen/native/cuda/Indexing.cu:1088: indexSelectSmallIndex: block: [1,0,0], thread: [9,0,0] Assertion `srcIndex < srcSelectDimSize` failed.
../aten/src/ATen/native/cuda/Indexing.cu:1088: indexSelectSmallIndex: block: [1,0,0], thread: [10,0,0] Assertion `srcIndex < srcSelectDimSize` failed.
../aten/src/ATen/native/cuda/Indexing.cu:1088: indexSelectSmallIndex: block: [1,0,0], thread: [11,0,0] Assertion `srcIndex < srcSelectDimSize` failed.
../aten/src/ATen/native/cuda/Indexing.cu:1088: indexSelectSmallIndex: block: [1,0,0], thread: [12,0,0] Assertion `srcIndex < srcSelectDimSize` failed.
../aten/src/ATen/native/cuda/Indexing.cu:1088: indexSelectSmallIndex: block: [1,0,0], thread: [13,0,0] Assertion `srcIndex < srcSelectDimSize` failed.
../aten/src/ATen/native/cuda/Indexing.cu:1088: indexSelectSmallIndex: block: [1,0,0], thread: [14,0,0] Assertion `srcIndex < srcSelectDimSize` failed.
../aten/src/ATen/native/cuda/Indexing.cu:1088: indexSelectSmallIndex: block: [1,0,0], thread: [15,0,0] Assertion `srcIndex < srcSelectDimSize` failed.
../aten/src/ATen/native/cuda/Indexing.cu:1088: indexSelectSmallIndex: block: [1,0,0], thread: [16,0,0] Assertion `srcIndex < srcSelectDimSize` failed.
../aten/src/ATen/native/cuda/Indexing.cu:1088: indexSelectSmallIndex: block: [1,0,0], thread: [17,0,0] Assertion `srcIndex < srcSelectDimSize` failed.
../aten/src/ATen/native/cuda/Indexing.cu:1088: indexSelectSmallIndex: block: [1,0,0], thread: [18,0,0] Assertion `srcIndex < srcSelectDimSize` failed.
../aten/src/ATen/native/cuda/Indexing.cu:1088: indexSelectSmallIndex: block: [1,0,0], thread: [19,0,0] Assertion `srcIndex < srcSelectDimSize` failed.
../aten/src/ATen/native/cuda/Indexing.cu:1088: indexSelectSmallIndex: block: [1,0,0], thread: [20,0,0] Assertion `srcIndex < srcSelectDimSize` failed.
../aten/src/ATen/native/cuda/Indexing.cu:1088: indexSelectSmallIndex: block: [1,0,0], thread: [21,0,0] Assertion `srcIndex < srcSelectDimSize` failed.
../aten/src/ATen/native/cuda/Indexing.cu:1088: indexSelectSmallIndex: block: [1,0,0], thread: [22,0,0] Assertion `srcIndex < srcSelectDimSize` failed.
../aten/src/ATen/native/cuda/Indexing.cu:1088: indexSelectSmallIndex: block: [1,0,0], thread: [23,0,0] Assertion `srcIndex < srcSelectDimSize` failed.
../aten/src/ATen/native/cuda/Indexing.cu:1088: indexSelectSmallIndex: block: [1,0,0], thread: [24,0,0] Assertion `srcIndex < srcSelectDimSize` failed.
../aten/src/ATen/native/cuda/Indexing.cu:1088: indexSelectSmallIndex: block: [1,0,0], thread: [25,0,0] Assertion `srcIndex < srcSelectDimSize` failed.
../aten/src/ATen/native/cuda/Indexing.cu:1088: indexSelectSmallIndex: block: [1,0,0], thread: [26,0,0] Assertion `srcIndex < srcSelectDimSize` failed.
../aten/src/ATen/native/cuda/Indexing.cu:1088: indexSelectSmallIndex: block: [1,0,0], thread: [27,0,0] Assertion `srcIndex < srcSelectDimSize` failed.
../aten/src/ATen/native/cuda/Indexing.cu:1088: indexSelectSmallIndex: block: [1,0,0], thread: [28,0,0] Assertion `srcIndex < srcSelectDimSize` failed.
../aten/src/ATen/native/cuda/Indexing.cu:1088: indexSelectSmallIndex: block: [1,0,0], thread: [29,0,0] Assertion `srcIndex < srcSelectDimSize` failed.
../aten/src/ATen/native/cuda/Indexing.cu:1088: indexSelectSmallIndex: block: [1,0,0], thread: [30,0,0] Assertion `srcIndex < srcSelectDimSize` failed.
../aten/src/ATen/native/cuda/Indexing.cu:1088: indexSelectSmallIndex: block: [1,0,0], thread: [31,0,0] Assertion `srcIndex < srcSelectDimSize` failed.
../aten/src/ATen/native/cuda/Indexing.cu:1088: indexSelectSmallIndex: block: [1,0,0], thread: [32,0,0] Assertion `srcIndex < srcSelectDimSize` failed.
../aten/src/ATen/native/cuda/Indexing.cu:1088: indexSelectSmallIndex: block: [1,0,0], thread: [33,0,0] Assertion `srcIndex < srcSelectDimSize` failed.
../aten/src/ATen/native/cuda/Indexing.cu:1088: indexSelectSmallIndex: block: [1,0,0], thread: [34,0,0] Assertion `srcIndex < srcSelectDimSize` failed.
../aten/src/ATen/native/cuda/Indexing.cu:1088: indexSelectSmallIndex: block: [1,0,0], thread: [35,0,0] Assertion `srcIndex < srcSelectDimSize` failed.
../aten/src/ATen/native/cuda/Indexing.cu:1088: indexSelectSmallIndex: block: [1,0,0], thread: [36,0,0] Assertion `srcIndex < srcSelectDimSize` failed.
../aten/src/ATen/native/cuda/Indexing.cu:1088: indexSelectSmallIndex: block: [1,0,0], thread: [37,0,0] Assertion `srcIndex < srcSelectDimSize` failed.
../aten/src/ATen/native/cuda/Indexing.cu:1088: indexSelectSmallIndex: block: [1,0,0], thread: [38,0,0] Assertion `srcIndex < srcSelectDimSize` failed.
../aten/src/ATen/native/cuda/Indexing.cu:1088: indexSelectSmallIndex: block: [1,0,0], thread: [39,0,0] Assertion `srcIndex < srcSelectDimSize` failed.
../aten/src/ATen/native/cuda/Indexing.cu:1088: indexSelectSmallIndex: block: [1,0,0], thread: [40,0,0] Assertion `srcIndex < srcSelectDimSize` failed.
../aten/src/ATen/native/cuda/Indexing.cu:1088: indexSelectSmallIndex: block: [1,0,0], thread: [41,0,0] Assertion `srcIndex < srcSelectDimSize` failed.
../aten/src/ATen/native/cuda/Indexing.cu:1088: indexSelectSmallIndex: block: [1,0,0], thread: [42,0,0] Assertion `srcIndex < srcSelectDimSize` failed.
../aten/src/ATen/native/cuda/Indexing.cu:1088: indexSelectSmallIndex: block: [1,0,0], thread: [43,0,0] Assertion `srcIndex < srcSelectDimSize` failed.
../aten/src/ATen/native/cuda/Indexing.cu:1088: indexSelectSmallIndex: block: [1,0,0], thread: [44,0,0] Assertion `srcIndex < srcSelectDimSize` failed.
../aten/src/ATen/native/cuda/Indexing.cu:1088: indexSelectSmallIndex: block: [1,0,0], thread: [45,0,0] Assertion `srcIndex < srcSelectDimSize` failed.
../aten/src/ATen/native/cuda/Indexing.cu:1088: indexSelectSmallIndex: block: [1,0,0], thread: [46,0,0] Assertion `srcIndex < srcSelectDimSize` failed.
../aten/src/ATen/native/cuda/Indexing.cu:1088: indexSelectSmallIndex: block: [1,0,0], thread: [47,0,0] Assertion `srcIndex < srcSelectDimSize` failed.
../aten/src/ATen/native/cuda/Indexing.cu:1088: indexSelectSmallIndex: block: [1,0,0], thread: [48,0,0] Assertion `srcIndex < srcSelectDimSize` failed.
../aten/src/ATen/native/cuda/Indexing.cu:1088: indexSelectSmallIndex: block: [1,0,0], thread: [49,0,0] Assertion `srcIndex < srcSelectDimSize` failed.
../aten/src/ATen/native/cuda/Indexing.cu:1088: indexSelectSmallIndex: block: [1,0,0], thread: [50,0,0] Assertion `srcIndex < srcSelectDimSize` failed.
../aten/src/ATen/native/cuda/Indexing.cu:1088: indexSelectSmallIndex: block: [1,0,0], thread: [51,0,0] Assertion `srcIndex < srcSelectDimSize` failed.
../aten/src/ATen/native/cuda/Indexing.cu:1088: indexSelectSmallIndex: block: [1,0,0], thread: [52,0,0] Assertion `srcIndex < srcSelectDimSize` failed.
../aten/src/ATen/native/cuda/Indexing.cu:1088: indexSelectSmallIndex: block: [1,0,0], thread: [53,0,0] Assertion `srcIndex < srcSelectDimSize` failed.
../aten/src/ATen/native/cuda/Indexing.cu:1088: indexSelectSmallIndex: block: [1,0,0], thread: [54,0,0] Assertion `srcIndex < srcSelectDimSize` failed.
../aten/src/ATen/native/cuda/Indexing.cu:1088: indexSelectSmallIndex: block: [1,0,0], thread: [55,0,0] Assertion `srcIndex < srcSelectDimSize` failed.
../aten/src/ATen/native/cuda/Indexing.cu:1088: indexSelectSmallIndex: block: [1,0,0], thread: [56,0,0] Assertion `srcIndex < srcSelectDimSize` failed.
../aten/src/ATen/native/cuda/Indexing.cu:1088: indexSelectSmallIndex: block: [1,0,0], thread: [57,0,0] Assertion `srcIndex < srcSelectDimSize` failed.
../aten/src/ATen/native/cuda/Indexing.cu:1088: indexSelectSmallIndex: block: [1,0,0], thread: [58,0,0] Assertion `srcIndex < srcSelectDimSize` failed.
../aten/src/ATen/native/cuda/Indexing.cu:1088: indexSelectSmallIndex: block: [1,0,0], thread: [59,0,0] Assertion `srcIndex < srcSelectDimSize` failed.
../aten/src/ATen/native/cuda/Indexing.cu:1088: indexSelectSmallIndex: block: [1,0,0], thread: [60,0,0] Assertion `srcIndex < srcSelectDimSize` failed.
../aten/src/ATen/native/cuda/Indexing.cu:1088: indexSelectSmallIndex: block: [1,0,0], thread: [61,0,0] Assertion `srcIndex < srcSelectDimSize` failed.
../aten/src/ATen/native/cuda/Indexing.cu:1088: indexSelectSmallIndex: block: [1,0,0], thread: [62,0,0] Assertion `srcIndex < srcSelectDimSize` failed.
../aten/src/ATen/native/cuda/Indexing.cu:1088: indexSelectSmallIndex: block: [1,0,0], thread: [63,0,0] Assertion `srcIndex < srcSelectDimSize` failed.
../aten/src/ATen/native/cuda/Indexing.cu:1088: indexSelectSmallIndex: block: [1,0,0], thread: [64,0,0] Assertion `srcIndex < srcSelectDimSize` failed.
../aten/src/ATen/native/cuda/Indexing.cu:1088: indexSelectSmallIndex: block: [1,0,0], thread: [65,0,0] Assertion `srcIndex < srcSelectDimSize` failed.
../aten/src/ATen/native/cuda/Indexing.cu:1088: indexSelectSmallIndex: block: [1,0,0], thread: [66,0,0] Assertion `srcIndex < srcSelectDimSize` failed.
../aten/src/ATen/native/cuda/Indexing.cu:1088: indexSelectSmallIndex: block: [1,0,0], thread: [67,0,0] Assertion `srcIndex < srcSelectDimSize` failed.
../aten/src/ATen/native/cuda/Indexing.cu:1088: indexSelectSmallIndex: block: [1,0,0], thread: [68,0,0] Assertion `srcIndex < srcSelectDimSize` failed.
../aten/src/ATen/native/cuda/Indexing.cu:1088: indexSelectSmallIndex: block: [1,0,0], thread: [69,0,0] Assertion `srcIndex < srcSelectDimSize` failed.
../aten/src/ATen/native/cuda/Indexing.cu:1088: indexSelectSmallIndex: block: [1,0,0], thread: [70,0,0] Assertion `srcIndex < srcSelectDimSize` failed.
../aten/src/ATen/native/cuda/Indexing.cu:1088: indexSelectSmallIndex: block: [1,0,0], thread: [71,0,0] Assertion `srcIndex < srcSelectDimSize` failed.
../aten/src/ATen/native/cuda/Indexing.cu:1088: indexSelectSmallIndex: block: [1,0,0], thread: [72,0,0] Assertion `srcIndex < srcSelectDimSize` failed.
../aten/src/ATen/native/cuda/Indexing.cu:1088: indexSelectSmallIndex: block: [1,0,0], thread: [73,0,0] Assertion `srcIndex < srcSelectDimSize` failed.
../aten/src/ATen/native/cuda/Indexing.cu:1088: indexSelectSmallIndex: block: [1,0,0], thread: [74,0,0] Assertion `srcIndex < srcSelectDimSize` failed.
../aten/src/ATen/native/cuda/Indexing.cu:1088: indexSelectSmallIndex: block: [1,0,0], thread: [75,0,0] Assertion `srcIndex < srcSelectDimSize` failed.
../aten/src/ATen/native/cuda/Indexing.cu:1088: indexSelectSmallIndex: block: [1,0,0], thread: [76,0,0] Assertion `srcIndex < srcSelectDimSize` failed.
../aten/src/ATen/native/cuda/Indexing.cu:1088: indexSelectSmallIndex: block: [1,0,0], thread: [77,0,0] Assertion `srcIndex < srcSelectDimSize` failed.
../aten/src/ATen/native/cuda/Indexing.cu:1088: indexSelectSmallIndex: block: [1,0,0], thread: [78,0,0] Assertion `srcIndex < srcSelectDimSize` failed.
../aten/src/ATen/native/cuda/Indexing.cu:1088: indexSelectSmallIndex: block: [1,0,0], thread: [79,0,0] Assertion `srcIndex < srcSelectDimSize` failed.
../aten/src/ATen/native/cuda/Indexing.cu:1088: indexSelectSmallIndex: block: [1,0,0], thread: [80,0,0] Assertion `srcIndex < srcSelectDimSize` failed.
../aten/src/ATen/native/cuda/Indexing.cu:1088: indexSelectSmallIndex: block: [1,0,0], thread: [81,0,0] Assertion `srcIndex < srcSelectDimSize` failed.
../aten/src/ATen/native/cuda/Indexing.cu:1088: indexSelectSmallIndex: block: [1,0,0], thread: [82,0,0] Assertion `srcIndex < srcSelectDimSize` failed.
../aten/src/ATen/native/cuda/Indexing.cu:1088: indexSelectSmallIndex: block: [1,0,0], thread: [83,0,0] Assertion `srcIndex < srcSelectDimSize` failed.
../aten/src/ATen/native/cuda/Indexing.cu:1088: indexSelectSmallIndex: block: [1,0,0], thread: [84,0,0] Assertion `srcIndex < srcSelectDimSize` failed.
../aten/src/ATen/native/cuda/Indexing.cu:1088: indexSelectSmallIndex: block: [1,0,0], thread: [85,0,0] Assertion `srcIndex < srcSelectDimSize` failed.
../aten/src/ATen/native/cuda/Indexing.cu:1088: indexSelectSmallIndex: block: [1,0,0], thread: [86,0,0] Assertion `srcIndex < srcSelectDimSize` failed.
../aten/src/ATen/native/cuda/Indexing.cu:1088: indexSelectSmallIndex: block: [1,0,0], thread: [87,0,0] Assertion `srcIndex < srcSelectDimSize` failed.
../aten/src/ATen/native/cuda/Indexing.cu:1088: indexSelectSmallIndex: block: [1,0,0], thread: [88,0,0] Assertion `srcIndex < srcSelectDimSize` failed.
../aten/src/ATen/native/cuda/Indexing.cu:1088: indexSelectSmallIndex: block: [1,0,0], thread: [89,0,0] Assertion `srcIndex < srcSelectDimSize` failed.
../aten/src/ATen/native/cuda/Indexing.cu:1088: indexSelectSmallIndex: block: [1,0,0], thread: [90,0,0] Assertion `srcIndex < srcSelectDimSize` failed.
../aten/src/ATen/native/cuda/Indexing.cu:1088: indexSelectSmallIndex: block: [1,0,0], thread: [91,0,0] Assertion `srcIndex < srcSelectDimSize` failed.
../aten/src/ATen/native/cuda/Indexing.cu:1088: indexSelectSmallIndex: block: [1,0,0], thread: [92,0,0] Assertion `srcIndex < srcSelectDimSize` failed.
../aten/src/ATen/native/cuda/Indexing.cu:1088: indexSelectSmallIndex: block: [1,0,0], thread: [93,0,0] Assertion `srcIndex < srcSelectDimSize` failed.
../aten/src/ATen/native/cuda/Indexing.cu:1088: indexSelectSmallIndex: block: [1,0,0], thread: [94,0,0] Assertion `srcIndex < srcSelectDimSize` failed.
../aten/src/ATen/native/cuda/Indexing.cu:1088: indexSelectSmallIndex: block: [1,0,0], thread: [95,0,0] Assertion `srcIndex < srcSelectDimSize` failed.
../aten/src/ATen/native/cuda/Indexing.cu:1088: indexSelectSmallIndex: block: [1,0,0], thread: [96,0,0] Assertion `srcIndex < srcSelectDimSize` failed.
../aten/src/ATen/native/cuda/Indexing.cu:1088: indexSelectSmallIndex: block: [1,0,0], thread: [97,0,0] Assertion `srcIndex < srcSelectDimSize` failed.
../aten/src/ATen/native/cuda/Indexing.cu:1088: indexSelectSmallIndex: block: [1,0,0], thread: [98,0,0] Assertion `srcIndex < srcSelectDimSize` failed.
../aten/src/ATen/native/cuda/Indexing.cu:1088: indexSelectSmallIndex: block: [1,0,0], thread: [99,0,0] Assertion `srcIndex < srcSelectDimSize` failed.
../aten/src/ATen/native/cuda/Indexing.cu:1088: indexSelectSmallIndex: block: [1,0,0], thread: [100,0,0] Assertion `srcIndex < srcSelectDimSize` failed.
../aten/src/ATen/native/cuda/Indexing.cu:1088: indexSelectSmallIndex: block: [1,0,0], thread: [101,0,0] Assertion `srcIndex < srcSelectDimSize` failed.
../aten/src/ATen/native/cuda/Indexing.cu:1088: indexSelectSmallIndex: block: [1,0,0], thread: [102,0,0] Assertion `srcIndex < srcSelectDimSize` failed.
../aten/src/ATen/native/cuda/Indexing.cu:1088: indexSelectSmallIndex: block: [1,0,0], thread: [103,0,0] Assertion `srcIndex < srcSelectDimSize` failed.
../aten/src/ATen/native/cuda/Indexing.cu:1088: indexSelectSmallIndex: block: [1,0,0], thread: [104,0,0] Assertion `srcIndex < srcSelectDimSize` failed.
../aten/src/ATen/native/cuda/Indexing.cu:1088: indexSelectSmallIndex: block: [1,0,0], thread: [105,0,0] Assertion `srcIndex < srcSelectDimSize` failed.
../aten/src/ATen/native/cuda/Indexing.cu:1088: indexSelectSmallIndex: block: [1,0,0], thread: [106,0,0] Assertion `srcIndex < srcSelectDimSize` failed.
../aten/src/ATen/native/cuda/Indexing.cu:1088: indexSelectSmallIndex: block: [1,0,0], thread: [107,0,0] Assertion `srcIndex < srcSelectDimSize` failed.
../aten/src/ATen/native/cuda/Indexing.cu:1088: indexSelectSmallIndex: block: [1,0,0], thread: [108,0,0] Assertion `srcIndex < srcSelectDimSize` failed.
../aten/src/ATen/native/cuda/Indexing.cu:1088: indexSelectSmallIndex: block: [1,0,0], thread: [109,0,0] Assertion `srcIndex < srcSelectDimSize` failed.
../aten/src/ATen/native/cuda/Indexing.cu:1088: indexSelectSmallIndex: block: [1,0,0], thread: [110,0,0] Assertion `srcIndex < srcSelectDimSize` failed.
../aten/src/ATen/native/cuda/Indexing.cu:1088: indexSelectSmallIndex: block: [1,0,0], thread: [111,0,0] Assertion `srcIndex < srcSelectDimSize` failed.
../aten/src/ATen/native/cuda/Indexing.cu:1088: indexSelectSmallIndex: block: [1,0,0], thread: [112,0,0] Assertion `srcIndex < srcSelectDimSize` failed.
../aten/src/ATen/native/cuda/Indexing.cu:1088: indexSelectSmallIndex: block: [1,0,0], thread: [113,0,0] Assertion `srcIndex < srcSelectDimSize` failed.
../aten/src/ATen/native/cuda/Indexing.cu:1088: indexSelectSmallIndex: block: [1,0,0], thread: [114,0,0] Assertion `srcIndex < srcSelectDimSize` failed.
../aten/src/ATen/native/cuda/Indexing.cu:1088: indexSelectSmallIndex: block: [1,0,0], thread: [115,0,0] Assertion `srcIndex < srcSelectDimSize` failed.
../aten/src/ATen/native/cuda/Indexing.cu:1088: indexSelectSmallIndex: block: [1,0,0], thread: [116,0,0] Assertion `srcIndex < srcSelectDimSize` failed.
../aten/src/ATen/native/cuda/Indexing.cu:1088: indexSelectSmallIndex: block: [1,0,0], thread: [117,0,0] Assertion `srcIndex < srcSelectDimSize` failed.
../aten/src/ATen/native/cuda/Indexing.cu:1088: indexSelectSmallIndex: block: [1,0,0], thread: [118,0,0] Assertion `srcIndex < srcSelectDimSize` failed.
../aten/src/ATen/native/cuda/Indexing.cu:1088: indexSelectSmallIndex: block: [1,0,0], thread: [119,0,0] Assertion `srcIndex < srcSelectDimSize` failed.
../aten/src/ATen/native/cuda/Indexing.cu:1088: indexSelectSmallIndex: block: [1,0,0], thread: [120,0,0] Assertion `srcIndex < srcSelectDimSize` failed.
../aten/src/ATen/native/cuda/Indexing.cu:1088: indexSelectSmallIndex: block: [1,0,0], thread: [121,0,0] Assertion `srcIndex < srcSelectDimSize` failed.
../aten/src/ATen/native/cuda/Indexing.cu:1088: indexSelectSmallIndex: block: [1,0,0], thread: [122,0,0] Assertion `srcIndex < srcSelectDimSize` failed.
../aten/src/ATen/native/cuda/Indexing.cu:1088: indexSelectSmallIndex: block: [1,0,0], thread: [123,0,0] Assertion `srcIndex < srcSelectDimSize` failed.
../aten/src/ATen/native/cuda/Indexing.cu:1088: indexSelectSmallIndex: block: [1,0,0], thread: [124,0,0] Assertion `srcIndex < srcSelectDimSize` failed.
../aten/src/ATen/native/cuda/Indexing.cu:1088: indexSelectSmallIndex: block: [1,0,0], thread: [125,0,0] Assertion `srcIndex < srcSelectDimSize` failed.
../aten/src/ATen/native/cuda/Indexing.cu:1088: indexSelectSmallIndex: block: [1,0,0], thread: [126,0,0] Assertion `srcIndex < srcSelectDimSize` failed.
../aten/src/ATen/native/cuda/Indexing.cu:1088: indexSelectSmallIndex: block: [1,0,0], thread: [127,0,0] Assertion `srcIndex < srcSelectDimSize` failed.
/zhome/34/e/155680/.lsbatch/1680831157.16072093.shell: line 25: 19588 Killed                  python3 TrainRevamped.py
