Data contains 17 topics and 264 subtopics
Validation
tensor([0.0036, 0.0040, 0.0035, 0.0034, 0.0769, 0.0192, 0.0769, 0.0044, 0.0040,
        0.0093, 0.0085, 0.0101, 0.0084, 0.0044, 0.0036, 0.0127, 0.0769, 0.0043,
        0.0044, 0.0040, 0.0044, 0.0769, 0.0769, 0.0036, 0.0135, 0.0192, 0.0040,
        0.0043, 0.0087, 0.0045, 0.0035, 0.0036, 0.0054, 0.0769, 0.0108, 0.0036,
        0.0070, 0.0084, 0.0769, 0.0093, 0.0192, 0.0058, 0.0036, 0.0769, 0.0103,
        0.0769, 0.0040, 0.0070, 0.0040, 0.0769, 0.0054, 0.0046, 0.0036, 0.0066,
        0.0049, 0.0049, 0.0192, 0.0070, 0.0036, 0.0080, 0.0036, 0.0101, 0.0084,
        0.0070, 0.0044, 0.0040, 0.0135, 0.0040, 0.0089, 0.0054, 0.0084, 0.0046,
        0.0084, 0.0070, 0.0040, 0.0044, 0.0036, 0.0040, 0.0101, 0.0074, 0.0093,
        0.0084, 0.0044, 0.0036, 0.0034, 0.0070, 0.0040, 0.0044, 0.0769, 0.0070,
        0.0769, 0.0049, 0.0192, 0.0089, 0.0238, 0.0101, 0.0192, 0.0070, 0.0036,
        0.0192], device='cuda:0')
Matrics Batch: AUC: 0.4366456775547685 MRR: 0.015693049877882004
tensor([0.0067, 0.1250, 0.0141, 0.1250, 0.0040, 0.0312, 0.0061, 0.0049, 0.0072,
        0.0043, 0.0169, 0.0045, 0.0045, 0.0370, 0.0097, 0.0238, 0.0038, 0.0122,
        0.0047, 0.0078, 0.0067, 0.0088, 0.0169, 0.0119, 0.0119, 0.0323, 0.1250,
        0.1250, 0.0078, 0.1250, 0.0078, 0.0323, 0.0119, 0.1250, 0.0238, 0.1250,
        0.0122, 0.1250, 0.0323, 0.0169, 0.0323, 0.0038, 0.0119, 0.0097, 0.0500,
        0.0119, 0.0078, 0.0043, 0.0078, 0.0323, 0.0043, 0.0045, 0.0323, 0.0043,
        0.0323, 0.0095, 0.0139, 0.0238, 0.0345, 0.1250, 0.0076, 0.0045, 0.0067,
        0.0047, 0.0323, 0.1250, 0.0052, 0.0081, 0.0053, 0.0323, 0.0044, 0.0043,
        0.0035, 0.0119, 0.0065, 0.0068, 0.0043, 0.0045, 0.0323, 0.0047, 0.0238,
        0.0119, 0.0047, 0.0169, 0.0122, 0.0042, 0.0312, 0.0169, 0.0072, 0.0078,
        0.0043, 0.0115, 0.0047, 0.0069, 0.0097, 0.0345, 0.0050, 0.0078, 0.0238,
        0.0043], device='cuda:0')
Matrics Batch: AUC: 0.3896846363011776 MRR: 0.024574078619480133
AUC: 0.41316515692797307. MRR: 0.02013356424868107. Loss: [7.638346195220947].
Validation
tensor([0.0048, 0.0070, 0.0051, 0.0526, 0.0526, 0.0034, 0.0058, 0.0085, 0.0083,
        0.0106, 0.0139, 0.0035, 0.0039, 0.0044, 0.0106, 0.0385, 0.0270, 0.0127,
        0.0263, 0.0037, 0.0385, 0.0526, 0.0083, 0.0526, 0.0526, 0.0092, 0.0051,
        0.0270, 0.0263, 0.0051, 0.0112, 0.0092, 0.0090, 0.0034, 0.0091, 0.0063,
        0.0070, 0.0263, 0.0035, 0.0089, 0.0035, 0.0106, 0.0263, 0.0092, 0.0385,
        0.0083, 0.0081, 0.0092, 0.0090, 0.0526, 0.0034, 0.0106, 0.0263, 0.0119,
        0.0037, 0.0034, 0.0056, 0.0041, 0.0057, 0.0263, 0.0385, 0.0082, 0.0526,
        0.0270, 0.0179, 0.0092, 0.0385, 0.0263, 0.0045, 0.0104, 0.0042, 0.0270,
        0.0036, 0.0263, 0.0069, 0.0263, 0.0270, 0.0034, 0.0034, 0.0070, 0.0385,
        0.0526, 0.0051, 0.0263, 0.0066, 0.0270, 0.0063, 0.0263, 0.0051, 0.0034,
        0.0092, 0.0270, 0.0034, 0.0061, 0.0051, 0.0526, 0.0263, 0.0263, 0.0217,
        0.0063], device='cuda:0')
Matrics Batch: AUC: 0.4729506725906261 MRR: 0.017008138820528984
tensor([0.1111, 0.0099, 0.0078, 0.0054, 0.0082, 0.0036, 0.0048, 0.0048, 0.0048,
        0.0048, 0.0103, 0.0130, 0.0054, 0.0119, 0.1111, 0.0052, 0.0076, 0.0048,
        0.0036, 0.0054, 0.0119, 0.0078, 0.0120, 0.0048, 0.0057, 0.0200, 0.0714,
        0.0036, 0.0054, 0.0278, 0.0200, 0.0054, 0.0054, 0.1111, 0.0078, 0.1111,
        0.0059, 0.0179, 0.0054, 0.1111, 0.0200, 0.0082, 0.0278, 0.0059, 0.0109,
        0.0278, 0.0080, 0.0099, 0.0179, 0.0054, 0.0054, 0.0048, 0.1429, 0.0052,
        0.0278, 0.0455, 0.1111, 0.0040, 0.0054, 0.0152, 0.0119, 0.0076, 0.0036,
        0.0054, 0.1667, 0.0159, 0.0082, 0.0048, 0.0052, 0.0080, 0.0200, 0.0080,
        0.0040, 0.1111, 0.0052, 0.0038, 0.1111, 0.0048, 0.0120, 0.1111, 0.0052,
        0.1111, 0.0048, 0.0040, 0.0082, 0.0082, 0.0769, 0.0200, 0.0278, 0.0040,
        0.0104, 0.0039, 0.0048, 0.0054, 0.0099, 0.1429, 0.0040, 0.0054, 0.0035,
        0.0048], device='cuda:0')
Matrics Batch: AUC: 0.45379573367808657 MRR: 0.02517831325531006
AUC: 0.46337320313435637. MRR: 0.02109322603791952. Loss: [7.638346195220947, 7.337308645248413].

------------------------------------------------------------
Sender: LSF System <lsfadmin@hpc.dtu.dk>
Subject: Job 15468034: <torch_gpu> in cluster <dcc> Done

Job <torch_gpu> was submitted from host <gbarlogin1> by user <s204117> in cluster <dcc> at Sun Mar  5 00:32:53 2023
Job was executed on host(s) <n-62-20-7>, in queue <gpuv100>, as user <s204117> in cluster <dcc> at Sun Mar  5 00:32:53 2023
</zhome/34/e/155680> was used as the home directory.
</work3/s204117/News-Recommendations> was used as the working directory.
Started at Sun Mar  5 00:32:53 2023
Terminated at Sun Mar  5 00:33:41 2023
Results reported at Sun Mar  5 00:33:41 2023

Your job looked like:

------------------------------------------------------------
# LSBATCH: User input
#!/bin/sh
#BSUB -J torch_gpu
#BSUB -o torch_gpu_%J.out
#BSUB -e torch_gpu_%J.err
#BSUB -q gpuv100
#BSUB -gpu "num=1:mode=exclusive_process"
#BSUB -n 1
#BSUB -R "rusage[mem=16G]"
#BSUB -R "span[hosts=1]"
#BSUB -W 24:00
# end of BSUB options

# module load scipy/VERSION
module load scipy/1.7.3-python-3.9.11

# load CUDA (for GPU support)
module load cuda/11.7


# activate the virtual environment
# NOTE: needs to have been built with the same SciPy version above!
source venv_1/bin/activate

python3 LSTURHPC.py

------------------------------------------------------------

Successfully completed.

Resource usage summary:

    CPU time :                                   43.60 sec.
    Max Memory :                                 3807 MB
    Average Memory :                             3807.00 MB
    Total Requested Memory :                     16384.00 MB
    Delta Memory :                               12577.00 MB
    Max Swap :                                   -
    Max Processes :                              4
    Max Threads :                                5
    Run time :                                   93 sec.
    Turnaround time :                            48 sec.

The output (if any) is above this job summary.



PS:

Read file <torch_gpu_15468034.err> for stderr output of this job.

