Data contains 17 topics and 264 subtopics
Validation
tensor([0.2500, 0.1667, 0.0041, 0.0055, 1.0000, 0.0667, 1.0000, 0.0103, 0.1667,
        0.0588, 0.0043, 0.3333, 0.0909, 0.0103, 0.2500, 0.0062, 1.0000, 0.0041,
        0.0045, 0.1667, 0.0045, 1.0000, 1.0000, 0.1429, 0.0058, 0.0667, 0.1667,
        0.0046, 0.0035, 0.0061, 0.0050, 0.2500, 0.0556, 1.0000, 0.0039, 0.2500,
        0.1250, 0.0909, 1.0000, 0.0588, 0.0667, 0.0048, 0.2500, 1.0000, 0.0435,
        1.0000, 0.1667, 0.1250, 0.1667, 1.0000, 0.0556, 0.0046, 0.2500, 0.0147,
        0.0769, 0.0769, 0.0667, 0.1250, 0.2500, 0.0042, 0.2500, 0.3333, 0.0909,
        0.1250, 0.0045, 0.1667, 0.0058, 0.1667, 0.0050, 0.0556, 0.0909, 0.0106,
        0.0909, 0.1250, 0.1667, 0.0045, 0.2500, 0.1667, 0.3333, 0.0094, 0.0588,
        0.0909, 0.0103, 0.2500, 0.0055, 0.1250, 0.1667, 0.0103, 1.0000, 0.1250,
        1.0000, 0.0769, 0.0667, 0.0050, 0.0043, 0.3333, 0.0667, 0.1250, 0.1429,
        0.0667], device='cuda:0')
Matrics Batch: AUC: 0.6067962327550395 MRR: 0.20768283307552338
tensor([0.0039, 0.5000, 0.0667, 0.5000, 0.0068, 0.0047, 0.0038, 0.0057, 0.0167,
        0.0097, 0.0833, 0.1111, 0.1111, 0.0135, 0.0071, 0.2000, 0.0116, 1.0000,
        0.0185, 0.1667, 0.0039, 0.0172, 0.0833, 0.0059, 0.0059, 0.1000, 0.5000,
        0.5000, 0.1667, 0.5000, 0.1667, 0.1000, 0.0059, 0.5000, 0.2000, 0.5000,
        1.0000, 0.5000, 0.1000, 0.0833, 0.1000, 0.0116, 0.0059, 0.0071, 0.0055,
        0.0059, 0.1667, 0.0097, 0.1667, 0.1000, 0.0097, 0.1111, 0.1000, 0.0097,
        0.1000, 0.0095, 0.1250, 0.2000, 0.0072, 0.5000, 0.0038, 0.1111, 0.0039,
        0.0185, 0.1000, 0.5000, 0.0068, 0.0588, 0.0038, 0.1000, 0.0041, 0.0097,
        0.0038, 0.0059, 0.0057, 0.0034, 0.0097, 0.1111, 0.1000, 0.0185, 0.2000,
        0.0059, 0.0185, 0.0833, 1.0000, 0.0323, 0.0047, 0.0833, 0.0167, 0.1667,
        0.0099, 0.0044, 0.0185, 0.0040, 0.0071, 0.0072, 0.0060, 0.1667, 0.2000,
        0.0097], device='cuda:0')
Matrics Batch: AUC: 0.5775245062463108 MRR: 0.12854255735874176
Memory: 9.214885888 GB
AUC: 0.5921603695006752. MRR: 0.16811269521713257. Loss: 7.942163705825806.
Validation
tensor([0.0286, 0.0222, 0.0667, 0.0526, 0.0526, 0.0233, 0.0345, 0.0385, 0.0278,
        0.0217, 0.5000, 1.0000, 0.2500, 0.0090, 0.0217, 0.0714, 0.0417, 0.0076,
        0.0769, 0.0139, 0.0714, 0.0526, 0.0278, 0.0526, 0.0526, 0.0455, 0.0667,
        0.0417, 0.0769, 0.0667, 0.0476, 0.0455, 0.0250, 0.0233, 0.0263, 0.0312,
        0.0222, 0.0769, 1.0000, 0.0058, 1.0000, 0.0217, 0.0769, 0.0455, 0.0714,
        0.0278, 0.0400, 0.0455, 0.0250, 0.0526, 0.0204, 0.0217, 0.0769, 0.0038,
        0.0227, 0.0204, 0.0074, 0.0041, 0.0500, 0.0769, 0.0714, 0.0053, 0.0526,
        0.0417, 0.0060, 0.0455, 0.0714, 0.0769, 0.0303, 0.0208, 0.0213, 0.0417,
        0.1250, 0.0769, 0.2000, 0.0769, 0.0417, 0.0204, 0.0204, 0.0222, 0.0714,
        0.0526, 0.0145, 0.0769, 0.0357, 0.0417, 0.0312, 0.0769, 0.0667, 0.0233,
        0.0455, 0.0417, 0.0204, 0.0435, 0.0667, 0.0526, 0.0769, 0.0769, 0.0909,
        0.0312], device='cuda:0')
Matrics Batch: AUC: 0.6787887802609057 MRR: 0.08035565912723541
tensor([0.3333, 0.0075, 0.0106, 1.0000, 0.0046, 0.0111, 0.5000, 0.5000, 0.5000,
        0.5000, 0.0040, 0.0058, 1.0000, 0.0045, 0.3333, 0.0048, 0.0056, 0.5000,
        0.0111, 1.0000, 0.0045, 0.0106, 0.0167, 0.5000, 0.0067, 0.0040, 0.0089,
        0.0111, 1.0000, 0.0097, 0.0040, 1.0000, 1.0000, 0.3333, 0.0106, 0.3333,
        0.2500, 0.0041, 1.0000, 0.3333, 0.0040, 0.0046, 0.0097, 0.2500, 0.0149,
        0.0097, 0.0141, 0.0075, 0.0041, 1.0000, 1.0000, 0.5000, 0.0037, 0.0048,
        0.0097, 0.0040, 0.3333, 0.0079, 1.0000, 0.0047, 0.0045, 0.0056, 0.0052,
        1.0000, 0.0076, 0.0053, 0.0046, 0.5000, 0.0038, 0.0141, 0.0040, 0.0141,
        0.0079, 0.3333, 0.0048, 0.0042, 0.3333, 0.5000, 0.0167, 0.3333, 0.0048,
        0.3333, 0.5000, 0.0079, 0.0046, 0.0046, 0.0147, 0.0040, 0.0097, 0.0052,
        0.0085, 0.0053, 0.5000, 1.0000, 0.0075, 0.0037, 0.0079, 1.0000, 0.0045,
        0.5000], device='cuda:0')
Matrics Batch: AUC: 0.6369589348559936 MRR: 0.23293066024780273
Memory: 9.214885888 GB
AUC: 0.6578738575584497. MRR: 0.15664315968751907. Loss: 7.6512603759765625.
