Importing Model... Ini
nheads: 8
num_layers: 2
dff: 2400
Hparam set 4
{'group_auc': 0.5063, 'mean_mrr': 0.2198, 'ndcg@5': 0.2177, 'ndcg@10': 0.2889, 'loss': 5.180406493700192}
Memory: 3.388997632 GB
{'group_auc': 0.5586, 'mean_mrr': 0.2327, 'ndcg@5': 0.244, 'ndcg@10': 0.316, 'loss': 5.204610320006452}
Memory: 3.388997632 GB
{'group_auc': 0.5786, 'mean_mrr': 0.2437, 'ndcg@5': 0.266, 'ndcg@10': 0.33, 'loss': 5.218969866366271}
Memory: 3.388997632 GB
{'group_auc': 0.5804, 'mean_mrr': 0.2439, 'ndcg@5': 0.2687, 'ndcg@10': 0.3319, 'loss': 5.195395926034158}
Memory: 3.388997632 GB
{'group_auc': 0.5793, 'mean_mrr': 0.2486, 'ndcg@5': 0.2748, 'ndcg@10': 0.3363, 'loss': 5.2234651320043195}
Memory: 3.388997632 GB
{'group_auc': 0.5811, 'mean_mrr': 0.2529, 'ndcg@5': 0.2795, 'ndcg@10': 0.3414, 'loss': 5.20695034778755}
Memory: 3.388997632 GB
{'group_auc': 0.5843, 'mean_mrr': 0.2659, 'ndcg@5': 0.2944, 'ndcg@10': 0.3541, 'loss': 5.118285472485876}
Memory: 3.388997632 GB
{'group_auc': 0.589, 'mean_mrr': 0.2599, 'ndcg@5': 0.2852, 'ndcg@10': 0.3481, 'loss': 5.224067702576336}
Memory: 3.388997632 GB
{'group_auc': 0.5926, 'mean_mrr': 0.2616, 'ndcg@5': 0.2882, 'ndcg@10': 0.349, 'loss': 5.190287721697965}
Memory: 3.388997632 GB
{'group_auc': 0.5963, 'mean_mrr': 0.2688, 'ndcg@5': 0.2989, 'ndcg@10': 0.3577, 'loss': 5.3712120429913295}
Memory: 3.388997632 GB
{'group_auc': 0.6001, 'mean_mrr': 0.2723, 'ndcg@5': 0.2995, 'ndcg@10': 0.3615, 'loss': 5.083902986166363}
Memory: 3.388997632 GB
{'group_auc': 0.6027, 'mean_mrr': 0.2726, 'ndcg@5': 0.2998, 'ndcg@10': 0.3608, 'loss': 5.254395324670175}
Memory: 3.388997632 GB
{'group_auc': 0.6107, 'mean_mrr': 0.2754, 'ndcg@5': 0.3023, 'ndcg@10': 0.3646, 'loss': 5.083217517173282}
Memory: 3.388997632 GB
{'group_auc': 0.6095, 'mean_mrr': 0.2752, 'ndcg@5': 0.3024, 'ndcg@10': 0.3651, 'loss': 5.1075826415402314}
Memory: 3.388997632 GB
{'group_auc': 0.6118, 'mean_mrr': 0.2768, 'ndcg@5': 0.3047, 'ndcg@10': 0.3658, 'loss': 5.116840789002419}
Memory: 3.388997632 GB
{'group_auc': 0.6211, 'mean_mrr': 0.2851, 'ndcg@5': 0.3123, 'ndcg@10': 0.3749, 'loss': 5.128445455748394}
Memory: 3.388997632 GB
{'group_auc': 0.6179, 'mean_mrr': 0.2841, 'ndcg@5': 0.3105, 'ndcg@10': 0.3737, 'loss': 5.275738203551255}
Memory: 3.388997632 GB
{'group_auc': 0.6225, 'mean_mrr': 0.2855, 'ndcg@5': 0.3135, 'ndcg@10': 0.3755, 'loss': 5.174325767668721}
Memory: 3.388997632 GB
{'group_auc': 0.6232, 'mean_mrr': 0.2914, 'ndcg@5': 0.3185, 'ndcg@10': 0.3813, 'loss': 5.14863900011599}
Memory: 3.388997632 GB
{'group_auc': 0.6273, 'mean_mrr': 0.2908, 'ndcg@5': 0.3191, 'ndcg@10': 0.381, 'loss': 5.099619483524596}
Memory: 3.388997632 GB
{'group_auc': 0.6247, 'mean_mrr': 0.2863, 'ndcg@5': 0.3131, 'ndcg@10': 0.3769, 'loss': 5.21792501056918}
