Importing Model... Ini
nheads: 2
num_layers: 2
dff: 2400
Hparam set 4
{'group_auc': 0.4736, 'mean_mrr': 0.1946, 'ndcg@5': 0.195, 'ndcg@10': 0.2613, 'loss': 5.22757396149489}
Memory: 3.214934016 GB
{'group_auc': 0.556, 'mean_mrr': 0.2321, 'ndcg@5': 0.2472, 'ndcg@10': 0.3166, 'loss': 5.163233287501432}
Memory: 3.214934016 GB
{'group_auc': 0.5686, 'mean_mrr': 0.2464, 'ndcg@5': 0.2721, 'ndcg@10': 0.3339, 'loss': 5.13688802954772}
Memory: 3.214934016 GB
{'group_auc': 0.5726, 'mean_mrr': 0.2447, 'ndcg@5': 0.2706, 'ndcg@10': 0.3334, 'loss': 5.132248124327884}
Memory: 3.214934016 GB
{'group_auc': 0.5709, 'mean_mrr': 0.2386, 'ndcg@5': 0.2614, 'ndcg@10': 0.3276, 'loss': 5.158463013315371}
Memory: 3.214934016 GB
{'group_auc': 0.5682, 'mean_mrr': 0.2422, 'ndcg@5': 0.2666, 'ndcg@10': 0.3316, 'loss': 5.131646221874621}
Memory: 3.214934016 GB
{'group_auc': 0.5688, 'mean_mrr': 0.2426, 'ndcg@5': 0.2644, 'ndcg@10': 0.3304, 'loss': 5.154389611432036}
Memory: 3.214934016 GB
{'group_auc': 0.5695, 'mean_mrr': 0.2425, 'ndcg@5': 0.2619, 'ndcg@10': 0.3311, 'loss': 5.13780083443713}
Memory: 3.214934016 GB
{'group_auc': 0.5813, 'mean_mrr': 0.2551, 'ndcg@5': 0.2809, 'ndcg@10': 0.3439, 'loss': 5.17000345151488}
Memory: 3.214934016 GB
{'group_auc': 0.5863, 'mean_mrr': 0.254, 'ndcg@5': 0.2815, 'ndcg@10': 0.3443, 'loss': 5.302758229345124}
Memory: 3.214934016 GB
{'group_auc': 0.589, 'mean_mrr': 0.2585, 'ndcg@5': 0.2868, 'ndcg@10': 0.3486, 'loss': 5.268403498406808}
Memory: 3.214934016 GB
{'group_auc': 0.5951, 'mean_mrr': 0.261, 'ndcg@5': 0.2883, 'ndcg@10': 0.3529, 'loss': 5.2645157625461945}
Memory: 3.214934016 GB
{'group_auc': 0.6006, 'mean_mrr': 0.2627, 'ndcg@5': 0.2915, 'ndcg@10': 0.3532, 'loss': 5.250171067755642}
Memory: 3.214934016 GB
{'group_auc': 0.6074, 'mean_mrr': 0.2672, 'ndcg@5': 0.2939, 'ndcg@10': 0.3579, 'loss': 5.210683253114147}
Memory: 3.214934016 GB
{'group_auc': 0.603, 'mean_mrr': 0.2673, 'ndcg@5': 0.2939, 'ndcg@10': 0.3589, 'loss': 5.251415364089002}
Memory: 3.214934016 GB
{'group_auc': 0.6087, 'mean_mrr': 0.2721, 'ndcg@5': 0.2999, 'ndcg@10': 0.3629, 'loss': 5.151469314235485}
Memory: 3.214934016 GB
{'group_auc': 0.6168, 'mean_mrr': 0.2734, 'ndcg@5': 0.3007, 'ndcg@10': 0.3657, 'loss': 5.192130975824531}
Memory: 3.214934016 GB
{'group_auc': 0.6189, 'mean_mrr': 0.2764, 'ndcg@5': 0.3048, 'ndcg@10': 0.3697, 'loss': 5.146969885218939}
Memory: 3.214934016 GB
{'group_auc': 0.6162, 'mean_mrr': 0.275, 'ndcg@5': 0.3034, 'ndcg@10': 0.3666, 'loss': 5.216152760516326}
Memory: 3.214934016 GB
{'group_auc': 0.6171, 'mean_mrr': 0.2761, 'ndcg@5': 0.3043, 'ndcg@10': 0.3675, 'loss': 5.286148804880649}
Memory: 3.214934016 GB
{'group_auc': 0.6157, 'mean_mrr': 0.2766, 'ndcg@5': 0.3047, 'ndcg@10': 0.3701, 'loss': 5.435593088458123}
