Importing Model... Ini
nheads: 4
num_layers: 4
dff: 1200
Hparam set 17
{'group_auc': 0.4933, 'mean_mrr': 0.1856, 'ndcg@5': 0.1845, 'ndcg@10': 0.2497, 'loss': 5.826124459189434}
Memory: 3.483369472 GB
{'group_auc': 0.5533, 'mean_mrr': 0.2258, 'ndcg@5': 0.237, 'ndcg@10': 0.2955, 'loss': 5.803103576073158}
Memory: 3.483369472 GB
{'group_auc': 0.5699, 'mean_mrr': 0.2338, 'ndcg@5': 0.2457, 'ndcg@10': 0.3038, 'loss': 5.842255662436229}
Memory: 3.483369472 GB
{'group_auc': 0.5692, 'mean_mrr': 0.2329, 'ndcg@5': 0.2448, 'ndcg@10': 0.3011, 'loss': 5.821293835856172}
Memory: 3.483369472 GB
{'group_auc': 0.5725, 'mean_mrr': 0.2351, 'ndcg@5': 0.2467, 'ndcg@10': 0.3054, 'loss': 5.8176973287578395}
Memory: 3.483369472 GB
{'group_auc': 0.5767, 'mean_mrr': 0.2307, 'ndcg@5': 0.244, 'ndcg@10': 0.3016, 'loss': 5.988600117031942}
Memory: 3.483369472 GB
{'group_auc': 0.5716, 'mean_mrr': 0.2256, 'ndcg@5': 0.2351, 'ndcg@10': 0.2942, 'loss': 5.809423645769245}
Memory: 3.483369472 GB
{'group_auc': 0.5762, 'mean_mrr': 0.2264, 'ndcg@5': 0.2362, 'ndcg@10': 0.296, 'loss': 5.830910132030257}
Memory: 3.483369472 GB
{'group_auc': 0.5769, 'mean_mrr': 0.2303, 'ndcg@5': 0.2375, 'ndcg@10': 0.2988, 'loss': 5.8710593474652395}
Memory: 3.483369472 GB
{'group_auc': 0.5723, 'mean_mrr': 0.2279, 'ndcg@5': 0.2344, 'ndcg@10': 0.2961, 'loss': 5.805213849531652}
Memory: 3.483369472 GB
{'group_auc': 0.5822, 'mean_mrr': 0.2345, 'ndcg@5': 0.2424, 'ndcg@10': 0.3035, 'loss': 5.822636776930091}
Memory: 3.483369472 GB
{'group_auc': 0.5828, 'mean_mrr': 0.2357, 'ndcg@5': 0.2428, 'ndcg@10': 0.304, 'loss': 5.822259449242801}
Memory: 3.483369472 GB
{'group_auc': 0.58, 'mean_mrr': 0.2305, 'ndcg@5': 0.2393, 'ndcg@10': 0.3006, 'loss': 5.802571206414433}
Memory: 3.483369472 GB
{'group_auc': 0.5838, 'mean_mrr': 0.2359, 'ndcg@5': 0.2448, 'ndcg@10': 0.3061, 'loss': 5.798189151815624}
Memory: 3.483369472 GB
{'group_auc': 0.5785, 'mean_mrr': 0.2327, 'ndcg@5': 0.2419, 'ndcg@10': 0.3014, 'loss': 5.800585660564343}
Memory: 3.483369472 GB
{'group_auc': 0.5896, 'mean_mrr': 0.2376, 'ndcg@5': 0.2475, 'ndcg@10': 0.3081, 'loss': 5.821095162626547}
Memory: 3.483369472 GB
{'group_auc': 0.5886, 'mean_mrr': 0.24, 'ndcg@5': 0.2497, 'ndcg@10': 0.3089, 'loss': 5.8363176029460035}
Memory: 3.483369472 GB
{'group_auc': 0.5905, 'mean_mrr': 0.2445, 'ndcg@5': 0.2555, 'ndcg@10': 0.3142, 'loss': 5.776503977779257}
Memory: 3.483369472 GB
{'group_auc': 0.5981, 'mean_mrr': 0.2481, 'ndcg@5': 0.2578, 'ndcg@10': 0.3182, 'loss': 5.85103264217409}
Memory: 3.483369472 GB
{'group_auc': 0.5998, 'mean_mrr': 0.2482, 'ndcg@5': 0.2588, 'ndcg@10': 0.3188, 'loss': 5.790288276208626}
Memory: 3.483369472 GB
{'group_auc': 0.6034, 'mean_mrr': 0.2498, 'ndcg@5': 0.2591, 'ndcg@10': 0.3214, 'loss': 5.801700768579701}
Memory: 3.483369472 GB
{'group_auc': 0.6012, 'mean_mrr': 0.2505, 'ndcg@5': 0.2602, 'ndcg@10': 0.3245, 'loss': 5.758141859508525}
Memory: 3.483369472 GB
{'group_auc': 0.6094, 'mean_mrr': 0.2557, 'ndcg@5': 0.2681, 'ndcg@10': 0.329, 'loss': 5.950336932085674}
Memory: 3.483369472 GB
{'group_auc': 0.6082, 'mean_mrr': 0.2545, 'ndcg@5': 0.2681, 'ndcg@10': 0.3282, 'loss': 5.924567838117211}
Memory: 3.483369472 GB
{'group_auc': 0.6085, 'mean_mrr': 0.2525, 'ndcg@5': 0.2658, 'ndcg@10': 0.3276, 'loss': 5.950666797666044}
Memory: 3.483369472 GB
{'group_auc': 0.6118, 'mean_mrr': 0.2557, 'ndcg@5': 0.268, 'ndcg@10': 0.3304, 'loss': 5.824597185932487}
