Importing Model... Ini
nheads: 8
num_layers: 5
dff: 2400
Hparam set 30
{'group_auc': 0.4444, 'mean_mrr': 0.1936, 'ndcg@5': 0.1863, 'ndcg@10': 0.252, 'loss': 5.188989989271599}
Memory: 4.374659072 GB
{'group_auc': 0.5558, 'mean_mrr': 0.2278, 'ndcg@5': 0.24, 'ndcg@10': 0.3124, 'loss': 5.2108804669238795}
Memory: 4.374659072 GB
{'group_auc': 0.5659, 'mean_mrr': 0.2366, 'ndcg@5': 0.258, 'ndcg@10': 0.3215, 'loss': 5.180999930433538}
Memory: 4.374659072 GB
{'group_auc': 0.5728, 'mean_mrr': 0.235, 'ndcg@5': 0.2589, 'ndcg@10': 0.3236, 'loss': 5.192330299375735}
Memory: 4.374659072 GB
{'group_auc': 0.5675, 'mean_mrr': 0.2317, 'ndcg@5': 0.2534, 'ndcg@10': 0.3192, 'loss': 5.344109304654828}
Memory: 4.374659072 GB
{'group_auc': 0.5739, 'mean_mrr': 0.2421, 'ndcg@5': 0.2665, 'ndcg@10': 0.3294, 'loss': 5.342381571224258}
Memory: 4.374659072 GB
{'group_auc': 0.5782, 'mean_mrr': 0.2411, 'ndcg@5': 0.2655, 'ndcg@10': 0.3276, 'loss': 5.147179708715361}
Memory: 4.374659072 GB
{'group_auc': 0.5743, 'mean_mrr': 0.2367, 'ndcg@5': 0.2609, 'ndcg@10': 0.3253, 'loss': 5.252614997585584}
Memory: 4.374659072 GB
{'group_auc': 0.5721, 'mean_mrr': 0.2369, 'ndcg@5': 0.262, 'ndcg@10': 0.3248, 'loss': 5.169035855798882}
Memory: 4.374659072 GB
{'group_auc': 0.5678, 'mean_mrr': 0.2321, 'ndcg@5': 0.2535, 'ndcg@10': 0.32, 'loss': 5.216587673488499}
Memory: 4.374659072 GB
{'group_auc': 0.5726, 'mean_mrr': 0.2353, 'ndcg@5': 0.2603, 'ndcg@10': 0.3243, 'loss': 5.180954594689285}
Memory: 4.374659072 GB
{'group_auc': 0.5709, 'mean_mrr': 0.2361, 'ndcg@5': 0.2591, 'ndcg@10': 0.3246, 'loss': 5.250403158658659}
Memory: 4.374659072 GB
{'group_auc': 0.5809, 'mean_mrr': 0.2388, 'ndcg@5': 0.2641, 'ndcg@10': 0.3289, 'loss': 5.1759009080623155}
Memory: 4.374659072 GB
{'group_auc': 0.5736, 'mean_mrr': 0.2384, 'ndcg@5': 0.2634, 'ndcg@10': 0.3267, 'loss': 5.309627713121273}
Memory: 4.374659072 GB
{'group_auc': 0.5783, 'mean_mrr': 0.2462, 'ndcg@5': 0.2717, 'ndcg@10': 0.3348, 'loss': 5.23007030164576}
Memory: 4.374659072 GB
{'group_auc': 0.5809, 'mean_mrr': 0.2415, 'ndcg@5': 0.2679, 'ndcg@10': 0.3301, 'loss': 5.126346387573569}
Memory: 4.374659072 GB
{'group_auc': 0.5817, 'mean_mrr': 0.2442, 'ndcg@5': 0.2699, 'ndcg@10': 0.3331, 'loss': 5.195770007398122}
Memory: 4.374659072 GB
{'group_auc': 0.5851, 'mean_mrr': 0.2469, 'ndcg@5': 0.2727, 'ndcg@10': 0.3347, 'loss': 5.221429573417275}
Memory: 4.374659072 GB
{'group_auc': 0.5864, 'mean_mrr': 0.2524, 'ndcg@5': 0.2774, 'ndcg@10': 0.3401, 'loss': 5.238873419086963}
Memory: 4.374659072 GB
{'group_auc': 0.5945, 'mean_mrr': 0.2579, 'ndcg@5': 0.2848, 'ndcg@10': 0.3461, 'loss': 5.219566934031055}
Memory: 4.374659072 GB
{'group_auc': 0.5946, 'mean_mrr': 0.2572, 'ndcg@5': 0.2842, 'ndcg@10': 0.3467, 'loss': 5.195653315652788}
