Importing Model... Ini
nheads: 8
num_layers: 3
dff: 1200
Hparam set 25
{'group_auc': 0.4917, 'mean_mrr': 0.2143, 'ndcg@5': 0.2129, 'ndcg@10': 0.2799, 'loss': 5.181167360878185}
Memory: 3.485466624 GB
{'group_auc': 0.5692, 'mean_mrr': 0.2364, 'ndcg@5': 0.2563, 'ndcg@10': 0.3231, 'loss': 5.182132901890228}
Memory: 3.485466624 GB
{'group_auc': 0.5821, 'mean_mrr': 0.2463, 'ndcg@5': 0.2781, 'ndcg@10': 0.3381, 'loss': 5.2856837798247716}
Memory: 3.485466624 GB
{'group_auc': 0.5713, 'mean_mrr': 0.2445, 'ndcg@5': 0.2709, 'ndcg@10': 0.3317, 'loss': 5.164076912468115}
Memory: 3.485466624 GB
{'group_auc': 0.5716, 'mean_mrr': 0.2447, 'ndcg@5': 0.2717, 'ndcg@10': 0.3327, 'loss': 5.321865127066528}
Memory: 3.485466624 GB
{'group_auc': 0.5752, 'mean_mrr': 0.2414, 'ndcg@5': 0.2687, 'ndcg@10': 0.3309, 'loss': 5.156991588157216}
Memory: 3.485466624 GB
{'group_auc': 0.5822, 'mean_mrr': 0.2481, 'ndcg@5': 0.2742, 'ndcg@10': 0.3378, 'loss': 5.234054732046915}
Memory: 3.485466624 GB
{'group_auc': 0.5829, 'mean_mrr': 0.2497, 'ndcg@5': 0.2774, 'ndcg@10': 0.3386, 'loss': 5.170201267653234}
Memory: 3.485466624 GB
{'group_auc': 0.5877, 'mean_mrr': 0.2481, 'ndcg@5': 0.2711, 'ndcg@10': 0.3371, 'loss': 5.202930091565504}
Memory: 3.485466624 GB
{'group_auc': 0.5906, 'mean_mrr': 0.2522, 'ndcg@5': 0.2782, 'ndcg@10': 0.3416, 'loss': 5.193186357433526}
Memory: 3.485466624 GB
{'group_auc': 0.5991, 'mean_mrr': 0.2598, 'ndcg@5': 0.2864, 'ndcg@10': 0.3489, 'loss': 5.138114414369305}
Memory: 3.485466624 GB
{'group_auc': 0.5985, 'mean_mrr': 0.2619, 'ndcg@5': 0.2865, 'ndcg@10': 0.3503, 'loss': 5.1245578295817245}
Memory: 3.485466624 GB
{'group_auc': 0.6066, 'mean_mrr': 0.2657, 'ndcg@5': 0.2918, 'ndcg@10': 0.3555, 'loss': 5.130351758706139}
Memory: 3.485466624 GB
{'group_auc': 0.6092, 'mean_mrr': 0.2767, 'ndcg@5': 0.3035, 'ndcg@10': 0.3659, 'loss': 5.167019489197389}
Memory: 3.485466624 GB
{'group_auc': 0.6067, 'mean_mrr': 0.2729, 'ndcg@5': 0.3002, 'ndcg@10': 0.3617, 'loss': 5.193767376250813}
Memory: 3.485466624 GB
{'group_auc': 0.6092, 'mean_mrr': 0.2724, 'ndcg@5': 0.3003, 'ndcg@10': 0.3621, 'loss': 5.1789436344118105}
Memory: 3.485466624 GB
{'group_auc': 0.6124, 'mean_mrr': 0.2802, 'ndcg@5': 0.3056, 'ndcg@10': 0.3688, 'loss': 5.160647611633094}
Memory: 3.485466624 GB
{'group_auc': 0.6131, 'mean_mrr': 0.2746, 'ndcg@5': 0.302, 'ndcg@10': 0.3659, 'loss': 5.161427480320167}
Memory: 3.485466624 GB
{'group_auc': 0.6216, 'mean_mrr': 0.2834, 'ndcg@5': 0.3112, 'ndcg@10': 0.3739, 'loss': 5.095340035172308}
Memory: 3.485466624 GB
{'group_auc': 0.6176, 'mean_mrr': 0.2852, 'ndcg@5': 0.3132, 'ndcg@10': 0.3757, 'loss': 5.14790094601586}
Memory: 3.485466624 GB
{'group_auc': 0.623, 'mean_mrr': 0.2802, 'ndcg@5': 0.3075, 'ndcg@10': 0.3721, 'loss': 5.201324626899324}
