Importing Model... Ini
nheads: 2
num_layers: 4
dff: 2400
Hparam set 8
{'group_auc': 0.5165, 'mean_mrr': 0.2049, 'ndcg@5': 0.2066, 'ndcg@10': 0.2682, 'loss': 5.8115368891188455}
Memory: 3.718250496 GB
{'group_auc': 0.5592, 'mean_mrr': 0.2247, 'ndcg@5': 0.236, 'ndcg@10': 0.296, 'loss': 5.796252075526847}
Memory: 3.718250496 GB
{'group_auc': 0.5631, 'mean_mrr': 0.2231, 'ndcg@5': 0.2314, 'ndcg@10': 0.2909, 'loss': 5.8188572649179}
Memory: 3.718250496 GB
{'group_auc': 0.5738, 'mean_mrr': 0.229, 'ndcg@5': 0.237, 'ndcg@10': 0.3016, 'loss': 5.89382095380447}
Memory: 3.718250496 GB
{'group_auc': 0.5634, 'mean_mrr': 0.2218, 'ndcg@5': 0.2289, 'ndcg@10': 0.2938, 'loss': 5.943849429379679}
Memory: 3.718250496 GB
{'group_auc': 0.5666, 'mean_mrr': 0.2204, 'ndcg@5': 0.2257, 'ndcg@10': 0.293, 'loss': 5.909748806872151}
Memory: 3.718250496 GB
{'group_auc': 0.5709, 'mean_mrr': 0.2233, 'ndcg@5': 0.23, 'ndcg@10': 0.2945, 'loss': 5.858587852821398}
Memory: 3.718250496 GB
{'group_auc': 0.5807, 'mean_mrr': 0.2292, 'ndcg@5': 0.2374, 'ndcg@10': 0.3009, 'loss': 5.8588258663565576}
Memory: 3.718250496 GB
{'group_auc': 0.5773, 'mean_mrr': 0.228, 'ndcg@5': 0.2342, 'ndcg@10': 0.2985, 'loss': 5.8265312228200585}
Memory: 3.718250496 GB
{'group_auc': 0.5805, 'mean_mrr': 0.2274, 'ndcg@5': 0.2314, 'ndcg@10': 0.2986, 'loss': 5.895201713639161}
Memory: 3.718250496 GB
{'group_auc': 0.5733, 'mean_mrr': 0.2269, 'ndcg@5': 0.2316, 'ndcg@10': 0.297, 'loss': 5.865537844852856}
Memory: 3.718250496 GB
{'group_auc': 0.5818, 'mean_mrr': 0.2292, 'ndcg@5': 0.2338, 'ndcg@10': 0.2995, 'loss': 5.846135848381623}
Memory: 3.718250496 GB
{'group_auc': 0.5752, 'mean_mrr': 0.2283, 'ndcg@5': 0.2332, 'ndcg@10': 0.2999, 'loss': 5.907355059327352}
Memory: 3.718250496 GB
{'group_auc': 0.5789, 'mean_mrr': 0.2303, 'ndcg@5': 0.2356, 'ndcg@10': 0.3004, 'loss': 5.859974358479072}
Memory: 3.718250496 GB
{'group_auc': 0.576, 'mean_mrr': 0.2297, 'ndcg@5': 0.2355, 'ndcg@10': 0.3003, 'loss': 5.811978131313812}
Memory: 3.718250496 GB
{'group_auc': 0.5818, 'mean_mrr': 0.2343, 'ndcg@5': 0.2396, 'ndcg@10': 0.3051, 'loss': 5.81511977151048}
Memory: 3.718250496 GB
{'group_auc': 0.5825, 'mean_mrr': 0.235, 'ndcg@5': 0.2403, 'ndcg@10': 0.3062, 'loss': 5.818340217125048}
Memory: 3.718250496 GB
{'group_auc': 0.5859, 'mean_mrr': 0.2342, 'ndcg@5': 0.2406, 'ndcg@10': 0.3051, 'loss': 5.886242123804701}
Memory: 3.718250496 GB
{'group_auc': 0.5787, 'mean_mrr': 0.2326, 'ndcg@5': 0.2371, 'ndcg@10': 0.3012, 'loss': 5.905607726024019}
Memory: 3.718250496 GB
{'group_auc': 0.5727, 'mean_mrr': 0.2286, 'ndcg@5': 0.2314, 'ndcg@10': 0.2963, 'loss': 5.887163364994558}
Memory: 3.718250496 GB
{'group_auc': 0.5842, 'mean_mrr': 0.2342, 'ndcg@5': 0.2393, 'ndcg@10': 0.3039, 'loss': 5.899090406199669}
Memory: 3.718250496 GB
{'group_auc': 0.5847, 'mean_mrr': 0.2354, 'ndcg@5': 0.2416, 'ndcg@10': 0.3056, 'loss': 5.8710697107001115}
Memory: 3.718250496 GB
{'group_auc': 0.5852, 'mean_mrr': 0.2354, 'ndcg@5': 0.2417, 'ndcg@10': 0.3066, 'loss': 5.856753163252119}
Memory: 3.718250496 GB
{'group_auc': 0.5862, 'mean_mrr': 0.2417, 'ndcg@5': 0.2485, 'ndcg@10': 0.3131, 'loss': 5.9133698200510905}
Memory: 3.718250496 GB
{'group_auc': 0.592, 'mean_mrr': 0.2444, 'ndcg@5': 0.2516, 'ndcg@10': 0.3169, 'loss': 5.829738257897494}
Memory: 3.718250496 GB
{'group_auc': 0.5927, 'mean_mrr': 0.2463, 'ndcg@5': 0.2531, 'ndcg@10': 0.3175, 'loss': 5.86489115972086}
