Importing Model... Ini
nheads: 4
num_layers: 1
dff: 1200
Hparam set 11
{'group_auc': 0.5066, 'mean_mrr': 0.2019, 'ndcg@5': 0.1996, 'ndcg@10': 0.2612, 'loss': 5.868880415964948}
Memory: 2.575302656 GB
{'group_auc': 0.5596, 'mean_mrr': 0.2253, 'ndcg@5': 0.2401, 'ndcg@10': 0.2951, 'loss': 5.786171741191781}
Memory: 2.575302656 GB
{'group_auc': 0.5669, 'mean_mrr': 0.2259, 'ndcg@5': 0.2383, 'ndcg@10': 0.298, 'loss': 5.789969220836396}
Memory: 2.575302656 GB
{'group_auc': 0.563, 'mean_mrr': 0.2281, 'ndcg@5': 0.2346, 'ndcg@10': 0.2955, 'loss': 5.802033163666304}
Memory: 2.575302656 GB
{'group_auc': 0.574, 'mean_mrr': 0.2338, 'ndcg@5': 0.2434, 'ndcg@10': 0.303, 'loss': 5.784323511041852}
Memory: 2.575302656 GB
{'group_auc': 0.5754, 'mean_mrr': 0.2333, 'ndcg@5': 0.2428, 'ndcg@10': 0.3007, 'loss': 5.841873420219924}
Memory: 2.575302656 GB
{'group_auc': 0.5706, 'mean_mrr': 0.2257, 'ndcg@5': 0.2353, 'ndcg@10': 0.2937, 'loss': 5.904562597878981}
Memory: 2.575302656 GB
{'group_auc': 0.568, 'mean_mrr': 0.224, 'ndcg@5': 0.2331, 'ndcg@10': 0.2933, 'loss': 5.8960234323583895}
Memory: 2.575302656 GB
{'group_auc': 0.5734, 'mean_mrr': 0.2269, 'ndcg@5': 0.2371, 'ndcg@10': 0.2961, 'loss': 5.92071460497328}
Memory: 2.575302656 GB
{'group_auc': 0.5765, 'mean_mrr': 0.2297, 'ndcg@5': 0.2408, 'ndcg@10': 0.2981, 'loss': 5.8649298563539585}
Memory: 2.575302656 GB
{'group_auc': 0.5824, 'mean_mrr': 0.2341, 'ndcg@5': 0.2443, 'ndcg@10': 0.3048, 'loss': 5.922950351024696}
Memory: 2.575302656 GB
{'group_auc': 0.6006, 'mean_mrr': 0.2469, 'ndcg@5': 0.2588, 'ndcg@10': 0.3198, 'loss': 5.8757913146868335}
Memory: 2.575302656 GB
{'group_auc': 0.6106, 'mean_mrr': 0.2556, 'ndcg@5': 0.266, 'ndcg@10': 0.3302, 'loss': 5.818872342409364}
Memory: 2.575302656 GB
{'group_auc': 0.6088, 'mean_mrr': 0.2555, 'ndcg@5': 0.2665, 'ndcg@10': 0.3284, 'loss': 5.832747451093011}
Memory: 2.575302656 GB
{'group_auc': 0.6167, 'mean_mrr': 0.2617, 'ndcg@5': 0.2737, 'ndcg@10': 0.338, 'loss': 5.922757490205563}
Memory: 2.575302656 GB
{'group_auc': 0.6234, 'mean_mrr': 0.266, 'ndcg@5': 0.2795, 'ndcg@10': 0.3432, 'loss': 5.899752333332412}
Memory: 2.575302656 GB
{'group_auc': 0.623, 'mean_mrr': 0.2661, 'ndcg@5': 0.2788, 'ndcg@10': 0.3441, 'loss': 5.831556509173083}
Memory: 2.575302656 GB
{'group_auc': 0.6171, 'mean_mrr': 0.2618, 'ndcg@5': 0.2758, 'ndcg@10': 0.3377, 'loss': 5.8766721354288665}
Memory: 2.575302656 GB
{'group_auc': 0.6192, 'mean_mrr': 0.2624, 'ndcg@5': 0.2747, 'ndcg@10': 0.3382, 'loss': 5.830590173505519}
Memory: 2.575302656 GB
{'group_auc': 0.6245, 'mean_mrr': 0.2679, 'ndcg@5': 0.2824, 'ndcg@10': 0.3453, 'loss': 5.854481219209851}
Memory: 2.575302656 GB
{'group_auc': 0.6282, 'mean_mrr': 0.2713, 'ndcg@5': 0.2873, 'ndcg@10': 0.3489, 'loss': 5.7812443976130234}
Memory: 2.575302656 GB
{'group_auc': 0.6307, 'mean_mrr': 0.2722, 'ndcg@5': 0.2886, 'ndcg@10': 0.3497, 'loss': 5.786044150750775}
Memory: 2.575302656 GB
{'group_auc': 0.6252, 'mean_mrr': 0.2686, 'ndcg@5': 0.2852, 'ndcg@10': 0.3455, 'loss': 5.902424728129814}
Memory: 2.575302656 GB
{'group_auc': 0.6289, 'mean_mrr': 0.2705, 'ndcg@5': 0.2878, 'ndcg@10': 0.3494, 'loss': 5.868623942026206}
Memory: 2.575302656 GB
{'group_auc': 0.6297, 'mean_mrr': 0.27, 'ndcg@5': 0.2871, 'ndcg@10': 0.3479, 'loss': 5.7775740251305745}
Memory: 2.575302656 GB
{'group_auc': 0.631, 'mean_mrr': 0.273, 'ndcg@5': 0.2899, 'ndcg@10': 0.3519, 'loss': 5.899076560397517}
