Importing Model... Ini
nheads: 4
num_layers: 2
dff: 1200
Hparam set None
{'group_auc': 0.5056, 'mean_mrr': 0.1994, 'ndcg@5': 0.1968, 'ndcg@10': 0.2635, 'loss': 5.841137823365162}
Memory: 2.86261248 GB
{'group_auc': 0.567, 'mean_mrr': 0.2289, 'ndcg@5': 0.2381, 'ndcg@10': 0.2971, 'loss': 5.793586477252596}
Memory: 2.86261248 GB
{'group_auc': 0.5555, 'mean_mrr': 0.2243, 'ndcg@5': 0.2341, 'ndcg@10': 0.2911, 'loss': 5.788433436794241}
Memory: 2.86261248 GB
{'group_auc': 0.5666, 'mean_mrr': 0.2289, 'ndcg@5': 0.2384, 'ndcg@10': 0.2944, 'loss': 5.816939225773814}
Memory: 2.86261248 GB
{'group_auc': 0.5634, 'mean_mrr': 0.2269, 'ndcg@5': 0.235, 'ndcg@10': 0.2914, 'loss': 5.851687145241045}
Memory: 2.86261248 GB
{'group_auc': 0.5731, 'mean_mrr': 0.2367, 'ndcg@5': 0.2455, 'ndcg@10': 0.3026, 'loss': 5.799369501043686}
Memory: 2.86261248 GB
{'group_auc': 0.5728, 'mean_mrr': 0.2306, 'ndcg@5': 0.2383, 'ndcg@10': 0.2962, 'loss': 5.952580696213514}
Memory: 2.86261248 GB
{'group_auc': 0.5774, 'mean_mrr': 0.2297, 'ndcg@5': 0.2364, 'ndcg@10': 0.2973, 'loss': 5.810369275947614}
Memory: 2.86261248 GB
{'group_auc': 0.5824, 'mean_mrr': 0.2407, 'ndcg@5': 0.2462, 'ndcg@10': 0.3067, 'loss': 5.944135860379683}
Memory: 2.86261248 GB
{'group_auc': 0.577, 'mean_mrr': 0.2318, 'ndcg@5': 0.2414, 'ndcg@10': 0.2998, 'loss': 5.887100179419119}
Memory: 2.86261248 GB
{'group_auc': 0.585, 'mean_mrr': 0.2351, 'ndcg@5': 0.2432, 'ndcg@10': 0.304, 'loss': 5.890198330507126}
Memory: 2.86261248 GB
{'group_auc': 0.5917, 'mean_mrr': 0.2429, 'ndcg@5': 0.2527, 'ndcg@10': 0.3121, 'loss': 5.826209662126217}
Memory: 2.86261248 GB
{'group_auc': 0.5885, 'mean_mrr': 0.2432, 'ndcg@5': 0.2532, 'ndcg@10': 0.3115, 'loss': 5.819738088755984}
Memory: 2.86261248 GB
{'group_auc': 0.6012, 'mean_mrr': 0.2502, 'ndcg@5': 0.2602, 'ndcg@10': 0.3231, 'loss': 5.8945333531984545}
Memory: 2.86261248 GB
{'group_auc': 0.6045, 'mean_mrr': 0.2553, 'ndcg@5': 0.2653, 'ndcg@10': 0.3284, 'loss': 5.802228521108085}
Memory: 2.86261248 GB
{'group_auc': 0.6079, 'mean_mrr': 0.2552, 'ndcg@5': 0.2661, 'ndcg@10': 0.328, 'loss': 5.887481936042149}
Memory: 2.86261248 GB
{'group_auc': 0.6106, 'mean_mrr': 0.2592, 'ndcg@5': 0.2706, 'ndcg@10': 0.3338, 'loss': 5.87298696846245}
Memory: 2.86261248 GB
{'group_auc': 0.6119, 'mean_mrr': 0.2608, 'ndcg@5': 0.2727, 'ndcg@10': 0.3345, 'loss': 5.777330728004964}
Memory: 2.86261248 GB
{'group_auc': 0.6098, 'mean_mrr': 0.261, 'ndcg@5': 0.2751, 'ndcg@10': 0.334, 'loss': 5.852854695024597}
Memory: 2.86261248 GB
{'group_auc': 0.6242, 'mean_mrr': 0.2622, 'ndcg@5': 0.277, 'ndcg@10': 0.3381, 'loss': 5.840392241110188}
Memory: 2.86261248 GB
{'group_auc': 0.6205, 'mean_mrr': 0.2616, 'ndcg@5': 0.275, 'ndcg@10': 0.3367, 'loss': 5.849104343606069}
