Importing Model... Ini
nheads: 4
num_layers: 5
dff: 1200
Hparam set 19
{'group_auc': 0.4802, 'mean_mrr': 0.1881, 'ndcg@5': 0.1866, 'ndcg@10': 0.246, 'loss': 5.8226467911400634}
Memory: 4.083154944 GB
{'group_auc': 0.5584, 'mean_mrr': 0.2258, 'ndcg@5': 0.2367, 'ndcg@10': 0.2948, 'loss': 5.803035829548328}
Memory: 4.083154944 GB
{'group_auc': 0.5579, 'mean_mrr': 0.2256, 'ndcg@5': 0.2333, 'ndcg@10': 0.2928, 'loss': 5.830554054525582}
Memory: 4.083154944 GB
{'group_auc': 0.5664, 'mean_mrr': 0.2275, 'ndcg@5': 0.2372, 'ndcg@10': 0.2973, 'loss': 6.026227341331904}
Memory: 4.083154944 GB
{'group_auc': 0.5677, 'mean_mrr': 0.2265, 'ndcg@5': 0.2366, 'ndcg@10': 0.2957, 'loss': 5.947975599380426}
Memory: 4.083154944 GB
{'group_auc': 0.5674, 'mean_mrr': 0.2289, 'ndcg@5': 0.2385, 'ndcg@10': 0.2968, 'loss': 5.934139277874793}
Memory: 4.083154944 GB
{'group_auc': 0.5686, 'mean_mrr': 0.2279, 'ndcg@5': 0.2382, 'ndcg@10': 0.298, 'loss': 5.867160516387445}
Memory: 4.083154944 GB
{'group_auc': 0.5752, 'mean_mrr': 0.2279, 'ndcg@5': 0.2382, 'ndcg@10': 0.2996, 'loss': 5.801144578690589}
Memory: 4.083154944 GB
{'group_auc': 0.5726, 'mean_mrr': 0.2249, 'ndcg@5': 0.2335, 'ndcg@10': 0.2958, 'loss': 5.898148179250717}
Memory: 4.083154944 GB
{'group_auc': 0.5716, 'mean_mrr': 0.2264, 'ndcg@5': 0.2324, 'ndcg@10': 0.296, 'loss': 5.888405954053655}
Memory: 4.083154944 GB
{'group_auc': 0.5754, 'mean_mrr': 0.2288, 'ndcg@5': 0.2375, 'ndcg@10': 0.2982, 'loss': 5.871278898252225}
Memory: 4.083154944 GB
{'group_auc': 0.5726, 'mean_mrr': 0.2295, 'ndcg@5': 0.2366, 'ndcg@10': 0.2986, 'loss': 5.81719685429403}
Memory: 4.083154944 GB
{'group_auc': 0.5673, 'mean_mrr': 0.2261, 'ndcg@5': 0.2341, 'ndcg@10': 0.2939, 'loss': 5.870669442963222}
Memory: 4.083154944 GB
{'group_auc': 0.5683, 'mean_mrr': 0.2257, 'ndcg@5': 0.234, 'ndcg@10': 0.2932, 'loss': 5.838782486189338}
Memory: 4.083154944 GB
{'group_auc': 0.5756, 'mean_mrr': 0.229, 'ndcg@5': 0.2378, 'ndcg@10': 0.2965, 'loss': 5.810216775768998}
Memory: 4.083154944 GB
{'group_auc': 0.5787, 'mean_mrr': 0.2314, 'ndcg@5': 0.2416, 'ndcg@10': 0.3, 'loss': 5.89101693751629}
Memory: 4.083154944 GB
{'group_auc': 0.5775, 'mean_mrr': 0.2311, 'ndcg@5': 0.2401, 'ndcg@10': 0.2995, 'loss': 5.82091561085859}
Memory: 4.083154944 GB
{'group_auc': 0.5754, 'mean_mrr': 0.2307, 'ndcg@5': 0.2403, 'ndcg@10': 0.2994, 'loss': 5.9017071799722}
Memory: 4.083154944 GB
{'group_auc': 0.5773, 'mean_mrr': 0.2298, 'ndcg@5': 0.2399, 'ndcg@10': 0.2981, 'loss': 5.979164192356956}
Memory: 4.083154944 GB
{'group_auc': 0.5783, 'mean_mrr': 0.2321, 'ndcg@5': 0.2423, 'ndcg@10': 0.2995, 'loss': 5.858236798382014}
Memory: 4.083154944 GB
{'group_auc': 0.5792, 'mean_mrr': 0.2321, 'ndcg@5': 0.2425, 'ndcg@10': 0.2996, 'loss': 5.934521956170114}
