Importing Model... Ini
nheads: 2
num_layers: 2
dff: 1200
Hparam set 3
{'group_auc': 0.5047, 'mean_mrr': 0.2196, 'ndcg@5': 0.2218, 'ndcg@10': 0.2863, 'loss': 5.218946249674353}
Memory: 3.133145088 GB
{'group_auc': 0.5624, 'mean_mrr': 0.2334, 'ndcg@5': 0.2497, 'ndcg@10': 0.3198, 'loss': 5.1820280448922755}
Memory: 3.133145088 GB
{'group_auc': 0.5685, 'mean_mrr': 0.2355, 'ndcg@5': 0.252, 'ndcg@10': 0.3221, 'loss': 5.216684964978744}
Memory: 3.133145088 GB
{'group_auc': 0.573, 'mean_mrr': 0.2384, 'ndcg@5': 0.2591, 'ndcg@10': 0.3263, 'loss': 5.153295706749856}
Memory: 3.133145088 GB
{'group_auc': 0.5799, 'mean_mrr': 0.2429, 'ndcg@5': 0.2636, 'ndcg@10': 0.329, 'loss': 5.151851288503989}
Memory: 3.133145088 GB
{'group_auc': 0.5838, 'mean_mrr': 0.2446, 'ndcg@5': 0.2675, 'ndcg@10': 0.3346, 'loss': 5.129401739326641}
Memory: 3.133145088 GB
{'group_auc': 0.5877, 'mean_mrr': 0.2463, 'ndcg@5': 0.2703, 'ndcg@10': 0.3346, 'loss': 5.160589246245656}
Memory: 3.133145088 GB
{'group_auc': 0.5832, 'mean_mrr': 0.244, 'ndcg@5': 0.2673, 'ndcg@10': 0.3317, 'loss': 5.249742172910097}
Memory: 3.133145088 GB
{'group_auc': 0.5849, 'mean_mrr': 0.2499, 'ndcg@5': 0.2715, 'ndcg@10': 0.3368, 'loss': 5.1401854720505}
Memory: 3.133145088 GB
{'group_auc': 0.5862, 'mean_mrr': 0.2509, 'ndcg@5': 0.2742, 'ndcg@10': 0.3381, 'loss': 5.264635220397551}
Memory: 3.133145088 GB
{'group_auc': 0.5981, 'mean_mrr': 0.2636, 'ndcg@5': 0.2876, 'ndcg@10': 0.3524, 'loss': 5.197558016489224}
Memory: 3.133145088 GB
{'group_auc': 0.6025, 'mean_mrr': 0.2651, 'ndcg@5': 0.2912, 'ndcg@10': 0.3534, 'loss': 5.223818127713188}
Memory: 3.133145088 GB
{'group_auc': 0.6019, 'mean_mrr': 0.2655, 'ndcg@5': 0.2914, 'ndcg@10': 0.3542, 'loss': 5.218106161362359}
Memory: 3.133145088 GB
{'group_auc': 0.6032, 'mean_mrr': 0.267, 'ndcg@5': 0.2912, 'ndcg@10': 0.3562, 'loss': 5.241852464291954}
Memory: 3.133145088 GB
{'group_auc': 0.6111, 'mean_mrr': 0.2686, 'ndcg@5': 0.2927, 'ndcg@10': 0.3584, 'loss': 5.126076395493686}
Memory: 3.133145088 GB
{'group_auc': 0.6085, 'mean_mrr': 0.2732, 'ndcg@5': 0.2973, 'ndcg@10': 0.3627, 'loss': 5.174141266047094}
Memory: 3.133145088 GB
{'group_auc': 0.6035, 'mean_mrr': 0.2684, 'ndcg@5': 0.2915, 'ndcg@10': 0.3574, 'loss': 5.197808516203999}
Memory: 3.133145088 GB
{'group_auc': 0.6108, 'mean_mrr': 0.2714, 'ndcg@5': 0.2963, 'ndcg@10': 0.362, 'loss': 5.1619702974349755}
Memory: 3.133145088 GB
{'group_auc': 0.6112, 'mean_mrr': 0.2747, 'ndcg@5': 0.2975, 'ndcg@10': 0.3633, 'loss': 5.209412464667089}
Memory: 3.133145088 GB
{'group_auc': 0.6172, 'mean_mrr': 0.2758, 'ndcg@5': 0.3003, 'ndcg@10': 0.3662, 'loss': 5.204920332364918}
Memory: 3.133145088 GB
{'group_auc': 0.6223, 'mean_mrr': 0.2812, 'ndcg@5': 0.3061, 'ndcg@10': 0.3718, 'loss': 5.192777217416732}
