Importing Model... Ini
nheads: 8
num_layers: 1
dff: 2400
Hparam set 22
{'group_auc': 0.4612, 'mean_mrr': 0.2061, 'ndcg@5': 0.2035, 'ndcg@10': 0.2658, 'loss': 5.265250996386997}
Memory: 3.068133376 GB
{'group_auc': 0.5675, 'mean_mrr': 0.2374, 'ndcg@5': 0.254, 'ndcg@10': 0.322, 'loss': 5.141545806350802}
Memory: 3.068133376 GB
{'group_auc': 0.5745, 'mean_mrr': 0.2447, 'ndcg@5': 0.2715, 'ndcg@10': 0.3328, 'loss': 5.147275542612578}
Memory: 3.068133376 GB
{'group_auc': 0.5739, 'mean_mrr': 0.2423, 'ndcg@5': 0.2677, 'ndcg@10': 0.3301, 'loss': 5.155534324532434}
Memory: 3.068133376 GB
{'group_auc': 0.5744, 'mean_mrr': 0.2418, 'ndcg@5': 0.2684, 'ndcg@10': 0.3292, 'loss': 5.157883610081718}
Memory: 3.068133376 GB
{'group_auc': 0.574, 'mean_mrr': 0.2393, 'ndcg@5': 0.264, 'ndcg@10': 0.3277, 'loss': 5.146132454026208}
Memory: 3.068133376 GB
{'group_auc': 0.5749, 'mean_mrr': 0.2376, 'ndcg@5': 0.2616, 'ndcg@10': 0.3265, 'loss': 5.146093913604998}
Memory: 3.068133376 GB
{'group_auc': 0.5846, 'mean_mrr': 0.2479, 'ndcg@5': 0.2761, 'ndcg@10': 0.3384, 'loss': 5.157872439730448}
Memory: 3.068133376 GB
{'group_auc': 0.5965, 'mean_mrr': 0.2547, 'ndcg@5': 0.2834, 'ndcg@10': 0.3476, 'loss': 5.138467890856091}
Memory: 3.068133376 GB
{'group_auc': 0.6013, 'mean_mrr': 0.2569, 'ndcg@5': 0.2866, 'ndcg@10': 0.3501, 'loss': 5.11565821531934}
Memory: 3.068133376 GB
{'group_auc': 0.6067, 'mean_mrr': 0.2628, 'ndcg@5': 0.2929, 'ndcg@10': 0.3559, 'loss': 5.09666868193023}
Memory: 3.068133376 GB
{'group_auc': 0.6105, 'mean_mrr': 0.2645, 'ndcg@5': 0.2936, 'ndcg@10': 0.3573, 'loss': 5.104034796534658}
Memory: 3.068133376 GB
{'group_auc': 0.6085, 'mean_mrr': 0.2639, 'ndcg@5': 0.2908, 'ndcg@10': 0.3551, 'loss': 5.105478065108453}
Memory: 3.068133376 GB
{'group_auc': 0.6141, 'mean_mrr': 0.27, 'ndcg@5': 0.2977, 'ndcg@10': 0.3625, 'loss': 5.06016507451413}
Memory: 3.068133376 GB
{'group_auc': 0.6192, 'mean_mrr': 0.2721, 'ndcg@5': 0.2988, 'ndcg@10': 0.3652, 'loss': 5.116374919744844}
Memory: 3.068133376 GB
{'group_auc': 0.6199, 'mean_mrr': 0.2723, 'ndcg@5': 0.3007, 'ndcg@10': 0.3657, 'loss': 5.139047197952115}
Memory: 3.068133376 GB
{'group_auc': 0.6188, 'mean_mrr': 0.2725, 'ndcg@5': 0.3013, 'ndcg@10': 0.3653, 'loss': 5.072451444672599}
Memory: 3.068133376 GB
{'group_auc': 0.6178, 'mean_mrr': 0.2711, 'ndcg@5': 0.2987, 'ndcg@10': 0.3641, 'loss': 5.226770919164479}
Memory: 3.068133376 GB
{'group_auc': 0.6182, 'mean_mrr': 0.2731, 'ndcg@5': 0.2997, 'ndcg@10': 0.3651, 'loss': 5.16382581619768}
Memory: 3.068133376 GB
{'group_auc': 0.6183, 'mean_mrr': 0.2733, 'ndcg@5': 0.2987, 'ndcg@10': 0.3649, 'loss': 5.130736223694341}
Memory: 3.068133376 GB
{'group_auc': 0.6125, 'mean_mrr': 0.2692, 'ndcg@5': 0.2915, 'ndcg@10': 0.3605, 'loss': 5.189032814123407}
