Importing Model... Ini
nheads: 8
num_layers: 3
dff: 2400
Hparam set 26
{'group_auc': 0.5466, 'mean_mrr': 0.2255, 'ndcg@5': 0.2294, 'ndcg@10': 0.2892, 'loss': 5.804238098733529}
Memory: 3.405774848 GB
{'group_auc': 0.5579, 'mean_mrr': 0.2262, 'ndcg@5': 0.2353, 'ndcg@10': 0.2924, 'loss': 5.802367164915311}
Memory: 3.405774848 GB
{'group_auc': 0.5653, 'mean_mrr': 0.2331, 'ndcg@5': 0.2429, 'ndcg@10': 0.3002, 'loss': 5.813750605431812}
Memory: 3.405774848 GB
{'group_auc': 0.5656, 'mean_mrr': 0.2289, 'ndcg@5': 0.2364, 'ndcg@10': 0.2953, 'loss': 5.900371940707869}
Memory: 3.405774848 GB
{'group_auc': 0.5735, 'mean_mrr': 0.2352, 'ndcg@5': 0.2423, 'ndcg@10': 0.3037, 'loss': 5.850516057942335}
Memory: 3.405774848 GB
{'group_auc': 0.5646, 'mean_mrr': 0.2286, 'ndcg@5': 0.2331, 'ndcg@10': 0.2969, 'loss': 5.9210396195101795}
Memory: 3.405774848 GB
{'group_auc': 0.5692, 'mean_mrr': 0.2301, 'ndcg@5': 0.237, 'ndcg@10': 0.2974, 'loss': 5.894684024726017}
Memory: 3.405774848 GB
{'group_auc': 0.5703, 'mean_mrr': 0.2291, 'ndcg@5': 0.2343, 'ndcg@10': 0.2947, 'loss': 5.924937059046554}
Memory: 3.405774848 GB
{'group_auc': 0.57, 'mean_mrr': 0.2284, 'ndcg@5': 0.2343, 'ndcg@10': 0.2952, 'loss': 5.839912040276652}
Memory: 3.405774848 GB
{'group_auc': 0.5695, 'mean_mrr': 0.2296, 'ndcg@5': 0.2354, 'ndcg@10': 0.2965, 'loss': 5.916228526773324}
Memory: 3.405774848 GB
{'group_auc': 0.5769, 'mean_mrr': 0.2342, 'ndcg@5': 0.2422, 'ndcg@10': 0.3021, 'loss': 5.890836710894697}
Memory: 3.405774848 GB
{'group_auc': 0.5757, 'mean_mrr': 0.2348, 'ndcg@5': 0.2427, 'ndcg@10': 0.3023, 'loss': 5.8266876777941246}
Memory: 3.405774848 GB
{'group_auc': 0.5797, 'mean_mrr': 0.2351, 'ndcg@5': 0.2424, 'ndcg@10': 0.3027, 'loss': 5.835630601127726}
Memory: 3.405774848 GB
{'group_auc': 0.5744, 'mean_mrr': 0.2325, 'ndcg@5': 0.2389, 'ndcg@10': 0.2993, 'loss': 5.833956417008669}
Memory: 3.405774848 GB
{'group_auc': 0.5848, 'mean_mrr': 0.2377, 'ndcg@5': 0.2469, 'ndcg@10': 0.3073, 'loss': 5.817632522044369}
Memory: 3.405774848 GB
{'group_auc': 0.5824, 'mean_mrr': 0.2367, 'ndcg@5': 0.2437, 'ndcg@10': 0.3063, 'loss': 5.854054828423401}
Memory: 3.405774848 GB
{'group_auc': 0.5848, 'mean_mrr': 0.2409, 'ndcg@5': 0.2493, 'ndcg@10': 0.3104, 'loss': 5.804020849798587}
Memory: 3.405774848 GB
{'group_auc': 0.5943, 'mean_mrr': 0.2436, 'ndcg@5': 0.2537, 'ndcg@10': 0.3135, 'loss': 5.798560412549544}
Memory: 3.405774848 GB
{'group_auc': 0.5973, 'mean_mrr': 0.2466, 'ndcg@5': 0.2556, 'ndcg@10': 0.3186, 'loss': 5.762855467648761}
Memory: 3.405774848 GB
{'group_auc': 0.5924, 'mean_mrr': 0.2487, 'ndcg@5': 0.2571, 'ndcg@10': 0.3187, 'loss': 5.858032218692033}
Memory: 3.405774848 GB
{'group_auc': 0.6018, 'mean_mrr': 0.2542, 'ndcg@5': 0.2644, 'ndcg@10': 0.3255, 'loss': 5.748055730083406}
Memory: 3.405774848 GB
{'group_auc': 0.6048, 'mean_mrr': 0.254, 'ndcg@5': 0.2642, 'ndcg@10': 0.3268, 'loss': 5.8087098522010745}
Memory: 3.405774848 GB
{'group_auc': 0.6057, 'mean_mrr': 0.253, 'ndcg@5': 0.2636, 'ndcg@10': 0.3266, 'loss': 5.788628904575977}
Memory: 3.405774848 GB
{'group_auc': 0.6119, 'mean_mrr': 0.2566, 'ndcg@5': 0.2689, 'ndcg@10': 0.3319, 'loss': 5.818512967590044}
Memory: 3.405774848 GB
{'group_auc': 0.6077, 'mean_mrr': 0.2541, 'ndcg@5': 0.2658, 'ndcg@10': 0.3274, 'loss': 5.745141969374156}
Memory: 3.405774848 GB
{'group_auc': 0.6124, 'mean_mrr': 0.2592, 'ndcg@5': 0.2716, 'ndcg@10': 0.3331, 'loss': 5.72651234360949}
