Importing Model... Ini
nheads: 2
num_layers: 2
dff: 2400
Hparam set 4
{'group_auc': 0.5251, 'mean_mrr': 0.2155, 'ndcg@5': 0.2146, 'ndcg@10': 0.2767, 'loss': 5.820149432930237}
Memory: 3.214934016 GB
{'group_auc': 0.5701, 'mean_mrr': 0.2244, 'ndcg@5': 0.2366, 'ndcg@10': 0.2946, 'loss': 5.8084752239576245}
Memory: 3.214934016 GB
{'group_auc': 0.5746, 'mean_mrr': 0.2262, 'ndcg@5': 0.2379, 'ndcg@10': 0.2957, 'loss': 5.8052124274337285}
Memory: 3.214934016 GB
{'group_auc': 0.5728, 'mean_mrr': 0.2274, 'ndcg@5': 0.2352, 'ndcg@10': 0.2954, 'loss': 5.811874337356278}
Memory: 3.214934016 GB
{'group_auc': 0.5703, 'mean_mrr': 0.226, 'ndcg@5': 0.2342, 'ndcg@10': 0.2917, 'loss': 5.875701241152458}
Memory: 3.214934016 GB
{'group_auc': 0.574, 'mean_mrr': 0.226, 'ndcg@5': 0.2347, 'ndcg@10': 0.2938, 'loss': 5.948651563376188}
Memory: 3.214934016 GB
{'group_auc': 0.5771, 'mean_mrr': 0.2282, 'ndcg@5': 0.2377, 'ndcg@10': 0.2977, 'loss': 5.97109602454356}
Memory: 3.214934016 GB
{'group_auc': 0.5689, 'mean_mrr': 0.226, 'ndcg@5': 0.2335, 'ndcg@10': 0.2936, 'loss': 5.943325646079432}
Memory: 3.214934016 GB
{'group_auc': 0.5739, 'mean_mrr': 0.2268, 'ndcg@5': 0.2345, 'ndcg@10': 0.2949, 'loss': 5.83813383639112}
Memory: 3.214934016 GB
{'group_auc': 0.5793, 'mean_mrr': 0.2299, 'ndcg@5': 0.2386, 'ndcg@10': 0.2983, 'loss': 5.8136933578896715}
Memory: 3.214934016 GB
{'group_auc': 0.5789, 'mean_mrr': 0.2319, 'ndcg@5': 0.2428, 'ndcg@10': 0.3018, 'loss': 5.847402403285662}
Memory: 3.214934016 GB
{'group_auc': 0.5807, 'mean_mrr': 0.2319, 'ndcg@5': 0.2432, 'ndcg@10': 0.3018, 'loss': 5.887242321360861}
Memory: 3.214934016 GB
{'group_auc': 0.5801, 'mean_mrr': 0.2342, 'ndcg@5': 0.2454, 'ndcg@10': 0.3034, 'loss': 5.938531282003282}
Memory: 3.214934016 GB
{'group_auc': 0.5855, 'mean_mrr': 0.2362, 'ndcg@5': 0.2476, 'ndcg@10': 0.3072, 'loss': 5.878294871344879}
Memory: 3.214934016 GB
{'group_auc': 0.5922, 'mean_mrr': 0.241, 'ndcg@5': 0.2536, 'ndcg@10': 0.3129, 'loss': 5.905727774379093}
Memory: 3.214934016 GB
{'group_auc': 0.5905, 'mean_mrr': 0.2385, 'ndcg@5': 0.2509, 'ndcg@10': 0.3105, 'loss': 5.865998524685721}
Memory: 3.214934016 GB
{'group_auc': 0.5997, 'mean_mrr': 0.2463, 'ndcg@5': 0.2558, 'ndcg@10': 0.3204, 'loss': 5.8525180768894804}
Memory: 3.214934016 GB
{'group_auc': 0.6024, 'mean_mrr': 0.2506, 'ndcg@5': 0.262, 'ndcg@10': 0.3248, 'loss': 5.776931590322135}
Memory: 3.214934016 GB
{'group_auc': 0.5963, 'mean_mrr': 0.2511, 'ndcg@5': 0.262, 'ndcg@10': 0.3239, 'loss': 5.814289831259334}
Memory: 3.214934016 GB
{'group_auc': 0.6001, 'mean_mrr': 0.252, 'ndcg@5': 0.2646, 'ndcg@10': 0.326, 'loss': 5.835377048919609}
Memory: 3.214934016 GB
{'group_auc': 0.6054, 'mean_mrr': 0.2486, 'ndcg@5': 0.259, 'ndcg@10': 0.3229, 'loss': 5.807346606243542}
