Importing Model... Ini
nheads: 4
num_layers: 5
dff: 1200
Hparam set 19
{'group_auc': 0.5288, 'mean_mrr': 0.2081, 'ndcg@5': 0.2112, 'ndcg@10': 0.2712, 'loss': 5.808932187329955}
Memory: 3.779067904 GB
{'group_auc': 0.5481, 'mean_mrr': 0.2108, 'ndcg@5': 0.2227, 'ndcg@10': 0.284, 'loss': 5.823536713176061}
Memory: 3.779067904 GB
{'group_auc': 0.564, 'mean_mrr': 0.2308, 'ndcg@5': 0.2424, 'ndcg@10': 0.3014, 'loss': 5.844120712192945}
Memory: 3.779067904 GB
{'group_auc': 0.5644, 'mean_mrr': 0.2304, 'ndcg@5': 0.242, 'ndcg@10': 0.3009, 'loss': 5.844283655239804}
Memory: 3.779067904 GB
{'group_auc': 0.5681, 'mean_mrr': 0.2266, 'ndcg@5': 0.2368, 'ndcg@10': 0.2962, 'loss': 5.8060830194052615}
Memory: 3.779067904 GB
{'group_auc': 0.5756, 'mean_mrr': 0.2293, 'ndcg@5': 0.2408, 'ndcg@10': 0.3013, 'loss': 5.928107395773098}
Memory: 3.779067904 GB
{'group_auc': 0.5843, 'mean_mrr': 0.2368, 'ndcg@5': 0.2472, 'ndcg@10': 0.3087, 'loss': 5.889940018975854}
Memory: 3.779067904 GB
{'group_auc': 0.5865, 'mean_mrr': 0.2338, 'ndcg@5': 0.2451, 'ndcg@10': 0.3072, 'loss': 5.788404849482024}
Memory: 3.779067904 GB
{'group_auc': 0.5802, 'mean_mrr': 0.2312, 'ndcg@5': 0.2399, 'ndcg@10': 0.3017, 'loss': 5.811928002429376}
Memory: 3.779067904 GB
{'group_auc': 0.5883, 'mean_mrr': 0.2363, 'ndcg@5': 0.2463, 'ndcg@10': 0.3094, 'loss': 5.832756421650027}
Memory: 3.779067904 GB
{'group_auc': 0.5863, 'mean_mrr': 0.2337, 'ndcg@5': 0.2451, 'ndcg@10': 0.3044, 'loss': 5.820704278640946}
Memory: 3.779067904 GB
{'group_auc': 0.5812, 'mean_mrr': 0.2299, 'ndcg@5': 0.2399, 'ndcg@10': 0.3002, 'loss': 5.83497719208908}
Memory: 3.779067904 GB
{'group_auc': 0.5889, 'mean_mrr': 0.2349, 'ndcg@5': 0.244, 'ndcg@10': 0.3067, 'loss': 5.818064334453289}
Memory: 3.779067904 GB
{'group_auc': 0.5902, 'mean_mrr': 0.2363, 'ndcg@5': 0.2467, 'ndcg@10': 0.3072, 'loss': 5.935144249393167}
Memory: 3.779067904 GB
{'group_auc': 0.5896, 'mean_mrr': 0.2346, 'ndcg@5': 0.245, 'ndcg@10': 0.3064, 'loss': 5.835115150050057}
Memory: 3.779067904 GB
{'group_auc': 0.589, 'mean_mrr': 0.2366, 'ndcg@5': 0.2468, 'ndcg@10': 0.3076, 'loss': 5.8340981077564695}
Memory: 3.779067904 GB
{'group_auc': 0.5927, 'mean_mrr': 0.2388, 'ndcg@5': 0.2498, 'ndcg@10': 0.3104, 'loss': 5.844344888719341}
Memory: 3.779067904 GB
{'group_auc': 0.5952, 'mean_mrr': 0.2426, 'ndcg@5': 0.2539, 'ndcg@10': 0.3147, 'loss': 5.886164662801115}
Memory: 3.779067904 GB
{'group_auc': 0.5957, 'mean_mrr': 0.2456, 'ndcg@5': 0.2548, 'ndcg@10': 0.3178, 'loss': 5.893797325564283}
Memory: 3.779067904 GB
{'group_auc': 0.5963, 'mean_mrr': 0.2475, 'ndcg@5': 0.2572, 'ndcg@10': 0.3189, 'loss': 5.795658029620811}
Memory: 3.779067904 GB
{'group_auc': 0.6044, 'mean_mrr': 0.2491, 'ndcg@5': 0.2601, 'ndcg@10': 0.3229, 'loss': 5.778474975014889}
Memory: 3.779067904 GB
{'group_auc': 0.6047, 'mean_mrr': 0.2511, 'ndcg@5': 0.2622, 'ndcg@10': 0.3248, 'loss': 5.800563921214436}
Memory: 3.779067904 GB
{'group_auc': 0.6067, 'mean_mrr': 0.2521, 'ndcg@5': 0.2633, 'ndcg@10': 0.327, 'loss': 5.803287059970135}
Memory: 3.779067904 GB
{'group_auc': 0.6083, 'mean_mrr': 0.2531, 'ndcg@5': 0.2647, 'ndcg@10': 0.3298, 'loss': 5.914955141929917}
Memory: 3.779067904 GB
{'group_auc': 0.613, 'mean_mrr': 0.2566, 'ndcg@5': 0.2703, 'ndcg@10': 0.3337, 'loss': 5.75103930969049}
Memory: 3.779067904 GB
{'group_auc': 0.6012, 'mean_mrr': 0.2546, 'ndcg@5': 0.2676, 'ndcg@10': 0.3288, 'loss': 5.751287256369521}
