Importing Model... Ini
nheads: 8
num_layers: 5
dff: 1200
Hparam set 29
{'group_auc': 0.5301, 'mean_mrr': 0.2351, 'ndcg@5': 0.2412, 'ndcg@10': 0.3013, 'loss': 5.163235510143197}
Memory: 4.223664128 GB
{'group_auc': 0.5833, 'mean_mrr': 0.2589, 'ndcg@5': 0.288, 'ndcg@10': 0.3464, 'loss': 5.129374847074065}
Memory: 4.223664128 GB
{'group_auc': 0.5829, 'mean_mrr': 0.2631, 'ndcg@5': 0.2914, 'ndcg@10': 0.3488, 'loss': 5.166370575692715}
Memory: 4.223664128 GB
{'group_auc': 0.5849, 'mean_mrr': 0.2634, 'ndcg@5': 0.2908, 'ndcg@10': 0.3507, 'loss': 5.266746800931218}
Memory: 4.223664128 GB
{'group_auc': 0.585, 'mean_mrr': 0.2674, 'ndcg@5': 0.2943, 'ndcg@10': 0.3535, 'loss': 5.207727775204706}
Memory: 4.223664128 GB
{'group_auc': 0.5843, 'mean_mrr': 0.2505, 'ndcg@5': 0.2827, 'ndcg@10': 0.3415, 'loss': 5.201221824633802}
Memory: 4.223664128 GB
{'group_auc': 0.5835, 'mean_mrr': 0.2485, 'ndcg@5': 0.277, 'ndcg@10': 0.339, 'loss': 5.136645486966619}
Memory: 4.223664128 GB
{'group_auc': 0.5833, 'mean_mrr': 0.2479, 'ndcg@5': 0.2767, 'ndcg@10': 0.339, 'loss': 5.139638781704481}
Memory: 4.223664128 GB
{'group_auc': 0.5919, 'mean_mrr': 0.2538, 'ndcg@5': 0.2834, 'ndcg@10': 0.3448, 'loss': 5.148849570176716}
Memory: 4.223664128 GB
{'group_auc': 0.5907, 'mean_mrr': 0.2534, 'ndcg@5': 0.2799, 'ndcg@10': 0.3448, 'loss': 5.100676286906695}
Memory: 4.223664128 GB
{'group_auc': 0.5921, 'mean_mrr': 0.2612, 'ndcg@5': 0.2901, 'ndcg@10': 0.3509, 'loss': 5.137695828116554}
Memory: 4.223664128 GB
{'group_auc': 0.5917, 'mean_mrr': 0.253, 'ndcg@5': 0.2809, 'ndcg@10': 0.3433, 'loss': 5.158634109914699}
Memory: 4.223664128 GB
{'group_auc': 0.5992, 'mean_mrr': 0.2623, 'ndcg@5': 0.2892, 'ndcg@10': 0.3513, 'loss': 5.185251175871706}
