Importing Model... Ini
nheads: 2
num_layers: 5
dff: 2400
Hparam set 10
{'group_auc': 0.474, 'mean_mrr': 0.1857, 'ndcg@5': 0.1847, 'ndcg@10': 0.2478, 'loss': 5.835018118516281}
Memory: 4.221566976 GB
{'group_auc': 0.5548, 'mean_mrr': 0.2204, 'ndcg@5': 0.2319, 'ndcg@10': 0.289, 'loss': 5.805375993731847}
Memory: 4.221566976 GB
{'group_auc': 0.5532, 'mean_mrr': 0.2266, 'ndcg@5': 0.2375, 'ndcg@10': 0.2953, 'loss': 5.850649130161579}
Memory: 4.221566976 GB
{'group_auc': 0.5605, 'mean_mrr': 0.2305, 'ndcg@5': 0.238, 'ndcg@10': 0.3002, 'loss': 5.8355732398109295}
Memory: 4.221566976 GB
{'group_auc': 0.5698, 'mean_mrr': 0.2315, 'ndcg@5': 0.2389, 'ndcg@10': 0.3, 'loss': 5.936469816441655}
Memory: 4.221566976 GB
{'group_auc': 0.5632, 'mean_mrr': 0.2291, 'ndcg@5': 0.2335, 'ndcg@10': 0.2974, 'loss': 5.834180875814504}
Memory: 4.221566976 GB
{'group_auc': 0.5702, 'mean_mrr': 0.2296, 'ndcg@5': 0.2399, 'ndcg@10': 0.2981, 'loss': 5.835160120698604}
Memory: 4.221566976 GB
{'group_auc': 0.5675, 'mean_mrr': 0.2325, 'ndcg@5': 0.2398, 'ndcg@10': 0.3004, 'loss': 5.847670084845344}
Memory: 4.221566976 GB
{'group_auc': 0.5646, 'mean_mrr': 0.2315, 'ndcg@5': 0.2377, 'ndcg@10': 0.2997, 'loss': 5.865246549510091}
Memory: 4.221566976 GB
{'group_auc': 0.5665, 'mean_mrr': 0.235, 'ndcg@5': 0.2412, 'ndcg@10': 0.3016, 'loss': 5.829848211643345}
Memory: 4.221566976 GB
{'group_auc': 0.568, 'mean_mrr': 0.2316, 'ndcg@5': 0.2397, 'ndcg@10': 0.3003, 'loss': 5.873824780875176}
Memory: 4.221566976 GB
{'group_auc': 0.5712, 'mean_mrr': 0.2324, 'ndcg@5': 0.2414, 'ndcg@10': 0.3015, 'loss': 5.8372156595316405}
Memory: 4.221566976 GB
{'group_auc': 0.5731, 'mean_mrr': 0.2357, 'ndcg@5': 0.2433, 'ndcg@10': 0.3043, 'loss': 5.863193912612463}
Memory: 4.221566976 GB
{'group_auc': 0.5764, 'mean_mrr': 0.235, 'ndcg@5': 0.243, 'ndcg@10': 0.3049, 'loss': 5.825018558559967}
Memory: 4.221566976 GB
{'group_auc': 0.5728, 'mean_mrr': 0.2348, 'ndcg@5': 0.2442, 'ndcg@10': 0.3048, 'loss': 5.906044587945658}
Memory: 4.221566976 GB
{'group_auc': 0.5844, 'mean_mrr': 0.235, 'ndcg@5': 0.2436, 'ndcg@10': 0.3049, 'loss': 5.835161053265683}
Memory: 4.221566976 GB
{'group_auc': 0.5787, 'mean_mrr': 0.2326, 'ndcg@5': 0.2401, 'ndcg@10': 0.3024, 'loss': 5.850098028731174}
Memory: 4.221566976 GB
{'group_auc': 0.5796, 'mean_mrr': 0.2377, 'ndcg@5': 0.2459, 'ndcg@10': 0.3068, 'loss': 5.881292239840111}
Memory: 4.221566976 GB
{'group_auc': 0.5762, 'mean_mrr': 0.2398, 'ndcg@5': 0.2496, 'ndcg@10': 0.3088, 'loss': 5.987788742449061}
Memory: 4.221566976 GB
{'group_auc': 0.5873, 'mean_mrr': 0.2405, 'ndcg@5': 0.2496, 'ndcg@10': 0.3112, 'loss': 5.905848632804805}
Memory: 4.221566976 GB
{'group_auc': 0.5841, 'mean_mrr': 0.2401, 'ndcg@5': 0.2501, 'ndcg@10': 0.3113, 'loss': 6.008141313301295}
