Importing Model... Ini
nheads: 4
num_layers: 3
dff: 2400
Hparam set 16
{'group_auc': 0.5014, 'mean_mrr': 0.1971, 'ndcg@5': 0.1954, 'ndcg@10': 0.2576, 'loss': 5.830031207904864}
Memory: 3.36592896 GB
{'group_auc': 0.554, 'mean_mrr': 0.2179, 'ndcg@5': 0.2269, 'ndcg@10': 0.2859, 'loss': 5.7997203107532}
Memory: 3.36592896 GB
{'group_auc': 0.5625, 'mean_mrr': 0.2258, 'ndcg@5': 0.238, 'ndcg@10': 0.2952, 'loss': 5.813626408803836}
Memory: 3.36592896 GB
{'group_auc': 0.5682, 'mean_mrr': 0.2294, 'ndcg@5': 0.2378, 'ndcg@10': 0.2977, 'loss': 5.883247929395876}
Memory: 3.36592896 GB
{'group_auc': 0.5645, 'mean_mrr': 0.2291, 'ndcg@5': 0.2364, 'ndcg@10': 0.2955, 'loss': 5.888500192445116}
Memory: 3.36592896 GB
{'group_auc': 0.5674, 'mean_mrr': 0.2325, 'ndcg@5': 0.2403, 'ndcg@10': 0.3013, 'loss': 5.831097500222848}
Memory: 3.36592896 GB
{'group_auc': 0.569, 'mean_mrr': 0.2313, 'ndcg@5': 0.2399, 'ndcg@10': 0.2996, 'loss': 5.812042944131638}
Memory: 3.36592896 GB
{'group_auc': 0.5668, 'mean_mrr': 0.2324, 'ndcg@5': 0.2411, 'ndcg@10': 0.298, 'loss': 5.892031537146955}
Memory: 3.36592896 GB
{'group_auc': 0.5663, 'mean_mrr': 0.2307, 'ndcg@5': 0.2397, 'ndcg@10': 0.2976, 'loss': 5.8478564143259755}
Memory: 3.36592896 GB
{'group_auc': 0.5741, 'mean_mrr': 0.2357, 'ndcg@5': 0.2422, 'ndcg@10': 0.3013, 'loss': 5.83796630273384}
Memory: 3.36592896 GB
{'group_auc': 0.5788, 'mean_mrr': 0.2364, 'ndcg@5': 0.244, 'ndcg@10': 0.3042, 'loss': 5.825629867744424}
Memory: 3.36592896 GB
{'group_auc': 0.5706, 'mean_mrr': 0.2355, 'ndcg@5': 0.241, 'ndcg@10': 0.3007, 'loss': 5.807312933944284}
Memory: 3.36592896 GB
{'group_auc': 0.5821, 'mean_mrr': 0.2399, 'ndcg@5': 0.2457, 'ndcg@10': 0.3073, 'loss': 5.946175433089338}
Memory: 3.36592896 GB
{'group_auc': 0.5835, 'mean_mrr': 0.2385, 'ndcg@5': 0.245, 'ndcg@10': 0.3048, 'loss': 5.83508551955085}
Memory: 3.36592896 GB
{'group_auc': 0.5853, 'mean_mrr': 0.246, 'ndcg@5': 0.2536, 'ndcg@10': 0.3131, 'loss': 5.851663453335523}
Memory: 3.36592896 GB
{'group_auc': 0.5924, 'mean_mrr': 0.2444, 'ndcg@5': 0.2519, 'ndcg@10': 0.3132, 'loss': 5.884344435394359}
Memory: 3.36592896 GB
{'group_auc': 0.5929, 'mean_mrr': 0.2473, 'ndcg@5': 0.2553, 'ndcg@10': 0.3154, 'loss': 5.882476104689012}
Memory: 3.36592896 GB
{'group_auc': 0.5884, 'mean_mrr': 0.2473, 'ndcg@5': 0.2546, 'ndcg@10': 0.3158, 'loss': 6.014045959414645}
Memory: 3.36592896 GB
{'group_auc': 0.5976, 'mean_mrr': 0.2498, 'ndcg@5': 0.2612, 'ndcg@10': 0.3198, 'loss': 5.823768813478702}
Memory: 3.36592896 GB
{'group_auc': 0.6051, 'mean_mrr': 0.2544, 'ndcg@5': 0.2649, 'ndcg@10': 0.3245, 'loss': 5.845943308809351}
Memory: 3.36592896 GB
{'group_auc': 0.6084, 'mean_mrr': 0.2557, 'ndcg@5': 0.2671, 'ndcg@10': 0.3273, 'loss': 5.855055505341142}
Memory: 3.36592896 GB
{'group_auc': 0.6125, 'mean_mrr': 0.2611, 'ndcg@5': 0.2728, 'ndcg@10': 0.3329, 'loss': 5.806249206475878}
Memory: 3.36592896 GB
{'group_auc': 0.6153, 'mean_mrr': 0.2624, 'ndcg@5': 0.2764, 'ndcg@10': 0.3349, 'loss': 5.876234342674901}
Memory: 3.36592896 GB
{'group_auc': 0.6156, 'mean_mrr': 0.2635, 'ndcg@5': 0.2771, 'ndcg@10': 0.3372, 'loss': 5.796532823517102}
Memory: 3.36592896 GB
{'group_auc': 0.6137, 'mean_mrr': 0.2623, 'ndcg@5': 0.2768, 'ndcg@10': 0.3357, 'loss': 5.844288756022418}
Memory: 3.36592896 GB
{'group_auc': 0.611, 'mean_mrr': 0.2626, 'ndcg@5': 0.2778, 'ndcg@10': 0.3344, 'loss': 5.873860559326697}
