Importing Model... Ini
nheads: 4
num_layers: 3
dff: 1200
Hparam set 15
{'group_auc': 0.5106, 'mean_mrr': 0.205, 'ndcg@5': 0.2023, 'ndcg@10': 0.2669, 'loss': 5.8221470964883455}
Memory: 3.506438144 GB
{'group_auc': 0.5613, 'mean_mrr': 0.2302, 'ndcg@5': 0.2446, 'ndcg@10': 0.3008, 'loss': 5.78500081789462}
Memory: 3.506438144 GB
{'group_auc': 0.5622, 'mean_mrr': 0.2214, 'ndcg@5': 0.2326, 'ndcg@10': 0.2896, 'loss': 5.820213989054641}
Memory: 3.506438144 GB
{'group_auc': 0.5674, 'mean_mrr': 0.2315, 'ndcg@5': 0.2385, 'ndcg@10': 0.2981, 'loss': 5.8981713422484505}
Memory: 3.506438144 GB
{'group_auc': 0.5711, 'mean_mrr': 0.2346, 'ndcg@5': 0.2412, 'ndcg@10': 0.3033, 'loss': 5.818705832814207}
Memory: 3.506438144 GB
{'group_auc': 0.5673, 'mean_mrr': 0.2293, 'ndcg@5': 0.2349, 'ndcg@10': 0.2963, 'loss': 5.7983899162153385}
Memory: 3.506438144 GB
{'group_auc': 0.5759, 'mean_mrr': 0.2297, 'ndcg@5': 0.2356, 'ndcg@10': 0.2982, 'loss': 5.951718641597932}
Memory: 3.506438144 GB
{'group_auc': 0.5741, 'mean_mrr': 0.2294, 'ndcg@5': 0.2361, 'ndcg@10': 0.2988, 'loss': 5.928390833221225}
Memory: 3.506438144 GB
{'group_auc': 0.58, 'mean_mrr': 0.2322, 'ndcg@5': 0.2408, 'ndcg@10': 0.3013, 'loss': 5.834494638396468}
Memory: 3.506438144 GB
{'group_auc': 0.5781, 'mean_mrr': 0.2317, 'ndcg@5': 0.2413, 'ndcg@10': 0.301, 'loss': 5.905535617093198}
Memory: 3.506438144 GB
{'group_auc': 0.586, 'mean_mrr': 0.2371, 'ndcg@5': 0.2461, 'ndcg@10': 0.3095, 'loss': 5.800563559297798}
Memory: 3.506438144 GB
{'group_auc': 0.5849, 'mean_mrr': 0.2365, 'ndcg@5': 0.2434, 'ndcg@10': 0.3073, 'loss': 5.843146435974786}
Memory: 3.506438144 GB
{'group_auc': 0.5845, 'mean_mrr': 0.2373, 'ndcg@5': 0.2449, 'ndcg@10': 0.3071, 'loss': 5.833384750307343}
Memory: 3.506438144 GB
{'group_auc': 0.587, 'mean_mrr': 0.2408, 'ndcg@5': 0.2459, 'ndcg@10': 0.3091, 'loss': 5.845100264303142}
Memory: 3.506438144 GB
{'group_auc': 0.5895, 'mean_mrr': 0.2416, 'ndcg@5': 0.248, 'ndcg@10': 0.3111, 'loss': 5.858958573162388}
Memory: 3.506438144 GB
{'group_auc': 0.595, 'mean_mrr': 0.2432, 'ndcg@5': 0.2511, 'ndcg@10': 0.3157, 'loss': 5.845190291188572}
Memory: 3.506438144 GB
{'group_auc': 0.5968, 'mean_mrr': 0.2436, 'ndcg@5': 0.2507, 'ndcg@10': 0.3162, 'loss': 5.8131074379120165}
Memory: 3.506438144 GB
{'group_auc': 0.5993, 'mean_mrr': 0.2498, 'ndcg@5': 0.2589, 'ndcg@10': 0.3215, 'loss': 5.853742681768213}
Memory: 3.506438144 GB
{'group_auc': 0.6024, 'mean_mrr': 0.2518, 'ndcg@5': 0.2607, 'ndcg@10': 0.3252, 'loss': 5.815108179442418}
Memory: 3.506438144 GB
{'group_auc': 0.5983, 'mean_mrr': 0.2554, 'ndcg@5': 0.2674, 'ndcg@10': 0.328, 'loss': 5.909297084437824}
Memory: 3.506438144 GB
{'group_auc': 0.6059, 'mean_mrr': 0.2548, 'ndcg@5': 0.2649, 'ndcg@10': 0.3302, 'loss': 5.816953072939943}
