Importing Model... Ini
nheads: 4
num_layers: 2
dff: 1200
Hparam set 13
{'group_auc': 0.4934, 'mean_mrr': 0.1892, 'ndcg@5': 0.185, 'ndcg@10': 0.2483, 'loss': 5.886435597773316}
Memory: 3.143630848 GB
{'group_auc': 0.569, 'mean_mrr': 0.2252, 'ndcg@5': 0.2356, 'ndcg@10': 0.2955, 'loss': 5.8000048416496535}
Memory: 3.143630848 GB
{'group_auc': 0.5576, 'mean_mrr': 0.2215, 'ndcg@5': 0.2305, 'ndcg@10': 0.2875, 'loss': 5.815743628739718}
Memory: 3.143630848 GB
{'group_auc': 0.5649, 'mean_mrr': 0.2287, 'ndcg@5': 0.2357, 'ndcg@10': 0.2951, 'loss': 5.830995817852041}
Memory: 3.143630848 GB
{'group_auc': 0.5593, 'mean_mrr': 0.2272, 'ndcg@5': 0.2321, 'ndcg@10': 0.2918, 'loss': 5.823866244800066}
Memory: 3.143630848 GB
{'group_auc': 0.5542, 'mean_mrr': 0.2175, 'ndcg@5': 0.2227, 'ndcg@10': 0.2841, 'loss': 5.854705781497501}
Memory: 3.143630848 GB
{'group_auc': 0.5555, 'mean_mrr': 0.2211, 'ndcg@5': 0.2271, 'ndcg@10': 0.2862, 'loss': 5.917224916048341}
Memory: 3.143630848 GB
{'group_auc': 0.5576, 'mean_mrr': 0.2218, 'ndcg@5': 0.2264, 'ndcg@10': 0.2882, 'loss': 5.846306757010118}
Memory: 3.143630848 GB
{'group_auc': 0.5595, 'mean_mrr': 0.2249, 'ndcg@5': 0.2289, 'ndcg@10': 0.2906, 'loss': 5.999932271263185}
Memory: 3.143630848 GB
{'group_auc': 0.5643, 'mean_mrr': 0.223, 'ndcg@5': 0.2286, 'ndcg@10': 0.2921, 'loss': 5.903834886165025}
Memory: 3.143630848 GB
{'group_auc': 0.5758, 'mean_mrr': 0.2339, 'ndcg@5': 0.2418, 'ndcg@10': 0.3026, 'loss': 5.908949967772952}
Memory: 3.143630848 GB
{'group_auc': 0.5797, 'mean_mrr': 0.2372, 'ndcg@5': 0.2451, 'ndcg@10': 0.3053, 'loss': 5.840201758318445}
Memory: 3.143630848 GB
{'group_auc': 0.5872, 'mean_mrr': 0.2445, 'ndcg@5': 0.2519, 'ndcg@10': 0.3141, 'loss': 5.858821890284846}
Memory: 3.143630848 GB
{'group_auc': 0.5995, 'mean_mrr': 0.2501, 'ndcg@5': 0.2607, 'ndcg@10': 0.3232, 'loss': 5.835831196358902}
Memory: 3.143630848 GB
{'group_auc': 0.5966, 'mean_mrr': 0.2519, 'ndcg@5': 0.2605, 'ndcg@10': 0.322, 'loss': 5.815684474378311}
Memory: 3.143630848 GB
{'group_auc': 0.6029, 'mean_mrr': 0.2536, 'ndcg@5': 0.2639, 'ndcg@10': 0.3254, 'loss': 5.7957116079386015}
Memory: 3.143630848 GB
{'group_auc': 0.6062, 'mean_mrr': 0.256, 'ndcg@5': 0.2652, 'ndcg@10': 0.328, 'loss': 5.815790488052578}
Memory: 3.143630848 GB
{'group_auc': 0.6091, 'mean_mrr': 0.258, 'ndcg@5': 0.2679, 'ndcg@10': 0.3312, 'loss': 5.834331559412167}
Memory: 3.143630848 GB
{'group_auc': 0.6102, 'mean_mrr': 0.2591, 'ndcg@5': 0.2691, 'ndcg@10': 0.3317, 'loss': 5.876794345402352}
Memory: 3.143630848 GB
{'group_auc': 0.6086, 'mean_mrr': 0.2556, 'ndcg@5': 0.2667, 'ndcg@10': 0.3293, 'loss': 5.815850121537117}
Memory: 3.143630848 GB
{'group_auc': 0.614, 'mean_mrr': 0.2611, 'ndcg@5': 0.2723, 'ndcg@10': 0.3362, 'loss': 5.842650300060544}
