Importing Model... Ini
nheads: 8
num_layers: 1
dff: 1200
Hparam set 21
{'group_auc': 0.5061, 'mean_mrr': 0.1976, 'ndcg@5': 0.1967, 'ndcg@10': 0.2573, 'loss': 5.862598177620981}
Memory: 2.887778304 GB
{'group_auc': 0.5532, 'mean_mrr': 0.222, 'ndcg@5': 0.2326, 'ndcg@10': 0.2869, 'loss': 5.809752119157631}
Memory: 2.887778304 GB
{'group_auc': 0.5582, 'mean_mrr': 0.2232, 'ndcg@5': 0.2301, 'ndcg@10': 0.2875, 'loss': 5.829239442941239}
Memory: 2.887778304 GB
{'group_auc': 0.555, 'mean_mrr': 0.2236, 'ndcg@5': 0.229, 'ndcg@10': 0.2884, 'loss': 5.826465736877334}
Memory: 2.887778304 GB
{'group_auc': 0.5599, 'mean_mrr': 0.2292, 'ndcg@5': 0.2345, 'ndcg@10': 0.2932, 'loss': 5.838974756307881}
Memory: 2.887778304 GB
{'group_auc': 0.5666, 'mean_mrr': 0.2327, 'ndcg@5': 0.2391, 'ndcg@10': 0.2997, 'loss': 5.815636626440647}
Memory: 2.887778304 GB
{'group_auc': 0.562, 'mean_mrr': 0.2289, 'ndcg@5': 0.2358, 'ndcg@10': 0.2967, 'loss': 5.854994948695283}
Memory: 2.887778304 GB
{'group_auc': 0.567, 'mean_mrr': 0.2343, 'ndcg@5': 0.2416, 'ndcg@10': 0.3015, 'loss': 5.893894332733551}
Memory: 2.887778304 GB
{'group_auc': 0.5632, 'mean_mrr': 0.2299, 'ndcg@5': 0.2359, 'ndcg@10': 0.2975, 'loss': 5.926400086686709}
Memory: 2.887778304 GB
{'group_auc': 0.5694, 'mean_mrr': 0.2338, 'ndcg@5': 0.2418, 'ndcg@10': 0.3011, 'loss': 5.855052998206444}
Memory: 2.887778304 GB
{'group_auc': 0.5692, 'mean_mrr': 0.2348, 'ndcg@5': 0.2413, 'ndcg@10': 0.3028, 'loss': 5.819553188554859}
Memory: 2.887778304 GB
{'group_auc': 0.5805, 'mean_mrr': 0.2473, 'ndcg@5': 0.2561, 'ndcg@10': 0.3161, 'loss': 5.843346871934594}
Memory: 2.887778304 GB
{'group_auc': 0.5912, 'mean_mrr': 0.2502, 'ndcg@5': 0.2613, 'ndcg@10': 0.3206, 'loss': 5.83743789679473}
Memory: 2.887778304 GB
{'group_auc': 0.598, 'mean_mrr': 0.2544, 'ndcg@5': 0.2662, 'ndcg@10': 0.3264, 'loss': 5.792407102974104}
Memory: 2.887778304 GB
{'group_auc': 0.6053, 'mean_mrr': 0.2565, 'ndcg@5': 0.2691, 'ndcg@10': 0.3286, 'loss': 5.769660984374856}
Memory: 2.887778304 GB
{'group_auc': 0.6008, 'mean_mrr': 0.2537, 'ndcg@5': 0.2646, 'ndcg@10': 0.3257, 'loss': 5.798105582513597}
Memory: 2.887778304 GB
{'group_auc': 0.6102, 'mean_mrr': 0.2619, 'ndcg@5': 0.2764, 'ndcg@10': 0.3369, 'loss': 5.7768914605481}
Memory: 2.887778304 GB
{'group_auc': 0.6167, 'mean_mrr': 0.2626, 'ndcg@5': 0.2761, 'ndcg@10': 0.3375, 'loss': 5.758835406513024}
Memory: 2.887778304 GB
{'group_auc': 0.6128, 'mean_mrr': 0.2591, 'ndcg@5': 0.272, 'ndcg@10': 0.3336, 'loss': 5.75824325843484}
Memory: 2.887778304 GB
{'group_auc': 0.6131, 'mean_mrr': 0.2658, 'ndcg@5': 0.2788, 'ndcg@10': 0.341, 'loss': 5.818786306837473}
Memory: 2.887778304 GB
{'group_auc': 0.6166, 'mean_mrr': 0.2669, 'ndcg@5': 0.2814, 'ndcg@10': 0.3424, 'loss': 5.829109617997419}
