Importing Model... Ini2Enc
nheads: 4
num_layers: 2
dff: 1200
Hparam set None
{'group_auc': 0.5027, 'mean_mrr': 0.2004, 'ndcg@5': 0.1998, 'ndcg@10': 0.2588, 'loss': 5.857575537043394}
Memory: 3.143630848 GB
{'group_auc': 0.551, 'mean_mrr': 0.2193, 'ndcg@5': 0.2307, 'ndcg@10': 0.2868, 'loss': 5.791733395140569}
Memory: 3.143630848 GB
{'group_auc': 0.5601, 'mean_mrr': 0.226, 'ndcg@5': 0.2359, 'ndcg@10': 0.2948, 'loss': 5.810637597778824}
Memory: 3.143630848 GB
{'group_auc': 0.5716, 'mean_mrr': 0.2311, 'ndcg@5': 0.2393, 'ndcg@10': 0.299, 'loss': 5.81627747331995}
Memory: 3.143630848 GB
{'group_auc': 0.57, 'mean_mrr': 0.2361, 'ndcg@5': 0.2439, 'ndcg@10': 0.3033, 'loss': 5.802108044993372}
Memory: 3.143630848 GB
{'group_auc': 0.5679, 'mean_mrr': 0.2273, 'ndcg@5': 0.2358, 'ndcg@10': 0.296, 'loss': 5.834797943936495}
Memory: 3.143630848 GB
{'group_auc': 0.5676, 'mean_mrr': 0.2289, 'ndcg@5': 0.2361, 'ndcg@10': 0.2978, 'loss': 5.864314798532023}
Memory: 3.143630848 GB
{'group_auc': 0.5755, 'mean_mrr': 0.2319, 'ndcg@5': 0.24, 'ndcg@10': 0.3005, 'loss': 5.87782395614635}
Memory: 3.143630848 GB
{'group_auc': 0.5838, 'mean_mrr': 0.2367, 'ndcg@5': 0.2478, 'ndcg@10': 0.3071, 'loss': 5.8506151686956}
Memory: 3.143630848 GB
{'group_auc': 0.5768, 'mean_mrr': 0.2347, 'ndcg@5': 0.2429, 'ndcg@10': 0.3007, 'loss': 5.790584743098543}
Memory: 3.143630848 GB
{'group_auc': 0.5829, 'mean_mrr': 0.2333, 'ndcg@5': 0.2428, 'ndcg@10': 0.3024, 'loss': 5.821597269513469}
Memory: 3.143630848 GB
{'group_auc': 0.5848, 'mean_mrr': 0.2388, 'ndcg@5': 0.2487, 'ndcg@10': 0.3063, 'loss': 5.82703965211851}
Memory: 3.143630848 GB
{'group_auc': 0.5891, 'mean_mrr': 0.2431, 'ndcg@5': 0.2558, 'ndcg@10': 0.3136, 'loss': 5.780413744910328}
Memory: 3.143630848 GB
{'group_auc': 0.5981, 'mean_mrr': 0.2449, 'ndcg@5': 0.2545, 'ndcg@10': 0.3157, 'loss': 5.825272283915493}
Memory: 3.143630848 GB
{'group_auc': 0.5939, 'mean_mrr': 0.2443, 'ndcg@5': 0.2537, 'ndcg@10': 0.315, 'loss': 5.88485471349923}
Memory: 3.143630848 GB
{'group_auc': 0.6025, 'mean_mrr': 0.2497, 'ndcg@5': 0.2612, 'ndcg@10': 0.3236, 'loss': 5.820494816507832}
Memory: 3.143630848 GB
{'group_auc': 0.6105, 'mean_mrr': 0.2551, 'ndcg@5': 0.2686, 'ndcg@10': 0.3294, 'loss': 5.870714149505249}
Memory: 3.143630848 GB
{'group_auc': 0.6099, 'mean_mrr': 0.2555, 'ndcg@5': 0.2687, 'ndcg@10': 0.3318, 'loss': 5.784184965591496}
Memory: 3.143630848 GB
{'group_auc': 0.6126, 'mean_mrr': 0.2568, 'ndcg@5': 0.2712, 'ndcg@10': 0.3343, 'loss': 5.773050603688187}
Memory: 3.143630848 GB
{'group_auc': 0.6129, 'mean_mrr': 0.2617, 'ndcg@5': 0.2774, 'ndcg@10': 0.3371, 'loss': 5.773265944437742}
Memory: 3.143630848 GB
{'group_auc': 0.6168, 'mean_mrr': 0.2613, 'ndcg@5': 0.2777, 'ndcg@10': 0.3384, 'loss': 5.8046033216631825}
Memory: 3.143630848 GB
{'group_auc': 0.6217, 'mean_mrr': 0.2642, 'ndcg@5': 0.2791, 'ndcg@10': 0.3429, 'loss': 5.771772004665691}
Memory: 3.143630848 GB
{'group_auc': 0.6314, 'mean_mrr': 0.2674, 'ndcg@5': 0.2837, 'ndcg@10': 0.3477, 'loss': 5.744550823155572}
Memory: 3.143630848 GB
{'group_auc': 0.6259, 'mean_mrr': 0.2664, 'ndcg@5': 0.2821, 'ndcg@10': 0.3465, 'loss': 5.7672717260747905}
Memory: 3.143630848 GB
{'group_auc': 0.6269, 'mean_mrr': 0.2678, 'ndcg@5': 0.2829, 'ndcg@10': 0.3459, 'loss': 5.805821474013825}
Memory: 3.143630848 GB
{'group_auc': 0.6247, 'mean_mrr': 0.2654, 'ndcg@5': 0.2801, 'ndcg@10': 0.3452, 'loss': 5.723408504572943}
