Importing Model... Ini
nheads: 8
num_layers: 1
dff: 1200
Hparam set 21
{'group_auc': 0.453, 'mean_mrr': 0.1796, 'ndcg@5': 0.1713, 'ndcg@10': 0.2348, 'loss': 5.989587401479667}
Memory: 2.606759936 GB
{'group_auc': 0.5646, 'mean_mrr': 0.2334, 'ndcg@5': 0.2455, 'ndcg@10': 0.3023, 'loss': 5.787028711621254}
Memory: 2.606759936 GB
{'group_auc': 0.5559, 'mean_mrr': 0.2257, 'ndcg@5': 0.2345, 'ndcg@10': 0.2953, 'loss': 5.801990708916564}
Memory: 2.606759936 GB
{'group_auc': 0.5613, 'mean_mrr': 0.2294, 'ndcg@5': 0.2365, 'ndcg@10': 0.2977, 'loss': 5.798309888141616}
Memory: 2.606759936 GB
{'group_auc': 0.5583, 'mean_mrr': 0.2282, 'ndcg@5': 0.2341, 'ndcg@10': 0.2943, 'loss': 5.85223273939181}
Memory: 2.606759936 GB
{'group_auc': 0.5557, 'mean_mrr': 0.2222, 'ndcg@5': 0.2255, 'ndcg@10': 0.289, 'loss': 5.882732957604835}
Memory: 2.606759936 GB
{'group_auc': 0.5594, 'mean_mrr': 0.2275, 'ndcg@5': 0.2317, 'ndcg@10': 0.2931, 'loss': 5.859559673552926}
Memory: 2.606759936 GB
{'group_auc': 0.5666, 'mean_mrr': 0.2288, 'ndcg@5': 0.2336, 'ndcg@10': 0.2954, 'loss': 5.90905884307598}
Memory: 2.606759936 GB
{'group_auc': 0.5573, 'mean_mrr': 0.2226, 'ndcg@5': 0.2273, 'ndcg@10': 0.288, 'loss': 5.925351400377142}
Memory: 2.606759936 GB
{'group_auc': 0.568, 'mean_mrr': 0.2279, 'ndcg@5': 0.2351, 'ndcg@10': 0.2943, 'loss': 5.912671018733798}
Memory: 2.606759936 GB
{'group_auc': 0.5658, 'mean_mrr': 0.2285, 'ndcg@5': 0.2364, 'ndcg@10': 0.2962, 'loss': 5.866605285929955}
Memory: 2.606759936 GB
{'group_auc': 0.5763, 'mean_mrr': 0.2359, 'ndcg@5': 0.2438, 'ndcg@10': 0.3041, 'loss': 5.846421290414255}
Memory: 2.606759936 GB
{'group_auc': 0.5891, 'mean_mrr': 0.2504, 'ndcg@5': 0.2596, 'ndcg@10': 0.3178, 'loss': 5.854474063068365}
Memory: 2.606759936 GB
{'group_auc': 0.5927, 'mean_mrr': 0.2498, 'ndcg@5': 0.2602, 'ndcg@10': 0.319, 'loss': 5.827710693517974}
Memory: 2.606759936 GB
{'group_auc': 0.6046, 'mean_mrr': 0.2587, 'ndcg@5': 0.269, 'ndcg@10': 0.3306, 'loss': 5.815650143890764}
Memory: 2.606759936 GB
{'group_auc': 0.6033, 'mean_mrr': 0.2574, 'ndcg@5': 0.2654, 'ndcg@10': 0.3282, 'loss': 5.783084531049988}
Memory: 2.606759936 GB
{'group_auc': 0.6169, 'mean_mrr': 0.2618, 'ndcg@5': 0.2715, 'ndcg@10': 0.3353, 'loss': 5.743323095579733}
Memory: 2.606759936 GB
{'group_auc': 0.6121, 'mean_mrr': 0.2559, 'ndcg@5': 0.2684, 'ndcg@10': 0.3304, 'loss': 5.8570347168689985}
Memory: 2.606759936 GB
{'group_auc': 0.6095, 'mean_mrr': 0.2585, 'ndcg@5': 0.2681, 'ndcg@10': 0.3317, 'loss': 5.797538383045158}
Memory: 2.606759936 GB
{'group_auc': 0.615, 'mean_mrr': 0.2638, 'ndcg@5': 0.2737, 'ndcg@10': 0.3381, 'loss': 5.826029292140312}
Memory: 2.606759936 GB
{'group_auc': 0.618, 'mean_mrr': 0.2629, 'ndcg@5': 0.2746, 'ndcg@10': 0.3385, 'loss': 5.794327636494319}
Memory: 2.606759936 GB
{'group_auc': 0.6181, 'mean_mrr': 0.2656, 'ndcg@5': 0.2768, 'ndcg@10': 0.3397, 'loss': 5.8551846547192}
Memory: 2.606759936 GB
{'group_auc': 0.6199, 'mean_mrr': 0.2673, 'ndcg@5': 0.2795, 'ndcg@10': 0.3419, 'loss': 5.805582605492626}
Memory: 2.606759936 GB
{'group_auc': 0.619, 'mean_mrr': 0.2701, 'ndcg@5': 0.2823, 'ndcg@10': 0.3439, 'loss': 5.839807010572171}
Memory: 2.606759936 GB
{'group_auc': 0.6212, 'mean_mrr': 0.2682, 'ndcg@5': 0.281, 'ndcg@10': 0.3434, 'loss': 5.818520909741838}
Memory: 2.606759936 GB
{'group_auc': 0.6228, 'mean_mrr': 0.2707, 'ndcg@5': 0.2838, 'ndcg@10': 0.3451, 'loss': 5.9479189600595355}
