Importing Model... Ini
nheads: 8
num_layers: 1
dff: 2400
Hparam set 2
{'group_auc': 0.4795, 'mean_mrr': 0.1983, 'ndcg@5': 0.1982, 'ndcg@10': 0.2635, 'loss': 5.240551187899459}
Memory: 3.068133376 GB
{'group_auc': 0.5616, 'mean_mrr': 0.2387, 'ndcg@5': 0.2521, 'ndcg@10': 0.3219, 'loss': 5.170735780668243}
Memory: 3.068133376 GB
{'group_auc': 0.5736, 'mean_mrr': 0.2356, 'ndcg@5': 0.2569, 'ndcg@10': 0.3236, 'loss': 5.198222323303411}
Memory: 3.068133376 GB
{'group_auc': 0.5786, 'mean_mrr': 0.2463, 'ndcg@5': 0.2755, 'ndcg@10': 0.3374, 'loss': 5.1878923759092945}
Memory: 3.068133376 GB
{'group_auc': 0.5782, 'mean_mrr': 0.2445, 'ndcg@5': 0.2709, 'ndcg@10': 0.3345, 'loss': 5.2878705211562735}
Memory: 3.068133376 GB
{'group_auc': 0.5805, 'mean_mrr': 0.2494, 'ndcg@5': 0.2767, 'ndcg@10': 0.3391, 'loss': 5.2583303043353435}
Memory: 3.068133376 GB
{'group_auc': 0.5886, 'mean_mrr': 0.2515, 'ndcg@5': 0.2781, 'ndcg@10': 0.3432, 'loss': 5.203967646557658}
Memory: 3.068133376 GB
{'group_auc': 0.6002, 'mean_mrr': 0.2629, 'ndcg@5': 0.2916, 'ndcg@10': 0.3556, 'loss': 5.260461968578647}
Memory: 3.068133376 GB
{'group_auc': 0.6032, 'mean_mrr': 0.2678, 'ndcg@5': 0.296, 'ndcg@10': 0.3589, 'loss': 5.130661703517055}
Memory: 3.068133376 GB
{'group_auc': 0.6046, 'mean_mrr': 0.2736, 'ndcg@5': 0.2998, 'ndcg@10': 0.3645, 'loss': 5.10917560986174}
Memory: 3.068133376 GB
{'group_auc': 0.61, 'mean_mrr': 0.2722, 'ndcg@5': 0.2974, 'ndcg@10': 0.363, 'loss': 5.160851633696529}
Memory: 3.068133376 GB
{'group_auc': 0.6103, 'mean_mrr': 0.2711, 'ndcg@5': 0.2969, 'ndcg@10': 0.3638, 'loss': 5.2007107765085605}
Memory: 3.068133376 GB
{'group_auc': 0.6193, 'mean_mrr': 0.278, 'ndcg@5': 0.3035, 'ndcg@10': 0.3696, 'loss': 5.074155916761665}
Memory: 3.068133376 GB
{'group_auc': 0.6149, 'mean_mrr': 0.2748, 'ndcg@5': 0.3009, 'ndcg@10': 0.3652, 'loss': 5.1775123929896605}
Memory: 3.068133376 GB
{'group_auc': 0.6148, 'mean_mrr': 0.2767, 'ndcg@5': 0.3006, 'ndcg@10': 0.3671, 'loss': 5.182584179241125}
Memory: 3.068133376 GB
{'group_auc': 0.62, 'mean_mrr': 0.2778, 'ndcg@5': 0.3027, 'ndcg@10': 0.3684, 'loss': 5.138041409122711}
Memory: 3.068133376 GB
{'group_auc': 0.6099, 'mean_mrr': 0.2753, 'ndcg@5': 0.2982, 'ndcg@10': 0.3647, 'loss': 5.194773880667171}
Memory: 3.068133376 GB
{'group_auc': 0.625, 'mean_mrr': 0.2852, 'ndcg@5': 0.3127, 'ndcg@10': 0.3753, 'loss': 5.132862407422289}
Memory: 3.068133376 GB
{'group_auc': 0.6109, 'mean_mrr': 0.2787, 'ndcg@5': 0.2997, 'ndcg@10': 0.3644, 'loss': 5.243902637249833}
Memory: 3.068133376 GB
{'group_auc': 0.6172, 'mean_mrr': 0.2788, 'ndcg@5': 0.302, 'ndcg@10': 0.3685, 'loss': 5.249616056665983}
Memory: 3.068133376 GB
{'group_auc': 0.6216, 'mean_mrr': 0.2796, 'ndcg@5': 0.305, 'ndcg@10': 0.3714, 'loss': 5.337512021422041}
