Importing Model... Ini
nheads: 8
num_layers: 1
dff: 1200
Hparam set 21
{'group_auc': 0.453, 'mean_mrr': 0.189, 'ndcg@5': 0.1838, 'ndcg@10': 0.2528, 'loss': 5.295052428483638}
Memory: 2.887778304 GB
{'group_auc': 0.5651, 'mean_mrr': 0.2355, 'ndcg@5': 0.2525, 'ndcg@10': 0.3199, 'loss': 5.153876134806047}
Memory: 2.887778304 GB
{'group_auc': 0.5833, 'mean_mrr': 0.2449, 'ndcg@5': 0.2717, 'ndcg@10': 0.3351, 'loss': 5.124653738735075}
Memory: 2.887778304 GB
{'group_auc': 0.5772, 'mean_mrr': 0.2414, 'ndcg@5': 0.2654, 'ndcg@10': 0.3304, 'loss': 5.126437258392309}
Memory: 2.887778304 GB
{'group_auc': 0.5831, 'mean_mrr': 0.2421, 'ndcg@5': 0.2667, 'ndcg@10': 0.3318, 'loss': 5.200277395640394}
Memory: 2.887778304 GB
{'group_auc': 0.5879, 'mean_mrr': 0.2447, 'ndcg@5': 0.2714, 'ndcg@10': 0.3352, 'loss': 5.148430588999896}
Memory: 2.887778304 GB
{'group_auc': 0.5848, 'mean_mrr': 0.2417, 'ndcg@5': 0.2662, 'ndcg@10': 0.3321, 'loss': 5.210438197119328}
Memory: 2.887778304 GB
{'group_auc': 0.5841, 'mean_mrr': 0.2443, 'ndcg@5': 0.2687, 'ndcg@10': 0.3332, 'loss': 5.2335076170417985}
Memory: 2.887778304 GB
{'group_auc': 0.6007, 'mean_mrr': 0.2585, 'ndcg@5': 0.2877, 'ndcg@10': 0.3505, 'loss': 5.130366859861841}
Memory: 2.887778304 GB
{'group_auc': 0.6003, 'mean_mrr': 0.2591, 'ndcg@5': 0.2831, 'ndcg@10': 0.3492, 'loss': 5.116937008377446}
Memory: 2.887778304 GB
{'group_auc': 0.6083, 'mean_mrr': 0.2635, 'ndcg@5': 0.2901, 'ndcg@10': 0.3566, 'loss': 5.182271094899307}
Memory: 2.887778304 GB
{'group_auc': 0.6108, 'mean_mrr': 0.2665, 'ndcg@5': 0.2948, 'ndcg@10': 0.3592, 'loss': 5.161463471400617}
Memory: 2.887778304 GB
{'group_auc': 0.6195, 'mean_mrr': 0.2725, 'ndcg@5': 0.3016, 'ndcg@10': 0.3659, 'loss': 5.120700616039965}
Memory: 2.887778304 GB
{'group_auc': 0.6158, 'mean_mrr': 0.2663, 'ndcg@5': 0.293, 'ndcg@10': 0.3599, 'loss': 5.2277392440032715}
Memory: 2.887778304 GB
{'group_auc': 0.6178, 'mean_mrr': 0.2699, 'ndcg@5': 0.2966, 'ndcg@10': 0.3631, 'loss': 5.229429921775107}
Memory: 2.887778304 GB
{'group_auc': 0.6225, 'mean_mrr': 0.2736, 'ndcg@5': 0.3025, 'ndcg@10': 0.3677, 'loss': 5.2379816112232485}
Memory: 2.887778304 GB
{'group_auc': 0.6168, 'mean_mrr': 0.27, 'ndcg@5': 0.2965, 'ndcg@10': 0.3633, 'loss': 5.2124710116678905}
Memory: 2.887778304 GB
{'group_auc': 0.6253, 'mean_mrr': 0.2785, 'ndcg@5': 0.3053, 'ndcg@10': 0.3708, 'loss': 5.165353752370167}
Memory: 2.887778304 GB
{'group_auc': 0.6244, 'mean_mrr': 0.2741, 'ndcg@5': 0.3022, 'ndcg@10': 0.368, 'loss': 5.179713291289301}
Memory: 2.887778304 GB
{'group_auc': 0.6211, 'mean_mrr': 0.2772, 'ndcg@5': 0.3032, 'ndcg@10': 0.3686, 'loss': 5.253555986507978}
Memory: 2.887778304 GB
{'group_auc': 0.6281, 'mean_mrr': 0.2793, 'ndcg@5': 0.3055, 'ndcg@10': 0.3717, 'loss': 5.183921415170771}
