Importing Model... Ini
nheads: 4
num_layers: 1
dff: 1200
Hparam set 11
{'group_auc': 0.4781, 'mean_mrr': 0.2068, 'ndcg@5': 0.2024, 'ndcg@10': 0.2677, 'loss': 5.250356562054718}
Memory: 2.879389696 GB
{'group_auc': 0.5585, 'mean_mrr': 0.2264, 'ndcg@5': 0.2408, 'ndcg@10': 0.3137, 'loss': 5.142528228351025}
Memory: 2.879389696 GB
{'group_auc': 0.5685, 'mean_mrr': 0.2377, 'ndcg@5': 0.2631, 'ndcg@10': 0.3275, 'loss': 5.122147929469338}
Memory: 2.879389696 GB
{'group_auc': 0.5745, 'mean_mrr': 0.2471, 'ndcg@5': 0.2715, 'ndcg@10': 0.3361, 'loss': 5.149019229878311}
Memory: 2.879389696 GB
{'group_auc': 0.5772, 'mean_mrr': 0.2494, 'ndcg@5': 0.2762, 'ndcg@10': 0.3382, 'loss': 5.1404506576504625}
Memory: 2.879389696 GB
{'group_auc': 0.569, 'mean_mrr': 0.2504, 'ndcg@5': 0.2729, 'ndcg@10': 0.3367, 'loss': 5.1978493699805215}
Memory: 2.879389696 GB
{'group_auc': 0.5716, 'mean_mrr': 0.2456, 'ndcg@5': 0.271, 'ndcg@10': 0.336, 'loss': 5.219336746264079}
Memory: 2.879389696 GB
{'group_auc': 0.5779, 'mean_mrr': 0.2476, 'ndcg@5': 0.2731, 'ndcg@10': 0.3371, 'loss': 5.175789287830078}
Memory: 2.879389696 GB
{'group_auc': 0.5914, 'mean_mrr': 0.2588, 'ndcg@5': 0.2873, 'ndcg@10': 0.3524, 'loss': 5.116009377990865}
Memory: 2.879389696 GB
{'group_auc': 0.5906, 'mean_mrr': 0.2582, 'ndcg@5': 0.285, 'ndcg@10': 0.3502, 'loss': 5.164241131105356}
Memory: 2.879389696 GB
{'group_auc': 0.6021, 'mean_mrr': 0.2692, 'ndcg@5': 0.2994, 'ndcg@10': 0.3616, 'loss': 5.093889238794437}
Memory: 2.879389696 GB
{'group_auc': 0.6091, 'mean_mrr': 0.2738, 'ndcg@5': 0.3033, 'ndcg@10': 0.3664, 'loss': 5.113427223818124}
Memory: 2.879389696 GB
{'group_auc': 0.6052, 'mean_mrr': 0.2742, 'ndcg@5': 0.3012, 'ndcg@10': 0.3654, 'loss': 5.074634345938803}
Memory: 2.879389696 GB
{'group_auc': 0.6086, 'mean_mrr': 0.2694, 'ndcg@5': 0.2977, 'ndcg@10': 0.3616, 'loss': 5.1481241865712075}
Memory: 2.879389696 GB
{'group_auc': 0.6062, 'mean_mrr': 0.2699, 'ndcg@5': 0.2991, 'ndcg@10': 0.3625, 'loss': 5.1666306708863825}
Memory: 2.879389696 GB
{'group_auc': 0.6023, 'mean_mrr': 0.2671, 'ndcg@5': 0.2976, 'ndcg@10': 0.3594, 'loss': 5.185881686431941}
Memory: 2.879389696 GB
{'group_auc': 0.6139, 'mean_mrr': 0.2767, 'ndcg@5': 0.307, 'ndcg@10': 0.3701, 'loss': 5.099129700915153}
Memory: 2.879389696 GB
{'group_auc': 0.6157, 'mean_mrr': 0.2773, 'ndcg@5': 0.3077, 'ndcg@10': 0.3701, 'loss': 5.215350680734172}
Memory: 2.879389696 GB
{'group_auc': 0.6171, 'mean_mrr': 0.2786, 'ndcg@5': 0.3097, 'ndcg@10': 0.3726, 'loss': 5.143187459428486}
Memory: 2.879389696 GB
{'group_auc': 0.6203, 'mean_mrr': 0.2824, 'ndcg@5': 0.3146, 'ndcg@10': 0.376, 'loss': 5.194798474384557}
Memory: 2.879389696 GB
{'group_auc': 0.6248, 'mean_mrr': 0.2837, 'ndcg@5': 0.3155, 'ndcg@10': 0.3783, 'loss': 5.2635705237069415}
