Importing Model... Ini
nheads: 4
num_layers: 4
dff: 1200
Hparam set 17
{'group_auc': 0.5466, 'mean_mrr': 0.2349, 'ndcg@5': 0.2522, 'ndcg@10': 0.3135, 'loss': 5.145496986468145}
Memory: 3.78535936 GB
{'group_auc': 0.5827, 'mean_mrr': 0.2473, 'ndcg@5': 0.2683, 'ndcg@10': 0.3344, 'loss': 5.186181407984049}
Memory: 3.78535936 GB
{'group_auc': 0.5892, 'mean_mrr': 0.252, 'ndcg@5': 0.2774, 'ndcg@10': 0.3407, 'loss': 5.248996889167646}
Memory: 3.78535936 GB
{'group_auc': 0.5873, 'mean_mrr': 0.2486, 'ndcg@5': 0.2693, 'ndcg@10': 0.3348, 'loss': 5.156568915411658}
Memory: 3.78535936 GB
{'group_auc': 0.5906, 'mean_mrr': 0.2546, 'ndcg@5': 0.2763, 'ndcg@10': 0.3399, 'loss': 5.129056663300281}
Memory: 3.78535936 GB
{'group_auc': 0.5836, 'mean_mrr': 0.2454, 'ndcg@5': 0.2668, 'ndcg@10': 0.3321, 'loss': 5.216355239682727}
Memory: 3.78535936 GB
{'group_auc': 0.5854, 'mean_mrr': 0.2468, 'ndcg@5': 0.2698, 'ndcg@10': 0.3335, 'loss': 5.21633307436264}
Memory: 3.78535936 GB
{'group_auc': 0.589, 'mean_mrr': 0.252, 'ndcg@5': 0.2769, 'ndcg@10': 0.3389, 'loss': 5.207150919355666}
Memory: 3.78535936 GB
{'group_auc': 0.5958, 'mean_mrr': 0.2534, 'ndcg@5': 0.2798, 'ndcg@10': 0.3418, 'loss': 5.178830113279206}
