Importing Model... Ini
nheads: 8
num_layers: 5
dff: 1200
Hparam set 29
{'group_auc': 0.5139, 'mean_mrr': 0.2077, 'ndcg@5': 0.2102, 'ndcg@10': 0.2663, 'loss': 5.819594089701337}
Memory: 4.192206848 GB
{'group_auc': 0.5413, 'mean_mrr': 0.212, 'ndcg@5': 0.2232, 'ndcg@10': 0.2821, 'loss': 5.8164869352241375}
Memory: 4.192206848 GB
{'group_auc': 0.5485, 'mean_mrr': 0.2217, 'ndcg@5': 0.2301, 'ndcg@10': 0.2909, 'loss': 5.815716312917086}
Memory: 4.192206848 GB
{'group_auc': 0.5506, 'mean_mrr': 0.2231, 'ndcg@5': 0.2297, 'ndcg@10': 0.2891, 'loss': 5.822096538420073}
Memory: 4.192206848 GB
{'group_auc': 0.5499, 'mean_mrr': 0.2196, 'ndcg@5': 0.2236, 'ndcg@10': 0.2879, 'loss': 5.857925614975031}
Memory: 4.192206848 GB
{'group_auc': 0.5582, 'mean_mrr': 0.2247, 'ndcg@5': 0.2286, 'ndcg@10': 0.2917, 'loss': 5.8603386123025984}
Memory: 4.192206848 GB
{'group_auc': 0.5644, 'mean_mrr': 0.2253, 'ndcg@5': 0.232, 'ndcg@10': 0.2914, 'loss': 5.836051782736159}
Memory: 4.192206848 GB
{'group_auc': 0.5667, 'mean_mrr': 0.2242, 'ndcg@5': 0.2282, 'ndcg@10': 0.2891, 'loss': 5.823836236821434}
Memory: 4.192206848 GB
{'group_auc': 0.5646, 'mean_mrr': 0.2232, 'ndcg@5': 0.2269, 'ndcg@10': 0.2897, 'loss': 5.841474939403202}
Memory: 4.192206848 GB
{'group_auc': 0.5641, 'mean_mrr': 0.2231, 'ndcg@5': 0.229, 'ndcg@10': 0.2899, 'loss': 5.898894963775012}
Memory: 4.192206848 GB
{'group_auc': 0.5729, 'mean_mrr': 0.2311, 'ndcg@5': 0.2382, 'ndcg@10': 0.2987, 'loss': 5.814985268345902}
Memory: 4.192206848 GB
{'group_auc': 0.5724, 'mean_mrr': 0.2262, 'ndcg@5': 0.2321, 'ndcg@10': 0.2948, 'loss': 5.924392882183337}
Memory: 4.192206848 GB
{'group_auc': 0.5734, 'mean_mrr': 0.2299, 'ndcg@5': 0.2368, 'ndcg@10': 0.2973, 'loss': 5.830785446926828}
Memory: 4.192206848 GB
{'group_auc': 0.5735, 'mean_mrr': 0.2279, 'ndcg@5': 0.2338, 'ndcg@10': 0.2949, 'loss': 5.887028214991458}
Memory: 4.192206848 GB
{'group_auc': 0.5745, 'mean_mrr': 0.2284, 'ndcg@5': 0.2331, 'ndcg@10': 0.2963, 'loss': 5.8356120799959585}
Memory: 4.192206848 GB
{'group_auc': 0.5802, 'mean_mrr': 0.2303, 'ndcg@5': 0.2382, 'ndcg@10': 0.2991, 'loss': 5.833593676209939}
Memory: 4.192206848 GB
{'group_auc': 0.5823, 'mean_mrr': 0.2322, 'ndcg@5': 0.2393, 'ndcg@10': 0.3022, 'loss': 5.813337599529933}
Memory: 4.192206848 GB
{'group_auc': 0.5927, 'mean_mrr': 0.2387, 'ndcg@5': 0.2481, 'ndcg@10': 0.3097, 'loss': 5.884619915211685}
Memory: 4.192206848 GB
{'group_auc': 0.5932, 'mean_mrr': 0.242, 'ndcg@5': 0.2518, 'ndcg@10': 0.3133, 'loss': 5.88352044190032}
Memory: 4.192206848 GB
{'group_auc': 0.5966, 'mean_mrr': 0.2436, 'ndcg@5': 0.2529, 'ndcg@10': 0.3168, 'loss': 6.000415867999183}
Memory: 4.192206848 GB
{'group_auc': 0.5972, 'mean_mrr': 0.243, 'ndcg@5': 0.2523, 'ndcg@10': 0.3151, 'loss': 5.81612313057393}
