Importing Model... Ini
nheads: 4
num_layers: 2
dff: 1200
Hparam set None
{'group_auc': 0.5015, 'mean_mrr': 0.201, 'ndcg@5': 0.2002, 'ndcg@10': 0.2575, 'loss': 5.853394463349262}
Memory: 2.891972608 GB
{'group_auc': 0.5703, 'mean_mrr': 0.2301, 'ndcg@5': 0.2415, 'ndcg@10': 0.2983, 'loss': 5.795754945167034}
Memory: 2.891972608 GB
{'group_auc': 0.5713, 'mean_mrr': 0.23, 'ndcg@5': 0.2412, 'ndcg@10': 0.2967, 'loss': 5.816036891333582}
Memory: 2.891972608 GB
{'group_auc': 0.5646, 'mean_mrr': 0.2306, 'ndcg@5': 0.2379, 'ndcg@10': 0.2965, 'loss': 5.832347626399186}
Memory: 2.891972608 GB
{'group_auc': 0.5663, 'mean_mrr': 0.2302, 'ndcg@5': 0.2382, 'ndcg@10': 0.2956, 'loss': 5.827406165851748}
Memory: 2.891972608 GB
{'group_auc': 0.5594, 'mean_mrr': 0.2253, 'ndcg@5': 0.2324, 'ndcg@10': 0.2908, 'loss': 5.9699550614176875}
Memory: 2.891972608 GB
{'group_auc': 0.5707, 'mean_mrr': 0.2345, 'ndcg@5': 0.2415, 'ndcg@10': 0.3021, 'loss': 5.9239780803039235}
Memory: 2.891972608 GB
{'group_auc': 0.574, 'mean_mrr': 0.2352, 'ndcg@5': 0.244, 'ndcg@10': 0.3031, 'loss': 5.817585826294936}
Memory: 2.891972608 GB
{'group_auc': 0.5759, 'mean_mrr': 0.2411, 'ndcg@5': 0.25, 'ndcg@10': 0.3082, 'loss': 5.973857438354527}
Memory: 2.891972608 GB
{'group_auc': 0.5821, 'mean_mrr': 0.2437, 'ndcg@5': 0.2547, 'ndcg@10': 0.3111, 'loss': 5.8069568829477785}
Memory: 2.891972608 GB
{'group_auc': 0.5889, 'mean_mrr': 0.2484, 'ndcg@5': 0.2605, 'ndcg@10': 0.3183, 'loss': 5.906989231454134}
Memory: 2.891972608 GB
{'group_auc': 0.592, 'mean_mrr': 0.2542, 'ndcg@5': 0.2675, 'ndcg@10': 0.3265, 'loss': 5.826191079861173}
Memory: 2.891972608 GB
{'group_auc': 0.599, 'mean_mrr': 0.2619, 'ndcg@5': 0.2738, 'ndcg@10': 0.3335, 'loss': 5.856603665990034}
Memory: 2.891972608 GB
{'group_auc': 0.5974, 'mean_mrr': 0.2603, 'ndcg@5': 0.271, 'ndcg@10': 0.3308, 'loss': 5.824397802384552}
Memory: 2.891972608 GB
{'group_auc': 0.612, 'mean_mrr': 0.2667, 'ndcg@5': 0.2826, 'ndcg@10': 0.3403, 'loss': 5.831085174268856}
Memory: 2.891972608 GB
{'group_auc': 0.6159, 'mean_mrr': 0.2683, 'ndcg@5': 0.2819, 'ndcg@10': 0.343, 'loss': 5.900021648870425}
Memory: 2.891972608 GB
{'group_auc': 0.6112, 'mean_mrr': 0.2674, 'ndcg@5': 0.2806, 'ndcg@10': 0.3414, 'loss': 5.921076364151884}
Memory: 2.891972608 GB
{'group_auc': 0.6188, 'mean_mrr': 0.2706, 'ndcg@5': 0.2844, 'ndcg@10': 0.345, 'loss': 5.781076258026015}
Memory: 2.891972608 GB
{'group_auc': 0.6146, 'mean_mrr': 0.267, 'ndcg@5': 0.2805, 'ndcg@10': 0.3414, 'loss': 5.859271710727854}
Memory: 2.891972608 GB
{'group_auc': 0.6252, 'mean_mrr': 0.2743, 'ndcg@5': 0.2896, 'ndcg@10': 0.3503, 'loss': 5.78718377355016}
Memory: 2.891972608 GB
{'group_auc': 0.6253, 'mean_mrr': 0.2727, 'ndcg@5': 0.2888, 'ndcg@10': 0.3485, 'loss': 5.772210387498657}
Memory: 2.891972608 GB
{'group_auc': 0.6224, 'mean_mrr': 0.2728, 'ndcg@5': 0.2873, 'ndcg@10': 0.3491, 'loss': 5.798854385224802}
Memory: 2.891972608 GB
{'group_auc': 0.6243, 'mean_mrr': 0.2737, 'ndcg@5': 0.2905, 'ndcg@10': 0.3493, 'loss': 5.995321870317875}
Memory: 2.891972608 GB
{'group_auc': 0.6292, 'mean_mrr': 0.2737, 'ndcg@5': 0.2897, 'ndcg@10': 0.3521, 'loss': 5.792795651610604}
Memory: 2.891972608 GB
{'group_auc': 0.6302, 'mean_mrr': 0.2775, 'ndcg@5': 0.294, 'ndcg@10': 0.3536, 'loss': 5.980078591282368}
Memory: 2.891972608 GB
{'group_auc': 0.635, 'mean_mrr': 0.277, 'ndcg@5': 0.2944, 'ndcg@10': 0.3549, 'loss': 5.854738843862468}
