Importing Model... Ini
nheads: 4
num_layers: 3
dff: 2400
Hparam set 16
{'group_auc': 0.5278, 'mean_mrr': 0.2213, 'ndcg@5': 0.2222, 'ndcg@10': 0.2839, 'loss': 5.813233003789676}
Memory: 3.632267264 GB
{'group_auc': 0.5632, 'mean_mrr': 0.227, 'ndcg@5': 0.2389, 'ndcg@10': 0.2968, 'loss': 5.812734665429682}
Memory: 3.632267264 GB
{'group_auc': 0.5741, 'mean_mrr': 0.2308, 'ndcg@5': 0.2418, 'ndcg@10': 0.302, 'loss': 5.857214677148389}
Memory: 3.632267264 GB
{'group_auc': 0.5693, 'mean_mrr': 0.2288, 'ndcg@5': 0.2381, 'ndcg@10': 0.2985, 'loss': 5.876357703891378}
Memory: 3.632267264 GB
{'group_auc': 0.58, 'mean_mrr': 0.2317, 'ndcg@5': 0.2423, 'ndcg@10': 0.304, 'loss': 5.903141490674503}
Memory: 3.632267264 GB
{'group_auc': 0.5773, 'mean_mrr': 0.2289, 'ndcg@5': 0.2414, 'ndcg@10': 0.2998, 'loss': 5.856071150573159}
Memory: 3.632267264 GB
{'group_auc': 0.5734, 'mean_mrr': 0.2255, 'ndcg@5': 0.2369, 'ndcg@10': 0.2969, 'loss': 5.840502775975381}
Memory: 3.632267264 GB
{'group_auc': 0.5823, 'mean_mrr': 0.2296, 'ndcg@5': 0.2415, 'ndcg@10': 0.3022, 'loss': 5.825232817811952}
Memory: 3.632267264 GB
{'group_auc': 0.5831, 'mean_mrr': 0.2293, 'ndcg@5': 0.2411, 'ndcg@10': 0.3019, 'loss': 5.837662229820797}
Memory: 3.632267264 GB
{'group_auc': 0.5773, 'mean_mrr': 0.2286, 'ndcg@5': 0.2379, 'ndcg@10': 0.2992, 'loss': 5.787455445505672}
Memory: 3.632267264 GB
{'group_auc': 0.5856, 'mean_mrr': 0.2346, 'ndcg@5': 0.2467, 'ndcg@10': 0.3049, 'loss': 5.836020717060314}
Memory: 3.632267264 GB
{'group_auc': 0.5858, 'mean_mrr': 0.2325, 'ndcg@5': 0.2446, 'ndcg@10': 0.3032, 'loss': 5.906053019837137}
Memory: 3.632267264 GB
{'group_auc': 0.5874, 'mean_mrr': 0.235, 'ndcg@5': 0.246, 'ndcg@10': 0.306, 'loss': 5.803986401369488}
Memory: 3.632267264 GB
{'group_auc': 0.5936, 'mean_mrr': 0.2406, 'ndcg@5': 0.2529, 'ndcg@10': 0.3119, 'loss': 5.812542576759574}
Memory: 3.632267264 GB
{'group_auc': 0.5882, 'mean_mrr': 0.2373, 'ndcg@5': 0.2471, 'ndcg@10': 0.3067, 'loss': 5.809151746203694}
Memory: 3.632267264 GB
{'group_auc': 0.5905, 'mean_mrr': 0.237, 'ndcg@5': 0.2495, 'ndcg@10': 0.3099, 'loss': 5.894791981942675}
Memory: 3.632267264 GB
{'group_auc': 0.5825, 'mean_mrr': 0.2364, 'ndcg@5': 0.2438, 'ndcg@10': 0.3072, 'loss': 5.95209853573302}
Memory: 3.632267264 GB
{'group_auc': 0.5952, 'mean_mrr': 0.2398, 'ndcg@5': 0.2496, 'ndcg@10': 0.3124, 'loss': 5.856297914061033}
Memory: 3.632267264 GB
{'group_auc': 0.6065, 'mean_mrr': 0.2483, 'ndcg@5': 0.2606, 'ndcg@10': 0.3228, 'loss': 5.776117323219632}
Memory: 3.632267264 GB
{'group_auc': 0.604, 'mean_mrr': 0.2455, 'ndcg@5': 0.2582, 'ndcg@10': 0.3224, 'loss': 5.93430146936663}
Memory: 3.632267264 GB
{'group_auc': 0.6063, 'mean_mrr': 0.2495, 'ndcg@5': 0.2633, 'ndcg@10': 0.3238, 'loss': 5.794918191619243}
