Importing Model... UserEmbDot
nheads: 4
num_layers: 2
dff: 1200
Hparam set None
{'group_auc': 0.5003, 'mean_mrr': 0.1931, 'ndcg@5': 0.1923, 'ndcg@10': 0.254, 'loss': 274.6419240980157}
Memory: 2.85212672 GB
{'group_auc': 0.494, 'mean_mrr': 0.1912, 'ndcg@5': 0.1917, 'ndcg@10': 0.2534, 'loss': 6.932290961147004}
Memory: 2.85212672 GB
{'group_auc': 0.4952, 'mean_mrr': 0.1917, 'ndcg@5': 0.1919, 'ndcg@10': 0.2539, 'loss': 6.33756176230727}
Memory: 2.85212672 GB
{'group_auc': 0.4968, 'mean_mrr': 0.1923, 'ndcg@5': 0.1938, 'ndcg@10': 0.2545, 'loss': 6.214444144251646}
Memory: 2.85212672 GB
{'group_auc': 0.4977, 'mean_mrr': 0.1925, 'ndcg@5': 0.1925, 'ndcg@10': 0.2554, 'loss': 6.083328571193585}
Memory: 2.85212672 GB
{'group_auc': 0.498, 'mean_mrr': 0.1925, 'ndcg@5': 0.193, 'ndcg@10': 0.2544, 'loss': 6.047928669124132}
Memory: 2.85212672 GB
{'group_auc': 0.4994, 'mean_mrr': 0.1924, 'ndcg@5': 0.1924, 'ndcg@10': 0.2545, 'loss': 6.018370267605476}
Memory: 2.85212672 GB
{'group_auc': 0.5003, 'mean_mrr': 0.1927, 'ndcg@5': 0.1946, 'ndcg@10': 0.2552, 'loss': 5.973218990169261}
Memory: 2.85212672 GB
{'group_auc': 0.5016, 'mean_mrr': 0.1933, 'ndcg@5': 0.1941, 'ndcg@10': 0.2551, 'loss': 6.0008120460128325}
Memory: 2.85212672 GB
{'group_auc': 0.5009, 'mean_mrr': 0.1931, 'ndcg@5': 0.1945, 'ndcg@10': 0.2553, 'loss': 5.964580671274862}
Memory: 2.85212672 GB
{'group_auc': 0.5006, 'mean_mrr': 0.1929, 'ndcg@5': 0.194, 'ndcg@10': 0.2554, 'loss': 5.853705737539234}
Memory: 2.85212672 GB
{'group_auc': 0.501, 'mean_mrr': 0.193, 'ndcg@5': 0.1958, 'ndcg@10': 0.2559, 'loss': 5.8284352965988315}
Memory: 2.85212672 GB
{'group_auc': 0.5022, 'mean_mrr': 0.193, 'ndcg@5': 0.196, 'ndcg@10': 0.2566, 'loss': 5.822386327943545}
Memory: 2.85212672 GB
{'group_auc': 0.504, 'mean_mrr': 0.1941, 'ndcg@5': 0.1947, 'ndcg@10': 0.2584, 'loss': 5.820572908418639}
Memory: 2.85212672 GB
{'group_auc': 0.5041, 'mean_mrr': 0.194, 'ndcg@5': 0.1959, 'ndcg@10': 0.2566, 'loss': 5.819660298822206}
Memory: 2.85212672 GB
{'group_auc': 0.504, 'mean_mrr': 0.1941, 'ndcg@5': 0.1946, 'ndcg@10': 0.2565, 'loss': 5.8200733411238454}
Memory: 2.85212672 GB
{'group_auc': 0.5021, 'mean_mrr': 0.193, 'ndcg@5': 0.1935, 'ndcg@10': 0.2556, 'loss': 5.819211740924632}
Memory: 2.85212672 GB
{'group_auc': 0.5023, 'mean_mrr': 0.1934, 'ndcg@5': 0.1929, 'ndcg@10': 0.2558, 'loss': 5.819649206058493}
Memory: 2.85212672 GB
{'group_auc': 0.5014, 'mean_mrr': 0.1941, 'ndcg@5': 0.1949, 'ndcg@10': 0.2564, 'loss': 5.818238397706744}
Memory: 2.85212672 GB
{'group_auc': 0.5002, 'mean_mrr': 0.1932, 'ndcg@5': 0.1945, 'ndcg@10': 0.2532, 'loss': 5.818437310716586}
Memory: 2.85212672 GB
{'group_auc': 0.5022, 'mean_mrr': 0.1946, 'ndcg@5': 0.1945, 'ndcg@10': 0.257, 'loss': 5.818412111222165}
