Importing Model... Ini
nheads: 8
num_layers: 4
dff: 2400
Hparam set None
{'group_auc': 0.4965, 'mean_mrr': 0.2127, 'ndcg@5': 0.2237, 'ndcg@10': 0.2847, 'loss': 5.170881296748114}
Memory: 6.75282944 GB
{'group_auc': 0.5679, 'mean_mrr': 0.2363, 'ndcg@5': 0.2512, 'ndcg@10': 0.3229, 'loss': 5.14937614301231}
Memory: 6.75282944 GB
{'group_auc': 0.5892, 'mean_mrr': 0.2689, 'ndcg@5': 0.2937, 'ndcg@10': 0.3559, 'loss': 5.126477977188575}
Memory: 6.75282944 GB
{'group_auc': 0.586, 'mean_mrr': 0.265, 'ndcg@5': 0.2921, 'ndcg@10': 0.352, 'loss': 5.185918083776807}
Memory: 6.75282944 GB
{'group_auc': 0.586, 'mean_mrr': 0.2528, 'ndcg@5': 0.2821, 'ndcg@10': 0.3448, 'loss': 5.184177169668975}
Memory: 6.75282944 GB
{'group_auc': 0.5838, 'mean_mrr': 0.2523, 'ndcg@5': 0.2813, 'ndcg@10': 0.343, 'loss': 5.117444218664691}
Memory: 6.75282944 GB
{'group_auc': 0.5862, 'mean_mrr': 0.2485, 'ndcg@5': 0.2772, 'ndcg@10': 0.3404, 'loss': 5.188426738103373}
Memory: 6.75282944 GB
{'group_auc': 0.5849, 'mean_mrr': 0.257, 'ndcg@5': 0.2868, 'ndcg@10': 0.3473, 'loss': 5.297283429572842}
Memory: 6.75282944 GB
{'group_auc': 0.586, 'mean_mrr': 0.253, 'ndcg@5': 0.2844, 'ndcg@10': 0.3445, 'loss': 5.422406385551744}
Memory: 6.75282944 GB
{'group_auc': 0.5893, 'mean_mrr': 0.2531, 'ndcg@5': 0.2835, 'ndcg@10': 0.344, 'loss': 5.147967572584901}
Memory: 6.75282944 GB
{'group_auc': 0.6012, 'mean_mrr': 0.2662, 'ndcg@5': 0.2971, 'ndcg@10': 0.3573, 'loss': 5.079108710852138}
Memory: 6.75282944 GB
{'group_auc': 0.6015, 'mean_mrr': 0.2621, 'ndcg@5': 0.2928, 'ndcg@10': 0.3546, 'loss': 5.137195019839026}
Memory: 6.75282944 GB
{'group_auc': 0.6044, 'mean_mrr': 0.276, 'ndcg@5': 0.306, 'ndcg@10': 0.3652, 'loss': 5.147435857743725}
Memory: 6.75282944 GB
{'group_auc': 0.5989, 'mean_mrr': 0.2719, 'ndcg@5': 0.3016, 'ndcg@10': 0.3607, 'loss': 5.2659248201339}
Memory: 6.75282944 GB
{'group_auc': 0.607, 'mean_mrr': 0.2769, 'ndcg@5': 0.3101, 'ndcg@10': 0.3675, 'loss': 5.432453264868112}
Memory: 6.75282944 GB
{'group_auc': 0.6114, 'mean_mrr': 0.2741, 'ndcg@5': 0.3046, 'ndcg@10': 0.3649, 'loss': 5.150797649083028}
Memory: 6.75282944 GB
{'group_auc': 0.615, 'mean_mrr': 0.2764, 'ndcg@5': 0.308, 'ndcg@10': 0.3693, 'loss': 5.217902711264403}
Memory: 6.75282944 GB
{'group_auc': 0.6118, 'mean_mrr': 0.2769, 'ndcg@5': 0.311, 'ndcg@10': 0.369, 'loss': 5.212114292362935}
Memory: 6.75282944 GB
{'group_auc': 0.6113, 'mean_mrr': 0.2793, 'ndcg@5': 0.3132, 'ndcg@10': 0.371, 'loss': 5.234744333719338}
Memory: 6.75282944 GB
{'group_auc': 0.6164, 'mean_mrr': 0.2796, 'ndcg@5': 0.3116, 'ndcg@10': 0.3723, 'loss': 5.216283945404629}
Memory: 6.75282944 GB
{'group_auc': 0.6165, 'mean_mrr': 0.2801, 'ndcg@5': 0.3108, 'ndcg@10': 0.3721, 'loss': 5.178521571494808}
Memory: 6.75282944 GB
{'group_auc': 0.6137, 'mean_mrr': 0.2792, 'ndcg@5': 0.3106, 'ndcg@10': 0.3718, 'loss': 5.263566929917153}
Memory: 6.75282944 GB
{'group_auc': 0.6175, 'mean_mrr': 0.2832, 'ndcg@5': 0.3132, 'ndcg@10': 0.3758, 'loss': 5.192821502178224}
Memory: 6.75282944 GB
{'group_auc': 0.6209, 'mean_mrr': 0.2856, 'ndcg@5': 0.3185, 'ndcg@10': 0.3781, 'loss': 5.099518184766716}
Memory: 6.75282944 GB
{'group_auc': 0.6097, 'mean_mrr': 0.2788, 'ndcg@5': 0.3094, 'ndcg@10': 0.3707, 'loss': 5.2047626172080665}
Memory: 6.75282944 GB
{'group_auc': 0.6229, 'mean_mrr': 0.2826, 'ndcg@5': 0.3134, 'ndcg@10': 0.3753, 'loss': 5.230407482966867}
Memory: 6.75282944 GB
{'group_auc': 0.6227, 'mean_mrr': 0.2833, 'ndcg@5': 0.3141, 'ndcg@10': 0.3772, 'loss': 5.209319511557318}
Memory: 6.75282944 GB
{'group_auc': 0.6183, 'mean_mrr': 0.2792, 'ndcg@5': 0.3097, 'ndcg@10': 0.3717, 'loss': 5.273691841411286}
Memory: 6.75282944 GB
{'group_auc': 0.6242, 'mean_mrr': 0.2799, 'ndcg@5': 0.3111, 'ndcg@10': 0.3737, 'loss': 5.268004479684636}
Memory: 6.75282944 GB
{'group_auc': 0.622, 'mean_mrr': 0.2813, 'ndcg@5': 0.3122, 'ndcg@10': 0.3747, 'loss': 5.401401897043837}
Memory: 6.75282944 GB
{'group_auc': 0.6233, 'mean_mrr': 0.2831, 'ndcg@5': 0.3148, 'ndcg@10': 0.3763, 'loss': 5.186889286108674}
Memory: 6.75282944 GB
{'group_auc': 0.6223, 'mean_mrr': 0.2804, 'ndcg@5': 0.3114, 'ndcg@10': 0.374, 'loss': 5.142413408513293}
Memory: 6.75282944 GB
{'group_auc': 0.6198, 'mean_mrr': 0.2812, 'ndcg@5': 0.3117, 'ndcg@10': 0.3741, 'loss': 5.306907551777873}
Memory: 6.75282944 GB
{'group_auc': 0.6187, 'mean_mrr': 0.2801, 'ndcg@5': 0.3118, 'ndcg@10': 0.3732, 'loss': 5.214478106934504}
Memory: 6.75282944 GB
{'group_auc': 0.624, 'mean_mrr': 0.2875, 'ndcg@5': 0.3186, 'ndcg@10': 0.3796, 'loss': 5.2818287596632025}
Memory: 6.75282944 GB
{'group_auc': 0.6222, 'mean_mrr': 0.2833, 'ndcg@5': 0.3134, 'ndcg@10': 0.3753, 'loss': 5.33636472967592}
Memory: 6.75282944 GB
{'group_auc': 0.6191, 'mean_mrr': 0.2799, 'ndcg@5': 0.3089, 'ndcg@10': 0.3721, 'loss': 5.435989337196389}
Memory: 6.75282944 GB
{'group_auc': 0.623, 'mean_mrr': 0.281, 'ndcg@5': 0.3103, 'ndcg@10': 0.3734, 'loss': 5.3845019041030096}
Memory: 6.75282944 GB
{'group_auc': 0.6221, 'mean_mrr': 0.2814, 'ndcg@5': 0.3112, 'ndcg@10': 0.3729, 'loss': 5.557906831715288}
Memory: 6.75282944 GB
{'group_auc': 0.6183, 'mean_mrr': 0.2795, 'ndcg@5': 0.3076, 'ndcg@10': 0.3708, 'loss': 5.43785179704511}
Memory: 6.75282944 GB
{'group_auc': 0.6239, 'mean_mrr': 0.2813, 'ndcg@5': 0.3092, 'ndcg@10': 0.3739, 'loss': 5.201760694873694}
Memory: 6.75282944 GB
{'group_auc': 0.6184, 'mean_mrr': 0.2807, 'ndcg@5': 0.3086, 'ndcg@10': 0.3728, 'loss': 5.400824302369925}
Memory: 6.75282944 GB
{'group_auc': 0.6165, 'mean_mrr': 0.2783, 'ndcg@5': 0.3056, 'ndcg@10': 0.3703, 'loss': 5.321509928686669}
Memory: 6.75282944 GB
{'group_auc': 0.6155, 'mean_mrr': 0.2801, 'ndcg@5': 0.3064, 'ndcg@10': 0.3712, 'loss': 5.268075989649156}
Memory: 6.75282944 GB
{'group_auc': 0.6174, 'mean_mrr': 0.2818, 'ndcg@5': 0.3085, 'ndcg@10': 0.3718, 'loss': 5.274611711313678}
Memory: 6.75282944 GB
{'group_auc': 0.6209, 'mean_mrr': 0.2823, 'ndcg@5': 0.3112, 'ndcg@10': 0.3743, 'loss': 5.291624670711512}
Memory: 6.75282944 GB
{'group_auc': 0.6172, 'mean_mrr': 0.28, 'ndcg@5': 0.308, 'ndcg@10': 0.3721, 'loss': 5.456005211894729}
Memory: 6.75282944 GB
{'group_auc': 0.6203, 'mean_mrr': 0.2802, 'ndcg@5': 0.3075, 'ndcg@10': 0.372, 'loss': 5.462391153850852}
Memory: 6.75282944 GB
{'group_auc': 0.6158, 'mean_mrr': 0.2779, 'ndcg@5': 0.3048, 'ndcg@10': 0.3694, 'loss': 5.2812442226640215}
Memory: 6.75282944 GB
{'group_auc': 0.6193, 'mean_mrr': 0.2807, 'ndcg@5': 0.3093, 'ndcg@10': 0.3717, 'loss': 5.683140746457522}
Memory: 6.75282944 GB
{'group_auc': 0.6184, 'mean_mrr': 0.28, 'ndcg@5': 0.3073, 'ndcg@10': 0.371, 'loss': 5.333097376614825}
