Importing Model... Ini
nheads: 2
num_layers: 1
dff: 1200
Hparam set 1
{'group_auc': 0.5101, 'mean_mrr': 0.2205, 'ndcg@5': 0.2243, 'ndcg@10': 0.2891, 'loss': 5.202391001689816}
Memory: 2.868903936 GB
{'group_auc': 0.556, 'mean_mrr': 0.2281, 'ndcg@5': 0.2435, 'ndcg@10': 0.3141, 'loss': 5.164227642036654}
Memory: 2.868903936 GB
{'group_auc': 0.5734, 'mean_mrr': 0.2388, 'ndcg@5': 0.261, 'ndcg@10': 0.327, 'loss': 5.147273590776818}
Memory: 2.868903936 GB
{'group_auc': 0.572, 'mean_mrr': 0.2424, 'ndcg@5': 0.2609, 'ndcg@10': 0.3288, 'loss': 5.1602931187552254}
Memory: 2.868903936 GB
{'group_auc': 0.5804, 'mean_mrr': 0.2509, 'ndcg@5': 0.2754, 'ndcg@10': 0.3392, 'loss': 5.127574393479248}
Memory: 2.868903936 GB
{'group_auc': 0.5768, 'mean_mrr': 0.2553, 'ndcg@5': 0.275, 'ndcg@10': 0.3394, 'loss': 5.153653170424371}
Memory: 2.868903936 GB
{'group_auc': 0.5803, 'mean_mrr': 0.2618, 'ndcg@5': 0.2821, 'ndcg@10': 0.3476, 'loss': 5.263734868435975}
Memory: 2.868903936 GB
{'group_auc': 0.583, 'mean_mrr': 0.2658, 'ndcg@5': 0.2893, 'ndcg@10': 0.3516, 'loss': 5.130359416502263}
Memory: 2.868903936 GB
{'group_auc': 0.5859, 'mean_mrr': 0.2607, 'ndcg@5': 0.2853, 'ndcg@10': 0.3481, 'loss': 5.1599583371742375}
Memory: 2.868903936 GB
{'group_auc': 0.5912, 'mean_mrr': 0.2555, 'ndcg@5': 0.2813, 'ndcg@10': 0.3453, 'loss': 5.24677639466132}
Memory: 2.868903936 GB
{'group_auc': 0.597, 'mean_mrr': 0.2612, 'ndcg@5': 0.2888, 'ndcg@10': 0.3531, 'loss': 5.166714431798998}
Memory: 2.868903936 GB
{'group_auc': 0.6012, 'mean_mrr': 0.2632, 'ndcg@5': 0.2923, 'ndcg@10': 0.3552, 'loss': 5.149298410046079}
Memory: 2.868903936 GB
{'group_auc': 0.6084, 'mean_mrr': 0.2727, 'ndcg@5': 0.2987, 'ndcg@10': 0.3622, 'loss': 5.105571790252975}
Memory: 2.868903936 GB
{'group_auc': 0.6034, 'mean_mrr': 0.2685, 'ndcg@5': 0.2932, 'ndcg@10': 0.3577, 'loss': 5.131681387548048}
Memory: 2.868903936 GB
{'group_auc': 0.6118, 'mean_mrr': 0.2735, 'ndcg@5': 0.3014, 'ndcg@10': 0.3646, 'loss': 5.136867120422946}
Memory: 2.868903936 GB
{'group_auc': 0.6114, 'mean_mrr': 0.2731, 'ndcg@5': 0.2974, 'ndcg@10': 0.3618, 'loss': 5.135560325844735}
Memory: 2.868903936 GB
{'group_auc': 0.6136, 'mean_mrr': 0.2782, 'ndcg@5': 0.3054, 'ndcg@10': 0.3661, 'loss': 5.235467966366654}
Memory: 2.868903936 GB
{'group_auc': 0.6076, 'mean_mrr': 0.2691, 'ndcg@5': 0.2941, 'ndcg@10': 0.3583, 'loss': 5.2339603562817105}
Memory: 2.868903936 GB
{'group_auc': 0.6114, 'mean_mrr': 0.274, 'ndcg@5': 0.2999, 'ndcg@10': 0.3633, 'loss': 5.184832718437404}
Memory: 2.868903936 GB
{'group_auc': 0.6161, 'mean_mrr': 0.2811, 'ndcg@5': 0.307, 'ndcg@10': 0.3693, 'loss': 5.204609159748061}
Memory: 2.868903936 GB
{'group_auc': 0.6198, 'mean_mrr': 0.2833, 'ndcg@5': 0.3109, 'ndcg@10': 0.3729, 'loss': 5.202866709789347}
