Importing Model... Ini
nheads: 4
num_layers: 1
dff: 1200
Hparam set 11
{'group_auc': 0.4627, 'mean_mrr': 0.1785, 'ndcg@5': 0.175, 'ndcg@10': 0.2402, 'loss': 5.940123293262768}
Memory: 2.879389696 GB
{'group_auc': 0.5599, 'mean_mrr': 0.2179, 'ndcg@5': 0.231, 'ndcg@10': 0.291, 'loss': 5.790597789627413}
Memory: 2.879389696 GB
{'group_auc': 0.5484, 'mean_mrr': 0.2131, 'ndcg@5': 0.2237, 'ndcg@10': 0.283, 'loss': 5.803493428689289}
Memory: 2.879389696 GB
{'group_auc': 0.5478, 'mean_mrr': 0.2145, 'ndcg@5': 0.2238, 'ndcg@10': 0.2843, 'loss': 5.845462133856416}
Memory: 2.879389696 GB
{'group_auc': 0.5666, 'mean_mrr': 0.2212, 'ndcg@5': 0.2294, 'ndcg@10': 0.2925, 'loss': 5.860686082212092}
Memory: 2.879389696 GB
{'group_auc': 0.5667, 'mean_mrr': 0.2207, 'ndcg@5': 0.2279, 'ndcg@10': 0.29, 'loss': 5.873351171957978}
Memory: 2.879389696 GB
{'group_auc': 0.5699, 'mean_mrr': 0.2248, 'ndcg@5': 0.2321, 'ndcg@10': 0.294, 'loss': 5.921044878832608}
Memory: 2.879389696 GB
{'group_auc': 0.5655, 'mean_mrr': 0.2248, 'ndcg@5': 0.2337, 'ndcg@10': 0.2914, 'loss': 5.899718854074109}
Memory: 2.879389696 GB
{'group_auc': 0.5691, 'mean_mrr': 0.2287, 'ndcg@5': 0.2375, 'ndcg@10': 0.2954, 'loss': 5.93552217541496}
Memory: 2.879389696 GB
{'group_auc': 0.5751, 'mean_mrr': 0.2287, 'ndcg@5': 0.2379, 'ndcg@10': 0.2965, 'loss': 5.8769872054656584}
Memory: 2.879389696 GB
{'group_auc': 0.5781, 'mean_mrr': 0.2298, 'ndcg@5': 0.2403, 'ndcg@10': 0.2971, 'loss': 5.846393643428768}
Memory: 2.879389696 GB
{'group_auc': 0.5896, 'mean_mrr': 0.2368, 'ndcg@5': 0.249, 'ndcg@10': 0.3071, 'loss': 5.927741929322164}
Memory: 2.879389696 GB
{'group_auc': 0.6003, 'mean_mrr': 0.2485, 'ndcg@5': 0.2604, 'ndcg@10': 0.3193, 'loss': 5.7991658924503}
Memory: 2.879389696 GB
{'group_auc': 0.6076, 'mean_mrr': 0.2507, 'ndcg@5': 0.2633, 'ndcg@10': 0.324, 'loss': 5.8688992734051935}
Memory: 2.879389696 GB
{'group_auc': 0.6119, 'mean_mrr': 0.2574, 'ndcg@5': 0.2722, 'ndcg@10': 0.332, 'loss': 5.874899726337866}
Memory: 2.879389696 GB
{'group_auc': 0.617, 'mean_mrr': 0.2601, 'ndcg@5': 0.2733, 'ndcg@10': 0.3372, 'loss': 5.824561043968897}
Memory: 2.879389696 GB
{'group_auc': 0.6204, 'mean_mrr': 0.2608, 'ndcg@5': 0.2747, 'ndcg@10': 0.3377, 'loss': 5.873898100553328}
Memory: 2.879389696 GB
{'group_auc': 0.6235, 'mean_mrr': 0.2601, 'ndcg@5': 0.2739, 'ndcg@10': 0.3386, 'loss': 5.858265517798597}
Memory: 2.879389696 GB
{'group_auc': 0.6106, 'mean_mrr': 0.2576, 'ndcg@5': 0.268, 'ndcg@10': 0.3323, 'loss': 5.808629486999998}
Memory: 2.879389696 GB
{'group_auc': 0.6188, 'mean_mrr': 0.2637, 'ndcg@5': 0.2759, 'ndcg@10': 0.3401, 'loss': 5.803014412069755}
Memory: 2.879389696 GB
{'group_auc': 0.6135, 'mean_mrr': 0.2606, 'ndcg@5': 0.2733, 'ndcg@10': 0.3349, 'loss': 5.8747743477515755}
