Importing Model... Ini
nheads: 4
num_layers: 4
dff: 2400
Hparam set 18
{'group_auc': 0.533, 'mean_mrr': 0.2019, 'ndcg@5': 0.2037, 'ndcg@10': 0.2665, 'loss': 5.809531546701716}
Memory: 3.938451456 GB
{'group_auc': 0.5624, 'mean_mrr': 0.2233, 'ndcg@5': 0.2354, 'ndcg@10': 0.291, 'loss': 5.812435926052447}
Memory: 3.938451456 GB
{'group_auc': 0.5699, 'mean_mrr': 0.2392, 'ndcg@5': 0.2508, 'ndcg@10': 0.3087, 'loss': 5.802495239978198}
Memory: 3.938451456 GB
{'group_auc': 0.5724, 'mean_mrr': 0.2419, 'ndcg@5': 0.2532, 'ndcg@10': 0.3112, 'loss': 5.813157562768154}
Memory: 3.938451456 GB
{'group_auc': 0.5743, 'mean_mrr': 0.2359, 'ndcg@5': 0.2484, 'ndcg@10': 0.306, 'loss': 5.86998124492321}
Memory: 3.938451456 GB
{'group_auc': 0.5776, 'mean_mrr': 0.2359, 'ndcg@5': 0.246, 'ndcg@10': 0.3054, 'loss': 5.8189615620939685}
Memory: 3.938451456 GB
{'group_auc': 0.5837, 'mean_mrr': 0.239, 'ndcg@5': 0.2504, 'ndcg@10': 0.3094, 'loss': 5.870470694250642}
Memory: 3.938451456 GB
{'group_auc': 0.5844, 'mean_mrr': 0.2422, 'ndcg@5': 0.2505, 'ndcg@10': 0.3117, 'loss': 5.859635636951061}
Memory: 3.938451456 GB
{'group_auc': 0.5856, 'mean_mrr': 0.2431, 'ndcg@5': 0.2546, 'ndcg@10': 0.3137, 'loss': 5.786399880047667}
Memory: 3.938451456 GB
{'group_auc': 0.5862, 'mean_mrr': 0.2395, 'ndcg@5': 0.2482, 'ndcg@10': 0.3089, 'loss': 5.934105628080475}
Memory: 3.938451456 GB
{'group_auc': 0.5891, 'mean_mrr': 0.2395, 'ndcg@5': 0.2508, 'ndcg@10': 0.3123, 'loss': 5.825530146729506}
Memory: 3.938451456 GB
{'group_auc': 0.5882, 'mean_mrr': 0.2384, 'ndcg@5': 0.2493, 'ndcg@10': 0.309, 'loss': 5.83814855158865}
Memory: 3.938451456 GB
{'group_auc': 0.5884, 'mean_mrr': 0.239, 'ndcg@5': 0.2482, 'ndcg@10': 0.31, 'loss': 6.0173821959356655}
Memory: 3.938451456 GB
{'group_auc': 0.5901, 'mean_mrr': 0.2422, 'ndcg@5': 0.2533, 'ndcg@10': 0.3131, 'loss': 5.865203308408116}
Memory: 3.938451456 GB
{'group_auc': 0.5948, 'mean_mrr': 0.2424, 'ndcg@5': 0.2532, 'ndcg@10': 0.3136, 'loss': 5.869634856468182}
Memory: 3.938451456 GB
{'group_auc': 0.5971, 'mean_mrr': 0.245, 'ndcg@5': 0.2555, 'ndcg@10': 0.3152, 'loss': 5.819039997480554}
Memory: 3.938451456 GB
{'group_auc': 0.5927, 'mean_mrr': 0.2388, 'ndcg@5': 0.249, 'ndcg@10': 0.3109, 'loss': 5.783880553775059}
Memory: 3.938451456 GB
{'group_auc': 0.5971, 'mean_mrr': 0.248, 'ndcg@5': 0.2598, 'ndcg@10': 0.3191, 'loss': 5.860194948570496}
Memory: 3.938451456 GB
{'group_auc': 0.601, 'mean_mrr': 0.2483, 'ndcg@5': 0.2599, 'ndcg@10': 0.3219, 'loss': 5.869182088997606}
Memory: 3.938451456 GB
{'group_auc': 0.5981, 'mean_mrr': 0.2493, 'ndcg@5': 0.2597, 'ndcg@10': 0.3207, 'loss': 6.003051333134338}
Memory: 3.938451456 GB
{'group_auc': 0.5973, 'mean_mrr': 0.2483, 'ndcg@5': 0.2601, 'ndcg@10': 0.3207, 'loss': 5.932549412784579}
