Importing Model... Ini
nheads: 8
num_layers: 4
dff: 1200
Hparam set 27
{'group_auc': 0.5194, 'mean_mrr': 0.2041, 'ndcg@5': 0.2053, 'ndcg@10': 0.2677, 'loss': 5.8192463440710425}
Memory: 3.79584512 GB
{'group_auc': 0.5584, 'mean_mrr': 0.2242, 'ndcg@5': 0.2362, 'ndcg@10': 0.2945, 'loss': 5.812013968013208}
Memory: 3.79584512 GB
{'group_auc': 0.566, 'mean_mrr': 0.2278, 'ndcg@5': 0.2391, 'ndcg@10': 0.298, 'loss': 5.824945844042412}
Memory: 3.79584512 GB
{'group_auc': 0.5667, 'mean_mrr': 0.2242, 'ndcg@5': 0.2337, 'ndcg@10': 0.2948, 'loss': 5.97136170943806}
Memory: 3.79584512 GB
{'group_auc': 0.566, 'mean_mrr': 0.2236, 'ndcg@5': 0.2333, 'ndcg@10': 0.2918, 'loss': 5.825095491455859}
Memory: 3.79584512 GB
{'group_auc': 0.5683, 'mean_mrr': 0.2243, 'ndcg@5': 0.2334, 'ndcg@10': 0.2918, 'loss': 5.882475897627049}
Memory: 3.79584512 GB
{'group_auc': 0.5648, 'mean_mrr': 0.2215, 'ndcg@5': 0.2312, 'ndcg@10': 0.2887, 'loss': 5.846810930706923}
Memory: 3.79584512 GB
{'group_auc': 0.5652, 'mean_mrr': 0.2225, 'ndcg@5': 0.2329, 'ndcg@10': 0.2915, 'loss': 5.9214477289520655}
Memory: 3.79584512 GB
{'group_auc': 0.5714, 'mean_mrr': 0.2235, 'ndcg@5': 0.2344, 'ndcg@10': 0.293, 'loss': 5.808579724015699}
Memory: 3.79584512 GB
{'group_auc': 0.5717, 'mean_mrr': 0.2231, 'ndcg@5': 0.2338, 'ndcg@10': 0.2927, 'loss': 5.876895946939619}
Memory: 3.79584512 GB
{'group_auc': 0.5672, 'mean_mrr': 0.2227, 'ndcg@5': 0.2336, 'ndcg@10': 0.2921, 'loss': 5.8933765461661896}
Memory: 3.79584512 GB
{'group_auc': 0.5775, 'mean_mrr': 0.2282, 'ndcg@5': 0.2394, 'ndcg@10': 0.297, 'loss': 5.807512615973604}
Memory: 3.79584512 GB
{'group_auc': 0.5766, 'mean_mrr': 0.2271, 'ndcg@5': 0.2385, 'ndcg@10': 0.2968, 'loss': 5.907021356812366}
Memory: 3.79584512 GB
{'group_auc': 0.578, 'mean_mrr': 0.2281, 'ndcg@5': 0.2372, 'ndcg@10': 0.2974, 'loss': 5.888369563059736}
Memory: 3.79584512 GB
{'group_auc': 0.5858, 'mean_mrr': 0.2332, 'ndcg@5': 0.2457, 'ndcg@10': 0.3034, 'loss': 6.036287886230162}
Memory: 3.79584512 GB
{'group_auc': 0.5833, 'mean_mrr': 0.2343, 'ndcg@5': 0.2437, 'ndcg@10': 0.304, 'loss': 5.845017093423645}
Memory: 3.79584512 GB
{'group_auc': 0.5858, 'mean_mrr': 0.2345, 'ndcg@5': 0.2463, 'ndcg@10': 0.3052, 'loss': 5.830921497194418}
Memory: 3.79584512 GB
{'group_auc': 0.5953, 'mean_mrr': 0.2402, 'ndcg@5': 0.2535, 'ndcg@10': 0.3112, 'loss': 5.781429215998118}
Memory: 3.79584512 GB
{'group_auc': 0.5951, 'mean_mrr': 0.2397, 'ndcg@5': 0.2521, 'ndcg@10': 0.3106, 'loss': 5.805863347349011}
Memory: 3.79584512 GB
{'group_auc': 0.602, 'mean_mrr': 0.2424, 'ndcg@5': 0.2566, 'ndcg@10': 0.3154, 'loss': 5.764464289866391}
Memory: 3.79584512 GB
{'group_auc': 0.6013, 'mean_mrr': 0.2455, 'ndcg@5': 0.2593, 'ndcg@10': 0.3185, 'loss': 5.879868882263731}
