Importing Model... Ini
nheads: 2
num_layers: 3
dff: 1200
Hparam set 5
{'group_auc': 0.5269, 'mean_mrr': 0.2286, 'ndcg@5': 0.2431, 'ndcg@10': 0.3019, 'loss': 5.1629559780597365}
Memory: 3.485466624 GB
{'group_auc': 0.5862, 'mean_mrr': 0.2515, 'ndcg@5': 0.2775, 'ndcg@10': 0.3405, 'loss': 5.1076071663868206}
Memory: 3.485466624 GB
{'group_auc': 0.59, 'mean_mrr': 0.2708, 'ndcg@5': 0.2966, 'ndcg@10': 0.3559, 'loss': 5.133825273912377}
Memory: 3.485466624 GB
{'group_auc': 0.5854, 'mean_mrr': 0.2634, 'ndcg@5': 0.2904, 'ndcg@10': 0.3499, 'loss': 5.157808996648632}
Memory: 3.485466624 GB
{'group_auc': 0.5797, 'mean_mrr': 0.2652, 'ndcg@5': 0.2869, 'ndcg@10': 0.3488, 'loss': 5.124095000242326}
Memory: 3.485466624 GB
{'group_auc': 0.5787, 'mean_mrr': 0.2543, 'ndcg@5': 0.2764, 'ndcg@10': 0.3414, 'loss': 5.1202534494671434}
Memory: 3.485466624 GB
{'group_auc': 0.5833, 'mean_mrr': 0.2551, 'ndcg@5': 0.2789, 'ndcg@10': 0.3419, 'loss': 5.2119754531246185}
Memory: 3.485466624 GB
{'group_auc': 0.5864, 'mean_mrr': 0.2632, 'ndcg@5': 0.2862, 'ndcg@10': 0.3503, 'loss': 5.129679685198253}
Memory: 3.485466624 GB
{'group_auc': 0.5851, 'mean_mrr': 0.262, 'ndcg@5': 0.283, 'ndcg@10': 0.3468, 'loss': 5.21885282943443}
Memory: 3.485466624 GB
{'group_auc': 0.5876, 'mean_mrr': 0.2574, 'ndcg@5': 0.2815, 'ndcg@10': 0.3449, 'loss': 5.255067146447091}
Memory: 3.485466624 GB
{'group_auc': 0.5998, 'mean_mrr': 0.2697, 'ndcg@5': 0.2923, 'ndcg@10': 0.3572, 'loss': 5.297698279933264}
Memory: 3.485466624 GB
{'group_auc': 0.6013, 'mean_mrr': 0.2723, 'ndcg@5': 0.2967, 'ndcg@10': 0.3597, 'loss': 5.25657062654786}
Memory: 3.485466624 GB
{'group_auc': 0.6004, 'mean_mrr': 0.2657, 'ndcg@5': 0.2904, 'ndcg@10': 0.3565, 'loss': 5.200009517175613}
Memory: 3.485466624 GB
{'group_auc': 0.6078, 'mean_mrr': 0.2704, 'ndcg@5': 0.2953, 'ndcg@10': 0.3617, 'loss': 5.142786406894007}
Memory: 3.485466624 GB
{'group_auc': 0.6097, 'mean_mrr': 0.2721, 'ndcg@5': 0.2964, 'ndcg@10': 0.3636, 'loss': 5.183370167230689}
Memory: 3.485466624 GB
{'group_auc': 0.6119, 'mean_mrr': 0.2727, 'ndcg@5': 0.299, 'ndcg@10': 0.3636, 'loss': 5.268784147979342}
Memory: 3.485466624 GB
{'group_auc': 0.6123, 'mean_mrr': 0.2685, 'ndcg@5': 0.2941, 'ndcg@10': 0.361, 'loss': 5.181600828805618}
Memory: 3.485466624 GB
{'group_auc': 0.6049, 'mean_mrr': 0.2694, 'ndcg@5': 0.2927, 'ndcg@10': 0.3576, 'loss': 5.203372043715725}
Memory: 3.485466624 GB
{'group_auc': 0.6129, 'mean_mrr': 0.276, 'ndcg@5': 0.3019, 'ndcg@10': 0.3671, 'loss': 5.238517650909304}
Memory: 3.485466624 GB
{'group_auc': 0.6183, 'mean_mrr': 0.2801, 'ndcg@5': 0.3068, 'ndcg@10': 0.37, 'loss': 5.14637640440003}
Memory: 3.485466624 GB
{'group_auc': 0.6106, 'mean_mrr': 0.2737, 'ndcg@5': 0.2999, 'ndcg@10': 0.3632, 'loss': 5.33356177478571}
