Importing Model... Ini
nheads: 2
num_layers: 4
dff: 1200
Hparam set 7
{'group_auc': 0.5418, 'mean_mrr': 0.2237, 'ndcg@5': 0.2242, 'ndcg@10': 0.2871, 'loss': 5.806113271050925}
Memory: 3.483369472 GB
{'group_auc': 0.5598, 'mean_mrr': 0.2245, 'ndcg@5': 0.2341, 'ndcg@10': 0.2921, 'loss': 5.8047800799215254}
Memory: 3.483369472 GB
{'group_auc': 0.5535, 'mean_mrr': 0.2186, 'ndcg@5': 0.2256, 'ndcg@10': 0.2847, 'loss': 5.867078378983993}
Memory: 3.483369472 GB
{'group_auc': 0.5684, 'mean_mrr': 0.2249, 'ndcg@5': 0.2357, 'ndcg@10': 0.2934, 'loss': 5.84627264585849}
Memory: 3.483369472 GB
{'group_auc': 0.5722, 'mean_mrr': 0.2256, 'ndcg@5': 0.2366, 'ndcg@10': 0.2933, 'loss': 5.835251603913407}
Memory: 3.483369472 GB
{'group_auc': 0.5738, 'mean_mrr': 0.2296, 'ndcg@5': 0.24, 'ndcg@10': 0.2975, 'loss': 5.969422425341522}
Memory: 3.483369472 GB
{'group_auc': 0.5662, 'mean_mrr': 0.2277, 'ndcg@5': 0.2354, 'ndcg@10': 0.2964, 'loss': 5.843623653054237}
Memory: 3.483369472 GB
{'group_auc': 0.5762, 'mean_mrr': 0.2331, 'ndcg@5': 0.2427, 'ndcg@10': 0.302, 'loss': 5.959165971338196}
Memory: 3.483369472 GB
{'group_auc': 0.571, 'mean_mrr': 0.2274, 'ndcg@5': 0.2363, 'ndcg@10': 0.2969, 'loss': 5.916031686423079}
Memory: 3.483369472 GB
{'group_auc': 0.568, 'mean_mrr': 0.2299, 'ndcg@5': 0.2405, 'ndcg@10': 0.2982, 'loss': 5.8627718369306345}
Memory: 3.483369472 GB
{'group_auc': 0.5751, 'mean_mrr': 0.2299, 'ndcg@5': 0.2396, 'ndcg@10': 0.2983, 'loss': 5.9503611149891595}
Memory: 3.483369472 GB
{'group_auc': 0.5769, 'mean_mrr': 0.2302, 'ndcg@5': 0.2412, 'ndcg@10': 0.3009, 'loss': 5.855745588359813}
Memory: 3.483369472 GB
{'group_auc': 0.5829, 'mean_mrr': 0.2345, 'ndcg@5': 0.2444, 'ndcg@10': 0.3051, 'loss': 5.959884053775813}
Memory: 3.483369472 GB
{'group_auc': 0.5845, 'mean_mrr': 0.237, 'ndcg@5': 0.2491, 'ndcg@10': 0.3083, 'loss': 6.00486052732748}
Memory: 3.483369472 GB
{'group_auc': 0.5754, 'mean_mrr': 0.2318, 'ndcg@5': 0.2427, 'ndcg@10': 0.3033, 'loss': 5.91224679509727}
Memory: 3.483369472 GB
{'group_auc': 0.5814, 'mean_mrr': 0.2362, 'ndcg@5': 0.2464, 'ndcg@10': 0.3065, 'loss': 5.858543432237632}
Memory: 3.483369472 GB
{'group_auc': 0.5835, 'mean_mrr': 0.2395, 'ndcg@5': 0.2494, 'ndcg@10': 0.3105, 'loss': 5.88711769608304}
Memory: 3.483369472 GB
{'group_auc': 0.5956, 'mean_mrr': 0.2475, 'ndcg@5': 0.2582, 'ndcg@10': 0.3204, 'loss': 5.900132690976593}
Memory: 3.483369472 GB
{'group_auc': 0.5962, 'mean_mrr': 0.248, 'ndcg@5': 0.2608, 'ndcg@10': 0.32, 'loss': 5.839318861577272}
Memory: 3.483369472 GB
{'group_auc': 0.5946, 'mean_mrr': 0.2492, 'ndcg@5': 0.2594, 'ndcg@10': 0.3204, 'loss': 5.8105518225109245}
Memory: 3.483369472 GB
{'group_auc': 0.5851, 'mean_mrr': 0.2413, 'ndcg@5': 0.252, 'ndcg@10': 0.3127, 'loss': 5.89931127416247}
Memory: 3.483369472 GB
{'group_auc': 0.5991, 'mean_mrr': 0.2533, 'ndcg@5': 0.2651, 'ndcg@10': 0.3245, 'loss': 5.832310224092908}
Memory: 3.483369472 GB
{'group_auc': 0.6042, 'mean_mrr': 0.2542, 'ndcg@5': 0.2668, 'ndcg@10': 0.3281, 'loss': 5.850600585718956}
Memory: 3.483369472 GB
{'group_auc': 0.5994, 'mean_mrr': 0.2531, 'ndcg@5': 0.2649, 'ndcg@10': 0.3248, 'loss': 5.819662625903045}
Memory: 3.483369472 GB
{'group_auc': 0.597, 'mean_mrr': 0.2489, 'ndcg@5': 0.2616, 'ndcg@10': 0.3216, 'loss': 6.024585947015315}
Memory: 3.483369472 GB
{'group_auc': 0.6047, 'mean_mrr': 0.2559, 'ndcg@5': 0.2671, 'ndcg@10': 0.3292, 'loss': 5.832043362374106}
