Importing Model... Ini
nheads: 4
num_layers: 3
dff: 1200
Hparam set 15
{'group_auc': 0.4957, 'mean_mrr': 0.2082, 'ndcg@5': 0.2134, 'ndcg@10': 0.275, 'loss': 5.180909488748838}
Memory: 3.506438144 GB
{'group_auc': 0.5783, 'mean_mrr': 0.2522, 'ndcg@5': 0.2798, 'ndcg@10': 0.3391, 'loss': 5.178100984754332}
Memory: 3.506438144 GB
{'group_auc': 0.5783, 'mean_mrr': 0.248, 'ndcg@5': 0.2733, 'ndcg@10': 0.3371, 'loss': 5.145081990386404}
Memory: 3.506438144 GB
{'group_auc': 0.5759, 'mean_mrr': 0.2496, 'ndcg@5': 0.2765, 'ndcg@10': 0.3375, 'loss': 5.191470343602317}
Memory: 3.506438144 GB
{'group_auc': 0.5845, 'mean_mrr': 0.2538, 'ndcg@5': 0.2766, 'ndcg@10': 0.3417, 'loss': 5.269020009351147}
Memory: 3.506438144 GB
{'group_auc': 0.5855, 'mean_mrr': 0.2557, 'ndcg@5': 0.2841, 'ndcg@10': 0.3443, 'loss': 5.11144382676596}
Memory: 3.506438144 GB
{'group_auc': 0.591, 'mean_mrr': 0.2667, 'ndcg@5': 0.2934, 'ndcg@10': 0.3541, 'loss': 5.110754434041928}
Memory: 3.506438144 GB
{'group_auc': 0.5883, 'mean_mrr': 0.2577, 'ndcg@5': 0.2814, 'ndcg@10': 0.3457, 'loss': 5.20259889075396}
Memory: 3.506438144 GB
{'group_auc': 0.5849, 'mean_mrr': 0.2582, 'ndcg@5': 0.2821, 'ndcg@10': 0.3438, 'loss': 5.162504310492901}
Memory: 3.506438144 GB
{'group_auc': 0.584, 'mean_mrr': 0.2567, 'ndcg@5': 0.2824, 'ndcg@10': 0.343, 'loss': 5.160047866208904}
Memory: 3.506438144 GB
{'group_auc': 0.5933, 'mean_mrr': 0.2669, 'ndcg@5': 0.2921, 'ndcg@10': 0.3555, 'loss': 5.204156785239145}
Memory: 3.506438144 GB
{'group_auc': 0.5977, 'mean_mrr': 0.2719, 'ndcg@5': 0.2975, 'ndcg@10': 0.3601, 'loss': 5.105474562049274}
Memory: 3.506438144 GB
{'group_auc': 0.6039, 'mean_mrr': 0.278, 'ndcg@5': 0.3047, 'ndcg@10': 0.3659, 'loss': 5.16435582080605}
Memory: 3.506438144 GB
{'group_auc': 0.5961, 'mean_mrr': 0.2687, 'ndcg@5': 0.2923, 'ndcg@10': 0.355, 'loss': 5.227914972368523}
Memory: 3.506438144 GB
{'group_auc': 0.607, 'mean_mrr': 0.2786, 'ndcg@5': 0.3042, 'ndcg@10': 0.3687, 'loss': 5.129835005455819}
Memory: 3.506438144 GB
{'group_auc': 0.608, 'mean_mrr': 0.2788, 'ndcg@5': 0.3044, 'ndcg@10': 0.3675, 'loss': 5.160824146542224}
Memory: 3.506438144 GB
{'group_auc': 0.6052, 'mean_mrr': 0.2764, 'ndcg@5': 0.3017, 'ndcg@10': 0.364, 'loss': 5.195061477287157}
Memory: 3.506438144 GB
{'group_auc': 0.6142, 'mean_mrr': 0.2831, 'ndcg@5': 0.3072, 'ndcg@10': 0.3714, 'loss': 5.20103973907994}
Memory: 3.506438144 GB
{'group_auc': 0.6146, 'mean_mrr': 0.2833, 'ndcg@5': 0.3105, 'ndcg@10': 0.3722, 'loss': 5.352584749729273}
Memory: 3.506438144 GB
{'group_auc': 0.616, 'mean_mrr': 0.2836, 'ndcg@5': 0.3101, 'ndcg@10': 0.3722, 'loss': 5.17133679270468}
Memory: 3.506438144 GB
{'group_auc': 0.6125, 'mean_mrr': 0.2829, 'ndcg@5': 0.308, 'ndcg@10': 0.3719, 'loss': 5.169196231517942}
