Importing Model... Ini
nheads: 8
num_layers: 3
dff: 1200
Hparam set 25
{'group_auc': 0.4901, 'mean_mrr': 0.191, 'ndcg@5': 0.1888, 'ndcg@10': 0.2478, 'loss': 5.844585820342046}
Memory: 3.160408064 GB
{'group_auc': 0.567, 'mean_mrr': 0.2274, 'ndcg@5': 0.2398, 'ndcg@10': 0.2956, 'loss': 5.8212703944554605}
Memory: 3.160408064 GB
{'group_auc': 0.5669, 'mean_mrr': 0.2265, 'ndcg@5': 0.2389, 'ndcg@10': 0.2948, 'loss': 5.801652228135849}
Memory: 3.160408064 GB
{'group_auc': 0.571, 'mean_mrr': 0.2309, 'ndcg@5': 0.2413, 'ndcg@10': 0.3008, 'loss': 5.803788992251612}
Memory: 3.160408064 GB
{'group_auc': 0.5766, 'mean_mrr': 0.2316, 'ndcg@5': 0.2407, 'ndcg@10': 0.2991, 'loss': 5.909634598385336}
Memory: 3.160408064 GB
{'group_auc': 0.5701, 'mean_mrr': 0.2246, 'ndcg@5': 0.2323, 'ndcg@10': 0.2921, 'loss': 5.878879260973773}
Memory: 3.160408064 GB
{'group_auc': 0.5688, 'mean_mrr': 0.2246, 'ndcg@5': 0.231, 'ndcg@10': 0.2907, 'loss': 5.863946598292792}
Memory: 3.160408064 GB
{'group_auc': 0.571, 'mean_mrr': 0.2261, 'ndcg@5': 0.233, 'ndcg@10': 0.2943, 'loss': 5.8093490693767516}
Memory: 3.160408064 GB
{'group_auc': 0.5818, 'mean_mrr': 0.2297, 'ndcg@5': 0.2376, 'ndcg@10': 0.2992, 'loss': 5.9005125818193775}
