Importing Model... Ini
nheads: 8
num_layers: 5
dff: 2400
Hparam set 30
{'group_auc': 0.474, 'mean_mrr': 0.1733, 'ndcg@5': 0.1739, 'ndcg@10': 0.2333, 'loss': 5.824741965529673}
Memory: 4.374659072 GB
{'group_auc': 0.5582, 'mean_mrr': 0.2289, 'ndcg@5': 0.242, 'ndcg@10': 0.2996, 'loss': 5.829163217728025}
Memory: 4.374659072 GB
{'group_auc': 0.563, 'mean_mrr': 0.2294, 'ndcg@5': 0.2428, 'ndcg@10': 0.3002, 'loss': 5.826075172359214}
Memory: 4.374659072 GB
{'group_auc': 0.5658, 'mean_mrr': 0.2309, 'ndcg@5': 0.2407, 'ndcg@10': 0.2995, 'loss': 5.850104911359716}
Memory: 4.374659072 GB
{'group_auc': 0.564, 'mean_mrr': 0.2291, 'ndcg@5': 0.2385, 'ndcg@10': 0.2997, 'loss': 5.889387212216933}
Memory: 4.374659072 GB
{'group_auc': 0.573, 'mean_mrr': 0.234, 'ndcg@5': 0.2433, 'ndcg@10': 0.3038, 'loss': 5.937523263836212}
Memory: 4.374659072 GB
{'group_auc': 0.574, 'mean_mrr': 0.229, 'ndcg@5': 0.2376, 'ndcg@10': 0.2991, 'loss': 5.843062339891455}
Memory: 4.374659072 GB
{'group_auc': 0.5715, 'mean_mrr': 0.2302, 'ndcg@5': 0.2373, 'ndcg@10': 0.2989, 'loss': 5.848733119295856}
Memory: 4.374659072 GB
{'group_auc': 0.5755, 'mean_mrr': 0.2322, 'ndcg@5': 0.2421, 'ndcg@10': 0.2998, 'loss': 5.817707171290866}
Memory: 4.374659072 GB
{'group_auc': 0.579, 'mean_mrr': 0.2311, 'ndcg@5': 0.2431, 'ndcg@10': 0.3007, 'loss': 5.878403392373066}
Memory: 4.374659072 GB
{'group_auc': 0.5718, 'mean_mrr': 0.2292, 'ndcg@5': 0.2356, 'ndcg@10': 0.2979, 'loss': 5.851382123255019}
Memory: 4.374659072 GB
{'group_auc': 0.5736, 'mean_mrr': 0.2304, 'ndcg@5': 0.2393, 'ndcg@10': 0.299, 'loss': 5.884888254224207}
Memory: 4.374659072 GB
{'group_auc': 0.5774, 'mean_mrr': 0.2291, 'ndcg@5': 0.2372, 'ndcg@10': 0.299, 'loss': 5.847256979364529}
Memory: 4.374659072 GB
{'group_auc': 0.5771, 'mean_mrr': 0.2291, 'ndcg@5': 0.2378, 'ndcg@10': 0.299, 'loss': 5.807758344183631}
Memory: 4.374659072 GB
{'group_auc': 0.5719, 'mean_mrr': 0.2273, 'ndcg@5': 0.2336, 'ndcg@10': 0.2973, 'loss': 5.902797401182033}
Memory: 4.374659072 GB
{'group_auc': 0.5793, 'mean_mrr': 0.232, 'ndcg@5': 0.2403, 'ndcg@10': 0.3024, 'loss': 5.880007939068715}
Memory: 4.374659072 GB
{'group_auc': 0.5808, 'mean_mrr': 0.2331, 'ndcg@5': 0.2417, 'ndcg@10': 0.3033, 'loss': 5.805320865094776}
Memory: 4.374659072 GB
{'group_auc': 0.586, 'mean_mrr': 0.2357, 'ndcg@5': 0.2459, 'ndcg@10': 0.3056, 'loss': 5.831494428697695}
Memory: 4.374659072 GB
{'group_auc': 0.58, 'mean_mrr': 0.2329, 'ndcg@5': 0.24, 'ndcg@10': 0.3009, 'loss': 5.803187930682514}
Memory: 4.374659072 GB
{'group_auc': 0.5852, 'mean_mrr': 0.235, 'ndcg@5': 0.2443, 'ndcg@10': 0.3043, 'loss': 5.8423209449415605}
Memory: 4.374659072 GB
{'group_auc': 0.5856, 'mean_mrr': 0.2373, 'ndcg@5': 0.2454, 'ndcg@10': 0.3075, 'loss': 5.8402925360097555}
