Importing Model... Ini
nheads: 4
num_layers: 5
dff: 2400
Hparam set 20
{'group_auc': 0.4898, 'mean_mrr': 0.1905, 'ndcg@5': 0.1874, 'ndcg@10': 0.248, 'loss': 5.825141680800904}
Memory: 4.213178368 GB
{'group_auc': 0.5377, 'mean_mrr': 0.2184, 'ndcg@5': 0.2287, 'ndcg@10': 0.2861, 'loss': 5.804420162547982}
Memory: 4.213178368 GB
{'group_auc': 0.5461, 'mean_mrr': 0.2227, 'ndcg@5': 0.2322, 'ndcg@10': 0.2925, 'loss': 5.816267916100841}
Memory: 4.213178368 GB
{'group_auc': 0.5485, 'mean_mrr': 0.2198, 'ndcg@5': 0.2274, 'ndcg@10': 0.2874, 'loss': 5.8290910907418505}
Memory: 4.213178368 GB
{'group_auc': 0.5619, 'mean_mrr': 0.227, 'ndcg@5': 0.2371, 'ndcg@10': 0.2969, 'loss': 5.933041458199785}
Memory: 4.213178368 GB
{'group_auc': 0.5685, 'mean_mrr': 0.2315, 'ndcg@5': 0.2418, 'ndcg@10': 0.2999, 'loss': 5.854767820532356}
Memory: 4.213178368 GB
{'group_auc': 0.5725, 'mean_mrr': 0.2326, 'ndcg@5': 0.2426, 'ndcg@10': 0.3012, 'loss': 5.872943663172299}
Memory: 4.213178368 GB
{'group_auc': 0.5686, 'mean_mrr': 0.2273, 'ndcg@5': 0.2375, 'ndcg@10': 0.2974, 'loss': 5.858472259909191}
Memory: 4.213178368 GB
{'group_auc': 0.5745, 'mean_mrr': 0.2336, 'ndcg@5': 0.244, 'ndcg@10': 0.3036, 'loss': 5.828193237143589}
Memory: 4.213178368 GB
{'group_auc': 0.5781, 'mean_mrr': 0.2344, 'ndcg@5': 0.2448, 'ndcg@10': 0.3047, 'loss': 5.8128702149012135}
Memory: 4.213178368 GB
{'group_auc': 0.574, 'mean_mrr': 0.233, 'ndcg@5': 0.2422, 'ndcg@10': 0.3024, 'loss': 5.84829638245296}
Memory: 4.213178368 GB
{'group_auc': 0.5824, 'mean_mrr': 0.2391, 'ndcg@5': 0.2509, 'ndcg@10': 0.3093, 'loss': 5.883480984993798}
Memory: 4.213178368 GB
{'group_auc': 0.5743, 'mean_mrr': 0.2353, 'ndcg@5': 0.2446, 'ndcg@10': 0.304, 'loss': 5.782228792877005}
Memory: 4.213178368 GB
{'group_auc': 0.579, 'mean_mrr': 0.2355, 'ndcg@5': 0.2459, 'ndcg@10': 0.3049, 'loss': 5.831664179797413}
Memory: 4.213178368 GB
{'group_auc': 0.5855, 'mean_mrr': 0.2426, 'ndcg@5': 0.2543, 'ndcg@10': 0.3122, 'loss': 5.825985407108229}
Memory: 4.213178368 GB
{'group_auc': 0.5808, 'mean_mrr': 0.2391, 'ndcg@5': 0.2495, 'ndcg@10': 0.3089, 'loss': 5.819604026169918}
Memory: 4.213178368 GB
{'group_auc': 0.5814, 'mean_mrr': 0.2414, 'ndcg@5': 0.25, 'ndcg@10': 0.3113, 'loss': 5.858938592539616}
Memory: 4.213178368 GB
{'group_auc': 0.5868, 'mean_mrr': 0.2452, 'ndcg@5': 0.253, 'ndcg@10': 0.3142, 'loss': 5.8275367668485645}
Memory: 4.213178368 GB
{'group_auc': 0.5839, 'mean_mrr': 0.2436, 'ndcg@5': 0.2523, 'ndcg@10': 0.3131, 'loss': 5.872035252986108}
Memory: 4.213178368 GB
{'group_auc': 0.5861, 'mean_mrr': 0.2425, 'ndcg@5': 0.2516, 'ndcg@10': 0.3131, 'loss': 5.809672778603413}
Memory: 4.213178368 GB
{'group_auc': 0.5886, 'mean_mrr': 0.2435, 'ndcg@5': 0.2528, 'ndcg@10': 0.3148, 'loss': 5.874244646483634}
