Importing Model... Ini
nheads: 8
num_layers: 1
dff: 1200
Hparam set 1
{'group_auc': 0.4973, 'mean_mrr': 0.224, 'ndcg@5': 0.232, 'ndcg@10': 0.2934, 'loss': 5.2362896318856595}
Memory: 2.887778304 GB
{'group_auc': 0.566, 'mean_mrr': 0.2368, 'ndcg@5': 0.2513, 'ndcg@10': 0.3223, 'loss': 5.157485832983975}
Memory: 2.887778304 GB
{'group_auc': 0.5704, 'mean_mrr': 0.2416, 'ndcg@5': 0.2623, 'ndcg@10': 0.3301, 'loss': 5.164069903528683}
Memory: 2.887778304 GB
{'group_auc': 0.5794, 'mean_mrr': 0.2436, 'ndcg@5': 0.2642, 'ndcg@10': 0.3344, 'loss': 5.168520750556377}
Memory: 2.887778304 GB
{'group_auc': 0.5761, 'mean_mrr': 0.2357, 'ndcg@5': 0.2522, 'ndcg@10': 0.3246, 'loss': 5.142169598503712}
Memory: 2.887778304 GB
{'group_auc': 0.5801, 'mean_mrr': 0.2398, 'ndcg@5': 0.261, 'ndcg@10': 0.3294, 'loss': 5.146619921799777}
Memory: 2.887778304 GB
{'group_auc': 0.5838, 'mean_mrr': 0.2425, 'ndcg@5': 0.2647, 'ndcg@10': 0.3336, 'loss': 5.1507005595793185}
Memory: 2.887778304 GB
{'group_auc': 0.5932, 'mean_mrr': 0.2524, 'ndcg@5': 0.2769, 'ndcg@10': 0.3443, 'loss': 5.127934722085601}
Memory: 2.887778304 GB
{'group_auc': 0.602, 'mean_mrr': 0.2646, 'ndcg@5': 0.2904, 'ndcg@10': 0.3545, 'loss': 5.087154304082286}
Memory: 2.887778304 GB
{'group_auc': 0.6057, 'mean_mrr': 0.2711, 'ndcg@5': 0.2956, 'ndcg@10': 0.3603, 'loss': 5.066491388697139}
Memory: 2.887778304 GB
{'group_auc': 0.6104, 'mean_mrr': 0.2749, 'ndcg@5': 0.2995, 'ndcg@10': 0.3647, 'loss': 5.079129123443963}
Memory: 2.887778304 GB
{'group_auc': 0.6117, 'mean_mrr': 0.2725, 'ndcg@5': 0.2995, 'ndcg@10': 0.3644, 'loss': 5.061154090882303}
Memory: 2.887778304 GB
{'group_auc': 0.6194, 'mean_mrr': 0.2775, 'ndcg@5': 0.3071, 'ndcg@10': 0.3704, 'loss': 5.092165723920945}
Memory: 2.887778304 GB
{'group_auc': 0.6225, 'mean_mrr': 0.2818, 'ndcg@5': 0.3095, 'ndcg@10': 0.3727, 'loss': 5.056127320079675}
Memory: 2.887778304 GB
{'group_auc': 0.6207, 'mean_mrr': 0.2814, 'ndcg@5': 0.3071, 'ndcg@10': 0.37, 'loss': 5.108507703077213}
Memory: 2.887778304 GB
{'group_auc': 0.6283, 'mean_mrr': 0.2856, 'ndcg@5': 0.3146, 'ndcg@10': 0.3783, 'loss': 5.040526338814978}
Memory: 2.887778304 GB
{'group_auc': 0.631, 'mean_mrr': 0.2892, 'ndcg@5': 0.3162, 'ndcg@10': 0.3811, 'loss': 5.052346505832127}
Memory: 2.887778304 GB
{'group_auc': 0.6221, 'mean_mrr': 0.2822, 'ndcg@5': 0.3076, 'ndcg@10': 0.3727, 'loss': 5.075943525515156}
Memory: 2.887778304 GB
{'group_auc': 0.6261, 'mean_mrr': 0.2861, 'ndcg@5': 0.3133, 'ndcg@10': 0.3774, 'loss': 5.152977773745753}
Memory: 2.887778304 GB
{'group_auc': 0.6308, 'mean_mrr': 0.2912, 'ndcg@5': 0.3185, 'ndcg@10': 0.3824, 'loss': 5.0392202353515065}
Memory: 2.887778304 GB
{'group_auc': 0.6336, 'mean_mrr': 0.2925, 'ndcg@5': 0.3235, 'ndcg@10': 0.3859, 'loss': 5.095110931843468}
