Importing Model... Ini
nheads: 8
num_layers: 4
dff: 2400
Hparam set 28
{'group_auc': 0.533, 'mean_mrr': 0.2058, 'ndcg@5': 0.208, 'ndcg@10': 0.2675, 'loss': 5.815504901748995}
Memory: 3.862953984 GB
{'group_auc': 0.5417, 'mean_mrr': 0.2174, 'ndcg@5': 0.2252, 'ndcg@10': 0.2833, 'loss': 5.818315738249843}
Memory: 3.862953984 GB
{'group_auc': 0.56, 'mean_mrr': 0.2324, 'ndcg@5': 0.2437, 'ndcg@10': 0.301, 'loss': 5.825020331652656}
Memory: 3.862953984 GB
{'group_auc': 0.5658, 'mean_mrr': 0.2267, 'ndcg@5': 0.2366, 'ndcg@10': 0.2966, 'loss': 5.811629593931303}
Memory: 3.862953984 GB
{'group_auc': 0.5737, 'mean_mrr': 0.2388, 'ndcg@5': 0.2503, 'ndcg@10': 0.3078, 'loss': 5.866789627248144}
Memory: 3.862953984 GB
{'group_auc': 0.5729, 'mean_mrr': 0.2326, 'ndcg@5': 0.2448, 'ndcg@10': 0.3035, 'loss': 5.85336640601528}
Memory: 3.862953984 GB
{'group_auc': 0.5717, 'mean_mrr': 0.231, 'ndcg@5': 0.2398, 'ndcg@10': 0.3004, 'loss': 5.9411682759498765}
Memory: 3.862953984 GB
{'group_auc': 0.5732, 'mean_mrr': 0.2331, 'ndcg@5': 0.2426, 'ndcg@10': 0.3035, 'loss': 5.872088386357449}
Memory: 3.862953984 GB
{'group_auc': 0.5809, 'mean_mrr': 0.2352, 'ndcg@5': 0.2451, 'ndcg@10': 0.3065, 'loss': 5.841170712730897}
Memory: 3.862953984 GB
{'group_auc': 0.5824, 'mean_mrr': 0.239, 'ndcg@5': 0.2498, 'ndcg@10': 0.3067, 'loss': 5.827949963192745}
Memory: 3.862953984 GB
{'group_auc': 0.5778, 'mean_mrr': 0.2332, 'ndcg@5': 0.2404, 'ndcg@10': 0.3017, 'loss': 5.802705776636857}
Memory: 3.862953984 GB
{'group_auc': 0.5819, 'mean_mrr': 0.2335, 'ndcg@5': 0.2422, 'ndcg@10': 0.3034, 'loss': 5.809868124220767}
Memory: 3.862953984 GB
{'group_auc': 0.5862, 'mean_mrr': 0.2398, 'ndcg@5': 0.2477, 'ndcg@10': 0.3084, 'loss': 5.873977396020369}
Memory: 3.862953984 GB
{'group_auc': 0.5908, 'mean_mrr': 0.2416, 'ndcg@5': 0.251, 'ndcg@10': 0.3114, 'loss': 5.853672972290521}
Memory: 3.862953984 GB
{'group_auc': 0.5955, 'mean_mrr': 0.2435, 'ndcg@5': 0.2546, 'ndcg@10': 0.3133, 'loss': 5.798194714720256}
Memory: 3.862953984 GB
{'group_auc': 0.5971, 'mean_mrr': 0.2452, 'ndcg@5': 0.2565, 'ndcg@10': 0.3172, 'loss': 5.865073646905681}
Memory: 3.862953984 GB
{'group_auc': 0.5953, 'mean_mrr': 0.2412, 'ndcg@5': 0.2487, 'ndcg@10': 0.3118, 'loss': 5.825432970920187}
Memory: 3.862953984 GB
{'group_auc': 0.5942, 'mean_mrr': 0.243, 'ndcg@5': 0.2518, 'ndcg@10': 0.3142, 'loss': 5.9039280203705164}
Memory: 3.862953984 GB
{'group_auc': 0.6005, 'mean_mrr': 0.2482, 'ndcg@5': 0.2581, 'ndcg@10': 0.3195, 'loss': 5.813047608365972}
Memory: 3.862953984 GB
{'group_auc': 0.6051, 'mean_mrr': 0.2497, 'ndcg@5': 0.2614, 'ndcg@10': 0.3231, 'loss': 5.8416882267573005}
Memory: 3.862953984 GB
{'group_auc': 0.6011, 'mean_mrr': 0.2491, 'ndcg@5': 0.2579, 'ndcg@10': 0.3198, 'loss': 5.837105936135339}
