Importing Model... Ini
nheads: 4
num_layers: 4
dff: 1200
Hparam set 17
{'group_auc': 0.5037, 'mean_mrr': 0.2029, 'ndcg@5': 0.2055, 'ndcg@10': 0.263, 'loss': 5.822461181631787}
Memory: 3.78535936 GB
{'group_auc': 0.557, 'mean_mrr': 0.2292, 'ndcg@5': 0.2409, 'ndcg@10': 0.2977, 'loss': 5.799233416379787}
Memory: 3.78535936 GB
{'group_auc': 0.569, 'mean_mrr': 0.2356, 'ndcg@5': 0.2471, 'ndcg@10': 0.302, 'loss': 5.795061038644279}
Memory: 3.78535936 GB
{'group_auc': 0.5705, 'mean_mrr': 0.2348, 'ndcg@5': 0.2458, 'ndcg@10': 0.3046, 'loss': 5.944267201337664}
Memory: 3.78535936 GB
{'group_auc': 0.5676, 'mean_mrr': 0.2356, 'ndcg@5': 0.2479, 'ndcg@10': 0.3039, 'loss': 5.822972190251536}
Memory: 3.78535936 GB
{'group_auc': 0.5768, 'mean_mrr': 0.2382, 'ndcg@5': 0.2493, 'ndcg@10': 0.308, 'loss': 5.89074776755664}
Memory: 3.78535936 GB
{'group_auc': 0.5826, 'mean_mrr': 0.2391, 'ndcg@5': 0.2489, 'ndcg@10': 0.3086, 'loss': 5.7935948448826124}
Memory: 3.78535936 GB
{'group_auc': 0.5819, 'mean_mrr': 0.243, 'ndcg@5': 0.251, 'ndcg@10': 0.3121, 'loss': 5.864878333599898}
Memory: 3.78535936 GB
{'group_auc': 0.5804, 'mean_mrr': 0.2383, 'ndcg@5': 0.2484, 'ndcg@10': 0.306, 'loss': 5.86306732624752}
Memory: 3.78535936 GB
{'group_auc': 0.5867, 'mean_mrr': 0.2418, 'ndcg@5': 0.2528, 'ndcg@10': 0.3122, 'loss': 5.792544349274267}
Memory: 3.78535936 GB
{'group_auc': 0.5841, 'mean_mrr': 0.2379, 'ndcg@5': 0.2468, 'ndcg@10': 0.3064, 'loss': 5.946418801591372}
Memory: 3.78535936 GB
{'group_auc': 0.5839, 'mean_mrr': 0.2359, 'ndcg@5': 0.2452, 'ndcg@10': 0.3049, 'loss': 5.853907747478331}
Memory: 3.78535936 GB
{'group_auc': 0.5835, 'mean_mrr': 0.2367, 'ndcg@5': 0.2449, 'ndcg@10': 0.3047, 'loss': 5.783392549366384}
Memory: 3.78535936 GB
{'group_auc': 0.5863, 'mean_mrr': 0.2402, 'ndcg@5': 0.2507, 'ndcg@10': 0.3098, 'loss': 5.817236614418851}
Memory: 3.78535936 GB
{'group_auc': 0.594, 'mean_mrr': 0.2426, 'ndcg@5': 0.2542, 'ndcg@10': 0.3133, 'loss': 5.895270219400323}
Memory: 3.78535936 GB
{'group_auc': 0.5963, 'mean_mrr': 0.2426, 'ndcg@5': 0.2546, 'ndcg@10': 0.3132, 'loss': 5.887824792144303}
Memory: 3.78535936 GB
{'group_auc': 0.5967, 'mean_mrr': 0.2427, 'ndcg@5': 0.252, 'ndcg@10': 0.3153, 'loss': 5.81392011373716}
Memory: 3.78535936 GB
{'group_auc': 0.5956, 'mean_mrr': 0.2443, 'ndcg@5': 0.2547, 'ndcg@10': 0.3175, 'loss': 5.765755322682922}
Memory: 3.78535936 GB
{'group_auc': 0.5999, 'mean_mrr': 0.2484, 'ndcg@5': 0.2588, 'ndcg@10': 0.3218, 'loss': 5.793856619336516}
Memory: 3.78535936 GB
{'group_auc': 0.603, 'mean_mrr': 0.2521, 'ndcg@5': 0.2621, 'ndcg@10': 0.3245, 'loss': 5.776714238223588}
Memory: 3.78535936 GB
{'group_auc': 0.6059, 'mean_mrr': 0.2544, 'ndcg@5': 0.2668, 'ndcg@10': 0.3272, 'loss': 5.784543594284571}
