Importing Model... Ini
nheads: 8
num_layers: 4
dff: 1200
Hparam set 27
{'group_auc': 0.4962, 'mean_mrr': 0.1979, 'ndcg@5': 0.2009, 'ndcg@10': 0.2596, 'loss': 5.825185603453118}
Memory: 3.552575488 GB
{'group_auc': 0.5561, 'mean_mrr': 0.2299, 'ndcg@5': 0.2393, 'ndcg@10': 0.297, 'loss': 5.830932319604867}
Memory: 3.552575488 GB
{'group_auc': 0.5597, 'mean_mrr': 0.2305, 'ndcg@5': 0.2384, 'ndcg@10': 0.2987, 'loss': 5.811172322375866}
Memory: 3.552575488 GB
{'group_auc': 0.5615, 'mean_mrr': 0.2283, 'ndcg@5': 0.2345, 'ndcg@10': 0.2958, 'loss': 5.815305895389889}
Memory: 3.552575488 GB
{'group_auc': 0.5608, 'mean_mrr': 0.2249, 'ndcg@5': 0.2288, 'ndcg@10': 0.2935, 'loss': 5.973263792215213}
Memory: 3.552575488 GB
{'group_auc': 0.5658, 'mean_mrr': 0.2267, 'ndcg@5': 0.2337, 'ndcg@10': 0.2965, 'loss': 5.876672259675765}
Memory: 3.552575488 GB
{'group_auc': 0.5687, 'mean_mrr': 0.2321, 'ndcg@5': 0.2379, 'ndcg@10': 0.2994, 'loss': 5.866992699753391}
Memory: 3.552575488 GB
{'group_auc': 0.5625, 'mean_mrr': 0.227, 'ndcg@5': 0.2331, 'ndcg@10': 0.2937, 'loss': 5.88144167602664}
Memory: 3.552575488 GB
{'group_auc': 0.5731, 'mean_mrr': 0.2306, 'ndcg@5': 0.2374, 'ndcg@10': 0.299, 'loss': 5.936855678509884}
Memory: 3.552575488 GB
{'group_auc': 0.5756, 'mean_mrr': 0.2321, 'ndcg@5': 0.237, 'ndcg@10': 0.2987, 'loss': 5.896305675707332}
Memory: 3.552575488 GB
{'group_auc': 0.5832, 'mean_mrr': 0.2402, 'ndcg@5': 0.2479, 'ndcg@10': 0.3079, 'loss': 5.828545999660788}
Memory: 3.552575488 GB
{'group_auc': 0.5876, 'mean_mrr': 0.2434, 'ndcg@5': 0.2495, 'ndcg@10': 0.3104, 'loss': 5.794869020421155}
Memory: 3.552575488 GB
{'group_auc': 0.5864, 'mean_mrr': 0.2403, 'ndcg@5': 0.2474, 'ndcg@10': 0.3081, 'loss': 5.863828871859297}
Memory: 3.552575488 GB
{'group_auc': 0.5896, 'mean_mrr': 0.2419, 'ndcg@5': 0.2493, 'ndcg@10': 0.3102, 'loss': 5.795514376472613}
Memory: 3.552575488 GB
{'group_auc': 0.5964, 'mean_mrr': 0.249, 'ndcg@5': 0.2566, 'ndcg@10': 0.3196, 'loss': 5.812579508139918}
Memory: 3.552575488 GB
{'group_auc': 0.5982, 'mean_mrr': 0.2509, 'ndcg@5': 0.261, 'ndcg@10': 0.3207, 'loss': 5.923056058595418}
Memory: 3.552575488 GB
{'group_auc': 0.6054, 'mean_mrr': 0.2517, 'ndcg@5': 0.2603, 'ndcg@10': 0.3249, 'loss': 5.779283165994462}
Memory: 3.552575488 GB
{'group_auc': 0.6046, 'mean_mrr': 0.2521, 'ndcg@5': 0.2626, 'ndcg@10': 0.3246, 'loss': 5.771930136776343}
Memory: 3.552575488 GB
{'group_auc': 0.6165, 'mean_mrr': 0.2581, 'ndcg@5': 0.2694, 'ndcg@10': 0.332, 'loss': 5.840020531090452}
Memory: 3.552575488 GB
{'group_auc': 0.6071, 'mean_mrr': 0.2557, 'ndcg@5': 0.266, 'ndcg@10': 0.3288, 'loss': 5.793659190322512}
Memory: 3.552575488 GB
{'group_auc': 0.6161, 'mean_mrr': 0.2584, 'ndcg@5': 0.2709, 'ndcg@10': 0.3336, 'loss': 5.766360683854271}
Memory: 3.552575488 GB
{'group_auc': 0.6106, 'mean_mrr': 0.2582, 'ndcg@5': 0.2679, 'ndcg@10': 0.3326, 'loss': 5.810689436258134}
Memory: 3.552575488 GB
{'group_auc': 0.6188, 'mean_mrr': 0.2618, 'ndcg@5': 0.2735, 'ndcg@10': 0.3373, 'loss': 5.726288992780103}
Memory: 3.552575488 GB
{'group_auc': 0.6169, 'mean_mrr': 0.2621, 'ndcg@5': 0.276, 'ndcg@10': 0.3363, 'loss': 5.768583095116322}
Memory: 3.552575488 GB
{'group_auc': 0.6125, 'mean_mrr': 0.2613, 'ndcg@5': 0.2705, 'ndcg@10': 0.3347, 'loss': 5.855005060662135}
Memory: 3.552575488 GB
{'group_auc': 0.6172, 'mean_mrr': 0.2624, 'ndcg@5': 0.2741, 'ndcg@10': 0.3392, 'loss': 5.797811159773731}
