Importing Model... Ini
nheads: 4
num_layers: 2
dff: 1200
Hparam set 13
{'group_auc': 0.5345, 'mean_mrr': 0.2225, 'ndcg@5': 0.229, 'ndcg@10': 0.2885, 'loss': 5.8097218202865974}
Memory: 2.86261248 GB
{'group_auc': 0.5649, 'mean_mrr': 0.228, 'ndcg@5': 0.2384, 'ndcg@10': 0.2979, 'loss': 5.791885039861999}
Memory: 2.86261248 GB
{'group_auc': 0.5676, 'mean_mrr': 0.2237, 'ndcg@5': 0.2358, 'ndcg@10': 0.2977, 'loss': 5.8660337530776845}
Memory: 2.86261248 GB
{'group_auc': 0.561, 'mean_mrr': 0.2202, 'ndcg@5': 0.2259, 'ndcg@10': 0.2911, 'loss': 5.842851280399976}
Memory: 2.86261248 GB
{'group_auc': 0.5599, 'mean_mrr': 0.2215, 'ndcg@5': 0.2276, 'ndcg@10': 0.2894, 'loss': 5.8962450738822}
Memory: 2.86261248 GB
{'group_auc': 0.561, 'mean_mrr': 0.2193, 'ndcg@5': 0.2273, 'ndcg@10': 0.289, 'loss': 5.854193576952707}
Memory: 2.86261248 GB
{'group_auc': 0.5592, 'mean_mrr': 0.2199, 'ndcg@5': 0.226, 'ndcg@10': 0.2878, 'loss': 5.8509719532282345}
Memory: 2.86261248 GB
{'group_auc': 0.5583, 'mean_mrr': 0.2209, 'ndcg@5': 0.2261, 'ndcg@10': 0.2876, 'loss': 6.031406196378441}
Memory: 2.86261248 GB
{'group_auc': 0.5583, 'mean_mrr': 0.2215, 'ndcg@5': 0.2288, 'ndcg@10': 0.2871, 'loss': 6.004737194417093}
Memory: 2.86261248 GB
{'group_auc': 0.5664, 'mean_mrr': 0.225, 'ndcg@5': 0.2312, 'ndcg@10': 0.2916, 'loss': 5.9404727005089875}
Memory: 2.86261248 GB
{'group_auc': 0.572, 'mean_mrr': 0.2293, 'ndcg@5': 0.2382, 'ndcg@10': 0.2963, 'loss': 5.84456883637861}
Memory: 2.86261248 GB
{'group_auc': 0.577, 'mean_mrr': 0.2345, 'ndcg@5': 0.2446, 'ndcg@10': 0.3031, 'loss': 5.869073463150112}
Memory: 2.86261248 GB
{'group_auc': 0.5825, 'mean_mrr': 0.2349, 'ndcg@5': 0.248, 'ndcg@10': 0.308, 'loss': 5.816677569974763}
Memory: 2.86261248 GB
{'group_auc': 0.5895, 'mean_mrr': 0.244, 'ndcg@5': 0.2569, 'ndcg@10': 0.3165, 'loss': 5.997538246667721}
Memory: 2.86261248 GB
{'group_auc': 0.5962, 'mean_mrr': 0.2433, 'ndcg@5': 0.2577, 'ndcg@10': 0.3182, 'loss': 5.934799087181645}
Memory: 2.86261248 GB
{'group_auc': 0.6021, 'mean_mrr': 0.253, 'ndcg@5': 0.2651, 'ndcg@10': 0.3259, 'loss': 5.799750710618892}
Memory: 2.86261248 GB
{'group_auc': 0.6054, 'mean_mrr': 0.2549, 'ndcg@5': 0.2685, 'ndcg@10': 0.3297, 'loss': 5.7685519531813085}
Memory: 2.86261248 GB
{'group_auc': 0.6124, 'mean_mrr': 0.2578, 'ndcg@5': 0.2738, 'ndcg@10': 0.3352, 'loss': 5.905836657144003}
Memory: 2.86261248 GB
{'group_auc': 0.6156, 'mean_mrr': 0.2628, 'ndcg@5': 0.2774, 'ndcg@10': 0.3376, 'loss': 5.853656881290964}
