Importing Model... Ini
nheads: 8
num_layers: 2
dff: 1200
Hparam set None
{'group_auc': 0.4987, 'mean_mrr': 0.206, 'ndcg@5': 0.2162, 'ndcg@10': 0.2767, 'loss': 5.1973514912619585}
Memory: 5.949620224 GB
{'group_auc': 0.5789, 'mean_mrr': 0.2502, 'ndcg@5': 0.2729, 'ndcg@10': 0.3382, 'loss': 5.2817714853870665}
Memory: 5.949620224 GB
{'group_auc': 0.5916, 'mean_mrr': 0.2595, 'ndcg@5': 0.2821, 'ndcg@10': 0.3479, 'loss': 5.231871002020615}
Memory: 5.949620224 GB
{'group_auc': 0.6032, 'mean_mrr': 0.2728, 'ndcg@5': 0.2965, 'ndcg@10': 0.3615, 'loss': 5.153995026456816}
Memory: 5.949620224 GB
{'group_auc': 0.6148, 'mean_mrr': 0.277, 'ndcg@5': 0.3015, 'ndcg@10': 0.3675, 'loss': 5.142867915997049}
Memory: 5.949620224 GB
{'group_auc': 0.6276, 'mean_mrr': 0.2877, 'ndcg@5': 0.316, 'ndcg@10': 0.379, 'loss': 5.147489531096418}
Memory: 5.949620224 GB
{'group_auc': 0.6268, 'mean_mrr': 0.2872, 'ndcg@5': 0.3136, 'ndcg@10': 0.3776, 'loss': 5.229996658009175}
Memory: 5.949620224 GB
{'group_auc': 0.6209, 'mean_mrr': 0.2839, 'ndcg@5': 0.3097, 'ndcg@10': 0.3748, 'loss': 5.283127526170251}
Memory: 5.949620224 GB
{'group_auc': 0.6235, 'mean_mrr': 0.2864, 'ndcg@5': 0.3133, 'ndcg@10': 0.379, 'loss': 5.214926672533493}
Memory: 5.949620224 GB
{'group_auc': 0.6322, 'mean_mrr': 0.2943, 'ndcg@5': 0.3239, 'ndcg@10': 0.3868, 'loss': 5.2491545613728}
Memory: 5.949620224 GB
{'group_auc': 0.6358, 'mean_mrr': 0.2948, 'ndcg@5': 0.3235, 'ndcg@10': 0.3866, 'loss': 5.226413155795137}
