Importing Model... Ini
nheads: 2
num_layers: 2
dff: 1200
Hparam set 3
{'group_auc': 0.4814, 'mean_mrr': 0.1911, 'ndcg@5': 0.1878, 'ndcg@10': 0.2493, 'loss': 5.8613006548145545}
Memory: 3.133145088 GB
{'group_auc': 0.5631, 'mean_mrr': 0.2276, 'ndcg@5': 0.2407, 'ndcg@10': 0.2974, 'loss': 5.783761063707369}
Memory: 3.133145088 GB
{'group_auc': 0.563, 'mean_mrr': 0.2261, 'ndcg@5': 0.2366, 'ndcg@10': 0.2982, 'loss': 5.795682882020432}
Memory: 3.133145088 GB
{'group_auc': 0.5628, 'mean_mrr': 0.2303, 'ndcg@5': 0.2379, 'ndcg@10': 0.2986, 'loss': 5.804935783509491}
Memory: 3.133145088 GB
{'group_auc': 0.562, 'mean_mrr': 0.2289, 'ndcg@5': 0.2373, 'ndcg@10': 0.2973, 'loss': 5.835152479403201}
Memory: 3.133145088 GB
{'group_auc': 0.557, 'mean_mrr': 0.23, 'ndcg@5': 0.2366, 'ndcg@10': 0.2981, 'loss': 5.852545704741922}
Memory: 3.133145088 GB
{'group_auc': 0.5579, 'mean_mrr': 0.229, 'ndcg@5': 0.2353, 'ndcg@10': 0.2972, 'loss': 5.898519589323206}
Memory: 3.133145088 GB
{'group_auc': 0.5667, 'mean_mrr': 0.2323, 'ndcg@5': 0.2383, 'ndcg@10': 0.3021, 'loss': 5.85144209787118}
Memory: 3.133145088 GB
{'group_auc': 0.5653, 'mean_mrr': 0.2326, 'ndcg@5': 0.2378, 'ndcg@10': 0.3017, 'loss': 5.830091536031922}
Memory: 3.133145088 GB
{'group_auc': 0.5714, 'mean_mrr': 0.2355, 'ndcg@5': 0.2446, 'ndcg@10': 0.3053, 'loss': 5.916962002035779}
Memory: 3.133145088 GB
{'group_auc': 0.5706, 'mean_mrr': 0.2306, 'ndcg@5': 0.2384, 'ndcg@10': 0.3016, 'loss': 5.9651937564458475}
Memory: 3.133145088 GB
{'group_auc': 0.5856, 'mean_mrr': 0.2396, 'ndcg@5': 0.2512, 'ndcg@10': 0.3127, 'loss': 6.057361514738285}
Memory: 3.133145088 GB
{'group_auc': 0.5882, 'mean_mrr': 0.242, 'ndcg@5': 0.2514, 'ndcg@10': 0.3156, 'loss': 5.791769200030119}
Memory: 3.133145088 GB
{'group_auc': 0.5931, 'mean_mrr': 0.25, 'ndcg@5': 0.2592, 'ndcg@10': 0.3229, 'loss': 5.888438854269546}
Memory: 3.133145088 GB
{'group_auc': 0.6028, 'mean_mrr': 0.2541, 'ndcg@5': 0.2665, 'ndcg@10': 0.3279, 'loss': 5.964563554433969}
Memory: 3.133145088 GB
{'group_auc': 0.5974, 'mean_mrr': 0.2498, 'ndcg@5': 0.2613, 'ndcg@10': 0.3238, 'loss': 5.9047665276588495}
Memory: 3.133145088 GB
{'group_auc': 0.5947, 'mean_mrr': 0.2565, 'ndcg@5': 0.2669, 'ndcg@10': 0.3304, 'loss': 5.905640754468134}
Memory: 3.133145088 GB
{'group_auc': 0.6056, 'mean_mrr': 0.2569, 'ndcg@5': 0.2681, 'ndcg@10': 0.3303, 'loss': 5.856150620534772}
Memory: 3.133145088 GB
{'group_auc': 0.5995, 'mean_mrr': 0.2553, 'ndcg@5': 0.2649, 'ndcg@10': 0.3295, 'loss': 5.901483561629247}
Memory: 3.133145088 GB
{'group_auc': 0.605, 'mean_mrr': 0.2559, 'ndcg@5': 0.2671, 'ndcg@10': 0.3307, 'loss': 5.8860936558372625}
Memory: 3.133145088 GB
{'group_auc': 0.6099, 'mean_mrr': 0.2587, 'ndcg@5': 0.2688, 'ndcg@10': 0.3337, 'loss': 5.917211126325289}
