Importing Model... Ini
nheads: 8
num_layers: 2
dff: 1200
Hparam set 23
{'group_auc': 0.4789, 'mean_mrr': 0.1744, 'ndcg@5': 0.1704, 'ndcg@10': 0.2335, 'loss': 5.88449131183175}
Memory: 2.883584 GB
{'group_auc': 0.5622, 'mean_mrr': 0.2325, 'ndcg@5': 0.2439, 'ndcg@10': 0.299, 'loss': 5.793379575622392}
Memory: 2.883584 GB
{'group_auc': 0.5564, 'mean_mrr': 0.2197, 'ndcg@5': 0.229, 'ndcg@10': 0.2886, 'loss': 5.845553011640853}
Memory: 2.883584 GB
{'group_auc': 0.5659, 'mean_mrr': 0.2257, 'ndcg@5': 0.2357, 'ndcg@10': 0.2956, 'loss': 5.840514186986731}
Memory: 2.883584 GB
{'group_auc': 0.5716, 'mean_mrr': 0.233, 'ndcg@5': 0.2428, 'ndcg@10': 0.3033, 'loss': 5.863343029760568}
Memory: 2.883584 GB
{'group_auc': 0.5676, 'mean_mrr': 0.2296, 'ndcg@5': 0.239, 'ndcg@10': 0.2975, 'loss': 5.8735202830432796}
Memory: 2.883584 GB
{'group_auc': 0.5715, 'mean_mrr': 0.2299, 'ndcg@5': 0.2391, 'ndcg@10': 0.3006, 'loss': 5.883279009831499}
Memory: 2.883584 GB
{'group_auc': 0.5754, 'mean_mrr': 0.2292, 'ndcg@5': 0.2389, 'ndcg@10': 0.3007, 'loss': 5.843651331283829}
Memory: 2.883584 GB
{'group_auc': 0.5683, 'mean_mrr': 0.2291, 'ndcg@5': 0.2374, 'ndcg@10': 0.2971, 'loss': 5.825125028003609}
Memory: 2.883584 GB
{'group_auc': 0.5781, 'mean_mrr': 0.2338, 'ndcg@5': 0.2462, 'ndcg@10': 0.3048, 'loss': 5.924753260574347}
Memory: 2.883584 GB
{'group_auc': 0.5758, 'mean_mrr': 0.2323, 'ndcg@5': 0.2429, 'ndcg@10': 0.3031, 'loss': 5.821497635887927}
Memory: 2.883584 GB
{'group_auc': 0.5824, 'mean_mrr': 0.2349, 'ndcg@5': 0.2454, 'ndcg@10': 0.3065, 'loss': 5.802560561835529}
Memory: 2.883584 GB
{'group_auc': 0.5862, 'mean_mrr': 0.2375, 'ndcg@5': 0.2497, 'ndcg@10': 0.3098, 'loss': 5.890084322042178}
Memory: 2.883584 GB
{'group_auc': 0.5929, 'mean_mrr': 0.243, 'ndcg@5': 0.2553, 'ndcg@10': 0.3151, 'loss': 5.814896577282004}
Memory: 2.883584 GB
{'group_auc': 0.5961, 'mean_mrr': 0.2461, 'ndcg@5': 0.2603, 'ndcg@10': 0.3191, 'loss': 5.8355096193903435}
Memory: 2.883584 GB
{'group_auc': 0.6087, 'mean_mrr': 0.2562, 'ndcg@5': 0.2703, 'ndcg@10': 0.3316, 'loss': 5.758288021636708}
Memory: 2.883584 GB
{'group_auc': 0.6171, 'mean_mrr': 0.2573, 'ndcg@5': 0.2726, 'ndcg@10': 0.3331, 'loss': 5.748895959557089}
Memory: 2.883584 GB
{'group_auc': 0.6121, 'mean_mrr': 0.2549, 'ndcg@5': 0.2684, 'ndcg@10': 0.3287, 'loss': 5.7966429060579845}
Memory: 2.883584 GB
{'group_auc': 0.6213, 'mean_mrr': 0.2639, 'ndcg@5': 0.2778, 'ndcg@10': 0.3408, 'loss': 5.738044346623544}
Memory: 2.883584 GB
{'group_auc': 0.6289, 'mean_mrr': 0.2664, 'ndcg@5': 0.2839, 'ndcg@10': 0.3448, 'loss': 5.7840012352015995}
Memory: 2.883584 GB
{'group_auc': 0.622, 'mean_mrr': 0.2617, 'ndcg@5': 0.276, 'ndcg@10': 0.3394, 'loss': 5.793298022666188}
Memory: 2.883584 GB
{'group_auc': 0.6312, 'mean_mrr': 0.268, 'ndcg@5': 0.2837, 'ndcg@10': 0.3466, 'loss': 5.710254172355164}
Memory: 2.883584 GB
{'group_auc': 0.6322, 'mean_mrr': 0.264, 'ndcg@5': 0.281, 'ndcg@10': 0.3442, 'loss': 5.734247576215593}
Memory: 2.883584 GB
{'group_auc': 0.6355, 'mean_mrr': 0.2682, 'ndcg@5': 0.2848, 'ndcg@10': 0.3489, 'loss': 5.738172339479745}
Memory: 2.883584 GB
{'group_auc': 0.636, 'mean_mrr': 0.2699, 'ndcg@5': 0.2866, 'ndcg@10': 0.3502, 'loss': 5.8774087052965545}
Memory: 2.883584 GB
{'group_auc': 0.6339, 'mean_mrr': 0.2669, 'ndcg@5': 0.2819, 'ndcg@10': 0.3475, 'loss': 5.780050703246493}
