Importing Model... Ini
nheads: 4
num_layers: 4
dff: 2400
Hparam set 18
{'group_auc': 0.4883, 'mean_mrr': 0.1955, 'ndcg@5': 0.1946, 'ndcg@10': 0.2669, 'loss': 5.174186369193681}
Memory: 3.938451456 GB
{'group_auc': 0.5549, 'mean_mrr': 0.2358, 'ndcg@5': 0.2507, 'ndcg@10': 0.3195, 'loss': 5.222011820609341}
Memory: 3.938451456 GB
{'group_auc': 0.5641, 'mean_mrr': 0.2328, 'ndcg@5': 0.2486, 'ndcg@10': 0.3199, 'loss': 5.357185958730135}
Memory: 3.938451456 GB
{'group_auc': 0.5792, 'mean_mrr': 0.2406, 'ndcg@5': 0.263, 'ndcg@10': 0.3302, 'loss': 5.25508659088701}
Memory: 3.938451456 GB
{'group_auc': 0.5787, 'mean_mrr': 0.2395, 'ndcg@5': 0.2558, 'ndcg@10': 0.3265, 'loss': 5.3264516630634695}
Memory: 3.938451456 GB
{'group_auc': 0.5758, 'mean_mrr': 0.2361, 'ndcg@5': 0.257, 'ndcg@10': 0.323, 'loss': 5.273244935686522}
Memory: 3.938451456 GB
{'group_auc': 0.5802, 'mean_mrr': 0.2411, 'ndcg@5': 0.2696, 'ndcg@10': 0.3319, 'loss': 5.370482529473669}
Memory: 3.938451456 GB
{'group_auc': 0.5747, 'mean_mrr': 0.2362, 'ndcg@5': 0.2597, 'ndcg@10': 0.3246, 'loss': 5.170806066116957}
Memory: 3.938451456 GB
{'group_auc': 0.584, 'mean_mrr': 0.242, 'ndcg@5': 0.2652, 'ndcg@10': 0.3292, 'loss': 5.236685273982458}
Memory: 3.938451456 GB
{'group_auc': 0.5903, 'mean_mrr': 0.2478, 'ndcg@5': 0.2734, 'ndcg@10': 0.3351, 'loss': 5.136577165985877}
Memory: 3.938451456 GB
{'group_auc': 0.5919, 'mean_mrr': 0.2493, 'ndcg@5': 0.2731, 'ndcg@10': 0.3351, 'loss': 5.192525730810072}
Memory: 3.938451456 GB
{'group_auc': 0.592, 'mean_mrr': 0.2515, 'ndcg@5': 0.2733, 'ndcg@10': 0.3382, 'loss': 5.386248747994366}
Memory: 3.938451456 GB
{'group_auc': 0.5879, 'mean_mrr': 0.2438, 'ndcg@5': 0.2669, 'ndcg@10': 0.331, 'loss': 5.247969954047331}
Memory: 3.938451456 GB
{'group_auc': 0.5928, 'mean_mrr': 0.2481, 'ndcg@5': 0.2712, 'ndcg@10': 0.3357, 'loss': 5.214465342183975}
Memory: 3.938451456 GB
{'group_auc': 0.5944, 'mean_mrr': 0.2522, 'ndcg@5': 0.2762, 'ndcg@10': 0.3419, 'loss': 5.157416463164291}
Memory: 3.938451456 GB
{'group_auc': 0.5931, 'mean_mrr': 0.257, 'ndcg@5': 0.2822, 'ndcg@10': 0.3449, 'loss': 5.237805850971701}
Memory: 3.938451456 GB
{'group_auc': 0.5911, 'mean_mrr': 0.2537, 'ndcg@5': 0.2797, 'ndcg@10': 0.3408, 'loss': 5.248454726582054}
Memory: 3.938451456 GB
{'group_auc': 0.598, 'mean_mrr': 0.2605, 'ndcg@5': 0.2845, 'ndcg@10': 0.3479, 'loss': 5.1301715603512035}
Memory: 3.938451456 GB
{'group_auc': 0.5949, 'mean_mrr': 0.2578, 'ndcg@5': 0.2808, 'ndcg@10': 0.3448, 'loss': 5.282062649542982}
Memory: 3.938451456 GB
{'group_auc': 0.5933, 'mean_mrr': 0.2573, 'ndcg@5': 0.2812, 'ndcg@10': 0.3453, 'loss': 5.203813732382322}
Memory: 3.938451456 GB
{'group_auc': 0.5928, 'mean_mrr': 0.2568, 'ndcg@5': 0.2804, 'ndcg@10': 0.3442, 'loss': 5.244551520634299}
