Importing Model... Ini
nheads: 4
num_layers: 2
dff: 1200
Hparam set 13
{'group_auc': 0.4644, 'mean_mrr': 0.1988, 'ndcg@5': 0.203, 'ndcg@10': 0.2636, 'loss': 5.239515974774357}
Memory: 3.154116608 GB
{'group_auc': 0.5668, 'mean_mrr': 0.2381, 'ndcg@5': 0.2598, 'ndcg@10': 0.3242, 'loss': 5.132226502117285}
Memory: 3.154116608 GB
{'group_auc': 0.5968, 'mean_mrr': 0.2574, 'ndcg@5': 0.2918, 'ndcg@10': 0.3495, 'loss': 5.173847199244845}
Memory: 3.154116608 GB
{'group_auc': 0.5872, 'mean_mrr': 0.2572, 'ndcg@5': 0.2898, 'ndcg@10': 0.3479, 'loss': 5.196837031332891}
Memory: 3.154116608 GB
{'group_auc': 0.5876, 'mean_mrr': 0.254, 'ndcg@5': 0.2876, 'ndcg@10': 0.3465, 'loss': 5.186782690520565}
Memory: 3.154116608 GB
{'group_auc': 0.5858, 'mean_mrr': 0.2484, 'ndcg@5': 0.2818, 'ndcg@10': 0.3404, 'loss': 5.391090291880462}
Memory: 3.154116608 GB
{'group_auc': 0.5884, 'mean_mrr': 0.2533, 'ndcg@5': 0.2861, 'ndcg@10': 0.345, 'loss': 5.205246553415891}
Memory: 3.154116608 GB
{'group_auc': 0.5873, 'mean_mrr': 0.2553, 'ndcg@5': 0.2867, 'ndcg@10': 0.3467, 'loss': 5.309603868866366}
Memory: 3.154116608 GB
{'group_auc': 0.5976, 'mean_mrr': 0.2628, 'ndcg@5': 0.2947, 'ndcg@10': 0.3546, 'loss': 5.1487202482416095}
Memory: 3.154116608 GB
{'group_auc': 0.6037, 'mean_mrr': 0.2624, 'ndcg@5': 0.2928, 'ndcg@10': 0.3558, 'loss': 5.395938849420272}
Memory: 3.154116608 GB
{'group_auc': 0.6095, 'mean_mrr': 0.2636, 'ndcg@5': 0.2968, 'ndcg@10': 0.3585, 'loss': 5.123709190164292}
Memory: 3.154116608 GB
{'group_auc': 0.6092, 'mean_mrr': 0.2647, 'ndcg@5': 0.298, 'ndcg@10': 0.3593, 'loss': 5.1958728684156865}
Memory: 3.154116608 GB
{'group_auc': 0.6101, 'mean_mrr': 0.2685, 'ndcg@5': 0.3008, 'ndcg@10': 0.3618, 'loss': 5.155555497274951}
Memory: 3.154116608 GB
{'group_auc': 0.6162, 'mean_mrr': 0.2734, 'ndcg@5': 0.3058, 'ndcg@10': 0.3664, 'loss': 5.188592068553123}
Memory: 3.154116608 GB
{'group_auc': 0.6162, 'mean_mrr': 0.2743, 'ndcg@5': 0.3051, 'ndcg@10': 0.3676, 'loss': 5.224507486085995}
Memory: 3.154116608 GB
{'group_auc': 0.6228, 'mean_mrr': 0.2807, 'ndcg@5': 0.313, 'ndcg@10': 0.3751, 'loss': 5.1766191148140654}
Memory: 3.154116608 GB
{'group_auc': 0.6229, 'mean_mrr': 0.2841, 'ndcg@5': 0.318, 'ndcg@10': 0.3774, 'loss': 5.254112301981616}
Memory: 3.154116608 GB
{'group_auc': 0.628, 'mean_mrr': 0.2862, 'ndcg@5': 0.3189, 'ndcg@10': 0.3789, 'loss': 5.123581584543339}
Memory: 3.154116608 GB
{'group_auc': 0.6306, 'mean_mrr': 0.2846, 'ndcg@5': 0.3159, 'ndcg@10': 0.3788, 'loss': 5.132796305951922}
