Importing Model... Ini
nheads: 2
num_layers: 1
dff: 2400
Hparam set 2
{'group_auc': 0.4901, 'mean_mrr': 0.1889, 'ndcg@5': 0.1899, 'ndcg@10': 0.2479, 'loss': 5.855617474162884}
Memory: 2.640314368 GB
{'group_auc': 0.5628, 'mean_mrr': 0.2275, 'ndcg@5': 0.239, 'ndcg@10': 0.2969, 'loss': 5.7885417007468805}
Memory: 2.640314368 GB
{'group_auc': 0.5655, 'mean_mrr': 0.2307, 'ndcg@5': 0.2405, 'ndcg@10': 0.2988, 'loss': 5.780871767271228}
Memory: 2.640314368 GB
{'group_auc': 0.5637, 'mean_mrr': 0.2318, 'ndcg@5': 0.239, 'ndcg@10': 0.2996, 'loss': 5.809268364421398}
Memory: 2.640314368 GB
{'group_auc': 0.5709, 'mean_mrr': 0.232, 'ndcg@5': 0.2387, 'ndcg@10': 0.2992, 'loss': 5.835397079833582}
Memory: 2.640314368 GB
{'group_auc': 0.5677, 'mean_mrr': 0.2314, 'ndcg@5': 0.2402, 'ndcg@10': 0.2986, 'loss': 5.815648326247484}
Memory: 2.640314368 GB
{'group_auc': 0.5721, 'mean_mrr': 0.2333, 'ndcg@5': 0.2419, 'ndcg@10': 0.3014, 'loss': 5.846162944578378}
Memory: 2.640314368 GB
{'group_auc': 0.5753, 'mean_mrr': 0.2345, 'ndcg@5': 0.244, 'ndcg@10': 0.3032, 'loss': 5.858594794271864}
Memory: 2.640314368 GB
{'group_auc': 0.5796, 'mean_mrr': 0.2349, 'ndcg@5': 0.2429, 'ndcg@10': 0.3047, 'loss': 5.891888467226726}
Memory: 2.640314368 GB
{'group_auc': 0.5863, 'mean_mrr': 0.2408, 'ndcg@5': 0.2495, 'ndcg@10': 0.3108, 'loss': 5.802245182558131}
Memory: 2.640314368 GB
{'group_auc': 0.5955, 'mean_mrr': 0.2486, 'ndcg@5': 0.26, 'ndcg@10': 0.3208, 'loss': 5.824107679917369}
Memory: 2.640314368 GB
{'group_auc': 0.6026, 'mean_mrr': 0.255, 'ndcg@5': 0.2681, 'ndcg@10': 0.3293, 'loss': 5.875447566746771}
Memory: 2.640314368 GB
{'group_auc': 0.6109, 'mean_mrr': 0.2593, 'ndcg@5': 0.2766, 'ndcg@10': 0.3356, 'loss': 5.831953441438332}
Memory: 2.640314368 GB
{'group_auc': 0.6124, 'mean_mrr': 0.2626, 'ndcg@5': 0.2782, 'ndcg@10': 0.3382, 'loss': 5.8130520090759985}
Memory: 2.640314368 GB
{'group_auc': 0.6125, 'mean_mrr': 0.2588, 'ndcg@5': 0.2732, 'ndcg@10': 0.3355, 'loss': 5.833221111070967}
Memory: 2.640314368 GB
{'group_auc': 0.6203, 'mean_mrr': 0.2657, 'ndcg@5': 0.2828, 'ndcg@10': 0.3416, 'loss': 5.927576511807326}
Memory: 2.640314368 GB
{'group_auc': 0.6212, 'mean_mrr': 0.2654, 'ndcg@5': 0.2802, 'ndcg@10': 0.3423, 'loss': 5.881562501659398}
Memory: 2.640314368 GB
{'group_auc': 0.6181, 'mean_mrr': 0.2631, 'ndcg@5': 0.2777, 'ndcg@10': 0.3404, 'loss': 5.8429652141014214}
Memory: 2.640314368 GB
{'group_auc': 0.6205, 'mean_mrr': 0.2657, 'ndcg@5': 0.2802, 'ndcg@10': 0.342, 'loss': 5.873528154003251}
Memory: 2.640314368 GB
{'group_auc': 0.6215, 'mean_mrr': 0.2659, 'ndcg@5': 0.2824, 'ndcg@10': 0.3421, 'loss': 5.841500589923665}
Memory: 2.640314368 GB
{'group_auc': 0.6251, 'mean_mrr': 0.2655, 'ndcg@5': 0.2851, 'ndcg@10': 0.3434, 'loss': 5.9018708653748035}
Memory: 2.640314368 GB
{'group_auc': 0.625, 'mean_mrr': 0.2657, 'ndcg@5': 0.2847, 'ndcg@10': 0.3444, 'loss': 5.919625991340237}
Memory: 2.640314368 GB
{'group_auc': 0.6231, 'mean_mrr': 0.2651, 'ndcg@5': 0.2821, 'ndcg@10': 0.3423, 'loss': 6.072182154742424}
Memory: 2.640314368 GB
{'group_auc': 0.6275, 'mean_mrr': 0.2679, 'ndcg@5': 0.2854, 'ndcg@10': 0.3457, 'loss': 5.941660232361614}
Memory: 2.640314368 GB
{'group_auc': 0.6296, 'mean_mrr': 0.2671, 'ndcg@5': 0.2852, 'ndcg@10': 0.3461, 'loss': 5.955262802256126}
Memory: 2.640314368 GB
{'group_auc': 0.6266, 'mean_mrr': 0.269, 'ndcg@5': 0.2869, 'ndcg@10': 0.3465, 'loss': 5.961908676841774}
