Importing Model... Ini
nheads: 4
num_layers: 5
dff: 1200
Hparam set 19
{'group_auc': 0.5229, 'mean_mrr': 0.2252, 'ndcg@5': 0.2294, 'ndcg@10': 0.2954, 'loss': 5.1605889669144}
Memory: 4.022337536 GB
{'group_auc': 0.5479, 'mean_mrr': 0.2271, 'ndcg@5': 0.2411, 'ndcg@10': 0.3099, 'loss': 5.233050797595284}
Memory: 4.104126464 GB
{'group_auc': 0.5782, 'mean_mrr': 0.2443, 'ndcg@5': 0.2652, 'ndcg@10': 0.3304, 'loss': 5.141437085148585}
Memory: 4.104126464 GB
{'group_auc': 0.5684, 'mean_mrr': 0.2361, 'ndcg@5': 0.2543, 'ndcg@10': 0.3212, 'loss': 5.235124740885201}
Memory: 4.104126464 GB
{'group_auc': 0.5747, 'mean_mrr': 0.2416, 'ndcg@5': 0.263, 'ndcg@10': 0.3275, 'loss': 5.133494458557313}
Memory: 4.104126464 GB
{'group_auc': 0.5715, 'mean_mrr': 0.2438, 'ndcg@5': 0.2635, 'ndcg@10': 0.3278, 'loss': 5.216623681230597}
Memory: 4.104126464 GB
{'group_auc': 0.5714, 'mean_mrr': 0.2432, 'ndcg@5': 0.2624, 'ndcg@10': 0.3286, 'loss': 5.234316189248869}
Memory: 4.104126464 GB
{'group_auc': 0.5778, 'mean_mrr': 0.252, 'ndcg@5': 0.2744, 'ndcg@10': 0.3371, 'loss': 5.121846679876411}
Memory: 4.104126464 GB
{'group_auc': 0.5748, 'mean_mrr': 0.2482, 'ndcg@5': 0.2703, 'ndcg@10': 0.3339, 'loss': 5.1367053699761565}
Memory: 4.104126464 GB
{'group_auc': 0.5843, 'mean_mrr': 0.2526, 'ndcg@5': 0.279, 'ndcg@10': 0.3413, 'loss': 5.136397439916126}
Memory: 4.104126464 GB
{'group_auc': 0.5827, 'mean_mrr': 0.2476, 'ndcg@5': 0.2722, 'ndcg@10': 0.3339, 'loss': 5.1399872568766565}
Memory: 4.104126464 GB
{'group_auc': 0.5931, 'mean_mrr': 0.2558, 'ndcg@5': 0.2825, 'ndcg@10': 0.3431, 'loss': 5.114944900725933}
Memory: 4.104126464 GB
{'group_auc': 0.5872, 'mean_mrr': 0.2493, 'ndcg@5': 0.2759, 'ndcg@10': 0.3374, 'loss': 5.182457247912127}
Memory: 4.104126464 GB
{'group_auc': 0.5904, 'mean_mrr': 0.2539, 'ndcg@5': 0.2806, 'ndcg@10': 0.3433, 'loss': 5.241754167569146}
Memory: 4.104126464 GB
{'group_auc': 0.5966, 'mean_mrr': 0.262, 'ndcg@5': 0.2903, 'ndcg@10': 0.3506, 'loss': 5.096185421805331}
Memory: 4.104126464 GB
{'group_auc': 0.5907, 'mean_mrr': 0.2586, 'ndcg@5': 0.2851, 'ndcg@10': 0.3471, 'loss': 5.15640153119724}
Memory: 4.104126464 GB
{'group_auc': 0.5976, 'mean_mrr': 0.2638, 'ndcg@5': 0.292, 'ndcg@10': 0.353, 'loss': 5.1104026705257395}
Memory: 4.104126464 GB
{'group_auc': 0.5968, 'mean_mrr': 0.2617, 'ndcg@5': 0.2911, 'ndcg@10': 0.3511, 'loss': 5.139930067995205}
Memory: 4.104126464 GB
{'group_auc': 0.6041, 'mean_mrr': 0.268, 'ndcg@5': 0.2963, 'ndcg@10': 0.3575, 'loss': 5.099069763478071}
Memory: 4.104126464 GB
{'group_auc': 0.6023, 'mean_mrr': 0.2642, 'ndcg@5': 0.2907, 'ndcg@10': 0.353, 'loss': 5.247607998339414}
Memory: 4.104126464 GB
{'group_auc': 0.6087, 'mean_mrr': 0.2676, 'ndcg@5': 0.295, 'ndcg@10': 0.3583, 'loss': 5.248237288878845}
