Importing Model... Ini
nheads: 2
num_layers: 5
dff: 2400
Hparam set 10
{'group_auc': 0.519, 'mean_mrr': 0.2067, 'ndcg@5': 0.2112, 'ndcg@10': 0.2704, 'loss': 5.812545076880641}
Memory: 4.087349248 GB
{'group_auc': 0.5654, 'mean_mrr': 0.2292, 'ndcg@5': 0.2359, 'ndcg@10': 0.2965, 'loss': 5.802314267838201}
Memory: 4.087349248 GB
{'group_auc': 0.5676, 'mean_mrr': 0.2275, 'ndcg@5': 0.2374, 'ndcg@10': 0.2947, 'loss': 5.844441785895499}
Memory: 4.087349248 GB
{'group_auc': 0.5678, 'mean_mrr': 0.2247, 'ndcg@5': 0.2314, 'ndcg@10': 0.2921, 'loss': 5.809425684584786}
Memory: 4.087349248 GB
{'group_auc': 0.5741, 'mean_mrr': 0.2311, 'ndcg@5': 0.2383, 'ndcg@10': 0.2966, 'loss': 5.850167221770295}
Memory: 4.087349248 GB
{'group_auc': 0.5774, 'mean_mrr': 0.2294, 'ndcg@5': 0.2357, 'ndcg@10': 0.2952, 'loss': 5.885451962336214}
Memory: 4.087349248 GB
{'group_auc': 0.578, 'mean_mrr': 0.2287, 'ndcg@5': 0.2349, 'ndcg@10': 0.2959, 'loss': 5.80488860490588}
Memory: 4.087349248 GB
{'group_auc': 0.5772, 'mean_mrr': 0.2305, 'ndcg@5': 0.2398, 'ndcg@10': 0.299, 'loss': 5.8419262420193725}
Memory: 4.087349248 GB
{'group_auc': 0.5797, 'mean_mrr': 0.2324, 'ndcg@5': 0.2404, 'ndcg@10': 0.3006, 'loss': 5.817675926779304}
Memory: 4.087349248 GB
{'group_auc': 0.5806, 'mean_mrr': 0.2315, 'ndcg@5': 0.2401, 'ndcg@10': 0.3002, 'loss': 5.8282386504110795}
Memory: 4.087349248 GB
{'group_auc': 0.5754, 'mean_mrr': 0.2265, 'ndcg@5': 0.2327, 'ndcg@10': 0.294, 'loss': 5.869366550274129}
Memory: 4.087349248 GB
{'group_auc': 0.5763, 'mean_mrr': 0.2274, 'ndcg@5': 0.2357, 'ndcg@10': 0.2958, 'loss': 5.808659512162067}
Memory: 4.087349248 GB
{'group_auc': 0.5816, 'mean_mrr': 0.2312, 'ndcg@5': 0.2399, 'ndcg@10': 0.2995, 'loss': 5.857351877648525}
Memory: 4.087349248 GB
{'group_auc': 0.5817, 'mean_mrr': 0.2314, 'ndcg@5': 0.2388, 'ndcg@10': 0.3008, 'loss': 5.865363351860679}
Memory: 4.087349248 GB
{'group_auc': 0.5815, 'mean_mrr': 0.2294, 'ndcg@5': 0.2362, 'ndcg@10': 0.2979, 'loss': 5.860018724341357}
Memory: 4.087349248 GB
{'group_auc': 0.5831, 'mean_mrr': 0.231, 'ndcg@5': 0.2396, 'ndcg@10': 0.3015, 'loss': 5.8108936571183705}
Memory: 4.087349248 GB
{'group_auc': 0.5835, 'mean_mrr': 0.2323, 'ndcg@5': 0.2412, 'ndcg@10': 0.3021, 'loss': 5.849810641202073}
Memory: 4.087349248 GB
{'group_auc': 0.5836, 'mean_mrr': 0.2326, 'ndcg@5': 0.2411, 'ndcg@10': 0.3015, 'loss': 5.814304561736922}
Memory: 4.087349248 GB
{'group_auc': 0.5862, 'mean_mrr': 0.2332, 'ndcg@5': 0.2422, 'ndcg@10': 0.3031, 'loss': 5.883893079569663}
Memory: 4.087349248 GB
{'group_auc': 0.5826, 'mean_mrr': 0.2334, 'ndcg@5': 0.2444, 'ndcg@10': 0.3027, 'loss': 5.864836516950241}
Memory: 4.087349248 GB
{'group_auc': 0.5877, 'mean_mrr': 0.2342, 'ndcg@5': 0.2468, 'ndcg@10': 0.3055, 'loss': 5.80949757822315}
Memory: 4.087349248 GB
{'group_auc': 0.5842, 'mean_mrr': 0.2353, 'ndcg@5': 0.245, 'ndcg@10': 0.3044, 'loss': 5.845934254270834}
Memory: 4.087349248 GB
{'group_auc': 0.5858, 'mean_mrr': 0.2337, 'ndcg@5': 0.2442, 'ndcg@10': 0.3041, 'loss': 5.88394477730606}
Memory: 4.087349248 GB
{'group_auc': 0.5855, 'mean_mrr': 0.2335, 'ndcg@5': 0.2452, 'ndcg@10': 0.3021, 'loss': 5.825353025531449}
Memory: 4.087349248 GB
{'group_auc': 0.5847, 'mean_mrr': 0.2338, 'ndcg@5': 0.2447, 'ndcg@10': 0.3044, 'loss': 5.860747451310464}
Memory: 4.087349248 GB
{'group_auc': 0.5868, 'mean_mrr': 0.2366, 'ndcg@5': 0.2472, 'ndcg@10': 0.3058, 'loss': 5.795498513466864}
