Importing Model... Ini
nheads: 8
num_layers: 2
dff: 2400
Hparam set 24
{'group_auc': 0.4932, 'mean_mrr': 0.2085, 'ndcg@5': 0.2081, 'ndcg@10': 0.2758, 'loss': 5.198095647949057}
Memory: 3.388997632 GB
{'group_auc': 0.5524, 'mean_mrr': 0.226, 'ndcg@5': 0.2409, 'ndcg@10': 0.3087, 'loss': 5.190272668846099}
Memory: 3.388997632 GB
{'group_auc': 0.5723, 'mean_mrr': 0.2356, 'ndcg@5': 0.26, 'ndcg@10': 0.3249, 'loss': 5.131679958212757}
Memory: 3.388997632 GB
{'group_auc': 0.584, 'mean_mrr': 0.2467, 'ndcg@5': 0.2723, 'ndcg@10': 0.3359, 'loss': 5.143206937550666}
Memory: 3.388997632 GB
{'group_auc': 0.5889, 'mean_mrr': 0.2516, 'ndcg@5': 0.2755, 'ndcg@10': 0.3419, 'loss': 5.207673983835573}
Memory: 3.388997632 GB
{'group_auc': 0.5897, 'mean_mrr': 0.2562, 'ndcg@5': 0.283, 'ndcg@10': 0.3453, 'loss': 5.129307163590038}
Memory: 3.388997632 GB
{'group_auc': 0.5878, 'mean_mrr': 0.2509, 'ndcg@5': 0.2737, 'ndcg@10': 0.3382, 'loss': 5.186983728898916}
Memory: 3.388997632 GB
{'group_auc': 0.5923, 'mean_mrr': 0.2623, 'ndcg@5': 0.287, 'ndcg@10': 0.3492, 'loss': 5.191869799070817}
Memory: 3.388997632 GB
{'group_auc': 0.5906, 'mean_mrr': 0.2544, 'ndcg@5': 0.2765, 'ndcg@10': 0.3404, 'loss': 5.186110105810163}
Memory: 3.388997632 GB
{'group_auc': 0.6006, 'mean_mrr': 0.2615, 'ndcg@5': 0.2861, 'ndcg@10': 0.3499, 'loss': 5.1661907759495715}
Memory: 3.388997632 GB
{'group_auc': 0.6093, 'mean_mrr': 0.2668, 'ndcg@5': 0.2927, 'ndcg@10': 0.3593, 'loss': 5.2299065643031435}
Memory: 3.388997632 GB
{'group_auc': 0.6134, 'mean_mrr': 0.2757, 'ndcg@5': 0.3015, 'ndcg@10': 0.3646, 'loss': 5.10666117681763}
Memory: 3.388997632 GB
{'group_auc': 0.6121, 'mean_mrr': 0.2739, 'ndcg@5': 0.2981, 'ndcg@10': 0.3645, 'loss': 5.115677432003212}
Memory: 3.388997632 GB
{'group_auc': 0.6162, 'mean_mrr': 0.2755, 'ndcg@5': 0.299, 'ndcg@10': 0.3658, 'loss': 5.155168345575643}
Memory: 3.388997632 GB
{'group_auc': 0.6208, 'mean_mrr': 0.2804, 'ndcg@5': 0.306, 'ndcg@10': 0.3711, 'loss': 5.148467444178878}
Memory: 3.388997632 GB
{'group_auc': 0.6227, 'mean_mrr': 0.2794, 'ndcg@5': 0.3064, 'ndcg@10': 0.3708, 'loss': 5.126651807485025}
Memory: 3.388997632 GB
{'group_auc': 0.6245, 'mean_mrr': 0.2818, 'ndcg@5': 0.3091, 'ndcg@10': 0.3728, 'loss': 5.309087802209411}
Memory: 3.388997632 GB
{'group_auc': 0.6284, 'mean_mrr': 0.2866, 'ndcg@5': 0.315, 'ndcg@10': 0.3775, 'loss': 5.14381868789841}
Memory: 3.388997632 GB
{'group_auc': 0.6232, 'mean_mrr': 0.2796, 'ndcg@5': 0.3079, 'ndcg@10': 0.3715, 'loss': 5.189643265737916}
Memory: 3.388997632 GB
{'group_auc': 0.6267, 'mean_mrr': 0.2831, 'ndcg@5': 0.3105, 'ndcg@10': 0.3738, 'loss': 5.129154667014957}
Memory: 3.388997632 GB
{'group_auc': 0.6329, 'mean_mrr': 0.2944, 'ndcg@5': 0.3221, 'ndcg@10': 0.3843, 'loss': 5.25173804644686}
