Importing Model... UserEmb
nheads: 4
num_layers: 2
dff: 1200
Hparam set None
{'group_auc': 0.5129, 'mean_mrr': 0.2097, 'ndcg@5': 0.2154, 'ndcg@10': 0.2708, 'loss': 5.830487651613994}
Memory: 2.85212672 GB
{'group_auc': 0.5736, 'mean_mrr': 0.2335, 'ndcg@5': 0.2469, 'ndcg@10': 0.3049, 'loss': 5.800949244356376}
Memory: 2.85212672 GB
{'group_auc': 0.5727, 'mean_mrr': 0.2295, 'ndcg@5': 0.2409, 'ndcg@10': 0.3018, 'loss': 5.821347061857016}
Memory: 2.85212672 GB
{'group_auc': 0.5755, 'mean_mrr': 0.2337, 'ndcg@5': 0.2446, 'ndcg@10': 0.3039, 'loss': 5.86050469501623}
Memory: 2.85212672 GB
{'group_auc': 0.5771, 'mean_mrr': 0.2286, 'ndcg@5': 0.2406, 'ndcg@10': 0.2989, 'loss': 5.871885748423919}
Memory: 2.85212672 GB
{'group_auc': 0.5724, 'mean_mrr': 0.2281, 'ndcg@5': 0.2396, 'ndcg@10': 0.2987, 'loss': 5.8761338137504495}
Memory: 2.85212672 GB
{'group_auc': 0.5756, 'mean_mrr': 0.2306, 'ndcg@5': 0.2429, 'ndcg@10': 0.3024, 'loss': 5.845602580296025}
Memory: 2.85212672 GB
{'group_auc': 0.5825, 'mean_mrr': 0.2284, 'ndcg@5': 0.2393, 'ndcg@10': 0.2997, 'loss': 6.055822684798662}
Memory: 2.85212672 GB
{'group_auc': 0.5848, 'mean_mrr': 0.2314, 'ndcg@5': 0.2419, 'ndcg@10': 0.303, 'loss': 5.893740871880082}
Memory: 2.85212672 GB
{'group_auc': 0.5845, 'mean_mrr': 0.2302, 'ndcg@5': 0.241, 'ndcg@10': 0.3021, 'loss': 5.972893960921082}
Memory: 2.85212672 GB
{'group_auc': 0.5851, 'mean_mrr': 0.2317, 'ndcg@5': 0.2413, 'ndcg@10': 0.302, 'loss': 6.008644134733442}
Memory: 2.85212672 GB
{'group_auc': 0.5881, 'mean_mrr': 0.2383, 'ndcg@5': 0.2477, 'ndcg@10': 0.309, 'loss': 5.8916806575956455}
Memory: 2.85212672 GB
{'group_auc': 0.5947, 'mean_mrr': 0.2418, 'ndcg@5': 0.2533, 'ndcg@10': 0.3145, 'loss': 5.879203245799991}
Memory: 2.85212672 GB
{'group_auc': 0.5925, 'mean_mrr': 0.2425, 'ndcg@5': 0.2528, 'ndcg@10': 0.3146, 'loss': 5.891279393424003}
Memory: 2.85212672 GB
{'group_auc': 0.5982, 'mean_mrr': 0.2508, 'ndcg@5': 0.263, 'ndcg@10': 0.3219, 'loss': 5.822927430811332}
Memory: 2.85212672 GB
{'group_auc': 0.6035, 'mean_mrr': 0.2534, 'ndcg@5': 0.267, 'ndcg@10': 0.3257, 'loss': 5.793325196846412}
Memory: 2.85212672 GB
{'group_auc': 0.6111, 'mean_mrr': 0.2569, 'ndcg@5': 0.2707, 'ndcg@10': 0.3297, 'loss': 5.946815276228915}
Memory: 2.85212672 GB
{'group_auc': 0.61, 'mean_mrr': 0.2562, 'ndcg@5': 0.2701, 'ndcg@10': 0.3292, 'loss': 5.852439954505973}
Memory: 2.85212672 GB
{'group_auc': 0.6051, 'mean_mrr': 0.2534, 'ndcg@5': 0.2671, 'ndcg@10': 0.3268, 'loss': 5.926088964214568}
Memory: 2.85212672 GB
{'group_auc': 0.6095, 'mean_mrr': 0.2574, 'ndcg@5': 0.2696, 'ndcg@10': 0.3304, 'loss': 5.811418857056785}
Memory: 2.85212672 GB
{'group_auc': 0.6132, 'mean_mrr': 0.2562, 'ndcg@5': 0.2696, 'ndcg@10': 0.33, 'loss': 5.829618375555535}
