Importing Model... Ini
nheads: 4
num_layers: 4
dff: 2400
Hparam set 18
{'group_auc': 0.5294, 'mean_mrr': 0.2067, 'ndcg@5': 0.2119, 'ndcg@10': 0.2707, 'loss': 5.810324027069038}
Memory: 3.938451456 GB
{'group_auc': 0.5634, 'mean_mrr': 0.2302, 'ndcg@5': 0.2433, 'ndcg@10': 0.2991, 'loss': 5.835923086542764}
Memory: 3.938451456 GB
{'group_auc': 0.5599, 'mean_mrr': 0.2302, 'ndcg@5': 0.244, 'ndcg@10': 0.2984, 'loss': 5.7924148798422905}
Memory: 3.938451456 GB
{'group_auc': 0.5547, 'mean_mrr': 0.226, 'ndcg@5': 0.2356, 'ndcg@10': 0.2917, 'loss': 5.817890449141835}
Memory: 3.938451456 GB
{'group_auc': 0.563, 'mean_mrr': 0.2296, 'ndcg@5': 0.2376, 'ndcg@10': 0.2972, 'loss': 5.8291277061204205}
Memory: 3.938451456 GB
{'group_auc': 0.5721, 'mean_mrr': 0.237, 'ndcg@5': 0.246, 'ndcg@10': 0.3058, 'loss': 5.884005395064274}
Memory: 3.938451456 GB
{'group_auc': 0.5687, 'mean_mrr': 0.2324, 'ndcg@5': 0.2427, 'ndcg@10': 0.3003, 'loss': 5.918376953358329}
Memory: 3.938451456 GB
{'group_auc': 0.5673, 'mean_mrr': 0.2338, 'ndcg@5': 0.2414, 'ndcg@10': 0.2992, 'loss': 5.84408633918596}
Memory: 3.938451456 GB
{'group_auc': 0.5733, 'mean_mrr': 0.2313, 'ndcg@5': 0.239, 'ndcg@10': 0.2993, 'loss': 5.786948491548766}
Memory: 3.938451456 GB
{'group_auc': 0.5748, 'mean_mrr': 0.2334, 'ndcg@5': 0.2401, 'ndcg@10': 0.3004, 'loss': 5.829958514538575}
Memory: 3.938451456 GB
{'group_auc': 0.5754, 'mean_mrr': 0.2363, 'ndcg@5': 0.2434, 'ndcg@10': 0.3028, 'loss': 5.857313696216111}
Memory: 3.938451456 GB
{'group_auc': 0.584, 'mean_mrr': 0.2392, 'ndcg@5': 0.2467, 'ndcg@10': 0.3083, 'loss': 5.81258757511885}
Memory: 3.938451456 GB
{'group_auc': 0.579, 'mean_mrr': 0.2381, 'ndcg@5': 0.2447, 'ndcg@10': 0.3059, 'loss': 5.865060488286733}
Memory: 3.938451456 GB
{'group_auc': 0.5847, 'mean_mrr': 0.244, 'ndcg@5': 0.2515, 'ndcg@10': 0.3111, 'loss': 5.881554372525229}
Memory: 3.938451456 GB
{'group_auc': 0.5871, 'mean_mrr': 0.2452, 'ndcg@5': 0.2543, 'ndcg@10': 0.3143, 'loss': 5.835901892979507}
Memory: 3.938451456 GB
{'group_auc': 0.5905, 'mean_mrr': 0.2463, 'ndcg@5': 0.2553, 'ndcg@10': 0.3168, 'loss': 5.795952603443701}
Memory: 3.938451456 GB
{'group_auc': 0.5906, 'mean_mrr': 0.2461, 'ndcg@5': 0.2534, 'ndcg@10': 0.3167, 'loss': 5.848107533918514}
Memory: 3.938451456 GB
{'group_auc': 0.5958, 'mean_mrr': 0.2493, 'ndcg@5': 0.258, 'ndcg@10': 0.3213, 'loss': 5.876107595379781}
Memory: 3.938451456 GB
{'group_auc': 0.5917, 'mean_mrr': 0.2458, 'ndcg@5': 0.2545, 'ndcg@10': 0.316, 'loss': 5.825228509227808}
Memory: 3.938451456 GB
{'group_auc': 0.6004, 'mean_mrr': 0.2562, 'ndcg@5': 0.2657, 'ndcg@10': 0.3282, 'loss': 5.870007109286906}
