Importing Model... Ini
nheads: 4
num_layers: 2
dff: 2400
Hparam set 14
{'group_auc': 0.4982, 'mean_mrr': 0.2026, 'ndcg@5': 0.2027, 'ndcg@10': 0.2648, 'loss': 5.845553044482921}
Memory: 3.001024512 GB
{'group_auc': 0.5634, 'mean_mrr': 0.2308, 'ndcg@5': 0.2437, 'ndcg@10': 0.3009, 'loss': 5.792611307396315}
Memory: 3.001024512 GB
{'group_auc': 0.5613, 'mean_mrr': 0.2311, 'ndcg@5': 0.2419, 'ndcg@10': 0.3015, 'loss': 5.779974615784972}
Memory: 3.001024512 GB
{'group_auc': 0.5703, 'mean_mrr': 0.2336, 'ndcg@5': 0.2463, 'ndcg@10': 0.3033, 'loss': 5.783195561733481}
Memory: 3.001024512 GB
{'group_auc': 0.5685, 'mean_mrr': 0.2278, 'ndcg@5': 0.2399, 'ndcg@10': 0.2973, 'loss': 5.806091125564615}
Memory: 3.001024512 GB
{'group_auc': 0.5752, 'mean_mrr': 0.2281, 'ndcg@5': 0.2405, 'ndcg@10': 0.2991, 'loss': 5.849815937816613}
Memory: 3.001024512 GB
{'group_auc': 0.581, 'mean_mrr': 0.2331, 'ndcg@5': 0.2455, 'ndcg@10': 0.304, 'loss': 5.869382631520281}
Memory: 3.001024512 GB
{'group_auc': 0.5844, 'mean_mrr': 0.2338, 'ndcg@5': 0.2461, 'ndcg@10': 0.3056, 'loss': 5.9825078861967524}
Memory: 3.001024512 GB
{'group_auc': 0.5903, 'mean_mrr': 0.2389, 'ndcg@5': 0.2493, 'ndcg@10': 0.3092, 'loss': 5.7827488035105405}
Memory: 3.001024512 GB
{'group_auc': 0.5961, 'mean_mrr': 0.2447, 'ndcg@5': 0.2547, 'ndcg@10': 0.3158, 'loss': 5.827515533716344}
Memory: 3.001024512 GB
{'group_auc': 0.6016, 'mean_mrr': 0.2461, 'ndcg@5': 0.2577, 'ndcg@10': 0.3174, 'loss': 5.797373597107381}
Memory: 3.001024512 GB
{'group_auc': 0.6053, 'mean_mrr': 0.2501, 'ndcg@5': 0.2611, 'ndcg@10': 0.3236, 'loss': 5.780145535175565}
Memory: 3.001024512 GB
{'group_auc': 0.6028, 'mean_mrr': 0.2499, 'ndcg@5': 0.2627, 'ndcg@10': 0.3238, 'loss': 5.791286773645683}
Memory: 3.001024512 GB
{'group_auc': 0.6111, 'mean_mrr': 0.2536, 'ndcg@5': 0.2662, 'ndcg@10': 0.3297, 'loss': 5.859413249791124}
Memory: 3.001024512 GB
{'group_auc': 0.6141, 'mean_mrr': 0.2583, 'ndcg@5': 0.2709, 'ndcg@10': 0.3338, 'loss': 5.780226798441231}
Memory: 3.001024512 GB
{'group_auc': 0.6147, 'mean_mrr': 0.2588, 'ndcg@5': 0.2728, 'ndcg@10': 0.336, 'loss': 5.7411309732191}
Memory: 3.001024512 GB
{'group_auc': 0.6224, 'mean_mrr': 0.2634, 'ndcg@5': 0.2783, 'ndcg@10': 0.3405, 'loss': 5.739592911051195}
Memory: 3.001024512 GB
{'group_auc': 0.6206, 'mean_mrr': 0.2645, 'ndcg@5': 0.2816, 'ndcg@10': 0.3412, 'loss': 5.905683417577251}
Memory: 3.001024512 GB
{'group_auc': 0.6241, 'mean_mrr': 0.2689, 'ndcg@5': 0.2843, 'ndcg@10': 0.3457, 'loss': 5.723090475446316}
Memory: 3.001024512 GB
{'group_auc': 0.6272, 'mean_mrr': 0.2681, 'ndcg@5': 0.2837, 'ndcg@10': 0.3469, 'loss': 5.7053195899447475}
Memory: 3.001024512 GB
{'group_auc': 0.6294, 'mean_mrr': 0.2668, 'ndcg@5': 0.2826, 'ndcg@10': 0.3446, 'loss': 5.838144174994992}
Memory: 3.001024512 GB
{'group_auc': 0.6283, 'mean_mrr': 0.2687, 'ndcg@5': 0.2839, 'ndcg@10': 0.3445, 'loss': 5.7492502118862685}
Memory: 3.001024512 GB
{'group_auc': 0.6294, 'mean_mrr': 0.2713, 'ndcg@5': 0.2883, 'ndcg@10': 0.3487, 'loss': 6.1846281286365485}
Memory: 3.001024512 GB
{'group_auc': 0.6279, 'mean_mrr': 0.2707, 'ndcg@5': 0.2865, 'ndcg@10': 0.3479, 'loss': 5.914824902581977}
Memory: 3.001024512 GB
{'group_auc': 0.6286, 'mean_mrr': 0.2692, 'ndcg@5': 0.2841, 'ndcg@10': 0.3455, 'loss': 5.758771451472025}
