Importing Model... Ini
nheads: 2
num_layers: 3
dff: 1200
Hparam set 5
{'group_auc': 0.4968, 'mean_mrr': 0.1959, 'ndcg@5': 0.2018, 'ndcg@10': 0.2614, 'loss': 5.829177610444633}
Memory: 3.181379584 GB
{'group_auc': 0.545, 'mean_mrr': 0.2159, 'ndcg@5': 0.2243, 'ndcg@10': 0.2827, 'loss': 5.809365314766041}
Memory: 3.181379584 GB
{'group_auc': 0.5589, 'mean_mrr': 0.2217, 'ndcg@5': 0.2309, 'ndcg@10': 0.2905, 'loss': 5.817939474889376}
Memory: 3.181379584 GB
{'group_auc': 0.5654, 'mean_mrr': 0.2255, 'ndcg@5': 0.2361, 'ndcg@10': 0.2956, 'loss': 5.818272776664987}
Memory: 3.181379584 GB
{'group_auc': 0.5612, 'mean_mrr': 0.2269, 'ndcg@5': 0.2351, 'ndcg@10': 0.295, 'loss': 5.8735108994019845}
Memory: 3.181379584 GB
{'group_auc': 0.5648, 'mean_mrr': 0.2303, 'ndcg@5': 0.2383, 'ndcg@10': 0.2982, 'loss': 5.89109456612805}
Memory: 3.181379584 GB
{'group_auc': 0.562, 'mean_mrr': 0.2247, 'ndcg@5': 0.2345, 'ndcg@10': 0.2941, 'loss': 5.8971059563580415}
Memory: 3.181379584 GB
{'group_auc': 0.5611, 'mean_mrr': 0.226, 'ndcg@5': 0.2346, 'ndcg@10': 0.2946, 'loss': 5.8942179841014894}
Memory: 3.181379584 GB
{'group_auc': 0.5679, 'mean_mrr': 0.2291, 'ndcg@5': 0.2398, 'ndcg@10': 0.2986, 'loss': 5.86703396855713}
Memory: 3.181379584 GB
{'group_auc': 0.5639, 'mean_mrr': 0.2285, 'ndcg@5': 0.2373, 'ndcg@10': 0.2976, 'loss': 5.941218687545685}
Memory: 3.181379584 GB
{'group_auc': 0.572, 'mean_mrr': 0.2304, 'ndcg@5': 0.2393, 'ndcg@10': 0.2995, 'loss': 5.868245847161945}
Memory: 3.181379584 GB
{'group_auc': 0.5712, 'mean_mrr': 0.2334, 'ndcg@5': 0.2423, 'ndcg@10': 0.3034, 'loss': 5.832673922126261}
Memory: 3.181379584 GB
{'group_auc': 0.5833, 'mean_mrr': 0.24, 'ndcg@5': 0.2504, 'ndcg@10': 0.3111, 'loss': 5.949687291600471}
Memory: 3.181379584 GB
{'group_auc': 0.5843, 'mean_mrr': 0.242, 'ndcg@5': 0.2513, 'ndcg@10': 0.3142, 'loss': 5.892566545968768}
Memory: 3.181379584 GB
{'group_auc': 0.5894, 'mean_mrr': 0.2458, 'ndcg@5': 0.2566, 'ndcg@10': 0.3164, 'loss': 5.871055608003713}
Memory: 3.181379584 GB
{'group_auc': 0.5751, 'mean_mrr': 0.2391, 'ndcg@5': 0.247, 'ndcg@10': 0.3079, 'loss': 5.815842674970331}
Memory: 3.181379584 GB
{'group_auc': 0.5951, 'mean_mrr': 0.2531, 'ndcg@5': 0.2647, 'ndcg@10': 0.3239, 'loss': 5.881712312716416}
Memory: 3.181379584 GB
{'group_auc': 0.6035, 'mean_mrr': 0.2594, 'ndcg@5': 0.2723, 'ndcg@10': 0.3325, 'loss': 5.791579318499983}
Memory: 3.181379584 GB
{'group_auc': 0.608, 'mean_mrr': 0.2602, 'ndcg@5': 0.2745, 'ndcg@10': 0.3335, 'loss': 5.964536628260701}
Memory: 3.181379584 GB
{'group_auc': 0.5971, 'mean_mrr': 0.2581, 'ndcg@5': 0.27, 'ndcg@10': 0.3301, 'loss': 5.921281640028761}
Memory: 3.181379584 GB
{'group_auc': 0.6162, 'mean_mrr': 0.2621, 'ndcg@5': 0.2747, 'ndcg@10': 0.3355, 'loss': 5.783908443877043}
Memory: 3.181379584 GB
{'group_auc': 0.6094, 'mean_mrr': 0.2626, 'ndcg@5': 0.2761, 'ndcg@10': 0.3367, 'loss': 5.862278350996936}
Memory: 3.181379584 GB
{'group_auc': 0.6177, 'mean_mrr': 0.2646, 'ndcg@5': 0.2786, 'ndcg@10': 0.34, 'loss': 5.824601233110919}
Memory: 3.181379584 GB
{'group_auc': 0.6231, 'mean_mrr': 0.2666, 'ndcg@5': 0.2801, 'ndcg@10': 0.3412, 'loss': 5.865541133365807}
Memory: 3.181379584 GB
{'group_auc': 0.6192, 'mean_mrr': 0.2656, 'ndcg@5': 0.2803, 'ndcg@10': 0.3406, 'loss': 5.833404429034823}
Memory: 3.181379584 GB
{'group_auc': 0.611, 'mean_mrr': 0.2606, 'ndcg@5': 0.2726, 'ndcg@10': 0.3348, 'loss': 5.927128166190368}
