Importing Model... Ini
nheads: 2
num_layers: 2
dff: 1200
Hparam set 3
{'group_auc': 0.4749, 'mean_mrr': 0.1889, 'ndcg@5': 0.1892, 'ndcg@10': 0.2536, 'loss': 5.924146561752693}
Memory: 2.85212672 GB
{'group_auc': 0.556, 'mean_mrr': 0.2265, 'ndcg@5': 0.2324, 'ndcg@10': 0.2937, 'loss': 5.791588076550616}
Memory: 2.85212672 GB
{'group_auc': 0.5669, 'mean_mrr': 0.2201, 'ndcg@5': 0.2302, 'ndcg@10': 0.2922, 'loss': 5.8027618035332145}
Memory: 2.85212672 GB
{'group_auc': 0.5701, 'mean_mrr': 0.2257, 'ndcg@5': 0.2346, 'ndcg@10': 0.2959, 'loss': 5.791091939403174}
Memory: 2.85212672 GB
{'group_auc': 0.5801, 'mean_mrr': 0.2312, 'ndcg@5': 0.2414, 'ndcg@10': 0.3041, 'loss': 5.809854122958847}
Memory: 2.85212672 GB
{'group_auc': 0.5733, 'mean_mrr': 0.2318, 'ndcg@5': 0.24, 'ndcg@10': 0.3013, 'loss': 5.83152559885405}
Memory: 2.85212672 GB
{'group_auc': 0.5745, 'mean_mrr': 0.2318, 'ndcg@5': 0.2396, 'ndcg@10': 0.3018, 'loss': 5.837862997911772}
Memory: 2.85212672 GB
{'group_auc': 0.5684, 'mean_mrr': 0.2295, 'ndcg@5': 0.2377, 'ndcg@10': 0.2996, 'loss': 5.892544021512672}
Memory: 2.85212672 GB
{'group_auc': 0.5672, 'mean_mrr': 0.2249, 'ndcg@5': 0.2322, 'ndcg@10': 0.2947, 'loss': 6.004800907539209}
Memory: 2.85212672 GB
{'group_auc': 0.5776, 'mean_mrr': 0.2301, 'ndcg@5': 0.2382, 'ndcg@10': 0.3012, 'loss': 5.81743707767271}
Memory: 2.85212672 GB
{'group_auc': 0.5745, 'mean_mrr': 0.232, 'ndcg@5': 0.2397, 'ndcg@10': 0.3012, 'loss': 5.8325836050052065}
Memory: 2.85212672 GB
{'group_auc': 0.5802, 'mean_mrr': 0.2333, 'ndcg@5': 0.2446, 'ndcg@10': 0.3028, 'loss': 6.0285359689236735}
Memory: 2.85212672 GB
{'group_auc': 0.5854, 'mean_mrr': 0.2409, 'ndcg@5': 0.2483, 'ndcg@10': 0.3118, 'loss': 5.8257507953828975}
Memory: 2.85212672 GB
{'group_auc': 0.5972, 'mean_mrr': 0.2491, 'ndcg@5': 0.2597, 'ndcg@10': 0.3222, 'loss': 5.884525291796771}
Memory: 2.85212672 GB
{'group_auc': 0.5963, 'mean_mrr': 0.2481, 'ndcg@5': 0.2595, 'ndcg@10': 0.3189, 'loss': 5.820985214205233}
Memory: 2.85212672 GB
{'group_auc': 0.6023, 'mean_mrr': 0.2538, 'ndcg@5': 0.2655, 'ndcg@10': 0.327, 'loss': 5.829768033187741}
Memory: 2.85212672 GB
{'group_auc': 0.5985, 'mean_mrr': 0.2527, 'ndcg@5': 0.2643, 'ndcg@10': 0.325, 'loss': 5.900078628963852}
Memory: 2.85212672 GB
{'group_auc': 0.6052, 'mean_mrr': 0.2578, 'ndcg@5': 0.2673, 'ndcg@10': 0.332, 'loss': 5.803725212182081}
Memory: 2.85212672 GB
{'group_auc': 0.6087, 'mean_mrr': 0.254, 'ndcg@5': 0.2655, 'ndcg@10': 0.3273, 'loss': 5.9173759208936225}
Memory: 2.85212672 GB
{'group_auc': 0.6126, 'mean_mrr': 0.2587, 'ndcg@5': 0.2703, 'ndcg@10': 0.3334, 'loss': 5.846562317350132}
Memory: 2.85212672 GB
{'group_auc': 0.6101, 'mean_mrr': 0.2566, 'ndcg@5': 0.2677, 'ndcg@10': 0.3312, 'loss': 5.965533455122252}
Memory: 2.85212672 GB
{'group_auc': 0.6139, 'mean_mrr': 0.2571, 'ndcg@5': 0.2684, 'ndcg@10': 0.3319, 'loss': 5.846387345648995}
Memory: 2.85212672 GB
{'group_auc': 0.6131, 'mean_mrr': 0.2572, 'ndcg@5': 0.2695, 'ndcg@10': 0.3329, 'loss': 5.921574242531}
Memory: 2.85212672 GB
{'group_auc': 0.6138, 'mean_mrr': 0.2603, 'ndcg@5': 0.2723, 'ndcg@10': 0.3363, 'loss': 5.909921593868665}
Memory: 2.85212672 GB
{'group_auc': 0.6128, 'mean_mrr': 0.2614, 'ndcg@5': 0.2731, 'ndcg@10': 0.3365, 'loss': 5.988168839376713}
Memory: 2.85212672 GB
{'group_auc': 0.6151, 'mean_mrr': 0.263, 'ndcg@5': 0.2733, 'ndcg@10': 0.3369, 'loss': 5.816915522310244}
