Importing Model... Ini
nheads: 8
num_layers: 4
dff: 1200
Hparam set 27
{'group_auc': 0.493, 'mean_mrr': 0.2271, 'ndcg@5': 0.2291, 'ndcg@10': 0.2879, 'loss': 5.172149896735469}
Memory: 3.79584512 GB
{'group_auc': 0.5719, 'mean_mrr': 0.2437, 'ndcg@5': 0.2577, 'ndcg@10': 0.3282, 'loss': 5.168858189776225}
Memory: 3.79584512 GB
{'group_auc': 0.5841, 'mean_mrr': 0.2557, 'ndcg@5': 0.2777, 'ndcg@10': 0.3415, 'loss': 5.147108573800216}
Memory: 3.79584512 GB
{'group_auc': 0.5838, 'mean_mrr': 0.2517, 'ndcg@5': 0.2715, 'ndcg@10': 0.3371, 'loss': 5.190367913660584}
Memory: 3.79584512 GB
{'group_auc': 0.5898, 'mean_mrr': 0.2497, 'ndcg@5': 0.2722, 'ndcg@10': 0.3362, 'loss': 5.159123646434912}
Memory: 3.79584512 GB
{'group_auc': 0.5793, 'mean_mrr': 0.2435, 'ndcg@5': 0.2652, 'ndcg@10': 0.3284, 'loss': 5.226789163035768}
Memory: 3.79584512 GB
{'group_auc': 0.5844, 'mean_mrr': 0.2487, 'ndcg@5': 0.2745, 'ndcg@10': 0.3346, 'loss': 5.254530546767732}
Memory: 3.79584512 GB
{'group_auc': 0.5877, 'mean_mrr': 0.253, 'ndcg@5': 0.2782, 'ndcg@10': 0.339, 'loss': 5.266682649445774}
Memory: 3.79584512 GB
{'group_auc': 0.5972, 'mean_mrr': 0.2601, 'ndcg@5': 0.2836, 'ndcg@10': 0.3479, 'loss': 5.229595525641612}
Memory: 3.79584512 GB
{'group_auc': 0.5997, 'mean_mrr': 0.2601, 'ndcg@5': 0.2878, 'ndcg@10': 0.3474, 'loss': 5.190019124420011}
Memory: 3.79584512 GB
{'group_auc': 0.6068, 'mean_mrr': 0.2659, 'ndcg@5': 0.2937, 'ndcg@10': 0.3551, 'loss': 5.091093335203425}
Memory: 3.79584512 GB
{'group_auc': 0.6111, 'mean_mrr': 0.2757, 'ndcg@5': 0.3036, 'ndcg@10': 0.3655, 'loss': 5.0955737360123425}
Memory: 3.79584512 GB
{'group_auc': 0.6112, 'mean_mrr': 0.2747, 'ndcg@5': 0.302, 'ndcg@10': 0.3638, 'loss': 5.1770741001681575}
Memory: 3.79584512 GB
{'group_auc': 0.6121, 'mean_mrr': 0.2756, 'ndcg@5': 0.3036, 'ndcg@10': 0.3655, 'loss': 5.096235822864688}
Memory: 3.79584512 GB
{'group_auc': 0.6143, 'mean_mrr': 0.275, 'ndcg@5': 0.3032, 'ndcg@10': 0.3649, 'loss': 5.1402726512691945}
Memory: 3.79584512 GB
{'group_auc': 0.6203, 'mean_mrr': 0.2782, 'ndcg@5': 0.307, 'ndcg@10': 0.3689, 'loss': 5.251108712137224}
Memory: 3.79584512 GB
{'group_auc': 0.6188, 'mean_mrr': 0.2801, 'ndcg@5': 0.308, 'ndcg@10': 0.3712, 'loss': 5.096367594154743}
Memory: 3.79584512 GB
{'group_auc': 0.6152, 'mean_mrr': 0.2781, 'ndcg@5': 0.3068, 'ndcg@10': 0.3698, 'loss': 5.144363456833436}
Memory: 3.79584512 GB
{'group_auc': 0.6195, 'mean_mrr': 0.2804, 'ndcg@5': 0.3084, 'ndcg@10': 0.3714, 'loss': 5.146905850633255}
Memory: 3.79584512 GB
{'group_auc': 0.6177, 'mean_mrr': 0.2754, 'ndcg@5': 0.3043, 'ndcg@10': 0.3685, 'loss': 5.221394886437933}
Memory: 3.79584512 GB
{'group_auc': 0.6184, 'mean_mrr': 0.2789, 'ndcg@5': 0.3068, 'ndcg@10': 0.3691, 'loss': 5.175284605150937}
