Importing Model... Ini
nheads: 8
num_layers: 2
dff: 1200
Hparam set 23
{'group_auc': 0.4619, 'mean_mrr': 0.2088, 'ndcg@5': 0.2044, 'ndcg@10': 0.2668, 'loss': 5.248702345222702}
Memory: 3.172990976 GB
{'group_auc': 0.5727, 'mean_mrr': 0.2359, 'ndcg@5': 0.2524, 'ndcg@10': 0.3236, 'loss': 5.138025794294552}
Memory: 3.172990976 GB
{'group_auc': 0.5658, 'mean_mrr': 0.2363, 'ndcg@5': 0.2483, 'ndcg@10': 0.3214, 'loss': 5.18642670767764}
Memory: 3.172990976 GB
{'group_auc': 0.5687, 'mean_mrr': 0.2397, 'ndcg@5': 0.2572, 'ndcg@10': 0.3241, 'loss': 5.199334271885988}
Memory: 3.172990976 GB
{'group_auc': 0.5709, 'mean_mrr': 0.244, 'ndcg@5': 0.2649, 'ndcg@10': 0.3295, 'loss': 5.184690443705196}
Memory: 3.172990976 GB
{'group_auc': 0.5692, 'mean_mrr': 0.2456, 'ndcg@5': 0.2644, 'ndcg@10': 0.3281, 'loss': 5.189043664090188}
Memory: 3.172990976 GB
{'group_auc': 0.5714, 'mean_mrr': 0.2406, 'ndcg@5': 0.2614, 'ndcg@10': 0.327, 'loss': 5.217468986325423}
Memory: 3.172990976 GB
{'group_auc': 0.5725, 'mean_mrr': 0.2434, 'ndcg@5': 0.264, 'ndcg@10': 0.3287, 'loss': 5.150845995539293}
Memory: 3.172990976 GB
{'group_auc': 0.5764, 'mean_mrr': 0.246, 'ndcg@5': 0.266, 'ndcg@10': 0.3318, 'loss': 5.205943306434414}
Memory: 3.172990976 GB
{'group_auc': 0.5877, 'mean_mrr': 0.2569, 'ndcg@5': 0.281, 'ndcg@10': 0.3433, 'loss': 5.230511461274512}
Memory: 3.172990976 GB
{'group_auc': 0.5946, 'mean_mrr': 0.2605, 'ndcg@5': 0.2852, 'ndcg@10': 0.3487, 'loss': 5.229005771199014}
Memory: 3.172990976 GB
{'group_auc': 0.6026, 'mean_mrr': 0.2674, 'ndcg@5': 0.2941, 'ndcg@10': 0.3559, 'loss': 5.13923423760396}
Memory: 3.172990976 GB
{'group_auc': 0.6081, 'mean_mrr': 0.269, 'ndcg@5': 0.295, 'ndcg@10': 0.3589, 'loss': 5.232943610249937}
Memory: 3.172990976 GB
{'group_auc': 0.6096, 'mean_mrr': 0.2724, 'ndcg@5': 0.3008, 'ndcg@10': 0.3628, 'loss': 5.234897566041108}
Memory: 3.172990976 GB
{'group_auc': 0.614, 'mean_mrr': 0.2754, 'ndcg@5': 0.3018, 'ndcg@10': 0.3648, 'loss': 5.12488425302698}
Memory: 3.172990976 GB
{'group_auc': 0.6154, 'mean_mrr': 0.2744, 'ndcg@5': 0.3008, 'ndcg@10': 0.3655, 'loss': 5.11232606939522}
Memory: 3.172990976 GB
{'group_auc': 0.6193, 'mean_mrr': 0.2762, 'ndcg@5': 0.3016, 'ndcg@10': 0.3674, 'loss': 5.197279805774564}
Memory: 3.172990976 GB
{'group_auc': 0.6196, 'mean_mrr': 0.2787, 'ndcg@5': 0.3087, 'ndcg@10': 0.3714, 'loss': 5.145396518463585}
Memory: 3.172990976 GB
{'group_auc': 0.617, 'mean_mrr': 0.2788, 'ndcg@5': 0.3068, 'ndcg@10': 0.3694, 'loss': 5.172861880111442}
Memory: 3.172990976 GB
{'group_auc': 0.6168, 'mean_mrr': 0.2752, 'ndcg@5': 0.3025, 'ndcg@10': 0.367, 'loss': 5.220083591134298}
Memory: 3.172990976 GB
{'group_auc': 0.616, 'mean_mrr': 0.2769, 'ndcg@5': 0.3048, 'ndcg@10': 0.369, 'loss': 5.282676595080126}
