Importing Model... Ini
nheads: 4
num_layers: 5
dff: 2400
Hparam set 20
{'group_auc': 0.5282, 'mean_mrr': 0.2104, 'ndcg@5': 0.2166, 'ndcg@10': 0.2756, 'loss': 5.811237872422846}
Memory: 4.213178368 GB
{'group_auc': 0.5683, 'mean_mrr': 0.2284, 'ndcg@5': 0.2384, 'ndcg@10': 0.2969, 'loss': 5.809765436337226}
Memory: 4.213178368 GB
{'group_auc': 0.5654, 'mean_mrr': 0.227, 'ndcg@5': 0.2365, 'ndcg@10': 0.2948, 'loss': 5.813881136989919}
Memory: 4.213178368 GB
{'group_auc': 0.5608, 'mean_mrr': 0.2237, 'ndcg@5': 0.2293, 'ndcg@10': 0.2902, 'loss': 5.852429080077193}
Memory: 4.213178368 GB
{'group_auc': 0.5727, 'mean_mrr': 0.2306, 'ndcg@5': 0.2388, 'ndcg@10': 0.2986, 'loss': 5.820777357150681}
Memory: 4.213178368 GB
{'group_auc': 0.5722, 'mean_mrr': 0.2318, 'ndcg@5': 0.2419, 'ndcg@10': 0.3001, 'loss': 5.964160494078921}
Memory: 4.213178368 GB
{'group_auc': 0.5672, 'mean_mrr': 0.2276, 'ndcg@5': 0.2342, 'ndcg@10': 0.2944, 'loss': 5.945326663570155}
Memory: 4.213178368 GB
{'group_auc': 0.5741, 'mean_mrr': 0.2323, 'ndcg@5': 0.2413, 'ndcg@10': 0.2985, 'loss': 5.843583271671037}
Memory: 4.213178368 GB
{'group_auc': 0.5809, 'mean_mrr': 0.2359, 'ndcg@5': 0.2451, 'ndcg@10': 0.3036, 'loss': 5.826539854039023}
Memory: 4.213178368 GB
{'group_auc': 0.579, 'mean_mrr': 0.236, 'ndcg@5': 0.2451, 'ndcg@10': 0.3035, 'loss': 5.822434023834784}
Memory: 4.213178368 GB
{'group_auc': 0.5799, 'mean_mrr': 0.2361, 'ndcg@5': 0.2452, 'ndcg@10': 0.3044, 'loss': 5.85979019325072}
Memory: 4.213178368 GB
{'group_auc': 0.5817, 'mean_mrr': 0.239, 'ndcg@5': 0.2498, 'ndcg@10': 0.3088, 'loss': 5.834460723650435}
Memory: 4.213178368 GB
{'group_auc': 0.5782, 'mean_mrr': 0.2355, 'ndcg@5': 0.2453, 'ndcg@10': 0.3047, 'loss': 5.856155817760775}
Memory: 4.213178368 GB
{'group_auc': 0.5838, 'mean_mrr': 0.2382, 'ndcg@5': 0.2487, 'ndcg@10': 0.3066, 'loss': 5.939863356214878}
Memory: 4.213178368 GB
{'group_auc': 0.5862, 'mean_mrr': 0.2404, 'ndcg@5': 0.2492, 'ndcg@10': 0.308, 'loss': 5.790830097275054}
Memory: 4.213178368 GB
{'group_auc': 0.5844, 'mean_mrr': 0.2409, 'ndcg@5': 0.2502, 'ndcg@10': 0.309, 'loss': 5.888775389882934}
Memory: 4.213178368 GB
{'group_auc': 0.5876, 'mean_mrr': 0.2433, 'ndcg@5': 0.2542, 'ndcg@10': 0.3119, 'loss': 5.904093117031454}
Memory: 4.213178368 GB
{'group_auc': 0.5874, 'mean_mrr': 0.2425, 'ndcg@5': 0.2507, 'ndcg@10': 0.3111, 'loss': 5.830380175225391}
Memory: 4.213178368 GB
{'group_auc': 0.5885, 'mean_mrr': 0.2459, 'ndcg@5': 0.2547, 'ndcg@10': 0.3137, 'loss': 5.899505091090918}
Memory: 4.213178368 GB
{'group_auc': 0.5935, 'mean_mrr': 0.2482, 'ndcg@5': 0.2598, 'ndcg@10': 0.3158, 'loss': 5.896711087106114}
Memory: 4.213178368 GB
{'group_auc': 0.5953, 'mean_mrr': 0.2485, 'ndcg@5': 0.2625, 'ndcg@10': 0.3191, 'loss': 5.838862249980089}
