Importing Model... Ini
nheads: 2
num_layers: 4
dff: 2400
Hparam set 8
{'group_auc': 0.5155, 'mean_mrr': 0.2241, 'ndcg@5': 0.2282, 'ndcg@10': 0.2926, 'loss': 5.162580213436239}
Memory: 3.917479936 GB
{'group_auc': 0.5745, 'mean_mrr': 0.2457, 'ndcg@5': 0.2631, 'ndcg@10': 0.332, 'loss': 5.148340300237474}
Memory: 3.917479936 GB
{'group_auc': 0.5795, 'mean_mrr': 0.2503, 'ndcg@5': 0.2744, 'ndcg@10': 0.3409, 'loss': 5.150486401292281}
Memory: 3.917479936 GB
{'group_auc': 0.5734, 'mean_mrr': 0.2515, 'ndcg@5': 0.2719, 'ndcg@10': 0.3357, 'loss': 5.1430841533724925}
Memory: 3.917479936 GB
{'group_auc': 0.5762, 'mean_mrr': 0.2499, 'ndcg@5': 0.2693, 'ndcg@10': 0.3366, 'loss': 5.166805438805008}
Memory: 3.917479936 GB
{'group_auc': 0.5729, 'mean_mrr': 0.2472, 'ndcg@5': 0.2681, 'ndcg@10': 0.3325, 'loss': 5.118354159629134}
Memory: 3.917479936 GB
{'group_auc': 0.5705, 'mean_mrr': 0.242, 'ndcg@5': 0.261, 'ndcg@10': 0.3283, 'loss': 5.179240614870067}
Memory: 3.917479936 GB
{'group_auc': 0.5634, 'mean_mrr': 0.2402, 'ndcg@5': 0.2605, 'ndcg@10': 0.3267, 'loss': 5.286605408178019}
Memory: 3.917479936 GB
{'group_auc': 0.5745, 'mean_mrr': 0.2516, 'ndcg@5': 0.2756, 'ndcg@10': 0.3372, 'loss': 5.189693838672302}
Memory: 3.917479936 GB
{'group_auc': 0.576, 'mean_mrr': 0.2504, 'ndcg@5': 0.269, 'ndcg@10': 0.3346, 'loss': 5.156985764670672}
Memory: 3.917479936 GB
{'group_auc': 0.5767, 'mean_mrr': 0.2512, 'ndcg@5': 0.2687, 'ndcg@10': 0.3338, 'loss': 5.17842184567193}
Memory: 3.917479936 GB
{'group_auc': 0.5784, 'mean_mrr': 0.2569, 'ndcg@5': 0.2762, 'ndcg@10': 0.3413, 'loss': 5.261913938444477}
Memory: 3.917479936 GB
{'group_auc': 0.5875, 'mean_mrr': 0.2602, 'ndcg@5': 0.2811, 'ndcg@10': 0.3469, 'loss': 5.157542670631186}
Memory: 3.917479936 GB
{'group_auc': 0.592, 'mean_mrr': 0.2649, 'ndcg@5': 0.2885, 'ndcg@10': 0.3523, 'loss': 5.123564414040704}
Memory: 3.917479936 GB
{'group_auc': 0.5942, 'mean_mrr': 0.2689, 'ndcg@5': 0.2933, 'ndcg@10': 0.3574, 'loss': 5.138238673513354}
Memory: 3.917479936 GB
{'group_auc': 0.5916, 'mean_mrr': 0.2656, 'ndcg@5': 0.2883, 'ndcg@10': 0.3534, 'loss': 5.259432178775895}
Memory: 3.917479936 GB
{'group_auc': 0.5961, 'mean_mrr': 0.27, 'ndcg@5': 0.2937, 'ndcg@10': 0.3604, 'loss': 5.2304190186328325}
Memory: 3.917479936 GB
{'group_auc': 0.595, 'mean_mrr': 0.2698, 'ndcg@5': 0.2937, 'ndcg@10': 0.3578, 'loss': 5.185403471828446}
Memory: 3.917479936 GB
{'group_auc': 0.5995, 'mean_mrr': 0.2696, 'ndcg@5': 0.2919, 'ndcg@10': 0.3586, 'loss': 5.2609274604533}
Memory: 3.917479936 GB
{'group_auc': 0.5989, 'mean_mrr': 0.2769, 'ndcg@5': 0.302, 'ndcg@10': 0.3649, 'loss': 5.197986233643692}
Memory: 3.917479936 GB
{'group_auc': 0.5989, 'mean_mrr': 0.2756, 'ndcg@5': 0.3024, 'ndcg@10': 0.3643, 'loss': 5.172032931298554}
