Loaded dependency [python3/3.9.11]: gcc/10.3.0-binutils-2.36.1
Loaded module: python3/3.9.11

Loading python3/3.9.11
  Loading requirement: gcc/10.3.0-binutils-2.36.1
Loaded module: cuda/11.7
Traceback (most recent call last):
  File "/work3/s204117/News-Recommendations/TrainTransformer/FitTransformer.py", line 16, in <module>
    from DataLoaders.DataIterator import NewsDataset
  File "/work3/s204117/News-Recommendations/DataLoaders/DataIterator.py", line 8, in <module>
    from nltk.tokenize import RegexpTokenizer
  File "/work3/s204117/News-Recommendations/venv_1/lib/python3.9/site-packages/nltk/__init__.py", line 133, in <module>
    from nltk.collocations import *
  File "/work3/s204117/News-Recommendations/venv_1/lib/python3.9/site-packages/nltk/collocations.py", line 36, in <module>
    from nltk.metrics import (
  File "/work3/s204117/News-Recommendations/venv_1/lib/python3.9/site-packages/nltk/metrics/__init__.py", line 18, in <module>
    from nltk.metrics.association import (
  File "/work3/s204117/News-Recommendations/venv_1/lib/python3.9/site-packages/nltk/metrics/association.py", line 26, in <module>
    from scipy.stats import fisher_exact
  File "/work3/s204117/News-Recommendations/venv_1/lib/python3.9/site-packages/scipy/stats/__init__.py", line 485, in <module>
    from ._stats_py import *
  File "/work3/s204117/News-Recommendations/venv_1/lib/python3.9/site-packages/scipy/stats/_stats_py.py", line 39, in <module>
    from scipy.spatial.distance import cdist
  File "/work3/s204117/News-Recommendations/venv_1/lib/python3.9/site-packages/scipy/spatial/__init__.py", line 105, in <module>
    from ._kdtree import *
  File "/work3/s204117/News-Recommendations/venv_1/lib/python3.9/site-packages/scipy/spatial/_kdtree.py", line 4, in <module>
    from ._ckdtree import cKDTree, cKDTreeNode
  File "_ckdtree.pyx", line 10, in init scipy.spatial._ckdtree
  File "/work3/s204117/News-Recommendations/venv_1/lib/python3.9/site-packages/scipy/sparse/__init__.py", line 283, in <module>
    from . import csgraph
  File "/work3/s204117/News-Recommendations/venv_1/lib/python3.9/site-packages/scipy/sparse/csgraph/__init__.py", line 195, in <module>
    from ._flow import maximum_flow
  File "<frozen importlib._bootstrap>", line 398, in parent
KeyboardInterrupt
