Importing Model... Ini
nheads: 8
num_layers: 3
dff: 1200
Hparam set 25
{'group_auc': 0.4781, 'mean_mrr': 0.1874, 'ndcg@5': 0.1798, 'ndcg@10': 0.241, 'loss': 5.848605601302786}
Memory: 3.160408064 GB
{'group_auc': 0.5508, 'mean_mrr': 0.2243, 'ndcg@5': 0.2345, 'ndcg@10': 0.2935, 'loss': 5.79874798954388}
Memory: 3.160408064 GB
{'group_auc': 0.5497, 'mean_mrr': 0.2199, 'ndcg@5': 0.2302, 'ndcg@10': 0.2885, 'loss': 5.843932671991932}
Memory: 3.160408064 GB
{'group_auc': 0.557, 'mean_mrr': 0.2227, 'ndcg@5': 0.2318, 'ndcg@10': 0.2909, 'loss': 5.8771937410252635}
Memory: 3.160408064 GB
{'group_auc': 0.5585, 'mean_mrr': 0.2218, 'ndcg@5': 0.2313, 'ndcg@10': 0.2909, 'loss': 5.8716753904937065}
Memory: 3.160408064 GB
{'group_auc': 0.5635, 'mean_mrr': 0.2223, 'ndcg@5': 0.2331, 'ndcg@10': 0.2899, 'loss': 5.844236659962891}
Memory: 3.160408064 GB
{'group_auc': 0.569, 'mean_mrr': 0.2256, 'ndcg@5': 0.2368, 'ndcg@10': 0.2949, 'loss': 5.931996580515803}
Memory: 3.160408064 GB
{'group_auc': 0.5683, 'mean_mrr': 0.2275, 'ndcg@5': 0.2397, 'ndcg@10': 0.2977, 'loss': 5.826671264380124}
Memory: 3.160408064 GB
{'group_auc': 0.5722, 'mean_mrr': 0.2272, 'ndcg@5': 0.2374, 'ndcg@10': 0.2957, 'loss': 5.861481121132136}
Memory: 3.160408064 GB
{'group_auc': 0.5706, 'mean_mrr': 0.2242, 'ndcg@5': 0.2364, 'ndcg@10': 0.2937, 'loss': 5.830047113745595}
Memory: 3.160408064 GB
{'group_auc': 0.5702, 'mean_mrr': 0.225, 'ndcg@5': 0.2341, 'ndcg@10': 0.2927, 'loss': 5.817038107998254}
Memory: 3.160408064 GB
{'group_auc': 0.581, 'mean_mrr': 0.2326, 'ndcg@5': 0.2451, 'ndcg@10': 0.3036, 'loss': 5.896605250713105}
Memory: 3.160408064 GB
{'group_auc': 0.5841, 'mean_mrr': 0.2358, 'ndcg@5': 0.2486, 'ndcg@10': 0.3059, 'loss': 5.816707263789645}
Memory: 3.160408064 GB
{'group_auc': 0.5917, 'mean_mrr': 0.2417, 'ndcg@5': 0.2542, 'ndcg@10': 0.311, 'loss': 5.826586777820283}
Memory: 3.160408064 GB
{'group_auc': 0.5934, 'mean_mrr': 0.2435, 'ndcg@5': 0.2569, 'ndcg@10': 0.3137, 'loss': 5.761244831441434}
Memory: 3.160408064 GB
{'group_auc': 0.5974, 'mean_mrr': 0.2462, 'ndcg@5': 0.2596, 'ndcg@10': 0.318, 'loss': 5.8065357716352946}
Memory: 3.160408064 GB
{'group_auc': 0.6028, 'mean_mrr': 0.2512, 'ndcg@5': 0.2633, 'ndcg@10': 0.3225, 'loss': 5.807896860911974}
Memory: 3.160408064 GB
{'group_auc': 0.6103, 'mean_mrr': 0.2559, 'ndcg@5': 0.2691, 'ndcg@10': 0.3286, 'loss': 5.759324922772997}
Memory: 3.160408064 GB
{'group_auc': 0.6116, 'mean_mrr': 0.2585, 'ndcg@5': 0.2713, 'ndcg@10': 0.3315, 'loss': 5.735082470943115}
Memory: 3.160408064 GB
{'group_auc': 0.6114, 'mean_mrr': 0.2581, 'ndcg@5': 0.2705, 'ndcg@10': 0.3314, 'loss': 5.750534657968845}
Memory: 3.160408064 GB
{'group_auc': 0.6173, 'mean_mrr': 0.261, 'ndcg@5': 0.2736, 'ndcg@10': 0.3378, 'loss': 5.796043334367898}
Memory: 3.160408064 GB
{'group_auc': 0.6251, 'mean_mrr': 0.2665, 'ndcg@5': 0.2815, 'ndcg@10': 0.3424, 'loss': 5.792274470284658}
Memory: 3.160408064 GB
{'group_auc': 0.6262, 'mean_mrr': 0.2688, 'ndcg@5': 0.2821, 'ndcg@10': 0.3442, 'loss': 5.716697496435291}
Memory: 3.160408064 GB
{'group_auc': 0.623, 'mean_mrr': 0.2681, 'ndcg@5': 0.2838, 'ndcg@10': 0.3442, 'loss': 5.7716938656915495}
Memory: 3.160408064 GB
{'group_auc': 0.6221, 'mean_mrr': 0.2638, 'ndcg@5': 0.2755, 'ndcg@10': 0.3396, 'loss': 5.765663457002584}
Memory: 3.160408064 GB
{'group_auc': 0.6277, 'mean_mrr': 0.2709, 'ndcg@5': 0.2845, 'ndcg@10': 0.348, 'loss': 5.724637057730179}
