Importing Model... Ini
nheads: 2
num_layers: 4
dff: 2400
Hparam set 8
{'group_auc': 0.5107, 'mean_mrr': 0.205, 'ndcg@5': 0.2084, 'ndcg@10': 0.2691, 'loss': 5.821212325143215}
Memory: 3.917479936 GB
{'group_auc': 0.5573, 'mean_mrr': 0.2225, 'ndcg@5': 0.2331, 'ndcg@10': 0.2916, 'loss': 5.812078005511771}
Memory: 3.917479936 GB
{'group_auc': 0.5605, 'mean_mrr': 0.229, 'ndcg@5': 0.2399, 'ndcg@10': 0.2971, 'loss': 5.7999041822573725}
Memory: 3.917479936 GB
{'group_auc': 0.568, 'mean_mrr': 0.2323, 'ndcg@5': 0.2413, 'ndcg@10': 0.2991, 'loss': 5.819964381416525}
Memory: 3.917479936 GB
{'group_auc': 0.577, 'mean_mrr': 0.2337, 'ndcg@5': 0.2471, 'ndcg@10': 0.3033, 'loss': 5.807726056248423}
Memory: 3.917479936 GB
{'group_auc': 0.5738, 'mean_mrr': 0.2307, 'ndcg@5': 0.2417, 'ndcg@10': 0.299, 'loss': 5.873093085348711}
Memory: 3.917479936 GB
{'group_auc': 0.5779, 'mean_mrr': 0.23, 'ndcg@5': 0.2398, 'ndcg@10': 0.3006, 'loss': 5.852282407381206}
Memory: 3.917479936 GB
{'group_auc': 0.5796, 'mean_mrr': 0.232, 'ndcg@5': 0.242, 'ndcg@10': 0.3015, 'loss': 5.82880808538301}
Memory: 3.917479936 GB
{'group_auc': 0.5786, 'mean_mrr': 0.2322, 'ndcg@5': 0.2427, 'ndcg@10': 0.2999, 'loss': 5.827256265679984}
Memory: 3.917479936 GB
{'group_auc': 0.5723, 'mean_mrr': 0.2266, 'ndcg@5': 0.2344, 'ndcg@10': 0.296, 'loss': 5.878267831969591}
Memory: 3.917479936 GB
{'group_auc': 0.5788, 'mean_mrr': 0.2325, 'ndcg@5': 0.2407, 'ndcg@10': 0.3, 'loss': 5.951359473944404}
Memory: 3.917479936 GB
{'group_auc': 0.5778, 'mean_mrr': 0.231, 'ndcg@5': 0.2388, 'ndcg@10': 0.2995, 'loss': 5.887609815844791}
Memory: 3.917479936 GB
{'group_auc': 0.5781, 'mean_mrr': 0.2315, 'ndcg@5': 0.243, 'ndcg@10': 0.2995, 'loss': 6.040770362879109}
Memory: 3.917479936 GB
{'group_auc': 0.5818, 'mean_mrr': 0.2329, 'ndcg@5': 0.2434, 'ndcg@10': 0.3016, 'loss': 5.902813974625923}
Memory: 3.917479936 GB
{'group_auc': 0.5822, 'mean_mrr': 0.2321, 'ndcg@5': 0.241, 'ndcg@10': 0.3, 'loss': 5.910501014915338}
Memory: 3.917479936 GB
{'group_auc': 0.5818, 'mean_mrr': 0.2327, 'ndcg@5': 0.2423, 'ndcg@10': 0.3003, 'loss': 5.863920773782899}
Memory: 3.917479936 GB
{'group_auc': 0.5794, 'mean_mrr': 0.2361, 'ndcg@5': 0.245, 'ndcg@10': 0.3033, 'loss': 5.827569378893257}
Memory: 3.917479936 GB
{'group_auc': 0.5865, 'mean_mrr': 0.2353, 'ndcg@5': 0.245, 'ndcg@10': 0.3043, 'loss': 5.858099394809272}
Memory: 3.917479936 GB
{'group_auc': 0.5855, 'mean_mrr': 0.238, 'ndcg@5': 0.2461, 'ndcg@10': 0.3072, 'loss': 5.902460295618791}
Memory: 3.917479936 GB
{'group_auc': 0.5832, 'mean_mrr': 0.2395, 'ndcg@5': 0.25, 'ndcg@10': 0.3082, 'loss': 5.876792161899365}
Memory: 3.917479936 GB
{'group_auc': 0.5857, 'mean_mrr': 0.2398, 'ndcg@5': 0.2511, 'ndcg@10': 0.3083, 'loss': 5.8254683453555565}
