Importing Model... Ini
nheads: 2
num_layers: 1
dff: 2400
Hparam set 2
{'group_auc': 0.5273, 'mean_mrr': 0.2092, 'ndcg@5': 0.2188, 'ndcg@10': 0.2779, 'loss': 5.835509410570232}
Memory: 3.057647616 GB
{'group_auc': 0.5568, 'mean_mrr': 0.2241, 'ndcg@5': 0.2363, 'ndcg@10': 0.2939, 'loss': 5.793239322036426}
Memory: 3.057647616 GB
{'group_auc': 0.5719, 'mean_mrr': 0.2286, 'ndcg@5': 0.2402, 'ndcg@10': 0.2988, 'loss': 5.788126081655695}
Memory: 3.057647616 GB
{'group_auc': 0.5611, 'mean_mrr': 0.2242, 'ndcg@5': 0.2319, 'ndcg@10': 0.2914, 'loss': 5.812970392961657}
Memory: 3.057647616 GB
{'group_auc': 0.5698, 'mean_mrr': 0.2319, 'ndcg@5': 0.2416, 'ndcg@10': 0.3008, 'loss': 5.7997516246672}
Memory: 3.057647616 GB
{'group_auc': 0.5717, 'mean_mrr': 0.2319, 'ndcg@5': 0.241, 'ndcg@10': 0.3009, 'loss': 5.826086872147966}
Memory: 3.057647616 GB
{'group_auc': 0.5725, 'mean_mrr': 0.2302, 'ndcg@5': 0.237, 'ndcg@10': 0.3001, 'loss': 5.9063814841424565}
Memory: 3.057647616 GB
{'group_auc': 0.5697, 'mean_mrr': 0.2298, 'ndcg@5': 0.2369, 'ndcg@10': 0.299, 'loss': 5.858767050325818}
Memory: 3.057647616 GB
{'group_auc': 0.5744, 'mean_mrr': 0.232, 'ndcg@5': 0.2409, 'ndcg@10': 0.3013, 'loss': 5.837971214830566}
Memory: 3.057647616 GB
{'group_auc': 0.5797, 'mean_mrr': 0.2415, 'ndcg@5': 0.25, 'ndcg@10': 0.3102, 'loss': 5.933010165289863}
Memory: 3.057647616 GB
{'group_auc': 0.5941, 'mean_mrr': 0.2501, 'ndcg@5': 0.2603, 'ndcg@10': 0.3192, 'loss': 5.848219655547866}
Memory: 3.057647616 GB
{'group_auc': 0.6084, 'mean_mrr': 0.2572, 'ndcg@5': 0.2724, 'ndcg@10': 0.3316, 'loss': 5.830129618323281}
Memory: 3.057647616 GB
{'group_auc': 0.6029, 'mean_mrr': 0.25, 'ndcg@5': 0.2618, 'ndcg@10': 0.3249, 'loss': 5.8005961673646596}
Memory: 3.057647616 GB
{'group_auc': 0.6093, 'mean_mrr': 0.2561, 'ndcg@5': 0.2673, 'ndcg@10': 0.3307, 'loss': 5.8473372764742395}
Memory: 3.057647616 GB
{'group_auc': 0.608, 'mean_mrr': 0.2564, 'ndcg@5': 0.2691, 'ndcg@10': 0.3301, 'loss': 5.891455614382429}
Memory: 3.057647616 GB
{'group_auc': 0.6142, 'mean_mrr': 0.2561, 'ndcg@5': 0.2669, 'ndcg@10': 0.3321, 'loss': 5.890584400383179}
Memory: 3.057647616 GB
{'group_auc': 0.6067, 'mean_mrr': 0.2564, 'ndcg@5': 0.2684, 'ndcg@10': 0.3321, 'loss': 5.835088204706724}
Memory: 3.057647616 GB
{'group_auc': 0.6104, 'mean_mrr': 0.2594, 'ndcg@5': 0.2712, 'ndcg@10': 0.333, 'loss': 5.902117465231453}
Memory: 3.057647616 GB
{'group_auc': 0.6151, 'mean_mrr': 0.2587, 'ndcg@5': 0.2717, 'ndcg@10': 0.3346, 'loss': 5.788616056135623}
Memory: 3.057647616 GB
{'group_auc': 0.6158, 'mean_mrr': 0.2622, 'ndcg@5': 0.2757, 'ndcg@10': 0.3385, 'loss': 5.875311536037931}
Memory: 3.057647616 GB
{'group_auc': 0.6075, 'mean_mrr': 0.2546, 'ndcg@5': 0.2673, 'ndcg@10': 0.3296, 'loss': 5.875533388296696}
