Importing Model... Ini
nheads: 8
num_layers: 3
dff: 1200
Hparam set 25
{'group_auc': 0.4733, 'mean_mrr': 0.1741, 'ndcg@5': 0.1713, 'ndcg@10': 0.2344, 'loss': 5.851655682267758}
Memory: 3.160408064 GB
{'group_auc': 0.5511, 'mean_mrr': 0.2241, 'ndcg@5': 0.2312, 'ndcg@10': 0.291, 'loss': 5.804354184276744}
Memory: 3.160408064 GB
{'group_auc': 0.5631, 'mean_mrr': 0.2279, 'ndcg@5': 0.2383, 'ndcg@10': 0.298, 'loss': 5.810222741821411}
Memory: 3.160408064 GB
{'group_auc': 0.5595, 'mean_mrr': 0.2266, 'ndcg@5': 0.2346, 'ndcg@10': 0.2966, 'loss': 5.851040015199336}
Memory: 3.160408064 GB
{'group_auc': 0.5651, 'mean_mrr': 0.2273, 'ndcg@5': 0.2359, 'ndcg@10': 0.2989, 'loss': 5.918609405541423}
Memory: 3.160408064 GB
{'group_auc': 0.5692, 'mean_mrr': 0.2281, 'ndcg@5': 0.2381, 'ndcg@10': 0.2974, 'loss': 5.814111876979615}
Memory: 3.160408064 GB
{'group_auc': 0.5698, 'mean_mrr': 0.2283, 'ndcg@5': 0.2375, 'ndcg@10': 0.2989, 'loss': 5.910754817387127}
Memory: 3.160408064 GB
{'group_auc': 0.5703, 'mean_mrr': 0.2309, 'ndcg@5': 0.2406, 'ndcg@10': 0.3009, 'loss': 5.846579999041506}
Memory: 3.160408064 GB
{'group_auc': 0.5784, 'mean_mrr': 0.2338, 'ndcg@5': 0.2445, 'ndcg@10': 0.3026, 'loss': 5.8050070088101915}
