Importing Model... Ini
nheads: 2
num_layers: 1
dff: 2400
Hparam set 2
{'group_auc': 0.5322, 'mean_mrr': 0.2444, 'ndcg@5': 0.2506, 'ndcg@10': 0.3118, 'loss': 5.180933654743063}
Memory: 3.128950784 GB
{'group_auc': 0.5715, 'mean_mrr': 0.2347, 'ndcg@5': 0.2518, 'ndcg@10': 0.3199, 'loss': 5.124668283550286}
Memory: 3.128950784 GB
{'group_auc': 0.5788, 'mean_mrr': 0.2392, 'ndcg@5': 0.2605, 'ndcg@10': 0.3283, 'loss': 5.111935613727439}
Memory: 3.128950784 GB
{'group_auc': 0.5907, 'mean_mrr': 0.2547, 'ndcg@5': 0.2836, 'ndcg@10': 0.346, 'loss': 5.084661693237189}
Memory: 3.128950784 GB
{'group_auc': 0.5943, 'mean_mrr': 0.2508, 'ndcg@5': 0.2747, 'ndcg@10': 0.3417, 'loss': 5.112445196868432}
Memory: 3.128950784 GB
{'group_auc': 0.5974, 'mean_mrr': 0.2614, 'ndcg@5': 0.2902, 'ndcg@10': 0.3529, 'loss': 5.0959564236552035}
Memory: 3.128950784 GB
{'group_auc': 0.6024, 'mean_mrr': 0.2576, 'ndcg@5': 0.2868, 'ndcg@10': 0.3516, 'loss': 5.092828276533514}
Memory: 3.128950784 GB
{'group_auc': 0.6122, 'mean_mrr': 0.2675, 'ndcg@5': 0.298, 'ndcg@10': 0.3612, 'loss': 5.0827548407678425}
Memory: 3.128950784 GB
{'group_auc': 0.6095, 'mean_mrr': 0.265, 'ndcg@5': 0.2944, 'ndcg@10': 0.36, 'loss': 5.070298292860135}
Memory: 3.128950784 GB
{'group_auc': 0.6184, 'mean_mrr': 0.273, 'ndcg@5': 0.3031, 'ndcg@10': 0.3675, 'loss': 5.11794920860553}
Memory: 3.128950784 GB
{'group_auc': 0.6203, 'mean_mrr': 0.2719, 'ndcg@5': 0.3034, 'ndcg@10': 0.3666, 'loss': 5.103852389520257}
Memory: 3.128950784 GB
{'group_auc': 0.6194, 'mean_mrr': 0.2748, 'ndcg@5': 0.3016, 'ndcg@10': 0.3692, 'loss': 5.142461859214678}
Memory: 3.128950784 GB
{'group_auc': 0.6167, 'mean_mrr': 0.273, 'ndcg@5': 0.302, 'ndcg@10': 0.3665, 'loss': 5.1362814283495215}
Memory: 3.128950784 GB
{'group_auc': 0.6269, 'mean_mrr': 0.2766, 'ndcg@5': 0.3082, 'ndcg@10': 0.3711, 'loss': 5.065885464081842}
Memory: 3.128950784 GB
{'group_auc': 0.6231, 'mean_mrr': 0.2743, 'ndcg@5': 0.3013, 'ndcg@10': 0.3692, 'loss': 5.130760048026881}
Memory: 3.128950784 GB
{'group_auc': 0.6182, 'mean_mrr': 0.2717, 'ndcg@5': 0.2987, 'ndcg@10': 0.3646, 'loss': 5.213443215101914}
Memory: 3.128950784 GB
{'group_auc': 0.6215, 'mean_mrr': 0.2737, 'ndcg@5': 0.3007, 'ndcg@10': 0.3662, 'loss': 5.152043529481316}
Memory: 3.128950784 GB
{'group_auc': 0.6223, 'mean_mrr': 0.2779, 'ndcg@5': 0.3037, 'ndcg@10': 0.3707, 'loss': 5.159483225364555}
Memory: 3.128950784 GB
{'group_auc': 0.625, 'mean_mrr': 0.2796, 'ndcg@5': 0.3043, 'ndcg@10': 0.3713, 'loss': 5.373003164883551}
Memory: 3.128950784 GB
{'group_auc': 0.6228, 'mean_mrr': 0.2764, 'ndcg@5': 0.3032, 'ndcg@10': 0.3677, 'loss': 5.287951288971448}
Memory: 3.128950784 GB
{'group_auc': 0.6268, 'mean_mrr': 0.28, 'ndcg@5': 0.3057, 'ndcg@10': 0.3718, 'loss': 5.1880738560511555}
