Importing Model... IniLSTUR
nheads: 4
num_layers: 2
dff: 1200
Hparam set None
{'group_auc': 0.4842, 'mean_mrr': 0.1984, 'ndcg@5': 0.1984, 'ndcg@10': 0.2565, 'loss': 5.88448149723388}
Memory: 2.596274176 GB
{'group_auc': 0.5588, 'mean_mrr': 0.2257, 'ndcg@5': 0.2397, 'ndcg@10': 0.2921, 'loss': 5.791109691361674}
Memory: 2.596274176 GB
{'group_auc': 0.5691, 'mean_mrr': 0.233, 'ndcg@5': 0.245, 'ndcg@10': 0.2994, 'loss': 5.801267854908821}
Memory: 2.596274176 GB
{'group_auc': 0.5685, 'mean_mrr': 0.2311, 'ndcg@5': 0.2416, 'ndcg@10': 0.297, 'loss': 5.800446081143744}
Memory: 2.596274176 GB
{'group_auc': 0.572, 'mean_mrr': 0.2342, 'ndcg@5': 0.2428, 'ndcg@10': 0.3007, 'loss': 5.814113338812462}
Memory: 2.596274176 GB
{'group_auc': 0.568, 'mean_mrr': 0.2328, 'ndcg@5': 0.2398, 'ndcg@10': 0.2989, 'loss': 5.823753969541636}
Memory: 2.596274176 GB
{'group_auc': 0.5747, 'mean_mrr': 0.2381, 'ndcg@5': 0.2479, 'ndcg@10': 0.3043, 'loss': 5.833816763444328}
Memory: 2.596274176 GB
{'group_auc': 0.57, 'mean_mrr': 0.2328, 'ndcg@5': 0.2421, 'ndcg@10': 0.2999, 'loss': 5.853887672339618}
Memory: 2.596274176 GB
{'group_auc': 0.5718, 'mean_mrr': 0.2295, 'ndcg@5': 0.2368, 'ndcg@10': 0.298, 'loss': 5.813856670420884}
Memory: 2.596274176 GB
{'group_auc': 0.5702, 'mean_mrr': 0.2302, 'ndcg@5': 0.2377, 'ndcg@10': 0.2978, 'loss': 5.807155795036984}
Memory: 2.596274176 GB
{'group_auc': 0.5752, 'mean_mrr': 0.2349, 'ndcg@5': 0.2427, 'ndcg@10': 0.3038, 'loss': 5.822083314402738}
Memory: 2.596274176 GB
{'group_auc': 0.5709, 'mean_mrr': 0.2335, 'ndcg@5': 0.2415, 'ndcg@10': 0.3013, 'loss': 5.848871954290126}
Memory: 2.596274176 GB
{'group_auc': 0.5719, 'mean_mrr': 0.232, 'ndcg@5': 0.2393, 'ndcg@10': 0.2998, 'loss': 5.907923665276621}
Memory: 2.596274176 GB
{'group_auc': 0.5692, 'mean_mrr': 0.2308, 'ndcg@5': 0.2389, 'ndcg@10': 0.2983, 'loss': 5.812899000091118}
Memory: 2.596274176 GB
{'group_auc': 0.576, 'mean_mrr': 0.2335, 'ndcg@5': 0.2405, 'ndcg@10': 0.3013, 'loss': 5.848737352729375}
Memory: 2.596274176 GB
{'group_auc': 0.5786, 'mean_mrr': 0.2339, 'ndcg@5': 0.2417, 'ndcg@10': 0.3028, 'loss': 5.868113714021973}
Memory: 2.596274176 GB
{'group_auc': 0.5796, 'mean_mrr': 0.2354, 'ndcg@5': 0.2434, 'ndcg@10': 0.3043, 'loss': 5.869329240014456}
Memory: 2.596274176 GB
{'group_auc': 0.5719, 'mean_mrr': 0.233, 'ndcg@5': 0.2405, 'ndcg@10': 0.301, 'loss': 5.851141735120165}
Memory: 2.596274176 GB
{'group_auc': 0.5797, 'mean_mrr': 0.2388, 'ndcg@5': 0.247, 'ndcg@10': 0.3076, 'loss': 5.84562001309803}
Memory: 2.596274176 GB
{'group_auc': 0.5787, 'mean_mrr': 0.2356, 'ndcg@5': 0.2435, 'ndcg@10': 0.3044, 'loss': 5.9104885663351}
Memory: 2.596274176 GB
{'group_auc': 0.5852, 'mean_mrr': 0.2386, 'ndcg@5': 0.2476, 'ndcg@10': 0.3086, 'loss': 5.882711854881466}
