Importing Model... NoMem
nheads: 4
num_layers: 2
dff: 1200
Hparam set None
{'group_auc': 0.5339, 'mean_mrr': 0.2186, 'ndcg@5': 0.227, 'ndcg@10': 0.2841, 'loss': 5.830976788434615}
Memory: 2.86261248 GB
{'group_auc': 0.5613, 'mean_mrr': 0.2253, 'ndcg@5': 0.2343, 'ndcg@10': 0.2928, 'loss': 5.790484504535834}
Memory: 2.86261248 GB
{'group_auc': 0.5609, 'mean_mrr': 0.2205, 'ndcg@5': 0.2304, 'ndcg@10': 0.2897, 'loss': 5.795136070120603}
Memory: 2.86261248 GB
{'group_auc': 0.5665, 'mean_mrr': 0.2248, 'ndcg@5': 0.2345, 'ndcg@10': 0.2933, 'loss': 5.792272103817218}
Memory: 2.86261248 GB
{'group_auc': 0.5655, 'mean_mrr': 0.2222, 'ndcg@5': 0.2321, 'ndcg@10': 0.2917, 'loss': 5.832533087048742}
Memory: 2.86261248 GB
{'group_auc': 0.5689, 'mean_mrr': 0.2281, 'ndcg@5': 0.2359, 'ndcg@10': 0.297, 'loss': 5.820872311081675}
Memory: 2.86261248 GB
{'group_auc': 0.5699, 'mean_mrr': 0.2278, 'ndcg@5': 0.2347, 'ndcg@10': 0.2958, 'loss': 5.80221682390739}
Memory: 2.86261248 GB
{'group_auc': 0.5714, 'mean_mrr': 0.2264, 'ndcg@5': 0.2332, 'ndcg@10': 0.2959, 'loss': 5.868287368786882}
Memory: 2.86261248 GB
{'group_auc': 0.5725, 'mean_mrr': 0.2316, 'ndcg@5': 0.2355, 'ndcg@10': 0.3, 'loss': 5.854833821595925}
Memory: 2.86261248 GB
{'group_auc': 0.5693, 'mean_mrr': 0.2232, 'ndcg@5': 0.2275, 'ndcg@10': 0.2922, 'loss': 5.809375384258598}
Memory: 2.86261248 GB
{'group_auc': 0.5712, 'mean_mrr': 0.2262, 'ndcg@5': 0.2306, 'ndcg@10': 0.2945, 'loss': 5.875979809591914}
Memory: 2.86261248 GB
{'group_auc': 0.576, 'mean_mrr': 0.2286, 'ndcg@5': 0.2327, 'ndcg@10': 0.2964, 'loss': 5.842061152486073}
Memory: 2.86261248 GB
{'group_auc': 0.5689, 'mean_mrr': 0.224, 'ndcg@5': 0.2265, 'ndcg@10': 0.2916, 'loss': 5.924291313421195}
Memory: 2.86261248 GB
{'group_auc': 0.5727, 'mean_mrr': 0.2283, 'ndcg@5': 0.2317, 'ndcg@10': 0.2957, 'loss': 5.85033627411076}
Memory: 2.86261248 GB
{'group_auc': 0.5735, 'mean_mrr': 0.2268, 'ndcg@5': 0.2311, 'ndcg@10': 0.2946, 'loss': 5.835972645996502}
Memory: 2.86261248 GB
{'group_auc': 0.5691, 'mean_mrr': 0.2266, 'ndcg@5': 0.2315, 'ndcg@10': 0.2934, 'loss': 5.830133524176723}
Memory: 2.86261248 GB
{'group_auc': 0.5822, 'mean_mrr': 0.2342, 'ndcg@5': 0.2374, 'ndcg@10': 0.3023, 'loss': 5.857993694889659}
Memory: 2.86261248 GB
{'group_auc': 0.5804, 'mean_mrr': 0.2327, 'ndcg@5': 0.2391, 'ndcg@10': 0.301, 'loss': 5.804496962361742}
Memory: 2.86261248 GB
{'group_auc': 0.5806, 'mean_mrr': 0.2333, 'ndcg@5': 0.2376, 'ndcg@10': 0.3019, 'loss': 5.827654551053773}
Memory: 2.86261248 GB
{'group_auc': 0.5829, 'mean_mrr': 0.2334, 'ndcg@5': 0.2373, 'ndcg@10': 0.3016, 'loss': 5.810892391877556}
Memory: 2.86261248 GB
{'group_auc': 0.5843, 'mean_mrr': 0.2351, 'ndcg@5': 0.2395, 'ndcg@10': 0.302, 'loss': 5.812798275905748}
