Importing Model... Ini
nheads: 2
num_layers: 5
dff: 1200
Hparam set 9
{'group_auc': 0.4943, 'mean_mrr': 0.1946, 'ndcg@5': 0.1918, 'ndcg@10': 0.253, 'loss': 5.819606285848033}
Memory: 3.747610624 GB
{'group_auc': 0.5586, 'mean_mrr': 0.2223, 'ndcg@5': 0.2348, 'ndcg@10': 0.2927, 'loss': 5.827564250991827}
Memory: 3.747610624 GB
{'group_auc': 0.5686, 'mean_mrr': 0.2304, 'ndcg@5': 0.2421, 'ndcg@10': 0.2996, 'loss': 5.812023247772169}
Memory: 3.747610624 GB
{'group_auc': 0.5759, 'mean_mrr': 0.2383, 'ndcg@5': 0.2506, 'ndcg@10': 0.3093, 'loss': 5.898523018586911}
Memory: 3.747610624 GB
{'group_auc': 0.5802, 'mean_mrr': 0.2383, 'ndcg@5': 0.2515, 'ndcg@10': 0.3087, 'loss': 5.846865652253998}
Memory: 3.747610624 GB
{'group_auc': 0.5753, 'mean_mrr': 0.227, 'ndcg@5': 0.2374, 'ndcg@10': 0.2967, 'loss': 5.81494137023338}
Memory: 3.747610624 GB
{'group_auc': 0.5745, 'mean_mrr': 0.2314, 'ndcg@5': 0.2419, 'ndcg@10': 0.299, 'loss': 5.83345666667241}
Memory: 3.747610624 GB
{'group_auc': 0.5796, 'mean_mrr': 0.2317, 'ndcg@5': 0.2453, 'ndcg@10': 0.2994, 'loss': 5.828569941313909}
Memory: 3.747610624 GB
{'group_auc': 0.5808, 'mean_mrr': 0.2346, 'ndcg@5': 0.2481, 'ndcg@10': 0.3028, 'loss': 5.835568864059627}
Memory: 3.747610624 GB
{'group_auc': 0.5804, 'mean_mrr': 0.2307, 'ndcg@5': 0.2405, 'ndcg@10': 0.2995, 'loss': 5.793690499396697}
Memory: 3.747610624 GB
{'group_auc': 0.5846, 'mean_mrr': 0.2365, 'ndcg@5': 0.2467, 'ndcg@10': 0.3045, 'loss': 5.903621940088042}
Memory: 3.747610624 GB
{'group_auc': 0.5808, 'mean_mrr': 0.2324, 'ndcg@5': 0.2417, 'ndcg@10': 0.3017, 'loss': 5.787413716482781}
Memory: 3.747610624 GB
{'group_auc': 0.5821, 'mean_mrr': 0.2361, 'ndcg@5': 0.2463, 'ndcg@10': 0.3049, 'loss': 5.9047866238141955}
Memory: 3.747610624 GB
{'group_auc': 0.5868, 'mean_mrr': 0.2378, 'ndcg@5': 0.248, 'ndcg@10': 0.3065, 'loss': 5.833661859905968}
Memory: 3.747610624 GB
{'group_auc': 0.5889, 'mean_mrr': 0.2394, 'ndcg@5': 0.249, 'ndcg@10': 0.3088, 'loss': 5.861481053227049}
Memory: 3.747610624 GB
{'group_auc': 0.5847, 'mean_mrr': 0.2389, 'ndcg@5': 0.2492, 'ndcg@10': 0.3088, 'loss': 5.883859646954806}
Memory: 3.747610624 GB
{'group_auc': 0.5953, 'mean_mrr': 0.2442, 'ndcg@5': 0.2551, 'ndcg@10': 0.3153, 'loss': 5.878237466519937}
Memory: 3.747610624 GB
{'group_auc': 0.5992, 'mean_mrr': 0.2492, 'ndcg@5': 0.259, 'ndcg@10': 0.3188, 'loss': 5.7836628098713625}
Memory: 3.747610624 GB
{'group_auc': 0.5959, 'mean_mrr': 0.2461, 'ndcg@5': 0.2554, 'ndcg@10': 0.3162, 'loss': 5.903196145225341}
Memory: 3.747610624 GB
{'group_auc': 0.6015, 'mean_mrr': 0.2487, 'ndcg@5': 0.2591, 'ndcg@10': 0.3194, 'loss': 5.774986415250332}
Memory: 3.747610624 GB
{'group_auc': 0.5996, 'mean_mrr': 0.2508, 'ndcg@5': 0.2611, 'ndcg@10': 0.321, 'loss': 5.8369280848440726}
Memory: 3.747610624 GB
{'group_auc': 0.5986, 'mean_mrr': 0.2493, 'ndcg@5': 0.2602, 'ndcg@10': 0.3186, 'loss': 5.900582272132642}
Memory: 3.747610624 GB
{'group_auc': 0.6078, 'mean_mrr': 0.2551, 'ndcg@5': 0.2662, 'ndcg@10': 0.3273, 'loss': 5.77391123410324}
Memory: 3.747610624 GB
{'group_auc': 0.6091, 'mean_mrr': 0.2561, 'ndcg@5': 0.2673, 'ndcg@10': 0.3274, 'loss': 5.814492628843701}
Memory: 3.747610624 GB
{'group_auc': 0.6113, 'mean_mrr': 0.2584, 'ndcg@5': 0.2693, 'ndcg@10': 0.331, 'loss': 5.858219805089485}
Memory: 3.747610624 GB
{'group_auc': 0.6194, 'mean_mrr': 0.2599, 'ndcg@5': 0.2737, 'ndcg@10': 0.336, 'loss': 5.783021744684285}
