Importing Model... Ini
nheads: 8
num_layers: 1
dff: 2400
Hparam set 22
{'group_auc': 0.4845, 'mean_mrr': 0.1892, 'ndcg@5': 0.1917, 'ndcg@10': 0.2502, 'loss': 5.9058585751009325}
Memory: 3.139436544 GB
{'group_auc': 0.5592, 'mean_mrr': 0.2225, 'ndcg@5': 0.2355, 'ndcg@10': 0.2922, 'loss': 5.809516597969913}
Memory: 3.139436544 GB
{'group_auc': 0.5571, 'mean_mrr': 0.2234, 'ndcg@5': 0.2368, 'ndcg@10': 0.2918, 'loss': 5.837306903025821}
Memory: 3.139436544 GB
{'group_auc': 0.559, 'mean_mrr': 0.2219, 'ndcg@5': 0.2332, 'ndcg@10': 0.2898, 'loss': 5.896630035853055}
Memory: 3.139436544 GB
{'group_auc': 0.5569, 'mean_mrr': 0.2192, 'ndcg@5': 0.2304, 'ndcg@10': 0.2881, 'loss': 5.832265684589915}
Memory: 3.139436544 GB
{'group_auc': 0.5585, 'mean_mrr': 0.2203, 'ndcg@5': 0.2289, 'ndcg@10': 0.2888, 'loss': 6.022470002273872}
Memory: 3.139436544 GB
{'group_auc': 0.559, 'mean_mrr': 0.2209, 'ndcg@5': 0.2305, 'ndcg@10': 0.2904, 'loss': 5.861418592182152}
Memory: 3.139436544 GB
{'group_auc': 0.5539, 'mean_mrr': 0.2219, 'ndcg@5': 0.2294, 'ndcg@10': 0.2898, 'loss': 5.8557605475913945}
Memory: 3.139436544 GB
{'group_auc': 0.5728, 'mean_mrr': 0.2308, 'ndcg@5': 0.241, 'ndcg@10': 0.2994, 'loss': 5.861182444032679}
Memory: 3.139436544 GB
{'group_auc': 0.5658, 'mean_mrr': 0.2302, 'ndcg@5': 0.241, 'ndcg@10': 0.2989, 'loss': 5.884895411452372}
Memory: 3.139436544 GB
{'group_auc': 0.576, 'mean_mrr': 0.2377, 'ndcg@5': 0.25, 'ndcg@10': 0.3064, 'loss': 5.860215435342145}
Memory: 3.139436544 GB
{'group_auc': 0.5898, 'mean_mrr': 0.243, 'ndcg@5': 0.2559, 'ndcg@10': 0.3145, 'loss': 5.829682907673209}
Memory: 3.139436544 GB
{'group_auc': 0.5902, 'mean_mrr': 0.2425, 'ndcg@5': 0.2567, 'ndcg@10': 0.3138, 'loss': 5.889384116199022}
Memory: 3.139436544 GB
{'group_auc': 0.596, 'mean_mrr': 0.2513, 'ndcg@5': 0.2662, 'ndcg@10': 0.3243, 'loss': 5.850723235938198}
Memory: 3.139436544 GB
{'group_auc': 0.6005, 'mean_mrr': 0.251, 'ndcg@5': 0.2638, 'ndcg@10': 0.3256, 'loss': 5.832856468077903}
Memory: 3.139436544 GB
{'group_auc': 0.609, 'mean_mrr': 0.2542, 'ndcg@5': 0.2662, 'ndcg@10': 0.33, 'loss': 5.880394473478128}
Memory: 3.139436544 GB
{'group_auc': 0.6186, 'mean_mrr': 0.261, 'ndcg@5': 0.2762, 'ndcg@10': 0.3377, 'loss': 5.781663447968655}
Memory: 3.139436544 GB
{'group_auc': 0.6095, 'mean_mrr': 0.2547, 'ndcg@5': 0.2667, 'ndcg@10': 0.329, 'loss': 5.776489290272338}
Memory: 3.139436544 GB
{'group_auc': 0.6143, 'mean_mrr': 0.2583, 'ndcg@5': 0.2702, 'ndcg@10': 0.3346, 'loss': 5.7964057075131}
Memory: 3.139436544 GB
{'group_auc': 0.6094, 'mean_mrr': 0.2576, 'ndcg@5': 0.2712, 'ndcg@10': 0.3334, 'loss': 5.8933406474199455}
Memory: 3.139436544 GB
{'group_auc': 0.6159, 'mean_mrr': 0.2618, 'ndcg@5': 0.2747, 'ndcg@10': 0.3388, 'loss': 5.8594237290212225}
