Importing Model... Ini
nheads: 8
num_layers: 2
dff: 1200
Hparam set 23
{'group_auc': 0.4779, 'mean_mrr': 0.1869, 'ndcg@5': 0.1858, 'ndcg@10': 0.2468, 'loss': 5.867465814070846}
Memory: 3.185573888 GB
{'group_auc': 0.5532, 'mean_mrr': 0.2154, 'ndcg@5': 0.2258, 'ndcg@10': 0.2825, 'loss': 5.806701950350774}
Memory: 3.185573888 GB
{'group_auc': 0.5654, 'mean_mrr': 0.2224, 'ndcg@5': 0.2325, 'ndcg@10': 0.2901, 'loss': 5.81216165814335}
Memory: 3.185573888 GB
{'group_auc': 0.5751, 'mean_mrr': 0.2274, 'ndcg@5': 0.2339, 'ndcg@10': 0.2971, 'loss': 5.801454677964115}
Memory: 3.185573888 GB
{'group_auc': 0.5734, 'mean_mrr': 0.2248, 'ndcg@5': 0.2313, 'ndcg@10': 0.2932, 'loss': 5.820352132008835}
Memory: 3.185573888 GB
{'group_auc': 0.5804, 'mean_mrr': 0.2305, 'ndcg@5': 0.2372, 'ndcg@10': 0.2978, 'loss': 5.875693297986885}
Memory: 3.185573888 GB
{'group_auc': 0.5774, 'mean_mrr': 0.2286, 'ndcg@5': 0.235, 'ndcg@10': 0.2974, 'loss': 5.835805376825586}
Memory: 3.185573888 GB
{'group_auc': 0.5773, 'mean_mrr': 0.2319, 'ndcg@5': 0.2377, 'ndcg@10': 0.3004, 'loss': 5.869256619990385}
Memory: 3.185573888 GB
{'group_auc': 0.5777, 'mean_mrr': 0.2305, 'ndcg@5': 0.2374, 'ndcg@10': 0.2997, 'loss': 5.893599065709514}
Memory: 3.185573888 GB
{'group_auc': 0.5776, 'mean_mrr': 0.2286, 'ndcg@5': 0.2343, 'ndcg@10': 0.2973, 'loss': 5.867134897801976}
Memory: 3.185573888 GB
{'group_auc': 0.5797, 'mean_mrr': 0.2333, 'ndcg@5': 0.2386, 'ndcg@10': 0.3037, 'loss': 5.850268990396533}
Memory: 3.185573888 GB
{'group_auc': 0.5877, 'mean_mrr': 0.2322, 'ndcg@5': 0.2386, 'ndcg@10': 0.3038, 'loss': 5.811537875063119}
Memory: 3.185573888 GB
{'group_auc': 0.5874, 'mean_mrr': 0.2366, 'ndcg@5': 0.2448, 'ndcg@10': 0.3079, 'loss': 5.812546831837815}
Memory: 3.185573888 GB
{'group_auc': 0.596, 'mean_mrr': 0.2423, 'ndcg@5': 0.2517, 'ndcg@10': 0.3149, 'loss': 5.873297358166824}
Memory: 3.185573888 GB
{'group_auc': 0.6066, 'mean_mrr': 0.2494, 'ndcg@5': 0.2614, 'ndcg@10': 0.3246, 'loss': 5.845399539476295}
Memory: 3.185573888 GB
{'group_auc': 0.606, 'mean_mrr': 0.2528, 'ndcg@5': 0.2648, 'ndcg@10': 0.3277, 'loss': 5.792748051072863}
Memory: 3.185573888 GB
{'group_auc': 0.617, 'mean_mrr': 0.2595, 'ndcg@5': 0.2728, 'ndcg@10': 0.3351, 'loss': 5.80062043035176}
Memory: 3.185573888 GB
{'group_auc': 0.6144, 'mean_mrr': 0.2605, 'ndcg@5': 0.2724, 'ndcg@10': 0.3354, 'loss': 5.823423988531113}
Memory: 3.185573888 GB
{'group_auc': 0.6173, 'mean_mrr': 0.2585, 'ndcg@5': 0.2694, 'ndcg@10': 0.3354, 'loss': 5.780889219384651}
Memory: 3.185573888 GB
{'group_auc': 0.6235, 'mean_mrr': 0.2613, 'ndcg@5': 0.2753, 'ndcg@10': 0.3398, 'loss': 5.9714717429844555}
Memory: 3.185573888 GB
{'group_auc': 0.6254, 'mean_mrr': 0.2633, 'ndcg@5': 0.276, 'ndcg@10': 0.3419, 'loss': 5.795295601847873}
