Importing Model... Ini
nheads: 8
num_layers: 3
dff: 1200
Hparam set 25
{'group_auc': 0.5301, 'mean_mrr': 0.2141, 'ndcg@5': 0.2245, 'ndcg@10': 0.2822, 'loss': 5.8007601953825905}
Memory: 3.485466624 GB
{'group_auc': 0.5647, 'mean_mrr': 0.2367, 'ndcg@5': 0.2531, 'ndcg@10': 0.3067, 'loss': 5.78635625116731}
Memory: 3.485466624 GB
{'group_auc': 0.556, 'mean_mrr': 0.2312, 'ndcg@5': 0.2435, 'ndcg@10': 0.3013, 'loss': 5.848929578130974}
Memory: 3.485466624 GB
{'group_auc': 0.5622, 'mean_mrr': 0.2279, 'ndcg@5': 0.2401, 'ndcg@10': 0.2974, 'loss': 5.867139944361172}
Memory: 3.485466624 GB
{'group_auc': 0.57, 'mean_mrr': 0.2316, 'ndcg@5': 0.2438, 'ndcg@10': 0.302, 'loss': 5.827379986012498}
Memory: 3.485466624 GB
{'group_auc': 0.5616, 'mean_mrr': 0.2267, 'ndcg@5': 0.2365, 'ndcg@10': 0.2975, 'loss': 5.848588424975616}
Memory: 3.485466624 GB
{'group_auc': 0.5646, 'mean_mrr': 0.2257, 'ndcg@5': 0.2373, 'ndcg@10': 0.2954, 'loss': 5.939775057675318}
Memory: 3.485466624 GB
{'group_auc': 0.5673, 'mean_mrr': 0.2284, 'ndcg@5': 0.2415, 'ndcg@10': 0.2986, 'loss': 5.861323719686399}
Memory: 3.485466624 GB
{'group_auc': 0.569, 'mean_mrr': 0.2285, 'ndcg@5': 0.2415, 'ndcg@10': 0.2989, 'loss': 5.827766866834188}
Memory: 3.485466624 GB
{'group_auc': 0.5702, 'mean_mrr': 0.2262, 'ndcg@5': 0.239, 'ndcg@10': 0.2962, 'loss': 5.8529265792791225}
Memory: 3.485466624 GB
{'group_auc': 0.5772, 'mean_mrr': 0.2359, 'ndcg@5': 0.2492, 'ndcg@10': 0.307, 'loss': 5.827722433793366}
Memory: 3.485466624 GB
{'group_auc': 0.5819, 'mean_mrr': 0.2408, 'ndcg@5': 0.2513, 'ndcg@10': 0.3104, 'loss': 5.8236007098018}
Memory: 3.485466624 GB
{'group_auc': 0.579, 'mean_mrr': 0.2387, 'ndcg@5': 0.2497, 'ndcg@10': 0.3093, 'loss': 5.868622340413317}
Memory: 3.485466624 GB
{'group_auc': 0.5844, 'mean_mrr': 0.2416, 'ndcg@5': 0.2531, 'ndcg@10': 0.3133, 'loss': 5.805806249684636}
Memory: 3.485466624 GB
{'group_auc': 0.5954, 'mean_mrr': 0.2505, 'ndcg@5': 0.2615, 'ndcg@10': 0.322, 'loss': 5.832598160595403}
Memory: 3.485466624 GB
{'group_auc': 0.5996, 'mean_mrr': 0.2578, 'ndcg@5': 0.2706, 'ndcg@10': 0.3301, 'loss': 5.800567018357859}
Memory: 3.485466624 GB
{'group_auc': 0.6067, 'mean_mrr': 0.2587, 'ndcg@5': 0.271, 'ndcg@10': 0.332, 'loss': 5.822505241599112}
Memory: 3.485466624 GB
{'group_auc': 0.6078, 'mean_mrr': 0.2537, 'ndcg@5': 0.2653, 'ndcg@10': 0.3288, 'loss': 5.753387242286167}
Memory: 3.485466624 GB
{'group_auc': 0.6138, 'mean_mrr': 0.263, 'ndcg@5': 0.2743, 'ndcg@10': 0.3388, 'loss': 5.8115385839729115}
Memory: 3.485466624 GB
{'group_auc': 0.608, 'mean_mrr': 0.2572, 'ndcg@5': 0.2689, 'ndcg@10': 0.3308, 'loss': 5.798050521857923}
Memory: 3.485466624 GB
{'group_auc': 0.6158, 'mean_mrr': 0.2608, 'ndcg@5': 0.2741, 'ndcg@10': 0.3357, 'loss': 5.83908339239782}
